CRITICAL - 2024-05-22 03:59:14 --> Undefined array key "total_income"
in APPPATH\Views\sys\collected.php on line 59.
 1 APPPATH\Views\sys\collected.php(59): CodeIgniter\Debug\Exceptions->errorHandler(2, 'Undefined array key "total_income"', 'C:\\xampp\\htdocs\\ems\\app\\Views\\sys\\collected.php', 59)
 2 SYSTEMPATH\View\View.php(224): include('C:\\xampp\\htdocs\\ems\\app\\Views\\sys\\collected.php')
 3 SYSTEMPATH\View\View.php(227): CodeIgniter\View\View->CodeIgniter\View\{closure}()
 4 SYSTEMPATH\Common.php(1176): CodeIgniter\View\View->render('sys/collected', [], true)
 5 APPPATH\Controllers\Sys.php(2975): view('sys/collected', [...])
 6 SYSTEMPATH\CodeIgniter.php(932): App\Controllers\Sys->viewCollected1()
 7 SYSTEMPATH\CodeIgniter.php(497): CodeIgniter\CodeIgniter->runController(Object(App\Controllers\Sys))
 8 SYSTEMPATH\CodeIgniter.php(366): CodeIgniter\CodeIgniter->handleRequest(null, Object(Config\Cache), false)
 9 FCPATH\index.php(67): CodeIgniter\CodeIgniter->run()
CRITICAL - 2024-05-22 03:59:54 --> Undefined array key "total_income"
in APPPATH\Views\sys\collected.php on line 59.
 1 APPPATH\Views\sys\collected.php(59): CodeIgniter\Debug\Exceptions->errorHandler(2, 'Undefined array key "total_income"', 'C:\\xampp\\htdocs\\ems\\app\\Views\\sys\\collected.php', 59)
 2 SYSTEMPATH\View\View.php(224): include('C:\\xampp\\htdocs\\ems\\app\\Views\\sys\\collected.php')
 3 SYSTEMPATH\View\View.php(227): CodeIgniter\View\View->CodeIgniter\View\{closure}()
 4 SYSTEMPATH\Common.php(1176): CodeIgniter\View\View->render('sys/collected', [], true)
 5 APPPATH\Controllers\Sys.php(2975): view('sys/collected', [...])
 6 SYSTEMPATH\CodeIgniter.php(932): App\Controllers\Sys->viewCollected1()
 7 SYSTEMPATH\CodeIgniter.php(497): CodeIgniter\CodeIgniter->runController(Object(App\Controllers\Sys))
 8 SYSTEMPATH\CodeIgniter.php(366): CodeIgniter\CodeIgniter->handleRequest(null, Object(Config\Cache), false)
 9 FCPATH\index.php(67): CodeIgniter\CodeIgniter->run()
CRITICAL - 2024-05-22 04:02:00 --> Undefined array key "total_income"
in APPPATH\Views\sys\collected.php on line 59.
 1 APPPATH\Views\sys\collected.php(59): CodeIgniter\Debug\Exceptions->errorHandler(2, 'Undefined array key "total_income"', 'C:\\xampp\\htdocs\\ems\\app\\Views\\sys\\collected.php', 59)
 2 SYSTEMPATH\View\View.php(224): include('C:\\xampp\\htdocs\\ems\\app\\Views\\sys\\collected.php')
 3 SYSTEMPATH\View\View.php(227): CodeIgniter\View\View->CodeIgniter\View\{closure}()
 4 SYSTEMPATH\Common.php(1176): CodeIgniter\View\View->render('sys/collected', [], true)
 5 APPPATH\Controllers\Sys.php(2975): view('sys/collected', [...])
 6 SYSTEMPATH\CodeIgniter.php(932): App\Controllers\Sys->viewCollected1()
 7 SYSTEMPATH\CodeIgniter.php(497): CodeIgniter\CodeIgniter->runController(Object(App\Controllers\Sys))
 8 SYSTEMPATH\CodeIgniter.php(366): CodeIgniter\CodeIgniter->handleRequest(null, Object(Config\Cache), false)
 9 FCPATH\index.php(67): CodeIgniter\CodeIgniter->run()
CRITICAL - 2024-05-22 04:05:14 --> Undefined array key "total_income"
in APPPATH\Views\sys\collected.php on line 59.
 1 APPPATH\Views\sys\collected.php(59): CodeIgniter\Debug\Exceptions->errorHandler(2, 'Undefined array key "total_income"', 'C:\\xampp\\htdocs\\ems\\app\\Views\\sys\\collected.php', 59)
 2 SYSTEMPATH\View\View.php(224): include('C:\\xampp\\htdocs\\ems\\app\\Views\\sys\\collected.php')
 3 SYSTEMPATH\View\View.php(227): CodeIgniter\View\View->CodeIgniter\View\{closure}()
 4 SYSTEMPATH\Common.php(1176): CodeIgniter\View\View->render('sys/collected', [], true)
 5 APPPATH\Controllers\Sys.php(2975): view('sys/collected', [...])
 6 SYSTEMPATH\CodeIgniter.php(932): App\Controllers\Sys->viewCollected1()
 7 SYSTEMPATH\CodeIgniter.php(497): CodeIgniter\CodeIgniter->runController(Object(App\Controllers\Sys))
 8 SYSTEMPATH\CodeIgniter.php(366): CodeIgniter\CodeIgniter->handleRequest(null, Object(Config\Cache), false)
 9 FCPATH\index.php(67): CodeIgniter\CodeIgniter->run()
CRITICAL - 2024-05-22 04:07:54 --> Undefined array key "total_income"
in APPPATH\Views\sys\collected.php on line 59.
 1 APPPATH\Views\sys\collected.php(59): CodeIgniter\Debug\Exceptions->errorHandler(2, 'Undefined array key "total_income"', 'C:\\xampp\\htdocs\\ems\\app\\Views\\sys\\collected.php', 59)
 2 SYSTEMPATH\View\View.php(224): include('C:\\xampp\\htdocs\\ems\\app\\Views\\sys\\collected.php')
 3 SYSTEMPATH\View\View.php(227): CodeIgniter\View\View->CodeIgniter\View\{closure}()
 4 SYSTEMPATH\Common.php(1176): CodeIgniter\View\View->render('sys/collected', [], true)
 5 APPPATH\Controllers\Sys.php(2975): view('sys/collected', [...])
 6 SYSTEMPATH\CodeIgniter.php(932): App\Controllers\Sys->viewCollected1()
 7 SYSTEMPATH\CodeIgniter.php(497): CodeIgniter\CodeIgniter->runController(Object(App\Controllers\Sys))
 8 SYSTEMPATH\CodeIgniter.php(366): CodeIgniter\CodeIgniter->handleRequest(null, Object(Config\Cache), false)
 9 FCPATH\index.php(67): CodeIgniter\CodeIgniter->run()
CRITICAL - 2024-05-22 04:10:45 --> Undefined array key "total_income"
in APPPATH\Views\sys\collected.php on line 59.
 1 APPPATH\Views\sys\collected.php(59): CodeIgniter\Debug\Exceptions->errorHandler(2, 'Undefined array key "total_income"', 'C:\\xampp\\htdocs\\ems\\app\\Views\\sys\\collected.php', 59)
 2 SYSTEMPATH\View\View.php(224): include('C:\\xampp\\htdocs\\ems\\app\\Views\\sys\\collected.php')
 3 SYSTEMPATH\View\View.php(227): CodeIgniter\View\View->CodeIgniter\View\{closure}()
 4 SYSTEMPATH\Common.php(1176): CodeIgniter\View\View->render('sys/collected', [], true)
 5 APPPATH\Controllers\Sys.php(2975): view('sys/collected', [...])
 6 SYSTEMPATH\CodeIgniter.php(932): App\Controllers\Sys->viewCollected1()
 7 SYSTEMPATH\CodeIgniter.php(497): CodeIgniter\CodeIgniter->runController(Object(App\Controllers\Sys))
 8 SYSTEMPATH\CodeIgniter.php(366): CodeIgniter\CodeIgniter->handleRequest(null, Object(Config\Cache), false)
 9 FCPATH\index.php(67): CodeIgniter\CodeIgniter->run()
CRITICAL - 2024-05-22 04:11:17 --> Undefined array key "total_income"
in APPPATH\Views\sys\collected.php on line 59.
 1 APPPATH\Views\sys\collected.php(59): CodeIgniter\Debug\Exceptions->errorHandler(2, 'Undefined array key "total_income"', 'C:\\xampp\\htdocs\\ems\\app\\Views\\sys\\collected.php', 59)
 2 SYSTEMPATH\View\View.php(224): include('C:\\xampp\\htdocs\\ems\\app\\Views\\sys\\collected.php')
 3 SYSTEMPATH\View\View.php(227): CodeIgniter\View\View->CodeIgniter\View\{closure}()
 4 SYSTEMPATH\Common.php(1176): CodeIgniter\View\View->render('sys/collected', [], true)
 5 APPPATH\Controllers\Sys.php(2975): view('sys/collected', [...])
 6 SYSTEMPATH\CodeIgniter.php(932): App\Controllers\Sys->viewCollected1()
 7 SYSTEMPATH\CodeIgniter.php(497): CodeIgniter\CodeIgniter->runController(Object(App\Controllers\Sys))
 8 SYSTEMPATH\CodeIgniter.php(366): CodeIgniter\CodeIgniter->handleRequest(null, Object(Config\Cache), false)
 9 FCPATH\index.php(67): CodeIgniter\CodeIgniter->run()
CRITICAL - 2024-05-22 04:13:29 --> Undefined array key "total_income"
in APPPATH\Views\sys\collected.php on line 59.
 1 APPPATH\Views\sys\collected.php(59): CodeIgniter\Debug\Exceptions->errorHandler(2, 'Undefined array key "total_income"', 'C:\\xampp\\htdocs\\ems\\app\\Views\\sys\\collected.php', 59)
 2 SYSTEMPATH\View\View.php(224): include('C:\\xampp\\htdocs\\ems\\app\\Views\\sys\\collected.php')
 3 SYSTEMPATH\View\View.php(227): CodeIgniter\View\View->CodeIgniter\View\{closure}()
 4 SYSTEMPATH\Common.php(1176): CodeIgniter\View\View->render('sys/collected', [], true)
 5 APPPATH\Controllers\Sys.php(2975): view('sys/collected', [...])
 6 SYSTEMPATH\CodeIgniter.php(932): App\Controllers\Sys->viewCollected1()
 7 SYSTEMPATH\CodeIgniter.php(497): CodeIgniter\CodeIgniter->runController(Object(App\Controllers\Sys))
 8 SYSTEMPATH\CodeIgniter.php(366): CodeIgniter\CodeIgniter->handleRequest(null, Object(Config\Cache), false)
 9 FCPATH\index.php(67): CodeIgniter\CodeIgniter->run()
CRITICAL - 2024-05-22 04:14:31 --> Undefined array key "total_income"
in APPPATH\Views\sys\collected.php on line 59.
 1 APPPATH\Views\sys\collected.php(59): CodeIgniter\Debug\Exceptions->errorHandler(2, 'Undefined array key "total_income"', 'C:\\xampp\\htdocs\\ems\\app\\Views\\sys\\collected.php', 59)
 2 SYSTEMPATH\View\View.php(224): include('C:\\xampp\\htdocs\\ems\\app\\Views\\sys\\collected.php')
 3 SYSTEMPATH\View\View.php(227): CodeIgniter\View\View->CodeIgniter\View\{closure}()
 4 SYSTEMPATH\Common.php(1176): CodeIgniter\View\View->render('sys/collected', [], true)
 5 APPPATH\Controllers\Sys.php(2975): view('sys/collected', [...])
 6 SYSTEMPATH\CodeIgniter.php(932): App\Controllers\Sys->viewCollected1()
 7 SYSTEMPATH\CodeIgniter.php(497): CodeIgniter\CodeIgniter->runController(Object(App\Controllers\Sys))
 8 SYSTEMPATH\CodeIgniter.php(366): CodeIgniter\CodeIgniter->handleRequest(null, Object(Config\Cache), false)
 9 FCPATH\index.php(67): CodeIgniter\CodeIgniter->run()
CRITICAL - 2024-05-22 12:54:49 --> Undefined variable $listItems1
in APPPATH\Views\sys\collected.php on line 59.
 1 APPPATH\Views\sys\collected.php(59): CodeIgniter\Debug\Exceptions->errorHandler(2, 'Undefined variable $listItems1', 'C:\\xampp\\htdocs\\ems\\app\\Views\\sys\\collected.php', 59)
 2 SYSTEMPATH\View\View.php(224): include('C:\\xampp\\htdocs\\ems\\app\\Views\\sys\\collected.php')
 3 SYSTEMPATH\View\View.php(227): CodeIgniter\View\View->CodeIgniter\View\{closure}()
 4 SYSTEMPATH\Common.php(1176): CodeIgniter\View\View->render('sys/collected', [], true)
 5 APPPATH\Controllers\Sys.php(2961): view('sys/collected', [...])
 6 SYSTEMPATH\CodeIgniter.php(932): App\Controllers\Sys->viewCollected()
 7 SYSTEMPATH\CodeIgniter.php(497): CodeIgniter\CodeIgniter->runController(Object(App\Controllers\Sys))
 8 SYSTEMPATH\CodeIgniter.php(366): CodeIgniter\CodeIgniter->handleRequest(null, Object(Config\Cache), false)
 9 FCPATH\index.php(67): CodeIgniter\CodeIgniter->run()
CRITICAL - 2024-05-22 12:55:16 --> Undefined array key "total_income"
in APPPATH\Views\sys\collected.php on line 59.
 1 APPPATH\Views\sys\collected.php(59): CodeIgniter\Debug\Exceptions->errorHandler(2, 'Undefined array key "total_income"', 'C:\\xampp\\htdocs\\ems\\app\\Views\\sys\\collected.php', 59)
 2 SYSTEMPATH\View\View.php(224): include('C:\\xampp\\htdocs\\ems\\app\\Views\\sys\\collected.php')
 3 SYSTEMPATH\View\View.php(227): CodeIgniter\View\View->CodeIgniter\View\{closure}()
 4 SYSTEMPATH\Common.php(1176): CodeIgniter\View\View->render('sys/collected', [], true)
 5 APPPATH\Controllers\Sys.php(2975): view('sys/collected', [...])
 6 SYSTEMPATH\CodeIgniter.php(932): App\Controllers\Sys->viewCollected1()
 7 SYSTEMPATH\CodeIgniter.php(497): CodeIgniter\CodeIgniter->runController(Object(App\Controllers\Sys))
 8 SYSTEMPATH\CodeIgniter.php(366): CodeIgniter\CodeIgniter->handleRequest(null, Object(Config\Cache), false)
 9 FCPATH\index.php(67): CodeIgniter\CodeIgniter->run()
