CRITICAL - 2023-09-25 03:36:00 --> Undefined variable $district_list
in APPPATH\Views\web\registerewastegenerator.php on line 179.
 1 APPPATH\Views\web\registerewastegenerator.php(179): CodeIgniter\Debug\Exceptions->errorHandler(2, 'Undefined variable $district_list', 'C:\\xampp\\htdocs\\ewms\\app\\Views\\web\\registerewastegenerator.php', 179)
 2 SYSTEMPATH\View\View.php(224): include('C:\\xampp\\htdocs\\ewms\\app\\Views\\web\\registerewastegenerator.php')
 3 SYSTEMPATH\View\View.php(227): CodeIgniter\View\View->CodeIgniter\View\{closure}()
 4 SYSTEMPATH\Common.php(1176): CodeIgniter\View\View->render('web/registerewastegenerator', [], true)
 5 APPPATH\Controllers\Web.php(67): view('web/registerewastegenerator', [...])
 6 SYSTEMPATH\CodeIgniter.php(932): App\Controllers\Web->save_ewaste_generator()
 7 SYSTEMPATH\CodeIgniter.php(497): CodeIgniter\CodeIgniter->runController(Object(App\Controllers\Web))
 8 SYSTEMPATH\CodeIgniter.php(366): CodeIgniter\CodeIgniter->handleRequest(null, Object(Config\Cache), false)
 9 FCPATH\index.php(67): CodeIgniter\CodeIgniter->run()
CRITICAL - 2023-09-25 03:58:50 --> Undefined variable $district_list
in APPPATH\Views\web\registerewastegenerator.php on line 179.
 1 APPPATH\Views\web\registerewastegenerator.php(179): CodeIgniter\Debug\Exceptions->errorHandler(2, 'Undefined variable $district_list', 'C:\\xampp\\htdocs\\ewms\\app\\Views\\web\\registerewastegenerator.php', 179)
 2 SYSTEMPATH\View\View.php(224): include('C:\\xampp\\htdocs\\ewms\\app\\Views\\web\\registerewastegenerator.php')
 3 SYSTEMPATH\View\View.php(227): CodeIgniter\View\View->CodeIgniter\View\{closure}()
 4 SYSTEMPATH\Common.php(1176): CodeIgniter\View\View->render('web/registerewastegenerator', [], true)
 5 APPPATH\Controllers\Web.php(67): view('web/registerewastegenerator', [...])
 6 SYSTEMPATH\CodeIgniter.php(932): App\Controllers\Web->save_ewaste_generator()
 7 SYSTEMPATH\CodeIgniter.php(497): CodeIgniter\CodeIgniter->runController(Object(App\Controllers\Web))
 8 SYSTEMPATH\CodeIgniter.php(366): CodeIgniter\CodeIgniter->handleRequest(null, Object(Config\Cache), false)
 9 FCPATH\index.php(67): CodeIgniter\CodeIgniter->run()
CRITICAL - 2023-09-25 03:58:51 --> Undefined variable $district_list
in APPPATH\Views\web\registerewastegenerator.php on line 179.
 1 APPPATH\Views\web\registerewastegenerator.php(179): CodeIgniter\Debug\Exceptions->errorHandler(2, 'Undefined variable $district_list', 'C:\\xampp\\htdocs\\ewms\\app\\Views\\web\\registerewastegenerator.php', 179)
 2 SYSTEMPATH\View\View.php(224): include('C:\\xampp\\htdocs\\ewms\\app\\Views\\web\\registerewastegenerator.php')
 3 SYSTEMPATH\View\View.php(227): CodeIgniter\View\View->CodeIgniter\View\{closure}()
 4 SYSTEMPATH\Common.php(1176): CodeIgniter\View\View->render('web/registerewastegenerator', [], true)
 5 APPPATH\Controllers\Web.php(67): view('web/registerewastegenerator', [...])
 6 SYSTEMPATH\CodeIgniter.php(932): App\Controllers\Web->save_ewaste_generator()
 7 SYSTEMPATH\CodeIgniter.php(497): CodeIgniter\CodeIgniter->runController(Object(App\Controllers\Web))
 8 SYSTEMPATH\CodeIgniter.php(366): CodeIgniter\CodeIgniter->handleRequest(null, Object(Config\Cache), false)
 9 FCPATH\index.php(67): CodeIgniter\CodeIgniter->run()
CRITICAL - 2023-09-25 03:59:15 --> Undefined variable $district_list
in APPPATH\Views\web\registerewastegenerator.php on line 179.
 1 APPPATH\Views\web\registerewastegenerator.php(179): CodeIgniter\Debug\Exceptions->errorHandler(2, 'Undefined variable $district_list', 'C:\\xampp\\htdocs\\ewms\\app\\Views\\web\\registerewastegenerator.php', 179)
 2 SYSTEMPATH\View\View.php(224): include('C:\\xampp\\htdocs\\ewms\\app\\Views\\web\\registerewastegenerator.php')
 3 SYSTEMPATH\View\View.php(227): CodeIgniter\View\View->CodeIgniter\View\{closure}()
 4 SYSTEMPATH\Common.php(1176): CodeIgniter\View\View->render('web/registerewastegenerator', [], true)
 5 APPPATH\Controllers\Web.php(67): view('web/registerewastegenerator', [...])
 6 SYSTEMPATH\CodeIgniter.php(932): App\Controllers\Web->save_ewaste_generator()
 7 SYSTEMPATH\CodeIgniter.php(497): CodeIgniter\CodeIgniter->runController(Object(App\Controllers\Web))
 8 SYSTEMPATH\CodeIgniter.php(366): CodeIgniter\CodeIgniter->handleRequest(null, Object(Config\Cache), false)
 9 FCPATH\index.php(67): CodeIgniter\CodeIgniter->run()
CRITICAL - 2023-09-25 04:01:13 --> Undefined variable $district_list
in APPPATH\Views\web\registerewastegenerator.php on line 179.
 1 APPPATH\Views\web\registerewastegenerator.php(179): CodeIgniter\Debug\Exceptions->errorHandler(2, 'Undefined variable $district_list', 'C:\\xampp\\htdocs\\ewms\\app\\Views\\web\\registerewastegenerator.php', 179)
 2 SYSTEMPATH\View\View.php(224): include('C:\\xampp\\htdocs\\ewms\\app\\Views\\web\\registerewastegenerator.php')
 3 SYSTEMPATH\View\View.php(227): CodeIgniter\View\View->CodeIgniter\View\{closure}()
 4 SYSTEMPATH\Common.php(1176): CodeIgniter\View\View->render('web/registerewastegenerator', [], true)
 5 APPPATH\Controllers\Web.php(67): view('web/registerewastegenerator', [...])
 6 SYSTEMPATH\CodeIgniter.php(932): App\Controllers\Web->save_ewaste_generator()
 7 SYSTEMPATH\CodeIgniter.php(497): CodeIgniter\CodeIgniter->runController(Object(App\Controllers\Web))
 8 SYSTEMPATH\CodeIgniter.php(366): CodeIgniter\CodeIgniter->handleRequest(null, Object(Config\Cache), false)
 9 FCPATH\index.php(67): CodeIgniter\CodeIgniter->run()
CRITICAL - 2023-09-25 04:13:25 --> Undefined variable $district_list
in APPPATH\Views\web\registerewastegenerator.php on line 179.
 1 APPPATH\Views\web\registerewastegenerator.php(179): CodeIgniter\Debug\Exceptions->errorHandler(2, 'Undefined variable $district_list', 'C:\\xampp\\htdocs\\ewms\\app\\Views\\web\\registerewastegenerator.php', 179)
 2 SYSTEMPATH\View\View.php(224): include('C:\\xampp\\htdocs\\ewms\\app\\Views\\web\\registerewastegenerator.php')
 3 SYSTEMPATH\View\View.php(227): CodeIgniter\View\View->CodeIgniter\View\{closure}()
 4 SYSTEMPATH\Common.php(1176): CodeIgniter\View\View->render('web/registerewastegenerator', [], true)
 5 APPPATH\Controllers\Web.php(67): view('web/registerewastegenerator', [...])
 6 SYSTEMPATH\CodeIgniter.php(932): App\Controllers\Web->save_ewaste_generator()
 7 SYSTEMPATH\CodeIgniter.php(497): CodeIgniter\CodeIgniter->runController(Object(App\Controllers\Web))
 8 SYSTEMPATH\CodeIgniter.php(366): CodeIgniter\CodeIgniter->handleRequest(null, Object(Config\Cache), false)
 9 FCPATH\index.php(67): CodeIgniter\CodeIgniter->run()
CRITICAL - 2023-09-25 04:21:49 --> Undefined variable $district_list
in APPPATH\Views\web\registerewastegenerator.php on line 179.
 1 APPPATH\Views\web\registerewastegenerator.php(179): CodeIgniter\Debug\Exceptions->errorHandler(2, 'Undefined variable $district_list', 'C:\\xampp\\htdocs\\ewms\\app\\Views\\web\\registerewastegenerator.php', 179)
 2 SYSTEMPATH\View\View.php(224): include('C:\\xampp\\htdocs\\ewms\\app\\Views\\web\\registerewastegenerator.php')
 3 SYSTEMPATH\View\View.php(227): CodeIgniter\View\View->CodeIgniter\View\{closure}()
 4 SYSTEMPATH\Common.php(1176): CodeIgniter\View\View->render('web/registerewastegenerator', [], true)
 5 APPPATH\Controllers\Web.php(71): view('web/registerewastegenerator', [...])
 6 SYSTEMPATH\CodeIgniter.php(932): App\Controllers\Web->save_ewaste_generator()
 7 SYSTEMPATH\CodeIgniter.php(497): CodeIgniter\CodeIgniter->runController(Object(App\Controllers\Web))
 8 SYSTEMPATH\CodeIgniter.php(366): CodeIgniter\CodeIgniter->handleRequest(null, Object(Config\Cache), false)
 9 FCPATH\index.php(67): CodeIgniter\CodeIgniter->run()
CRITICAL - 2023-09-25 04:21:52 --> Undefined property: App\Controllers\Web::$db
in APPPATH\Controllers\Web.php on line 19.
 1 APPPATH\Controllers\Web.php(19): CodeIgniter\Debug\Exceptions->errorHandler(2, 'Undefined property: App\\Controllers\\Web::$db', 'C:\\xampp\\htdocs\\ewms\\app\\Controllers\\Web.php', 19)
 2 SYSTEMPATH\CodeIgniter.php(932): App\Controllers\Web->register_ewastegenerator()
 3 SYSTEMPATH\CodeIgniter.php(497): CodeIgniter\CodeIgniter->runController(Object(App\Controllers\Web))
 4 SYSTEMPATH\CodeIgniter.php(366): CodeIgniter\CodeIgniter->handleRequest(null, Object(Config\Cache), false)
 5 FCPATH\index.php(67): CodeIgniter\CodeIgniter->run()
