CRITICAL - 2023-10-16 01:30:24 --> Call to undefined function form_open_multipart()
in APPPATH\Views\web\registerewastegenerator.php on line 152.
 1 SYSTEMPATH\View\View.php(224): include()
 2 SYSTEMPATH\View\View.php(227): CodeIgniter\View\View->CodeIgniter\View\{closure}()
 3 SYSTEMPATH\Common.php(1176): CodeIgniter\View\View->render('web/registerewastegenerator', [], true)
 4 APPPATH\Controllers\Web.php(76): view('web/registerewastegenerator', [...])
 5 SYSTEMPATH\CodeIgniter.php(932): App\Controllers\Web->register_ewastegenerator()
 6 SYSTEMPATH\CodeIgniter.php(497): CodeIgniter\CodeIgniter->runController(Object(App\Controllers\Web))
 7 SYSTEMPATH\CodeIgniter.php(366): CodeIgniter\CodeIgniter->handleRequest(null, Object(Config\Cache), false)
 8 FCPATH\index.php(67): CodeIgniter\CodeIgniter->run()
CRITICAL - 2023-10-16 01:30:32 --> Call to undefined function form_open_multipart()
in APPPATH\Views\web\registerewastegenerator.php on line 152.
 1 SYSTEMPATH\View\View.php(224): include()
 2 SYSTEMPATH\View\View.php(227): CodeIgniter\View\View->CodeIgniter\View\{closure}()
 3 SYSTEMPATH\Common.php(1176): CodeIgniter\View\View->render('web/registerewastegenerator', [], true)
 4 APPPATH\Controllers\Web.php(76): view('web/registerewastegenerator', [...])
 5 SYSTEMPATH\CodeIgniter.php(932): App\Controllers\Web->register_ewastegenerator()
 6 SYSTEMPATH\CodeIgniter.php(497): CodeIgniter\CodeIgniter->runController(Object(App\Controllers\Web))
 7 SYSTEMPATH\CodeIgniter.php(366): CodeIgniter\CodeIgniter->handleRequest(null, Object(Config\Cache), false)
 8 FCPATH\index.php(67): CodeIgniter\CodeIgniter->run()
CRITICAL - 2023-10-16 01:34:21 --> Call to undefined function form_open_multipart()
in APPPATH\Views\web\registerewastegenerator.php on line 152.
 1 SYSTEMPATH\View\View.php(224): include()
 2 SYSTEMPATH\View\View.php(227): CodeIgniter\View\View->CodeIgniter\View\{closure}()
 3 SYSTEMPATH\Common.php(1176): CodeIgniter\View\View->render('web/registerewastegenerator', [], true)
 4 APPPATH\Controllers\Web.php(76): view('web/registerewastegenerator', [...])
 5 SYSTEMPATH\CodeIgniter.php(932): App\Controllers\Web->register_ewastegenerator()
 6 SYSTEMPATH\CodeIgniter.php(497): CodeIgniter\CodeIgniter->runController(Object(App\Controllers\Web))
 7 SYSTEMPATH\CodeIgniter.php(366): CodeIgniter\CodeIgniter->handleRequest(null, Object(Config\Cache), false)
 8 FCPATH\index.php(67): CodeIgniter\CodeIgniter->run()
CRITICAL - 2023-10-16 01:34:24 --> Call to undefined function form_open_multipart()
in APPPATH\Views\web\registerewastegenerator.php on line 152.
 1 SYSTEMPATH\View\View.php(224): include()
 2 SYSTEMPATH\View\View.php(227): CodeIgniter\View\View->CodeIgniter\View\{closure}()
 3 SYSTEMPATH\Common.php(1176): CodeIgniter\View\View->render('web/registerewastegenerator', [], true)
 4 APPPATH\Controllers\Web.php(76): view('web/registerewastegenerator', [...])
 5 SYSTEMPATH\CodeIgniter.php(932): App\Controllers\Web->register_ewastegenerator()
 6 SYSTEMPATH\CodeIgniter.php(497): CodeIgniter\CodeIgniter->runController(Object(App\Controllers\Web))
 7 SYSTEMPATH\CodeIgniter.php(366): CodeIgniter\CodeIgniter->handleRequest(null, Object(Config\Cache), false)
 8 FCPATH\index.php(67): CodeIgniter\CodeIgniter->run()
CRITICAL - 2023-10-16 01:37:39 --> Call to undefined function form_open_multipart()
in APPPATH\Views\web\registerewastegenerator.php on line 152.
 1 SYSTEMPATH\View\View.php(224): include()
 2 SYSTEMPATH\View\View.php(227): CodeIgniter\View\View->CodeIgniter\View\{closure}()
 3 SYSTEMPATH\Common.php(1176): CodeIgniter\View\View->render('web/registerewastegenerator', [], true)
 4 APPPATH\Controllers\Web.php(76): view('web/registerewastegenerator', [...])
 5 SYSTEMPATH\CodeIgniter.php(932): App\Controllers\Web->register_ewastegenerator()
 6 SYSTEMPATH\CodeIgniter.php(497): CodeIgniter\CodeIgniter->runController(Object(App\Controllers\Web))
 7 SYSTEMPATH\CodeIgniter.php(366): CodeIgniter\CodeIgniter->handleRequest(null, Object(Config\Cache), false)
 8 FCPATH\index.php(67): CodeIgniter\CodeIgniter->run()
CRITICAL - 2023-10-16 01:44:45 --> Call to undefined function form_open_multipart()
in APPPATH\Views\web\registerewastegenerator.php on line 152.
 1 SYSTEMPATH\View\View.php(224): include()
 2 SYSTEMPATH\View\View.php(227): CodeIgniter\View\View->CodeIgniter\View\{closure}()
 3 SYSTEMPATH\Common.php(1176): CodeIgniter\View\View->render('web/registerewastegenerator', [], true)
 4 APPPATH\Controllers\Web.php(76): view('web/registerewastegenerator', [...])
 5 SYSTEMPATH\CodeIgniter.php(932): App\Controllers\Web->register_ewastegenerator()
 6 SYSTEMPATH\CodeIgniter.php(497): CodeIgniter\CodeIgniter->runController(Object(App\Controllers\Web))
 7 SYSTEMPATH\CodeIgniter.php(366): CodeIgniter\CodeIgniter->handleRequest(null, Object(Config\Cache), false)
 8 FCPATH\index.php(67): CodeIgniter\CodeIgniter->run()
CRITICAL - 2023-10-16 01:49:31 --> Call to undefined function form_open_multipart()
in APPPATH\Views\web\registerewastegenerator.php on line 152.
 1 SYSTEMPATH\View\View.php(224): include()
 2 SYSTEMPATH\View\View.php(227): CodeIgniter\View\View->CodeIgniter\View\{closure}()
 3 SYSTEMPATH\Common.php(1176): CodeIgniter\View\View->render('web/registerewastegenerator', [], true)
 4 APPPATH\Controllers\Web.php(76): view('web/registerewastegenerator', [...])
 5 SYSTEMPATH\CodeIgniter.php(932): App\Controllers\Web->register_ewastegenerator()
 6 SYSTEMPATH\CodeIgniter.php(497): CodeIgniter\CodeIgniter->runController(Object(App\Controllers\Web))
 7 SYSTEMPATH\CodeIgniter.php(366): CodeIgniter\CodeIgniter->handleRequest(null, Object(Config\Cache), false)
 8 FCPATH\index.php(67): CodeIgniter\CodeIgniter->run()
CRITICAL - 2023-10-16 02:00:44 --> Call to undefined function form_open_multipart()
in APPPATH\Views\web\registerewastegenerator.php on line 152.
 1 SYSTEMPATH\View\View.php(224): include()
 2 SYSTEMPATH\View\View.php(227): CodeIgniter\View\View->CodeIgniter\View\{closure}()
 3 SYSTEMPATH\Common.php(1176): CodeIgniter\View\View->render('web/registerewastegenerator', [], true)
 4 APPPATH\Controllers\Web.php(76): view('web/registerewastegenerator', [...])
 5 SYSTEMPATH\CodeIgniter.php(932): App\Controllers\Web->register_ewastegenerator()
 6 SYSTEMPATH\CodeIgniter.php(497): CodeIgniter\CodeIgniter->runController(Object(App\Controllers\Web))
 7 SYSTEMPATH\CodeIgniter.php(366): CodeIgniter\CodeIgniter->handleRequest(null, Object(Config\Cache), false)
 8 FCPATH\index.php(67): CodeIgniter\CodeIgniter->run()
CRITICAL - 2023-10-16 02:06:16 --> Call to undefined function form_open_multipart()
in APPPATH\Views\web\registerewastegenerator.php on line 152.
 1 SYSTEMPATH\View\View.php(224): include()
 2 SYSTEMPATH\View\View.php(227): CodeIgniter\View\View->CodeIgniter\View\{closure}()
 3 SYSTEMPATH\Common.php(1176): CodeIgniter\View\View->render('web/registerewastegenerator', [], true)
 4 APPPATH\Controllers\Web.php(76): view('web/registerewastegenerator', [...])
 5 SYSTEMPATH\CodeIgniter.php(932): App\Controllers\Web->register_ewastegenerator()
 6 SYSTEMPATH\CodeIgniter.php(497): CodeIgniter\CodeIgniter->runController(Object(App\Controllers\Web))
 7 SYSTEMPATH\CodeIgniter.php(366): CodeIgniter\CodeIgniter->handleRequest(null, Object(Config\Cache), false)
 8 FCPATH\index.php(67): CodeIgniter\CodeIgniter->run()
CRITICAL - 2023-10-16 02:11:45 --> Call to undefined function form_open_multipart()
in APPPATH\Views\web\registerewastegenerator.php on line 152.
 1 SYSTEMPATH\View\View.php(224): include()
 2 SYSTEMPATH\View\View.php(227): CodeIgniter\View\View->CodeIgniter\View\{closure}()
 3 SYSTEMPATH\Common.php(1176): CodeIgniter\View\View->render('web/registerewastegenerator', [], true)
 4 APPPATH\Controllers\Web.php(76): view('web/registerewastegenerator', [...])
 5 SYSTEMPATH\CodeIgniter.php(932): App\Controllers\Web->register_ewastegenerator()
 6 SYSTEMPATH\CodeIgniter.php(497): CodeIgniter\CodeIgniter->runController(Object(App\Controllers\Web))
 7 SYSTEMPATH\CodeIgniter.php(366): CodeIgniter\CodeIgniter->handleRequest(null, Object(Config\Cache), false)
 8 FCPATH\index.php(67): CodeIgniter\CodeIgniter->run()
CRITICAL - 2023-10-16 03:36:50 --> Call to undefined function form_open_multipart()
in APPPATH\Views\web\registerewastegenerator.php on line 152.
 1 SYSTEMPATH\View\View.php(224): include()
 2 SYSTEMPATH\View\View.php(227): CodeIgniter\View\View->CodeIgniter\View\{closure}()
 3 SYSTEMPATH\Common.php(1176): CodeIgniter\View\View->render('web/registerewastegenerator', [], true)
 4 APPPATH\Controllers\Web.php(76): view('web/registerewastegenerator', [...])
 5 SYSTEMPATH\CodeIgniter.php(932): App\Controllers\Web->register_ewastegenerator()
 6 SYSTEMPATH\CodeIgniter.php(497): CodeIgniter\CodeIgniter->runController(Object(App\Controllers\Web))
 7 SYSTEMPATH\CodeIgniter.php(366): CodeIgniter\CodeIgniter->handleRequest(null, Object(Config\Cache), false)
 8 FCPATH\index.php(67): CodeIgniter\CodeIgniter->run()
CRITICAL - 2023-10-16 03:49:23 --> Call to undefined function form_open_multipart()
in APPPATH\Views\web\registerewastegenerator.php on line 152.
 1 SYSTEMPATH\View\View.php(224): include()
 2 SYSTEMPATH\View\View.php(227): CodeIgniter\View\View->CodeIgniter\View\{closure}()
 3 SYSTEMPATH\Common.php(1176): CodeIgniter\View\View->render('web/registerewastegenerator', [], true)
 4 APPPATH\Controllers\Web.php(76): view('web/registerewastegenerator', [...])
 5 SYSTEMPATH\CodeIgniter.php(932): App\Controllers\Web->register_ewastegenerator()
 6 SYSTEMPATH\CodeIgniter.php(497): CodeIgniter\CodeIgniter->runController(Object(App\Controllers\Web))
 7 SYSTEMPATH\CodeIgniter.php(366): CodeIgniter\CodeIgniter->handleRequest(null, Object(Config\Cache), false)
 8 FCPATH\index.php(67): CodeIgniter\CodeIgniter->run()
