CRITICAL - 2023-10-06 16:32:21 --> Call to undefined function form_open()
in APPPATH\Views\sys\login.php on line 51.
 1 SYSTEMPATH\View\View.php(224): include()
 2 SYSTEMPATH\View\View.php(227): CodeIgniter\View\View->CodeIgniter\View\{closure}()
 3 SYSTEMPATH\Common.php(1176): CodeIgniter\View\View->render('sys/login', [], true)
 4 APPPATH\Controllers\Sys.php(10): view('sys/login')
 5 SYSTEMPATH\CodeIgniter.php(932): App\Controllers\Sys->index()
 6 SYSTEMPATH\CodeIgniter.php(497): CodeIgniter\CodeIgniter->runController(Object(App\Controllers\Sys))
 7 SYSTEMPATH\CodeIgniter.php(366): CodeIgniter\CodeIgniter->handleRequest(null, Object(Config\Cache), false)
 8 FCPATH\index.php(67): CodeIgniter\CodeIgniter->run()
CRITICAL - 2023-10-06 18:02:10 --> Class "App\validation\UserRules" not found
in SYSTEMPATH\Validation\Validation.php on line 656.
 1 SYSTEMPATH\Validation\Validation.php(130): CodeIgniter\Validation\Validation->loadRuleSets()
 2 SYSTEMPATH\Controller.php(141): CodeIgniter\Validation\Validation->run()
 3 APPPATH\Controllers\Web.php(35): CodeIgniter\Controller->validate([...])
 4 SYSTEMPATH\CodeIgniter.php(932): App\Controllers\Web->make_register()
 5 SYSTEMPATH\CodeIgniter.php(497): CodeIgniter\CodeIgniter->runController(Object(App\Controllers\Web))
 6 SYSTEMPATH\CodeIgniter.php(366): CodeIgniter\CodeIgniter->handleRequest(null, Object(Config\Cache), false)
 7 FCPATH\index.php(67): CodeIgniter\CodeIgniter->run()
CRITICAL - 2023-10-06 18:12:27 --> Unmatched '}'
in APPPATH\validation\UserRules.php on line 21.
 1 SYSTEMPATH\Autoloader\Autoloader.php(291): CodeIgniter\Autoloader\Autoloader->includeFile('C:\\xampp\\htdocs\\ewms\\app\\validation\\UserRules.php')
 2 SYSTEMPATH\Autoloader\Autoloader.php(269): CodeIgniter\Autoloader\Autoloader->loadInNamespace('App\\validation\\UserRules')
 3 SYSTEMPATH\Validation\Validation.php(656): CodeIgniter\Autoloader\Autoloader->loadClass('App\\validation\\UserRules')
 4 SYSTEMPATH\Validation\Validation.php(130): CodeIgniter\Validation\Validation->loadRuleSets()
 5 SYSTEMPATH\Controller.php(141): CodeIgniter\Validation\Validation->run()
 6 APPPATH\Controllers\Web.php(35): CodeIgniter\Controller->validate([...])
 7 SYSTEMPATH\CodeIgniter.php(932): App\Controllers\Web->make_register()
 8 SYSTEMPATH\CodeIgniter.php(497): CodeIgniter\CodeIgniter->runController(Object(App\Controllers\Web))
 9 SYSTEMPATH\CodeIgniter.php(366): CodeIgniter\CodeIgniter->handleRequest(null, Object(Config\Cache), false)
10 FCPATH\index.php(67): CodeIgniter\CodeIgniter->run()
CRITICAL - 2023-10-06 18:12:34 --> Unmatched '}'
in APPPATH\validation\UserRules.php on line 21.
 1 SYSTEMPATH\Autoloader\Autoloader.php(291): CodeIgniter\Autoloader\Autoloader->includeFile('C:\\xampp\\htdocs\\ewms\\app\\validation\\UserRules.php')
 2 SYSTEMPATH\Autoloader\Autoloader.php(269): CodeIgniter\Autoloader\Autoloader->loadInNamespace('App\\validation\\UserRules')
 3 SYSTEMPATH\Validation\Validation.php(656): CodeIgniter\Autoloader\Autoloader->loadClass('App\\validation\\UserRules')
 4 SYSTEMPATH\Validation\Validation.php(130): CodeIgniter\Validation\Validation->loadRuleSets()
 5 SYSTEMPATH\Controller.php(141): CodeIgniter\Validation\Validation->run()
 6 APPPATH\Controllers\Web.php(35): CodeIgniter\Controller->validate([...])
 7 SYSTEMPATH\CodeIgniter.php(932): App\Controllers\Web->make_register()
 8 SYSTEMPATH\CodeIgniter.php(497): CodeIgniter\CodeIgniter->runController(Object(App\Controllers\Web))
 9 SYSTEMPATH\CodeIgniter.php(366): CodeIgniter\CodeIgniter->handleRequest(null, Object(Config\Cache), false)
10 FCPATH\index.php(67): CodeIgniter\CodeIgniter->run()
CRITICAL - 2023-10-06 18:13:44 --> Unmatched '}'
in APPPATH\validation\UserRules.php on line 21.
 1 SYSTEMPATH\Autoloader\Autoloader.php(291): CodeIgniter\Autoloader\Autoloader->includeFile('C:\\xampp\\htdocs\\ewms\\app\\validation\\UserRules.php')
 2 SYSTEMPATH\Autoloader\Autoloader.php(269): CodeIgniter\Autoloader\Autoloader->loadInNamespace('App\\validation\\UserRules')
 3 SYSTEMPATH\Validation\Validation.php(656): CodeIgniter\Autoloader\Autoloader->loadClass('App\\validation\\UserRules')
 4 SYSTEMPATH\Validation\Validation.php(130): CodeIgniter\Validation\Validation->loadRuleSets()
 5 SYSTEMPATH\Controller.php(141): CodeIgniter\Validation\Validation->run()
 6 APPPATH\Controllers\Web.php(35): CodeIgniter\Controller->validate([...])
 7 SYSTEMPATH\CodeIgniter.php(932): App\Controllers\Web->make_register()
 8 SYSTEMPATH\CodeIgniter.php(497): CodeIgniter\CodeIgniter->runController(Object(App\Controllers\Web))
 9 SYSTEMPATH\CodeIgniter.php(366): CodeIgniter\CodeIgniter->handleRequest(null, Object(Config\Cache), false)
10 FCPATH\index.php(67): CodeIgniter\CodeIgniter->run()
