CRITICAL - 2024-04-08 12:21:23 --> Undefined variable $Item_Category
in APPPATH\Views\sys\addEwasteForm.php on line 70.
 1 APPPATH\Views\sys\addEwasteForm.php(70): CodeIgniter\Debug\Exceptions->errorHandler(2, 'Undefined variable $Item_Category', 'C:\\xampp\\htdocs\\ems\\app\\Views\\sys\\addEwasteForm.php', 70)
 2 SYSTEMPATH\View\View.php(224): include('C:\\xampp\\htdocs\\ems\\app\\Views\\sys\\addEwasteForm.php')
 3 SYSTEMPATH\View\View.php(227): CodeIgniter\View\View->CodeIgniter\View\{closure}()
 4 SYSTEMPATH\Common.php(1176): CodeIgniter\View\View->render('sys/addEwasteForm', [], true)
 5 APPPATH\Controllers\Sys.php(235): view('sys/addEwasteForm', [...])
 6 SYSTEMPATH\CodeIgniter.php(932): App\Controllers\Sys->submitEwaste()
 7 SYSTEMPATH\CodeIgniter.php(497): CodeIgniter\CodeIgniter->runController(Object(App\Controllers\Sys))
 8 SYSTEMPATH\CodeIgniter.php(366): CodeIgniter\CodeIgniter->handleRequest(null, Object(Config\Cache), false)
 9 FCPATH\index.php(67): CodeIgniter\CodeIgniter->run()
CRITICAL - 2024-04-08 12:42:25 --> Undefined array key "rem_quantity"
in APPPATH\Views\sys\content_e-Waste Generator.php on line 102.
 1 APPPATH\Views\sys\content_e-Waste Generator.php(102): CodeIgniter\Debug\Exceptions->errorHandler(2, 'Undefined array key "rem_quantity"', 'C:\\xampp\\htdocs\\ems\\app\\Views\\sys\\content_e-Waste Generator.php', 102)
 2 SYSTEMPATH\View\View.php(224): include('C:\\xampp\\htdocs\\ems\\app\\Views\\sys\\content_e-Waste Generator.php')
 3 SYSTEMPATH\View\View.php(227): CodeIgniter\View\View->CodeIgniter\View\{closure}()
 4 SYSTEMPATH\Common.php(1176): CodeIgniter\View\View->render('sys/content_e-waste generator', [], true)
 5 APPPATH\Controllers\Sys.php(51): view('sys/content_e-waste generator', [...])
 6 SYSTEMPATH\CodeIgniter.php(932): App\Controllers\Sys->dashboard()
 7 SYSTEMPATH\CodeIgniter.php(497): CodeIgniter\CodeIgniter->runController(Object(App\Controllers\Sys))
 8 SYSTEMPATH\CodeIgniter.php(366): CodeIgniter\CodeIgniter->handleRequest(null, Object(Config\Cache), false)
 9 FCPATH\index.php(67): CodeIgniter\CodeIgniter->run()
CRITICAL - 2024-04-08 12:42:28 --> Undefined array key "rem_quantity"
in APPPATH\Views\sys\content_e-Waste Generator.php on line 102.
 1 APPPATH\Views\sys\content_e-Waste Generator.php(102): CodeIgniter\Debug\Exceptions->errorHandler(2, 'Undefined array key "rem_quantity"', 'C:\\xampp\\htdocs\\ems\\app\\Views\\sys\\content_e-Waste Generator.php', 102)
 2 SYSTEMPATH\View\View.php(224): include('C:\\xampp\\htdocs\\ems\\app\\Views\\sys\\content_e-Waste Generator.php')
 3 SYSTEMPATH\View\View.php(227): CodeIgniter\View\View->CodeIgniter\View\{closure}()
 4 SYSTEMPATH\Common.php(1176): CodeIgniter\View\View->render('sys/content_e-waste generator', [], true)
 5 APPPATH\Controllers\Sys.php(51): view('sys/content_e-waste generator', [...])
 6 SYSTEMPATH\CodeIgniter.php(932): App\Controllers\Sys->dashboard()
 7 SYSTEMPATH\CodeIgniter.php(497): CodeIgniter\CodeIgniter->runController(Object(App\Controllers\Sys))
 8 SYSTEMPATH\CodeIgniter.php(366): CodeIgniter\CodeIgniter->handleRequest(null, Object(Config\Cache), false)
 9 FCPATH\index.php(67): CodeIgniter\CodeIgniter->run()
CRITICAL - 2024-04-08 12:42:35 --> Undefined array key "rem_quantity"
in APPPATH\Views\sys\content_e-Waste Generator.php on line 102.
 1 APPPATH\Views\sys\content_e-Waste Generator.php(102): CodeIgniter\Debug\Exceptions->errorHandler(2, 'Undefined array key "rem_quantity"', 'C:\\xampp\\htdocs\\ems\\app\\Views\\sys\\content_e-Waste Generator.php', 102)
 2 SYSTEMPATH\View\View.php(224): include('C:\\xampp\\htdocs\\ems\\app\\Views\\sys\\content_e-Waste Generator.php')
 3 SYSTEMPATH\View\View.php(227): CodeIgniter\View\View->CodeIgniter\View\{closure}()
 4 SYSTEMPATH\Common.php(1176): CodeIgniter\View\View->render('sys/content_e-waste generator', [], true)
 5 APPPATH\Controllers\Sys.php(51): view('sys/content_e-waste generator', [...])
 6 SYSTEMPATH\CodeIgniter.php(932): App\Controllers\Sys->dashboard()
 7 SYSTEMPATH\CodeIgniter.php(497): CodeIgniter\CodeIgniter->runController(Object(App\Controllers\Sys))
 8 SYSTEMPATH\CodeIgniter.php(366): CodeIgniter\CodeIgniter->handleRequest(null, Object(Config\Cache), false)
 9 FCPATH\index.php(67): CodeIgniter\CodeIgniter->run()
CRITICAL - 2024-04-08 12:42:37 --> Undefined array key "rem_quantity"
in APPPATH\Views\sys\content_e-Waste Generator.php on line 102.
 1 APPPATH\Views\sys\content_e-Waste Generator.php(102): CodeIgniter\Debug\Exceptions->errorHandler(2, 'Undefined array key "rem_quantity"', 'C:\\xampp\\htdocs\\ems\\app\\Views\\sys\\content_e-Waste Generator.php', 102)
 2 SYSTEMPATH\View\View.php(224): include('C:\\xampp\\htdocs\\ems\\app\\Views\\sys\\content_e-Waste Generator.php')
 3 SYSTEMPATH\View\View.php(227): CodeIgniter\View\View->CodeIgniter\View\{closure}()
 4 SYSTEMPATH\Common.php(1176): CodeIgniter\View\View->render('sys/content_e-waste generator', [], true)
 5 APPPATH\Controllers\Sys.php(51): view('sys/content_e-waste generator', [...])
 6 SYSTEMPATH\CodeIgniter.php(932): App\Controllers\Sys->dashboard()
 7 SYSTEMPATH\CodeIgniter.php(497): CodeIgniter\CodeIgniter->runController(Object(App\Controllers\Sys))
 8 SYSTEMPATH\CodeIgniter.php(366): CodeIgniter\CodeIgniter->handleRequest(null, Object(Config\Cache), false)
 9 FCPATH\index.php(67): CodeIgniter\CodeIgniter->run()
CRITICAL - 2024-04-08 12:42:40 --> Undefined array key "rem_quantity"
in APPPATH\Views\sys\content_e-Waste Generator.php on line 102.
 1 APPPATH\Views\sys\content_e-Waste Generator.php(102): CodeIgniter\Debug\Exceptions->errorHandler(2, 'Undefined array key "rem_quantity"', 'C:\\xampp\\htdocs\\ems\\app\\Views\\sys\\content_e-Waste Generator.php', 102)
 2 SYSTEMPATH\View\View.php(224): include('C:\\xampp\\htdocs\\ems\\app\\Views\\sys\\content_e-Waste Generator.php')
 3 SYSTEMPATH\View\View.php(227): CodeIgniter\View\View->CodeIgniter\View\{closure}()
 4 SYSTEMPATH\Common.php(1176): CodeIgniter\View\View->render('sys/content_e-waste generator', [], true)
 5 APPPATH\Controllers\Sys.php(51): view('sys/content_e-waste generator', [...])
 6 SYSTEMPATH\CodeIgniter.php(932): App\Controllers\Sys->dashboard()
 7 SYSTEMPATH\CodeIgniter.php(497): CodeIgniter\CodeIgniter->runController(Object(App\Controllers\Sys))
 8 SYSTEMPATH\CodeIgniter.php(366): CodeIgniter\CodeIgniter->handleRequest(null, Object(Config\Cache), false)
 9 FCPATH\index.php(67): CodeIgniter\CodeIgniter->run()
CRITICAL - 2024-04-08 12:42:41 --> Undefined array key "rem_quantity"
in APPPATH\Views\sys\content_e-Waste Generator.php on line 102.
 1 APPPATH\Views\sys\content_e-Waste Generator.php(102): CodeIgniter\Debug\Exceptions->errorHandler(2, 'Undefined array key "rem_quantity"', 'C:\\xampp\\htdocs\\ems\\app\\Views\\sys\\content_e-Waste Generator.php', 102)
 2 SYSTEMPATH\View\View.php(224): include('C:\\xampp\\htdocs\\ems\\app\\Views\\sys\\content_e-Waste Generator.php')
 3 SYSTEMPATH\View\View.php(227): CodeIgniter\View\View->CodeIgniter\View\{closure}()
 4 SYSTEMPATH\Common.php(1176): CodeIgniter\View\View->render('sys/content_e-waste generator', [], true)
 5 APPPATH\Controllers\Sys.php(51): view('sys/content_e-waste generator', [...])
 6 SYSTEMPATH\CodeIgniter.php(932): App\Controllers\Sys->dashboard()
 7 SYSTEMPATH\CodeIgniter.php(497): CodeIgniter\CodeIgniter->runController(Object(App\Controllers\Sys))
 8 SYSTEMPATH\CodeIgniter.php(366): CodeIgniter\CodeIgniter->handleRequest(null, Object(Config\Cache), false)
 9 FCPATH\index.php(67): CodeIgniter\CodeIgniter->run()
CRITICAL - 2024-04-08 12:42:42 --> Undefined array key "rem_quantity"
in APPPATH\Views\sys\content_e-Waste Generator.php on line 102.
 1 APPPATH\Views\sys\content_e-Waste Generator.php(102): CodeIgniter\Debug\Exceptions->errorHandler(2, 'Undefined array key "rem_quantity"', 'C:\\xampp\\htdocs\\ems\\app\\Views\\sys\\content_e-Waste Generator.php', 102)
 2 SYSTEMPATH\View\View.php(224): include('C:\\xampp\\htdocs\\ems\\app\\Views\\sys\\content_e-Waste Generator.php')
 3 SYSTEMPATH\View\View.php(227): CodeIgniter\View\View->CodeIgniter\View\{closure}()
 4 SYSTEMPATH\Common.php(1176): CodeIgniter\View\View->render('sys/content_e-waste generator', [], true)
 5 APPPATH\Controllers\Sys.php(51): view('sys/content_e-waste generator', [...])
 6 SYSTEMPATH\CodeIgniter.php(932): App\Controllers\Sys->dashboard()
 7 SYSTEMPATH\CodeIgniter.php(497): CodeIgniter\CodeIgniter->runController(Object(App\Controllers\Sys))
 8 SYSTEMPATH\CodeIgniter.php(366): CodeIgniter\CodeIgniter->handleRequest(null, Object(Config\Cache), false)
 9 FCPATH\index.php(67): CodeIgniter\CodeIgniter->run()
CRITICAL - 2024-04-08 12:42:42 --> Undefined array key "rem_quantity"
in APPPATH\Views\sys\content_e-Waste Generator.php on line 102.
 1 APPPATH\Views\sys\content_e-Waste Generator.php(102): CodeIgniter\Debug\Exceptions->errorHandler(2, 'Undefined array key "rem_quantity"', 'C:\\xampp\\htdocs\\ems\\app\\Views\\sys\\content_e-Waste Generator.php', 102)
 2 SYSTEMPATH\View\View.php(224): include('C:\\xampp\\htdocs\\ems\\app\\Views\\sys\\content_e-Waste Generator.php')
 3 SYSTEMPATH\View\View.php(227): CodeIgniter\View\View->CodeIgniter\View\{closure}()
 4 SYSTEMPATH\Common.php(1176): CodeIgniter\View\View->render('sys/content_e-waste generator', [], true)
 5 APPPATH\Controllers\Sys.php(51): view('sys/content_e-waste generator', [...])
 6 SYSTEMPATH\CodeIgniter.php(932): App\Controllers\Sys->dashboard()
 7 SYSTEMPATH\CodeIgniter.php(497): CodeIgniter\CodeIgniter->runController(Object(App\Controllers\Sys))
 8 SYSTEMPATH\CodeIgniter.php(366): CodeIgniter\CodeIgniter->handleRequest(null, Object(Config\Cache), false)
 9 FCPATH\index.php(67): CodeIgniter\CodeIgniter->run()
CRITICAL - 2024-04-08 12:42:43 --> Undefined array key "rem_quantity"
in APPPATH\Views\sys\content_e-Waste Generator.php on line 102.
 1 APPPATH\Views\sys\content_e-Waste Generator.php(102): CodeIgniter\Debug\Exceptions->errorHandler(2, 'Undefined array key "rem_quantity"', 'C:\\xampp\\htdocs\\ems\\app\\Views\\sys\\content_e-Waste Generator.php', 102)
 2 SYSTEMPATH\View\View.php(224): include('C:\\xampp\\htdocs\\ems\\app\\Views\\sys\\content_e-Waste Generator.php')
 3 SYSTEMPATH\View\View.php(227): CodeIgniter\View\View->CodeIgniter\View\{closure}()
 4 SYSTEMPATH\Common.php(1176): CodeIgniter\View\View->render('sys/content_e-waste generator', [], true)
 5 APPPATH\Controllers\Sys.php(51): view('sys/content_e-waste generator', [...])
 6 SYSTEMPATH\CodeIgniter.php(932): App\Controllers\Sys->dashboard()
 7 SYSTEMPATH\CodeIgniter.php(497): CodeIgniter\CodeIgniter->runController(Object(App\Controllers\Sys))
 8 SYSTEMPATH\CodeIgniter.php(366): CodeIgniter\CodeIgniter->handleRequest(null, Object(Config\Cache), false)
 9 FCPATH\index.php(67): CodeIgniter\CodeIgniter->run()
CRITICAL - 2024-04-08 12:42:44 --> Undefined array key "rem_quantity"
in APPPATH\Views\sys\content_e-Waste Generator.php on line 102.
 1 APPPATH\Views\sys\content_e-Waste Generator.php(102): CodeIgniter\Debug\Exceptions->errorHandler(2, 'Undefined array key "rem_quantity"', 'C:\\xampp\\htdocs\\ems\\app\\Views\\sys\\content_e-Waste Generator.php', 102)
 2 SYSTEMPATH\View\View.php(224): include('C:\\xampp\\htdocs\\ems\\app\\Views\\sys\\content_e-Waste Generator.php')
 3 SYSTEMPATH\View\View.php(227): CodeIgniter\View\View->CodeIgniter\View\{closure}()
 4 SYSTEMPATH\Common.php(1176): CodeIgniter\View\View->render('sys/content_e-waste generator', [], true)
 5 APPPATH\Controllers\Sys.php(51): view('sys/content_e-waste generator', [...])
 6 SYSTEMPATH\CodeIgniter.php(932): App\Controllers\Sys->dashboard()
 7 SYSTEMPATH\CodeIgniter.php(497): CodeIgniter\CodeIgniter->runController(Object(App\Controllers\Sys))
 8 SYSTEMPATH\CodeIgniter.php(366): CodeIgniter\CodeIgniter->handleRequest(null, Object(Config\Cache), false)
 9 FCPATH\index.php(67): CodeIgniter\CodeIgniter->run()
CRITICAL - 2024-04-08 12:42:44 --> Undefined array key "rem_quantity"
in APPPATH\Views\sys\content_e-Waste Generator.php on line 102.
 1 APPPATH\Views\sys\content_e-Waste Generator.php(102): CodeIgniter\Debug\Exceptions->errorHandler(2, 'Undefined array key "rem_quantity"', 'C:\\xampp\\htdocs\\ems\\app\\Views\\sys\\content_e-Waste Generator.php', 102)
 2 SYSTEMPATH\View\View.php(224): include('C:\\xampp\\htdocs\\ems\\app\\Views\\sys\\content_e-Waste Generator.php')
 3 SYSTEMPATH\View\View.php(227): CodeIgniter\View\View->CodeIgniter\View\{closure}()
 4 SYSTEMPATH\Common.php(1176): CodeIgniter\View\View->render('sys/content_e-waste generator', [], true)
 5 APPPATH\Controllers\Sys.php(51): view('sys/content_e-waste generator', [...])
 6 SYSTEMPATH\CodeIgniter.php(932): App\Controllers\Sys->dashboard()
 7 SYSTEMPATH\CodeIgniter.php(497): CodeIgniter\CodeIgniter->runController(Object(App\Controllers\Sys))
 8 SYSTEMPATH\CodeIgniter.php(366): CodeIgniter\CodeIgniter->handleRequest(null, Object(Config\Cache), false)
 9 FCPATH\index.php(67): CodeIgniter\CodeIgniter->run()
CRITICAL - 2024-04-08 12:42:45 --> Undefined array key "rem_quantity"
in APPPATH\Views\sys\content_e-Waste Generator.php on line 102.
 1 APPPATH\Views\sys\content_e-Waste Generator.php(102): CodeIgniter\Debug\Exceptions->errorHandler(2, 'Undefined array key "rem_quantity"', 'C:\\xampp\\htdocs\\ems\\app\\Views\\sys\\content_e-Waste Generator.php', 102)
 2 SYSTEMPATH\View\View.php(224): include('C:\\xampp\\htdocs\\ems\\app\\Views\\sys\\content_e-Waste Generator.php')
 3 SYSTEMPATH\View\View.php(227): CodeIgniter\View\View->CodeIgniter\View\{closure}()
 4 SYSTEMPATH\Common.php(1176): CodeIgniter\View\View->render('sys/content_e-waste generator', [], true)
 5 APPPATH\Controllers\Sys.php(51): view('sys/content_e-waste generator', [...])
 6 SYSTEMPATH\CodeIgniter.php(932): App\Controllers\Sys->dashboard()
 7 SYSTEMPATH\CodeIgniter.php(497): CodeIgniter\CodeIgniter->runController(Object(App\Controllers\Sys))
 8 SYSTEMPATH\CodeIgniter.php(366): CodeIgniter\CodeIgniter->handleRequest(null, Object(Config\Cache), false)
 9 FCPATH\index.php(67): CodeIgniter\CodeIgniter->run()
CRITICAL - 2024-04-08 12:42:46 --> Undefined array key "rem_quantity"
in APPPATH\Views\sys\content_e-Waste Generator.php on line 102.
 1 APPPATH\Views\sys\content_e-Waste Generator.php(102): CodeIgniter\Debug\Exceptions->errorHandler(2, 'Undefined array key "rem_quantity"', 'C:\\xampp\\htdocs\\ems\\app\\Views\\sys\\content_e-Waste Generator.php', 102)
 2 SYSTEMPATH\View\View.php(224): include('C:\\xampp\\htdocs\\ems\\app\\Views\\sys\\content_e-Waste Generator.php')
 3 SYSTEMPATH\View\View.php(227): CodeIgniter\View\View->CodeIgniter\View\{closure}()
 4 SYSTEMPATH\Common.php(1176): CodeIgniter\View\View->render('sys/content_e-waste generator', [], true)
 5 APPPATH\Controllers\Sys.php(51): view('sys/content_e-waste generator', [...])
 6 SYSTEMPATH\CodeIgniter.php(932): App\Controllers\Sys->dashboard()
 7 SYSTEMPATH\CodeIgniter.php(497): CodeIgniter\CodeIgniter->runController(Object(App\Controllers\Sys))
 8 SYSTEMPATH\CodeIgniter.php(366): CodeIgniter\CodeIgniter->handleRequest(null, Object(Config\Cache), false)
 9 FCPATH\index.php(67): CodeIgniter\CodeIgniter->run()
CRITICAL - 2024-04-08 12:47:58 --> Undefined array key "rem_quantity"
in APPPATH\Views\sys\content_e-Waste Generator.php on line 113.
 1 APPPATH\Views\sys\content_e-Waste Generator.php(113): CodeIgniter\Debug\Exceptions->errorHandler(2, 'Undefined array key "rem_quantity"', 'C:\\xampp\\htdocs\\ems\\app\\Views\\sys\\content_e-Waste Generator.php', 113)
 2 SYSTEMPATH\View\View.php(224): include('C:\\xampp\\htdocs\\ems\\app\\Views\\sys\\content_e-Waste Generator.php')
 3 SYSTEMPATH\View\View.php(227): CodeIgniter\View\View->CodeIgniter\View\{closure}()
 4 SYSTEMPATH\Common.php(1176): CodeIgniter\View\View->render('sys/content_e-waste generator', [], true)
 5 APPPATH\Controllers\Sys.php(51): view('sys/content_e-waste generator', [...])
 6 SYSTEMPATH\CodeIgniter.php(932): App\Controllers\Sys->dashboard()
 7 SYSTEMPATH\CodeIgniter.php(497): CodeIgniter\CodeIgniter->runController(Object(App\Controllers\Sys))
 8 SYSTEMPATH\CodeIgniter.php(366): CodeIgniter\CodeIgniter->handleRequest(null, Object(Config\Cache), false)
 9 FCPATH\index.php(67): CodeIgniter\CodeIgniter->run()
CRITICAL - 2024-04-08 12:50:42 --> Undefined array key "rem_quantity"
in APPPATH\Views\sys\content_e-Waste Generator.php on line 131.
 1 APPPATH\Views\sys\content_e-Waste Generator.php(131): CodeIgniter\Debug\Exceptions->errorHandler(2, 'Undefined array key "rem_quantity"', 'C:\\xampp\\htdocs\\ems\\app\\Views\\sys\\content_e-Waste Generator.php', 131)
 2 SYSTEMPATH\View\View.php(224): include('C:\\xampp\\htdocs\\ems\\app\\Views\\sys\\content_e-Waste Generator.php')
 3 SYSTEMPATH\View\View.php(227): CodeIgniter\View\View->CodeIgniter\View\{closure}()
 4 SYSTEMPATH\Common.php(1176): CodeIgniter\View\View->render('sys/content_e-waste generator', [], true)
 5 APPPATH\Controllers\Sys.php(51): view('sys/content_e-waste generator', [...])
 6 SYSTEMPATH\CodeIgniter.php(932): App\Controllers\Sys->dashboard()
 7 SYSTEMPATH\CodeIgniter.php(497): CodeIgniter\CodeIgniter->runController(Object(App\Controllers\Sys))
 8 SYSTEMPATH\CodeIgniter.php(366): CodeIgniter\CodeIgniter->handleRequest(null, Object(Config\Cache), false)
 9 FCPATH\index.php(67): CodeIgniter\CodeIgniter->run()
CRITICAL - 2024-04-08 12:50:50 --> Undefined array key "rem_quantity"
in APPPATH\Views\sys\content_e-Waste Generator.php on line 131.
 1 APPPATH\Views\sys\content_e-Waste Generator.php(131): CodeIgniter\Debug\Exceptions->errorHandler(2, 'Undefined array key "rem_quantity"', 'C:\\xampp\\htdocs\\ems\\app\\Views\\sys\\content_e-Waste Generator.php', 131)
 2 SYSTEMPATH\View\View.php(224): include('C:\\xampp\\htdocs\\ems\\app\\Views\\sys\\content_e-Waste Generator.php')
 3 SYSTEMPATH\View\View.php(227): CodeIgniter\View\View->CodeIgniter\View\{closure}()
 4 SYSTEMPATH\Common.php(1176): CodeIgniter\View\View->render('sys/content_e-waste generator', [], true)
 5 APPPATH\Controllers\Sys.php(51): view('sys/content_e-waste generator', [...])
 6 SYSTEMPATH\CodeIgniter.php(932): App\Controllers\Sys->dashboard()
 7 SYSTEMPATH\CodeIgniter.php(497): CodeIgniter\CodeIgniter->runController(Object(App\Controllers\Sys))
 8 SYSTEMPATH\CodeIgniter.php(366): CodeIgniter\CodeIgniter->handleRequest(null, Object(Config\Cache), false)
 9 FCPATH\index.php(67): CodeIgniter\CodeIgniter->run()
CRITICAL - 2024-04-08 12:52:38 --> Undefined array key ""
in APPPATH\Views\sys\content_e-Waste Generator.php on line 131.
 1 APPPATH\Views\sys\content_e-Waste Generator.php(131): CodeIgniter\Debug\Exceptions->errorHandler(2, 'Undefined array key ""', 'C:\\xampp\\htdocs\\ems\\app\\Views\\sys\\content_e-Waste Generator.php', 131)
 2 SYSTEMPATH\View\View.php(224): include('C:\\xampp\\htdocs\\ems\\app\\Views\\sys\\content_e-Waste Generator.php')
 3 SYSTEMPATH\View\View.php(227): CodeIgniter\View\View->CodeIgniter\View\{closure}()
 4 SYSTEMPATH\Common.php(1176): CodeIgniter\View\View->render('sys/content_e-waste generator', [], true)
 5 APPPATH\Controllers\Sys.php(51): view('sys/content_e-waste generator', [...])
 6 SYSTEMPATH\CodeIgniter.php(932): App\Controllers\Sys->dashboard()
 7 SYSTEMPATH\CodeIgniter.php(497): CodeIgniter\CodeIgniter->runController(Object(App\Controllers\Sys))
 8 SYSTEMPATH\CodeIgniter.php(366): CodeIgniter\CodeIgniter->handleRequest(null, Object(Config\Cache), false)
 9 FCPATH\index.php(67): CodeIgniter\CodeIgniter->run()
CRITICAL - 2024-04-08 12:52:41 --> Undefined array key ""
in APPPATH\Views\sys\content_e-Waste Generator.php on line 131.
 1 APPPATH\Views\sys\content_e-Waste Generator.php(131): CodeIgniter\Debug\Exceptions->errorHandler(2, 'Undefined array key ""', 'C:\\xampp\\htdocs\\ems\\app\\Views\\sys\\content_e-Waste Generator.php', 131)
 2 SYSTEMPATH\View\View.php(224): include('C:\\xampp\\htdocs\\ems\\app\\Views\\sys\\content_e-Waste Generator.php')
 3 SYSTEMPATH\View\View.php(227): CodeIgniter\View\View->CodeIgniter\View\{closure}()
 4 SYSTEMPATH\Common.php(1176): CodeIgniter\View\View->render('sys/content_e-waste generator', [], true)
 5 APPPATH\Controllers\Sys.php(51): view('sys/content_e-waste generator', [...])
 6 SYSTEMPATH\CodeIgniter.php(932): App\Controllers\Sys->dashboard()
 7 SYSTEMPATH\CodeIgniter.php(497): CodeIgniter\CodeIgniter->runController(Object(App\Controllers\Sys))
 8 SYSTEMPATH\CodeIgniter.php(366): CodeIgniter\CodeIgniter->handleRequest(null, Object(Config\Cache), false)
 9 FCPATH\index.php(67): CodeIgniter\CodeIgniter->run()
CRITICAL - 2024-04-08 12:52:43 --> Undefined array key ""
in APPPATH\Views\sys\content_e-Waste Generator.php on line 131.
 1 APPPATH\Views\sys\content_e-Waste Generator.php(131): CodeIgniter\Debug\Exceptions->errorHandler(2, 'Undefined array key ""', 'C:\\xampp\\htdocs\\ems\\app\\Views\\sys\\content_e-Waste Generator.php', 131)
 2 SYSTEMPATH\View\View.php(224): include('C:\\xampp\\htdocs\\ems\\app\\Views\\sys\\content_e-Waste Generator.php')
 3 SYSTEMPATH\View\View.php(227): CodeIgniter\View\View->CodeIgniter\View\{closure}()
 4 SYSTEMPATH\Common.php(1176): CodeIgniter\View\View->render('sys/content_e-waste generator', [], true)
 5 APPPATH\Controllers\Sys.php(51): view('sys/content_e-waste generator', [...])
 6 SYSTEMPATH\CodeIgniter.php(932): App\Controllers\Sys->dashboard()
 7 SYSTEMPATH\CodeIgniter.php(497): CodeIgniter\CodeIgniter->runController(Object(App\Controllers\Sys))
 8 SYSTEMPATH\CodeIgniter.php(366): CodeIgniter\CodeIgniter->handleRequest(null, Object(Config\Cache), false)
 9 FCPATH\index.php(67): CodeIgniter\CodeIgniter->run()
CRITICAL - 2024-04-08 13:11:28 --> Undefined array key "rem_quantity"
in APPPATH\Views\sys\content_e-Waste Collector.php on line 61.
 1 APPPATH\Views\sys\content_e-Waste Collector.php(61): CodeIgniter\Debug\Exceptions->errorHandler(2, 'Undefined array key "rem_quantity"', 'C:\\xampp\\htdocs\\ems\\app\\Views\\sys\\content_e-Waste Collector.php', 61)
 2 SYSTEMPATH\View\View.php(224): include('C:\\xampp\\htdocs\\ems\\app\\Views\\sys\\content_e-Waste Collector.php')
 3 SYSTEMPATH\View\View.php(227): CodeIgniter\View\View->CodeIgniter\View\{closure}()
 4 SYSTEMPATH\Common.php(1176): CodeIgniter\View\View->render('sys/content_e-waste collector', [], true)
 5 APPPATH\Controllers\Sys.php(51): view('sys/content_e-waste collector', [...])
 6 SYSTEMPATH\CodeIgniter.php(932): App\Controllers\Sys->dashboard()
 7 SYSTEMPATH\CodeIgniter.php(497): CodeIgniter\CodeIgniter->runController(Object(App\Controllers\Sys))
 8 SYSTEMPATH\CodeIgniter.php(366): CodeIgniter\CodeIgniter->handleRequest(null, Object(Config\Cache), false)
 9 FCPATH\index.php(67): CodeIgniter\CodeIgniter->run()
CRITICAL - 2024-04-08 15:16:10 --> Undefined array key "rem_quantity"
in APPPATH\Views\sys\content_e-Waste Collector.php on line 61.
 1 APPPATH\Views\sys\content_e-Waste Collector.php(61): CodeIgniter\Debug\Exceptions->errorHandler(2, 'Undefined array key "rem_quantity"', 'C:\\xampp\\htdocs\\ems\\app\\Views\\sys\\content_e-Waste Collector.php', 61)
 2 SYSTEMPATH\View\View.php(224): include('C:\\xampp\\htdocs\\ems\\app\\Views\\sys\\content_e-Waste Collector.php')
 3 SYSTEMPATH\View\View.php(227): CodeIgniter\View\View->CodeIgniter\View\{closure}()
 4 SYSTEMPATH\Common.php(1176): CodeIgniter\View\View->render('sys/content_e-waste collector', [], true)
 5 APPPATH\Controllers\Sys.php(51): view('sys/content_e-waste collector', [...])
 6 SYSTEMPATH\CodeIgniter.php(932): App\Controllers\Sys->dashboard()
 7 SYSTEMPATH\CodeIgniter.php(497): CodeIgniter\CodeIgniter->runController(Object(App\Controllers\Sys))
 8 SYSTEMPATH\CodeIgniter.php(366): CodeIgniter\CodeIgniter->handleRequest(null, Object(Config\Cache), false)
 9 FCPATH\index.php(67): CodeIgniter\CodeIgniter->run()
CRITICAL - 2024-04-08 15:19:42 --> Undefined array key "rem_quantity"
in APPPATH\Views\sys\content_e-Waste Collector.php on line 71.
 1 APPPATH\Views\sys\content_e-Waste Collector.php(71): CodeIgniter\Debug\Exceptions->errorHandler(2, 'Undefined array key "rem_quantity"', 'C:\\xampp\\htdocs\\ems\\app\\Views\\sys\\content_e-Waste Collector.php', 71)
 2 SYSTEMPATH\View\View.php(224): include('C:\\xampp\\htdocs\\ems\\app\\Views\\sys\\content_e-Waste Collector.php')
 3 SYSTEMPATH\View\View.php(227): CodeIgniter\View\View->CodeIgniter\View\{closure}()
 4 SYSTEMPATH\Common.php(1176): CodeIgniter\View\View->render('sys/content_e-waste collector', [], true)
 5 APPPATH\Controllers\Sys.php(51): view('sys/content_e-waste collector', [...])
 6 SYSTEMPATH\CodeIgniter.php(932): App\Controllers\Sys->dashboard()
 7 SYSTEMPATH\CodeIgniter.php(497): CodeIgniter\CodeIgniter->runController(Object(App\Controllers\Sys))
 8 SYSTEMPATH\CodeIgniter.php(366): CodeIgniter\CodeIgniter->handleRequest(null, Object(Config\Cache), false)
 9 FCPATH\index.php(67): CodeIgniter\CodeIgniter->run()
CRITICAL - 2024-04-08 15:20:10 --> Undefined variable $canBid
in APPPATH\Views\sys\content_e-Waste Collector.php on line 96.
 1 APPPATH\Views\sys\content_e-Waste Collector.php(96): CodeIgniter\Debug\Exceptions->errorHandler(2, 'Undefined variable $canBid', 'C:\\xampp\\htdocs\\ems\\app\\Views\\sys\\content_e-Waste Collector.php', 96)
 2 SYSTEMPATH\View\View.php(224): include('C:\\xampp\\htdocs\\ems\\app\\Views\\sys\\content_e-Waste Collector.php')
 3 SYSTEMPATH\View\View.php(227): CodeIgniter\View\View->CodeIgniter\View\{closure}()
 4 SYSTEMPATH\Common.php(1176): CodeIgniter\View\View->render('sys/content_e-waste collector', [], true)
 5 APPPATH\Controllers\Sys.php(51): view('sys/content_e-waste collector', [...])
 6 SYSTEMPATH\CodeIgniter.php(932): App\Controllers\Sys->dashboard()
 7 SYSTEMPATH\CodeIgniter.php(497): CodeIgniter\CodeIgniter->runController(Object(App\Controllers\Sys))
 8 SYSTEMPATH\CodeIgniter.php(366): CodeIgniter\CodeIgniter->handleRequest(null, Object(Config\Cache), false)
 9 FCPATH\index.php(67): CodeIgniter\CodeIgniter->run()
CRITICAL - 2024-04-08 15:21:11 --> syntax error, unexpected token ";"
in APPPATH\Views\sys\content_e-Waste Collector.php on line 60.
 1 SYSTEMPATH\View\View.php(227): CodeIgniter\View\View->CodeIgniter\View\{closure}()
 2 SYSTEMPATH\Common.php(1176): CodeIgniter\View\View->render('sys/content_e-waste collector', [], true)
 3 APPPATH\Controllers\Sys.php(51): view('sys/content_e-waste collector', [...])
 4 SYSTEMPATH\CodeIgniter.php(932): App\Controllers\Sys->dashboard()
 5 SYSTEMPATH\CodeIgniter.php(497): CodeIgniter\CodeIgniter->runController(Object(App\Controllers\Sys))
 6 SYSTEMPATH\CodeIgniter.php(366): CodeIgniter\CodeIgniter->handleRequest(null, Object(Config\Cache), false)
 7 FCPATH\index.php(67): CodeIgniter\CodeIgniter->run()
CRITICAL - 2024-04-08 15:22:25 --> Undefined array key ""
in APPPATH\Views\sys\content_e-Waste Collector.php on line 60.
 1 APPPATH\Views\sys\content_e-Waste Collector.php(60): CodeIgniter\Debug\Exceptions->errorHandler(2, 'Undefined array key ""', 'C:\\xampp\\htdocs\\ems\\app\\Views\\sys\\content_e-Waste Collector.php', 60)
 2 SYSTEMPATH\View\View.php(224): include('C:\\xampp\\htdocs\\ems\\app\\Views\\sys\\content_e-Waste Collector.php')
 3 SYSTEMPATH\View\View.php(227): CodeIgniter\View\View->CodeIgniter\View\{closure}()
 4 SYSTEMPATH\Common.php(1176): CodeIgniter\View\View->render('sys/content_e-waste collector', [], true)
 5 APPPATH\Controllers\Sys.php(51): view('sys/content_e-waste collector', [...])
 6 SYSTEMPATH\CodeIgniter.php(932): App\Controllers\Sys->dashboard()
 7 SYSTEMPATH\CodeIgniter.php(497): CodeIgniter\CodeIgniter->runController(Object(App\Controllers\Sys))
 8 SYSTEMPATH\CodeIgniter.php(366): CodeIgniter\CodeIgniter->handleRequest(null, Object(Config\Cache), false)
 9 FCPATH\index.php(67): CodeIgniter\CodeIgniter->run()
CRITICAL - 2024-04-08 15:25:02 --> Undefined array key "rem_quantity"
in APPPATH\Views\sys\bidding_form.php on line 140.
 1 APPPATH\Views\sys\bidding_form.php(140): CodeIgniter\Debug\Exceptions->errorHandler(2, 'Undefined array key "rem_quantity"', 'C:\\xampp\\htdocs\\ems\\app\\Views\\sys\\bidding_form.php', 140)
 2 SYSTEMPATH\View\View.php(224): include('C:\\xampp\\htdocs\\ems\\app\\Views\\sys\\bidding_form.php')
 3 SYSTEMPATH\View\View.php(227): CodeIgniter\View\View->CodeIgniter\View\{closure}()
 4 SYSTEMPATH\Common.php(1176): CodeIgniter\View\View->render('sys/bidding_form', [], true)
 5 APPPATH\Controllers\Sys.php(308): view('sys/bidding_form', [...])
 6 SYSTEMPATH\CodeIgniter.php(932): App\Controllers\Sys->displayBiddingForm('12')
 7 SYSTEMPATH\CodeIgniter.php(497): CodeIgniter\CodeIgniter->runController(Object(App\Controllers\Sys))
 8 SYSTEMPATH\CodeIgniter.php(366): CodeIgniter\CodeIgniter->handleRequest(null, Object(Config\Cache), false)
 9 FCPATH\index.php(67): CodeIgniter\CodeIgniter->run()
CRITICAL - 2024-04-08 16:16:17 --> Undefined array key "rem_quantity"
in APPPATH\Views\sys\detailed_view_ewg.php on line 44.
 1 APPPATH\Views\sys\detailed_view_ewg.php(44): CodeIgniter\Debug\Exceptions->errorHandler(2, 'Undefined array key "rem_quantity"', 'C:\\xampp\\htdocs\\ems\\app\\Views\\sys\\detailed_view_ewg.php', 44)
 2 SYSTEMPATH\View\View.php(224): include('C:\\xampp\\htdocs\\ems\\app\\Views\\sys\\detailed_view_ewg.php')
 3 SYSTEMPATH\View\View.php(227): CodeIgniter\View\View->CodeIgniter\View\{closure}()
 4 SYSTEMPATH\Common.php(1176): CodeIgniter\View\View->render('sys/detailed_view_ewg', [], true)
 5 APPPATH\Controllers\Sys.php(257): view('sys/detailed_view_ewg', [...])
 6 SYSTEMPATH\CodeIgniter.php(932): App\Controllers\Sys->detailedViewEwg('24')
 7 SYSTEMPATH\CodeIgniter.php(497): CodeIgniter\CodeIgniter->runController(Object(App\Controllers\Sys))
 8 SYSTEMPATH\CodeIgniter.php(366): CodeIgniter\CodeIgniter->handleRequest(null, Object(Config\Cache), false)
 9 FCPATH\index.php(67): CodeIgniter\CodeIgniter->run()
CRITICAL - 2024-04-08 16:57:20 --> syntax error, unexpected token ","
in APPPATH\Views\sys\content_e-Waste Collector.php on line 70.
 1 SYSTEMPATH\View\View.php(227): CodeIgniter\View\View->CodeIgniter\View\{closure}()
 2 SYSTEMPATH\Common.php(1176): CodeIgniter\View\View->render('sys/content_e-waste collector', [], true)
 3 APPPATH\Controllers\Sys.php(51): view('sys/content_e-waste collector', [...])
 4 SYSTEMPATH\CodeIgniter.php(932): App\Controllers\Sys->dashboard()
 5 SYSTEMPATH\CodeIgniter.php(497): CodeIgniter\CodeIgniter->runController(Object(App\Controllers\Sys))
 6 SYSTEMPATH\CodeIgniter.php(366): CodeIgniter\CodeIgniter->handleRequest(null, Object(Config\Cache), false)
 7 FCPATH\index.php(67): CodeIgniter\CodeIgniter->run()
CRITICAL - 2024-04-08 16:57:33 --> syntax error, unexpected token ","
in APPPATH\Views\sys\content_e-Waste Collector.php on line 70.
 1 SYSTEMPATH\View\View.php(227): CodeIgniter\View\View->CodeIgniter\View\{closure}()
 2 SYSTEMPATH\Common.php(1176): CodeIgniter\View\View->render('sys/content_e-waste collector', [], true)
 3 APPPATH\Controllers\Sys.php(51): view('sys/content_e-waste collector', [...])
 4 SYSTEMPATH\CodeIgniter.php(932): App\Controllers\Sys->dashboard()
 5 SYSTEMPATH\CodeIgniter.php(497): CodeIgniter\CodeIgniter->runController(Object(App\Controllers\Sys))
 6 SYSTEMPATH\CodeIgniter.php(366): CodeIgniter\CodeIgniter->handleRequest(null, Object(Config\Cache), false)
 7 FCPATH\index.php(67): CodeIgniter\CodeIgniter->run()
CRITICAL - 2024-04-08 17:51:28 --> Undefined array key "bid_status_c"
in APPPATH\Views\sys\content_e-Waste Collector.php on line 60.
 1 APPPATH\Views\sys\content_e-Waste Collector.php(60): CodeIgniter\Debug\Exceptions->errorHandler(2, 'Undefined array key "bid_status_c"', 'C:\\xampp\\htdocs\\ems\\app\\Views\\sys\\content_e-Waste Collector.php', 60)
 2 SYSTEMPATH\View\View.php(224): include('C:\\xampp\\htdocs\\ems\\app\\Views\\sys\\content_e-Waste Collector.php')
 3 SYSTEMPATH\View\View.php(227): CodeIgniter\View\View->CodeIgniter\View\{closure}()
 4 SYSTEMPATH\Common.php(1176): CodeIgniter\View\View->render('sys/content_e-waste collector', [], true)
 5 APPPATH\Controllers\Sys.php(51): view('sys/content_e-waste collector', [...])
 6 SYSTEMPATH\CodeIgniter.php(932): App\Controllers\Sys->dashboard()
 7 SYSTEMPATH\CodeIgniter.php(497): CodeIgniter\CodeIgniter->runController(Object(App\Controllers\Sys))
 8 SYSTEMPATH\CodeIgniter.php(366): CodeIgniter\CodeIgniter->handleRequest(null, Object(Config\Cache), false)
 9 FCPATH\index.php(67): CodeIgniter\CodeIgniter->run()
CRITICAL - 2024-04-08 17:56:36 --> Undefined array key "bid_status_c"
in APPPATH\Views\sys\content_e-Waste Collector.php on line 60.
 1 APPPATH\Views\sys\content_e-Waste Collector.php(60): CodeIgniter\Debug\Exceptions->errorHandler(2, 'Undefined array key "bid_status_c"', 'C:\\xampp\\htdocs\\ems\\app\\Views\\sys\\content_e-Waste Collector.php', 60)
 2 SYSTEMPATH\View\View.php(224): include('C:\\xampp\\htdocs\\ems\\app\\Views\\sys\\content_e-Waste Collector.php')
 3 SYSTEMPATH\View\View.php(227): CodeIgniter\View\View->CodeIgniter\View\{closure}()
 4 SYSTEMPATH\Common.php(1176): CodeIgniter\View\View->render('sys/content_e-waste collector', [], true)
 5 APPPATH\Controllers\Sys.php(51): view('sys/content_e-waste collector', [...])
 6 SYSTEMPATH\CodeIgniter.php(932): App\Controllers\Sys->dashboard()
 7 SYSTEMPATH\CodeIgniter.php(497): CodeIgniter\CodeIgniter->runController(Object(App\Controllers\Sys))
 8 SYSTEMPATH\CodeIgniter.php(366): CodeIgniter\CodeIgniter->handleRequest(null, Object(Config\Cache), false)
 9 FCPATH\index.php(67): CodeIgniter\CodeIgniter->run()
CRITICAL - 2024-04-08 17:59:02 --> Undefined array key "bid_status_c"
in APPPATH\Views\sys\content_e-Waste Collector.php on line 75.
 1 APPPATH\Views\sys\content_e-Waste Collector.php(75): CodeIgniter\Debug\Exceptions->errorHandler(2, 'Undefined array key "bid_status_c"', 'C:\\xampp\\htdocs\\ems\\app\\Views\\sys\\content_e-Waste Collector.php', 75)
 2 SYSTEMPATH\View\View.php(224): include('C:\\xampp\\htdocs\\ems\\app\\Views\\sys\\content_e-Waste Collector.php')
 3 SYSTEMPATH\View\View.php(227): CodeIgniter\View\View->CodeIgniter\View\{closure}()
 4 SYSTEMPATH\Common.php(1176): CodeIgniter\View\View->render('sys/content_e-waste collector', [], true)
 5 APPPATH\Controllers\Sys.php(51): view('sys/content_e-waste collector', [...])
 6 SYSTEMPATH\CodeIgniter.php(932): App\Controllers\Sys->dashboard()
 7 SYSTEMPATH\CodeIgniter.php(497): CodeIgniter\CodeIgniter->runController(Object(App\Controllers\Sys))
 8 SYSTEMPATH\CodeIgniter.php(366): CodeIgniter\CodeIgniter->handleRequest(null, Object(Config\Cache), false)
 9 FCPATH\index.php(67): CodeIgniter\CodeIgniter->run()
CRITICAL - 2024-04-08 18:02:13 --> Undefined array key "bid_status_c"
in APPPATH\Views\sys\content_e-Waste Collector.php on line 75.
 1 APPPATH\Views\sys\content_e-Waste Collector.php(75): CodeIgniter\Debug\Exceptions->errorHandler(2, 'Undefined array key "bid_status_c"', 'C:\\xampp\\htdocs\\ems\\app\\Views\\sys\\content_e-Waste Collector.php', 75)
 2 SYSTEMPATH\View\View.php(224): include('C:\\xampp\\htdocs\\ems\\app\\Views\\sys\\content_e-Waste Collector.php')
 3 SYSTEMPATH\View\View.php(227): CodeIgniter\View\View->CodeIgniter\View\{closure}()
 4 SYSTEMPATH\Common.php(1176): CodeIgniter\View\View->render('sys/content_e-waste collector', [], true)
 5 APPPATH\Controllers\Sys.php(51): view('sys/content_e-waste collector', [...])
 6 SYSTEMPATH\CodeIgniter.php(932): App\Controllers\Sys->dashboard()
 7 SYSTEMPATH\CodeIgniter.php(497): CodeIgniter\CodeIgniter->runController(Object(App\Controllers\Sys))
 8 SYSTEMPATH\CodeIgniter.php(366): CodeIgniter\CodeIgniter->handleRequest(null, Object(Config\Cache), false)
 9 FCPATH\index.php(67): CodeIgniter\CodeIgniter->run()
CRITICAL - 2024-04-08 18:02:15 --> Undefined array key "bid_status_c"
in APPPATH\Views\sys\content_e-Waste Collector.php on line 75.
 1 APPPATH\Views\sys\content_e-Waste Collector.php(75): CodeIgniter\Debug\Exceptions->errorHandler(2, 'Undefined array key "bid_status_c"', 'C:\\xampp\\htdocs\\ems\\app\\Views\\sys\\content_e-Waste Collector.php', 75)
 2 SYSTEMPATH\View\View.php(224): include('C:\\xampp\\htdocs\\ems\\app\\Views\\sys\\content_e-Waste Collector.php')
 3 SYSTEMPATH\View\View.php(227): CodeIgniter\View\View->CodeIgniter\View\{closure}()
 4 SYSTEMPATH\Common.php(1176): CodeIgniter\View\View->render('sys/content_e-waste collector', [], true)
 5 APPPATH\Controllers\Sys.php(51): view('sys/content_e-waste collector', [...])
 6 SYSTEMPATH\CodeIgniter.php(932): App\Controllers\Sys->dashboard()
 7 SYSTEMPATH\CodeIgniter.php(497): CodeIgniter\CodeIgniter->runController(Object(App\Controllers\Sys))
 8 SYSTEMPATH\CodeIgniter.php(366): CodeIgniter\CodeIgniter->handleRequest(null, Object(Config\Cache), false)
 9 FCPATH\index.php(67): CodeIgniter\CodeIgniter->run()
CRITICAL - 2024-04-08 18:02:16 --> Undefined array key "bid_status_c"
in APPPATH\Views\sys\content_e-Waste Collector.php on line 75.
 1 APPPATH\Views\sys\content_e-Waste Collector.php(75): CodeIgniter\Debug\Exceptions->errorHandler(2, 'Undefined array key "bid_status_c"', 'C:\\xampp\\htdocs\\ems\\app\\Views\\sys\\content_e-Waste Collector.php', 75)
 2 SYSTEMPATH\View\View.php(224): include('C:\\xampp\\htdocs\\ems\\app\\Views\\sys\\content_e-Waste Collector.php')
 3 SYSTEMPATH\View\View.php(227): CodeIgniter\View\View->CodeIgniter\View\{closure}()
 4 SYSTEMPATH\Common.php(1176): CodeIgniter\View\View->render('sys/content_e-waste collector', [], true)
 5 APPPATH\Controllers\Sys.php(51): view('sys/content_e-waste collector', [...])
 6 SYSTEMPATH\CodeIgniter.php(932): App\Controllers\Sys->dashboard()
 7 SYSTEMPATH\CodeIgniter.php(497): CodeIgniter\CodeIgniter->runController(Object(App\Controllers\Sys))
 8 SYSTEMPATH\CodeIgniter.php(366): CodeIgniter\CodeIgniter->handleRequest(null, Object(Config\Cache), false)
 9 FCPATH\index.php(67): CodeIgniter\CodeIgniter->run()
CRITICAL - 2024-04-08 18:18:49 --> Undefined array key "rem_quantity"
in APPPATH\Views\sys\detailed_view_ewc.php on line 37.
 1 APPPATH\Views\sys\detailed_view_ewc.php(37): CodeIgniter\Debug\Exceptions->errorHandler(2, 'Undefined array key "rem_quantity"', 'C:\\xampp\\htdocs\\ems\\app\\Views\\sys\\detailed_view_ewc.php', 37)
 2 SYSTEMPATH\View\View.php(224): include('C:\\xampp\\htdocs\\ems\\app\\Views\\sys\\detailed_view_ewc.php')
 3 SYSTEMPATH\View\View.php(227): CodeIgniter\View\View->CodeIgniter\View\{closure}()
 4 SYSTEMPATH\Common.php(1176): CodeIgniter\View\View->render('sys/detailed_view_ewc', [], true)
 5 APPPATH\Controllers\Sys.php(292): view('sys/detailed_view_ewc', [...])
 6 SYSTEMPATH\CodeIgniter.php(932): App\Controllers\Sys->detailedViewEwc('24')
 7 SYSTEMPATH\CodeIgniter.php(497): CodeIgniter\CodeIgniter->runController(Object(App\Controllers\Sys))
 8 SYSTEMPATH\CodeIgniter.php(366): CodeIgniter\CodeIgniter->handleRequest(null, Object(Config\Cache), false)
 9 FCPATH\index.php(67): CodeIgniter\CodeIgniter->run()
