CRITICAL - 2024-03-17 06:10:45 --> Undefined variable $userType
in APPPATH\Controllers\Sys.php on line 295.
 1 APPPATH\Controllers\Sys.php(295): CodeIgniter\Debug\Exceptions->errorHandler(2, 'Undefined variable $userType', 'C:\\xampp\\htdocs\\ewms\\app\\Controllers\\Sys.php', 295)
 2 SYSTEMPATH\CodeIgniter.php(932): App\Controllers\Sys->submitEwaste()
 3 SYSTEMPATH\CodeIgniter.php(497): CodeIgniter\CodeIgniter->runController(Object(App\Controllers\Sys))
 4 SYSTEMPATH\CodeIgniter.php(366): CodeIgniter\CodeIgniter->handleRequest(null, Object(Config\Cache), false)
 5 FCPATH\index.php(67): CodeIgniter\CodeIgniter->run()
CRITICAL - 2024-03-17 06:16:56 --> Undefined variable $free
in APPPATH\Views\sys\bidding_form.php on line 47.
 1 APPPATH\Views\sys\bidding_form.php(47): CodeIgniter\Debug\Exceptions->errorHandler(2, 'Undefined variable $free', 'C:\\xampp\\htdocs\\ewms\\app\\Views\\sys\\bidding_form.php', 47)
 2 SYSTEMPATH\View\View.php(224): include('C:\\xampp\\htdocs\\ewms\\app\\Views\\sys\\bidding_form.php')
 3 SYSTEMPATH\View\View.php(227): CodeIgniter\View\View->CodeIgniter\View\{closure}()
 4 SYSTEMPATH\Common.php(1176): CodeIgniter\View\View->render('sys/bidding_form', [], true)
 5 APPPATH\Controllers\Sys.php(296): view('sys/bidding_form', [])
 6 SYSTEMPATH\CodeIgniter.php(932): App\Controllers\Sys->submitEwaste()
 7 SYSTEMPATH\CodeIgniter.php(497): CodeIgniter\CodeIgniter->runController(Object(App\Controllers\Sys))
 8 SYSTEMPATH\CodeIgniter.php(366): CodeIgniter\CodeIgniter->handleRequest(null, Object(Config\Cache), false)
 9 FCPATH\index.php(67): CodeIgniter\CodeIgniter->run()
CRITICAL - 2024-03-17 06:18:59 --> Trying to access array offset on value of type null
in APPPATH\Views\sys\bidding_form.php on line 125.
 1 APPPATH\Views\sys\bidding_form.php(125): CodeIgniter\Debug\Exceptions->errorHandler(2, 'Trying to access array offset on value of type null', 'C:\\xampp\\htdocs\\ewms\\app\\Views\\sys\\bidding_form.php', 125)
 2 SYSTEMPATH\View\View.php(224): include('C:\\xampp\\htdocs\\ewms\\app\\Views\\sys\\bidding_form.php')
 3 SYSTEMPATH\View\View.php(227): CodeIgniter\View\View->CodeIgniter\View\{closure}()
 4 SYSTEMPATH\Common.php(1176): CodeIgniter\View\View->render('sys/bidding_form', [], true)
 5 APPPATH\Controllers\Sys.php(347): view('sys/bidding_form', [...])
 6 SYSTEMPATH\CodeIgniter.php(932): App\Controllers\Sys->displayBiddingForm('assets', 'img', 'messages-1.jpg')
 7 SYSTEMPATH\CodeIgniter.php(497): CodeIgniter\CodeIgniter->runController(Object(App\Controllers\Sys))
 8 SYSTEMPATH\CodeIgniter.php(366): CodeIgniter\CodeIgniter->handleRequest(null, Object(Config\Cache), false)
 9 FCPATH\index.php(67): CodeIgniter\CodeIgniter->run()
CRITICAL - 2024-03-17 06:18:59 --> Trying to access array offset on value of type null
in APPPATH\Views\sys\bidding_form.php on line 125.
 1 APPPATH\Views\sys\bidding_form.php(125): CodeIgniter\Debug\Exceptions->errorHandler(2, 'Trying to access array offset on value of type null', 'C:\\xampp\\htdocs\\ewms\\app\\Views\\sys\\bidding_form.php', 125)
 2 SYSTEMPATH\View\View.php(224): include('C:\\xampp\\htdocs\\ewms\\app\\Views\\sys\\bidding_form.php')
 3 SYSTEMPATH\View\View.php(227): CodeIgniter\View\View->CodeIgniter\View\{closure}()
 4 SYSTEMPATH\Common.php(1176): CodeIgniter\View\View->render('sys/bidding_form', [], true)
 5 APPPATH\Controllers\Sys.php(347): view('sys/bidding_form', [...])
 6 SYSTEMPATH\CodeIgniter.php(932): App\Controllers\Sys->displayBiddingForm('assets', 'img', 'messages-2.jpg')
 7 SYSTEMPATH\CodeIgniter.php(497): CodeIgniter\CodeIgniter->runController(Object(App\Controllers\Sys))
 8 SYSTEMPATH\CodeIgniter.php(366): CodeIgniter\CodeIgniter->handleRequest(null, Object(Config\Cache), false)
 9 FCPATH\index.php(67): CodeIgniter\CodeIgniter->run()
CRITICAL - 2024-03-17 06:18:59 --> Trying to access array offset on value of type null
in APPPATH\Views\sys\bidding_form.php on line 125.
 1 APPPATH\Views\sys\bidding_form.php(125): CodeIgniter\Debug\Exceptions->errorHandler(2, 'Trying to access array offset on value of type null', 'C:\\xampp\\htdocs\\ewms\\app\\Views\\sys\\bidding_form.php', 125)
 2 SYSTEMPATH\View\View.php(224): include('C:\\xampp\\htdocs\\ewms\\app\\Views\\sys\\bidding_form.php')
 3 SYSTEMPATH\View\View.php(227): CodeIgniter\View\View->CodeIgniter\View\{closure}()
 4 SYSTEMPATH\Common.php(1176): CodeIgniter\View\View->render('sys/bidding_form', [], true)
 5 APPPATH\Controllers\Sys.php(347): view('sys/bidding_form', [...])
 6 SYSTEMPATH\CodeIgniter.php(932): App\Controllers\Sys->displayBiddingForm('assets', 'img', 'messages-3.jpg')
 7 SYSTEMPATH\CodeIgniter.php(497): CodeIgniter\CodeIgniter->runController(Object(App\Controllers\Sys))
 8 SYSTEMPATH\CodeIgniter.php(366): CodeIgniter\CodeIgniter->handleRequest(null, Object(Config\Cache), false)
 9 FCPATH\index.php(67): CodeIgniter\CodeIgniter->run()
CRITICAL - 2024-03-17 06:26:43 --> Trying to access array offset on value of type null
in APPPATH\Views\sys\detailed_view_ewg.php on line 28.
 1 APPPATH\Views\sys\detailed_view_ewg.php(28): CodeIgniter\Debug\Exceptions->errorHandler(2, 'Trying to access array offset on value of type null', 'C:\\xampp\\htdocs\\ewms\\app\\Views\\sys\\detailed_view_ewg.php', 28)
 2 SYSTEMPATH\View\View.php(224): include('C:\\xampp\\htdocs\\ewms\\app\\Views\\sys\\detailed_view_ewg.php')
 3 SYSTEMPATH\View\View.php(227): CodeIgniter\View\View->CodeIgniter\View\{closure}()
 4 SYSTEMPATH\Common.php(1176): CodeIgniter\View\View->render('sys/detailed_view_ewg', [], true)
 5 APPPATH\Controllers\Sys.php(316): view('sys/detailed_view_ewg', [...])
 6 SYSTEMPATH\CodeIgniter.php(932): App\Controllers\Sys->detailedViewEwg('assets', 'img', 'messages-2.jpg')
 7 SYSTEMPATH\CodeIgniter.php(497): CodeIgniter\CodeIgniter->runController(Object(App\Controllers\Sys))
 8 SYSTEMPATH\CodeIgniter.php(366): CodeIgniter\CodeIgniter->handleRequest(null, Object(Config\Cache), false)
 9 FCPATH\index.php(67): CodeIgniter\CodeIgniter->run()
CRITICAL - 2024-03-17 06:26:43 --> Trying to access array offset on value of type null
in APPPATH\Views\sys\detailed_view_ewg.php on line 28.
 1 APPPATH\Views\sys\detailed_view_ewg.php(28): CodeIgniter\Debug\Exceptions->errorHandler(2, 'Trying to access array offset on value of type null', 'C:\\xampp\\htdocs\\ewms\\app\\Views\\sys\\detailed_view_ewg.php', 28)
 2 SYSTEMPATH\View\View.php(224): include('C:\\xampp\\htdocs\\ewms\\app\\Views\\sys\\detailed_view_ewg.php')
 3 SYSTEMPATH\View\View.php(227): CodeIgniter\View\View->CodeIgniter\View\{closure}()
 4 SYSTEMPATH\Common.php(1176): CodeIgniter\View\View->render('sys/detailed_view_ewg', [], true)
 5 APPPATH\Controllers\Sys.php(316): view('sys/detailed_view_ewg', [...])
 6 SYSTEMPATH\CodeIgniter.php(932): App\Controllers\Sys->detailedViewEwg('assets', 'img', 'messages-1.jpg')
 7 SYSTEMPATH\CodeIgniter.php(497): CodeIgniter\CodeIgniter->runController(Object(App\Controllers\Sys))
 8 SYSTEMPATH\CodeIgniter.php(366): CodeIgniter\CodeIgniter->handleRequest(null, Object(Config\Cache), false)
 9 FCPATH\index.php(67): CodeIgniter\CodeIgniter->run()
CRITICAL - 2024-03-17 06:26:43 --> Trying to access array offset on value of type null
in APPPATH\Views\sys\detailed_view_ewg.php on line 28.
 1 APPPATH\Views\sys\detailed_view_ewg.php(28): CodeIgniter\Debug\Exceptions->errorHandler(2, 'Trying to access array offset on value of type null', 'C:\\xampp\\htdocs\\ewms\\app\\Views\\sys\\detailed_view_ewg.php', 28)
 2 SYSTEMPATH\View\View.php(224): include('C:\\xampp\\htdocs\\ewms\\app\\Views\\sys\\detailed_view_ewg.php')
 3 SYSTEMPATH\View\View.php(227): CodeIgniter\View\View->CodeIgniter\View\{closure}()
 4 SYSTEMPATH\Common.php(1176): CodeIgniter\View\View->render('sys/detailed_view_ewg', [], true)
 5 APPPATH\Controllers\Sys.php(316): view('sys/detailed_view_ewg', [...])
 6 SYSTEMPATH\CodeIgniter.php(932): App\Controllers\Sys->detailedViewEwg('assets', 'img', 'messages-3.jpg')
 7 SYSTEMPATH\CodeIgniter.php(497): CodeIgniter\CodeIgniter->runController(Object(App\Controllers\Sys))
 8 SYSTEMPATH\CodeIgniter.php(366): CodeIgniter\CodeIgniter->handleRequest(null, Object(Config\Cache), false)
 9 FCPATH\index.php(67): CodeIgniter\CodeIgniter->run()
CRITICAL - 2024-03-17 06:26:46 --> Trying to access array offset on value of type null
in APPPATH\Views\sys\edit_listing.php on line 41.
 1 APPPATH\Views\sys\edit_listing.php(41): CodeIgniter\Debug\Exceptions->errorHandler(2, 'Trying to access array offset on value of type null', 'C:\\xampp\\htdocs\\ewms\\app\\Views\\sys\\edit_listing.php', 41)
 2 SYSTEMPATH\View\View.php(224): include('C:\\xampp\\htdocs\\ewms\\app\\Views\\sys\\edit_listing.php')
 3 SYSTEMPATH\View\View.php(227): CodeIgniter\View\View->CodeIgniter\View\{closure}()
 4 SYSTEMPATH\Common.php(1176): CodeIgniter\View\View->render('sys/edit_listing', [], true)
 5 APPPATH\Controllers\Sys.php(761): view('sys/edit_listing', [...])
 6 SYSTEMPATH\CodeIgniter.php(932): App\Controllers\Sys->editListing('assets', 'img', 'messages-2.jpg')
 7 SYSTEMPATH\CodeIgniter.php(497): CodeIgniter\CodeIgniter->runController(Object(App\Controllers\Sys))
 8 SYSTEMPATH\CodeIgniter.php(366): CodeIgniter\CodeIgniter->handleRequest(null, Object(Config\Cache), false)
 9 FCPATH\index.php(67): CodeIgniter\CodeIgniter->run()
CRITICAL - 2024-03-17 06:26:46 --> Trying to access array offset on value of type null
in APPPATH\Views\sys\edit_listing.php on line 41.
 1 APPPATH\Views\sys\edit_listing.php(41): CodeIgniter\Debug\Exceptions->errorHandler(2, 'Trying to access array offset on value of type null', 'C:\\xampp\\htdocs\\ewms\\app\\Views\\sys\\edit_listing.php', 41)
 2 SYSTEMPATH\View\View.php(224): include('C:\\xampp\\htdocs\\ewms\\app\\Views\\sys\\edit_listing.php')
 3 SYSTEMPATH\View\View.php(227): CodeIgniter\View\View->CodeIgniter\View\{closure}()
 4 SYSTEMPATH\Common.php(1176): CodeIgniter\View\View->render('sys/edit_listing', [], true)
 5 APPPATH\Controllers\Sys.php(761): view('sys/edit_listing', [...])
 6 SYSTEMPATH\CodeIgniter.php(932): App\Controllers\Sys->editListing('assets', 'img', 'messages-1.jpg')
 7 SYSTEMPATH\CodeIgniter.php(497): CodeIgniter\CodeIgniter->runController(Object(App\Controllers\Sys))
 8 SYSTEMPATH\CodeIgniter.php(366): CodeIgniter\CodeIgniter->handleRequest(null, Object(Config\Cache), false)
 9 FCPATH\index.php(67): CodeIgniter\CodeIgniter->run()
CRITICAL - 2024-03-17 06:26:46 --> Trying to access array offset on value of type null
in APPPATH\Views\sys\edit_listing.php on line 41.
 1 APPPATH\Views\sys\edit_listing.php(41): CodeIgniter\Debug\Exceptions->errorHandler(2, 'Trying to access array offset on value of type null', 'C:\\xampp\\htdocs\\ewms\\app\\Views\\sys\\edit_listing.php', 41)
 2 SYSTEMPATH\View\View.php(224): include('C:\\xampp\\htdocs\\ewms\\app\\Views\\sys\\edit_listing.php')
 3 SYSTEMPATH\View\View.php(227): CodeIgniter\View\View->CodeIgniter\View\{closure}()
 4 SYSTEMPATH\Common.php(1176): CodeIgniter\View\View->render('sys/edit_listing', [], true)
 5 APPPATH\Controllers\Sys.php(761): view('sys/edit_listing', [...])
 6 SYSTEMPATH\CodeIgniter.php(932): App\Controllers\Sys->editListing('assets', 'img', 'messages-3.jpg')
 7 SYSTEMPATH\CodeIgniter.php(497): CodeIgniter\CodeIgniter->runController(Object(App\Controllers\Sys))
 8 SYSTEMPATH\CodeIgniter.php(366): CodeIgniter\CodeIgniter->handleRequest(null, Object(Config\Cache), false)
 9 FCPATH\index.php(67): CodeIgniter\CodeIgniter->run()
CRITICAL - 2024-03-17 06:26:49 --> Trying to access array offset on value of type null
in APPPATH\Views\sys\detailed_view_ewg.php on line 28.
 1 APPPATH\Views\sys\detailed_view_ewg.php(28): CodeIgniter\Debug\Exceptions->errorHandler(2, 'Trying to access array offset on value of type null', 'C:\\xampp\\htdocs\\ewms\\app\\Views\\sys\\detailed_view_ewg.php', 28)
 2 SYSTEMPATH\View\View.php(224): include('C:\\xampp\\htdocs\\ewms\\app\\Views\\sys\\detailed_view_ewg.php')
 3 SYSTEMPATH\View\View.php(227): CodeIgniter\View\View->CodeIgniter\View\{closure}()
 4 SYSTEMPATH\Common.php(1176): CodeIgniter\View\View->render('sys/detailed_view_ewg', [], true)
 5 APPPATH\Controllers\Sys.php(316): view('sys/detailed_view_ewg', [...])
 6 SYSTEMPATH\CodeIgniter.php(932): App\Controllers\Sys->detailedViewEwg('assets', 'img', 'messages-1.jpg')
 7 SYSTEMPATH\CodeIgniter.php(497): CodeIgniter\CodeIgniter->runController(Object(App\Controllers\Sys))
 8 SYSTEMPATH\CodeIgniter.php(366): CodeIgniter\CodeIgniter->handleRequest(null, Object(Config\Cache), false)
 9 FCPATH\index.php(67): CodeIgniter\CodeIgniter->run()
CRITICAL - 2024-03-17 06:26:49 --> Trying to access array offset on value of type null
in APPPATH\Views\sys\detailed_view_ewg.php on line 28.
 1 APPPATH\Views\sys\detailed_view_ewg.php(28): CodeIgniter\Debug\Exceptions->errorHandler(2, 'Trying to access array offset on value of type null', 'C:\\xampp\\htdocs\\ewms\\app\\Views\\sys\\detailed_view_ewg.php', 28)
 2 SYSTEMPATH\View\View.php(224): include('C:\\xampp\\htdocs\\ewms\\app\\Views\\sys\\detailed_view_ewg.php')
 3 SYSTEMPATH\View\View.php(227): CodeIgniter\View\View->CodeIgniter\View\{closure}()
 4 SYSTEMPATH\Common.php(1176): CodeIgniter\View\View->render('sys/detailed_view_ewg', [], true)
 5 APPPATH\Controllers\Sys.php(316): view('sys/detailed_view_ewg', [...])
 6 SYSTEMPATH\CodeIgniter.php(932): App\Controllers\Sys->detailedViewEwg('assets', 'img', 'messages-2.jpg')
 7 SYSTEMPATH\CodeIgniter.php(497): CodeIgniter\CodeIgniter->runController(Object(App\Controllers\Sys))
 8 SYSTEMPATH\CodeIgniter.php(366): CodeIgniter\CodeIgniter->handleRequest(null, Object(Config\Cache), false)
 9 FCPATH\index.php(67): CodeIgniter\CodeIgniter->run()
CRITICAL - 2024-03-17 06:26:49 --> Trying to access array offset on value of type null
in APPPATH\Views\sys\detailed_view_ewg.php on line 28.
 1 APPPATH\Views\sys\detailed_view_ewg.php(28): CodeIgniter\Debug\Exceptions->errorHandler(2, 'Trying to access array offset on value of type null', 'C:\\xampp\\htdocs\\ewms\\app\\Views\\sys\\detailed_view_ewg.php', 28)
 2 SYSTEMPATH\View\View.php(224): include('C:\\xampp\\htdocs\\ewms\\app\\Views\\sys\\detailed_view_ewg.php')
 3 SYSTEMPATH\View\View.php(227): CodeIgniter\View\View->CodeIgniter\View\{closure}()
 4 SYSTEMPATH\Common.php(1176): CodeIgniter\View\View->render('sys/detailed_view_ewg', [], true)
 5 APPPATH\Controllers\Sys.php(316): view('sys/detailed_view_ewg', [...])
 6 SYSTEMPATH\CodeIgniter.php(932): App\Controllers\Sys->detailedViewEwg('assets', 'img', 'messages-3.jpg')
 7 SYSTEMPATH\CodeIgniter.php(497): CodeIgniter\CodeIgniter->runController(Object(App\Controllers\Sys))
 8 SYSTEMPATH\CodeIgniter.php(366): CodeIgniter\CodeIgniter->handleRequest(null, Object(Config\Cache), false)
 9 FCPATH\index.php(67): CodeIgniter\CodeIgniter->run()
CRITICAL - 2024-03-17 06:26:57 --> Trying to access array offset on value of type null
in APPPATH\Views\sys\detailed_view_ewg.php on line 28.
 1 APPPATH\Views\sys\detailed_view_ewg.php(28): CodeIgniter\Debug\Exceptions->errorHandler(2, 'Trying to access array offset on value of type null', 'C:\\xampp\\htdocs\\ewms\\app\\Views\\sys\\detailed_view_ewg.php', 28)
 2 SYSTEMPATH\View\View.php(224): include('C:\\xampp\\htdocs\\ewms\\app\\Views\\sys\\detailed_view_ewg.php')
 3 SYSTEMPATH\View\View.php(227): CodeIgniter\View\View->CodeIgniter\View\{closure}()
 4 SYSTEMPATH\Common.php(1176): CodeIgniter\View\View->render('sys/detailed_view_ewg', [], true)
 5 APPPATH\Controllers\Sys.php(316): view('sys/detailed_view_ewg', [...])
 6 SYSTEMPATH\CodeIgniter.php(932): App\Controllers\Sys->detailedViewEwg('assets', 'img', 'messages-1.jpg')
 7 SYSTEMPATH\CodeIgniter.php(497): CodeIgniter\CodeIgniter->runController(Object(App\Controllers\Sys))
 8 SYSTEMPATH\CodeIgniter.php(366): CodeIgniter\CodeIgniter->handleRequest(null, Object(Config\Cache), false)
 9 FCPATH\index.php(67): CodeIgniter\CodeIgniter->run()
CRITICAL - 2024-03-17 06:26:57 --> Trying to access array offset on value of type null
in APPPATH\Views\sys\detailed_view_ewg.php on line 28.
 1 APPPATH\Views\sys\detailed_view_ewg.php(28): CodeIgniter\Debug\Exceptions->errorHandler(2, 'Trying to access array offset on value of type null', 'C:\\xampp\\htdocs\\ewms\\app\\Views\\sys\\detailed_view_ewg.php', 28)
 2 SYSTEMPATH\View\View.php(224): include('C:\\xampp\\htdocs\\ewms\\app\\Views\\sys\\detailed_view_ewg.php')
 3 SYSTEMPATH\View\View.php(227): CodeIgniter\View\View->CodeIgniter\View\{closure}()
 4 SYSTEMPATH\Common.php(1176): CodeIgniter\View\View->render('sys/detailed_view_ewg', [], true)
 5 APPPATH\Controllers\Sys.php(316): view('sys/detailed_view_ewg', [...])
 6 SYSTEMPATH\CodeIgniter.php(932): App\Controllers\Sys->detailedViewEwg('assets', 'img', 'messages-2.jpg')
 7 SYSTEMPATH\CodeIgniter.php(497): CodeIgniter\CodeIgniter->runController(Object(App\Controllers\Sys))
 8 SYSTEMPATH\CodeIgniter.php(366): CodeIgniter\CodeIgniter->handleRequest(null, Object(Config\Cache), false)
 9 FCPATH\index.php(67): CodeIgniter\CodeIgniter->run()
CRITICAL - 2024-03-17 06:26:57 --> Trying to access array offset on value of type null
in APPPATH\Views\sys\detailed_view_ewg.php on line 28.
 1 APPPATH\Views\sys\detailed_view_ewg.php(28): CodeIgniter\Debug\Exceptions->errorHandler(2, 'Trying to access array offset on value of type null', 'C:\\xampp\\htdocs\\ewms\\app\\Views\\sys\\detailed_view_ewg.php', 28)
 2 SYSTEMPATH\View\View.php(224): include('C:\\xampp\\htdocs\\ewms\\app\\Views\\sys\\detailed_view_ewg.php')
 3 SYSTEMPATH\View\View.php(227): CodeIgniter\View\View->CodeIgniter\View\{closure}()
 4 SYSTEMPATH\Common.php(1176): CodeIgniter\View\View->render('sys/detailed_view_ewg', [], true)
 5 APPPATH\Controllers\Sys.php(316): view('sys/detailed_view_ewg', [...])
 6 SYSTEMPATH\CodeIgniter.php(932): App\Controllers\Sys->detailedViewEwg('assets', 'img', 'messages-3.jpg')
 7 SYSTEMPATH\CodeIgniter.php(497): CodeIgniter\CodeIgniter->runController(Object(App\Controllers\Sys))
 8 SYSTEMPATH\CodeIgniter.php(366): CodeIgniter\CodeIgniter->handleRequest(null, Object(Config\Cache), false)
 9 FCPATH\index.php(67): CodeIgniter\CodeIgniter->run()
CRITICAL - 2024-03-17 07:55:12 --> Trying to access array offset on value of type null
in APPPATH\Views\sys\bidding_form.php on line 125.
 1 APPPATH\Views\sys\bidding_form.php(125): CodeIgniter\Debug\Exceptions->errorHandler(2, 'Trying to access array offset on value of type null', 'C:\\xampp\\htdocs\\ewms\\app\\Views\\sys\\bidding_form.php', 125)
 2 SYSTEMPATH\View\View.php(224): include('C:\\xampp\\htdocs\\ewms\\app\\Views\\sys\\bidding_form.php')
 3 SYSTEMPATH\View\View.php(227): CodeIgniter\View\View->CodeIgniter\View\{closure}()
 4 SYSTEMPATH\Common.php(1176): CodeIgniter\View\View->render('sys/bidding_form', [], true)
 5 APPPATH\Controllers\Sys.php(343): view('sys/bidding_form', [...])
 6 SYSTEMPATH\CodeIgniter.php(932): App\Controllers\Sys->displayBiddingForm('assets', 'img', 'messages-2.jpg')
 7 SYSTEMPATH\CodeIgniter.php(497): CodeIgniter\CodeIgniter->runController(Object(App\Controllers\Sys))
 8 SYSTEMPATH\CodeIgniter.php(366): CodeIgniter\CodeIgniter->handleRequest(null, Object(Config\Cache), false)
 9 FCPATH\index.php(67): CodeIgniter\CodeIgniter->run()
CRITICAL - 2024-03-17 07:55:12 --> Trying to access array offset on value of type null
in APPPATH\Views\sys\bidding_form.php on line 125.
 1 APPPATH\Views\sys\bidding_form.php(125): CodeIgniter\Debug\Exceptions->errorHandler(2, 'Trying to access array offset on value of type null', 'C:\\xampp\\htdocs\\ewms\\app\\Views\\sys\\bidding_form.php', 125)
 2 SYSTEMPATH\View\View.php(224): include('C:\\xampp\\htdocs\\ewms\\app\\Views\\sys\\bidding_form.php')
 3 SYSTEMPATH\View\View.php(227): CodeIgniter\View\View->CodeIgniter\View\{closure}()
 4 SYSTEMPATH\Common.php(1176): CodeIgniter\View\View->render('sys/bidding_form', [], true)
 5 APPPATH\Controllers\Sys.php(343): view('sys/bidding_form', [...])
 6 SYSTEMPATH\CodeIgniter.php(932): App\Controllers\Sys->displayBiddingForm('assets', 'img', 'messages-1.jpg')
 7 SYSTEMPATH\CodeIgniter.php(497): CodeIgniter\CodeIgniter->runController(Object(App\Controllers\Sys))
 8 SYSTEMPATH\CodeIgniter.php(366): CodeIgniter\CodeIgniter->handleRequest(null, Object(Config\Cache), false)
 9 FCPATH\index.php(67): CodeIgniter\CodeIgniter->run()
CRITICAL - 2024-03-17 07:55:12 --> Trying to access array offset on value of type null
in APPPATH\Views\sys\bidding_form.php on line 125.
 1 APPPATH\Views\sys\bidding_form.php(125): CodeIgniter\Debug\Exceptions->errorHandler(2, 'Trying to access array offset on value of type null', 'C:\\xampp\\htdocs\\ewms\\app\\Views\\sys\\bidding_form.php', 125)
 2 SYSTEMPATH\View\View.php(224): include('C:\\xampp\\htdocs\\ewms\\app\\Views\\sys\\bidding_form.php')
 3 SYSTEMPATH\View\View.php(227): CodeIgniter\View\View->CodeIgniter\View\{closure}()
 4 SYSTEMPATH\Common.php(1176): CodeIgniter\View\View->render('sys/bidding_form', [], true)
 5 APPPATH\Controllers\Sys.php(343): view('sys/bidding_form', [...])
 6 SYSTEMPATH\CodeIgniter.php(932): App\Controllers\Sys->displayBiddingForm('assets', 'img', 'messages-3.jpg')
 7 SYSTEMPATH\CodeIgniter.php(497): CodeIgniter\CodeIgniter->runController(Object(App\Controllers\Sys))
 8 SYSTEMPATH\CodeIgniter.php(366): CodeIgniter\CodeIgniter->handleRequest(null, Object(Config\Cache), false)
 9 FCPATH\index.php(67): CodeIgniter\CodeIgniter->run()
CRITICAL - 2024-03-17 07:55:16 --> Trying to access array offset on value of type null
in APPPATH\Views\sys\bidding_form.php on line 125.
 1 APPPATH\Views\sys\bidding_form.php(125): CodeIgniter\Debug\Exceptions->errorHandler(2, 'Trying to access array offset on value of type null', 'C:\\xampp\\htdocs\\ewms\\app\\Views\\sys\\bidding_form.php', 125)
 2 SYSTEMPATH\View\View.php(224): include('C:\\xampp\\htdocs\\ewms\\app\\Views\\sys\\bidding_form.php')
 3 SYSTEMPATH\View\View.php(227): CodeIgniter\View\View->CodeIgniter\View\{closure}()
 4 SYSTEMPATH\Common.php(1176): CodeIgniter\View\View->render('sys/bidding_form', [], true)
 5 APPPATH\Controllers\Sys.php(343): view('sys/bidding_form', [...])
 6 SYSTEMPATH\CodeIgniter.php(932): App\Controllers\Sys->displayBiddingForm('assets', 'img', 'messages-1.jpg')
 7 SYSTEMPATH\CodeIgniter.php(497): CodeIgniter\CodeIgniter->runController(Object(App\Controllers\Sys))
 8 SYSTEMPATH\CodeIgniter.php(366): CodeIgniter\CodeIgniter->handleRequest(null, Object(Config\Cache), false)
 9 FCPATH\index.php(67): CodeIgniter\CodeIgniter->run()
CRITICAL - 2024-03-17 07:55:16 --> Trying to access array offset on value of type null
in APPPATH\Views\sys\bidding_form.php on line 125.
 1 APPPATH\Views\sys\bidding_form.php(125): CodeIgniter\Debug\Exceptions->errorHandler(2, 'Trying to access array offset on value of type null', 'C:\\xampp\\htdocs\\ewms\\app\\Views\\sys\\bidding_form.php', 125)
 2 SYSTEMPATH\View\View.php(224): include('C:\\xampp\\htdocs\\ewms\\app\\Views\\sys\\bidding_form.php')
 3 SYSTEMPATH\View\View.php(227): CodeIgniter\View\View->CodeIgniter\View\{closure}()
 4 SYSTEMPATH\Common.php(1176): CodeIgniter\View\View->render('sys/bidding_form', [], true)
 5 APPPATH\Controllers\Sys.php(343): view('sys/bidding_form', [...])
 6 SYSTEMPATH\CodeIgniter.php(932): App\Controllers\Sys->displayBiddingForm('assets', 'img', 'messages-2.jpg')
 7 SYSTEMPATH\CodeIgniter.php(497): CodeIgniter\CodeIgniter->runController(Object(App\Controllers\Sys))
 8 SYSTEMPATH\CodeIgniter.php(366): CodeIgniter\CodeIgniter->handleRequest(null, Object(Config\Cache), false)
 9 FCPATH\index.php(67): CodeIgniter\CodeIgniter->run()
CRITICAL - 2024-03-17 07:55:16 --> Trying to access array offset on value of type null
in APPPATH\Views\sys\bidding_form.php on line 125.
 1 APPPATH\Views\sys\bidding_form.php(125): CodeIgniter\Debug\Exceptions->errorHandler(2, 'Trying to access array offset on value of type null', 'C:\\xampp\\htdocs\\ewms\\app\\Views\\sys\\bidding_form.php', 125)
 2 SYSTEMPATH\View\View.php(224): include('C:\\xampp\\htdocs\\ewms\\app\\Views\\sys\\bidding_form.php')
 3 SYSTEMPATH\View\View.php(227): CodeIgniter\View\View->CodeIgniter\View\{closure}()
 4 SYSTEMPATH\Common.php(1176): CodeIgniter\View\View->render('sys/bidding_form', [], true)
 5 APPPATH\Controllers\Sys.php(343): view('sys/bidding_form', [...])
 6 SYSTEMPATH\CodeIgniter.php(932): App\Controllers\Sys->displayBiddingForm('assets', 'img', 'messages-3.jpg')
 7 SYSTEMPATH\CodeIgniter.php(497): CodeIgniter\CodeIgniter->runController(Object(App\Controllers\Sys))
 8 SYSTEMPATH\CodeIgniter.php(366): CodeIgniter\CodeIgniter->handleRequest(null, Object(Config\Cache), false)
 9 FCPATH\index.php(67): CodeIgniter\CodeIgniter->run()
CRITICAL - 2024-03-17 08:33:56 --> Undefined variable $user_type
in APPPATH\Controllers\Sys.php on line 831.
 1 APPPATH\Controllers\Sys.php(831): CodeIgniter\Debug\Exceptions->errorHandler(2, 'Undefined variable $user_type', 'C:\\xampp\\htdocs\\ewms\\app\\Controllers\\Sys.php', 831)
 2 SYSTEMPATH\CodeIgniter.php(932): App\Controllers\Sys->view_reports()
 3 SYSTEMPATH\CodeIgniter.php(497): CodeIgniter\CodeIgniter->runController(Object(App\Controllers\Sys))
 4 SYSTEMPATH\CodeIgniter.php(366): CodeIgniter\CodeIgniter->handleRequest(null, Object(Config\Cache), false)
 5 FCPATH\index.php(67): CodeIgniter\CodeIgniter->run()
CRITICAL - 2024-03-17 08:34:09 --> Undefined variable $user_type
in APPPATH\Controllers\Sys.php on line 831.
 1 APPPATH\Controllers\Sys.php(831): CodeIgniter\Debug\Exceptions->errorHandler(2, 'Undefined variable $user_type', 'C:\\xampp\\htdocs\\ewms\\app\\Controllers\\Sys.php', 831)
 2 SYSTEMPATH\CodeIgniter.php(932): App\Controllers\Sys->view_reports()
 3 SYSTEMPATH\CodeIgniter.php(497): CodeIgniter\CodeIgniter->runController(Object(App\Controllers\Sys))
 4 SYSTEMPATH\CodeIgniter.php(366): CodeIgniter\CodeIgniter->handleRequest(null, Object(Config\Cache), false)
 5 FCPATH\index.php(67): CodeIgniter\CodeIgniter->run()
CRITICAL - 2024-03-17 08:34:38 --> Invalid file: "sys/reports_e-waste generator.php"
in SYSTEMPATH\Exceptions\FrameworkException.php on line 33.
 1 SYSTEMPATH\View\View.php(212): CodeIgniter\Exceptions\FrameworkException::forInvalidFile('sys/reports_e-waste generator.php')
 2 SYSTEMPATH\Common.php(1176): CodeIgniter\View\View->render('sys/reports_e-waste generator', [], true)
 3 APPPATH\Controllers\Sys.php(832): view('sys/reports_e-waste generator')
 4 SYSTEMPATH\CodeIgniter.php(932): App\Controllers\Sys->view_reports()
 5 SYSTEMPATH\CodeIgniter.php(497): CodeIgniter\CodeIgniter->runController(Object(App\Controllers\Sys))
 6 SYSTEMPATH\CodeIgniter.php(366): CodeIgniter\CodeIgniter->handleRequest(null, Object(Config\Cache), false)
 7 FCPATH\index.php(67): CodeIgniter\CodeIgniter->run()
CRITICAL - 2024-03-17 08:35:59 --> Invalid file: "sys/view_reports.php"
in SYSTEMPATH\Exceptions\FrameworkException.php on line 33.
 1 SYSTEMPATH\View\View.php(212): CodeIgniter\Exceptions\FrameworkException::forInvalidFile('sys/view_reports.php')
 2 SYSTEMPATH\Common.php(1176): CodeIgniter\View\View->render('sys/view_reports', [], true)
 3 APPPATH\Controllers\Sys.php(832): view('sys/view_reports')
 4 SYSTEMPATH\CodeIgniter.php(932): App\Controllers\Sys->view_reports()
 5 SYSTEMPATH\CodeIgniter.php(497): CodeIgniter\CodeIgniter->runController(Object(App\Controllers\Sys))
 6 SYSTEMPATH\CodeIgniter.php(366): CodeIgniter\CodeIgniter->handleRequest(null, Object(Config\Cache), false)
 7 FCPATH\index.php(67): CodeIgniter\CodeIgniter->run()
CRITICAL - 2024-03-17 08:36:04 --> Invalid file: "sys/view_reports.php"
in SYSTEMPATH\Exceptions\FrameworkException.php on line 33.
 1 SYSTEMPATH\View\View.php(212): CodeIgniter\Exceptions\FrameworkException::forInvalidFile('sys/view_reports.php')
 2 SYSTEMPATH\Common.php(1176): CodeIgniter\View\View->render('sys/view_reports', [], true)
 3 APPPATH\Controllers\Sys.php(832): view('sys/view_reports')
 4 SYSTEMPATH\CodeIgniter.php(932): App\Controllers\Sys->view_reports()
 5 SYSTEMPATH\CodeIgniter.php(497): CodeIgniter\CodeIgniter->runController(Object(App\Controllers\Sys))
 6 SYSTEMPATH\CodeIgniter.php(366): CodeIgniter\CodeIgniter->handleRequest(null, Object(Config\Cache), false)
 7 FCPATH\index.php(67): CodeIgniter\CodeIgniter->run()
CRITICAL - 2024-03-17 08:40:01 --> Invalid file: "sys/reports_e-waste generator.php"
in SYSTEMPATH\Exceptions\FrameworkException.php on line 33.
 1 SYSTEMPATH\View\View.php(212): CodeIgniter\Exceptions\FrameworkException::forInvalidFile('sys/reports_e-waste generator.php')
 2 SYSTEMPATH\Common.php(1176): CodeIgniter\View\View->render('sys/reports_e-waste generator', [], true)
 3 APPPATH\Controllers\Sys.php(833): view('sys/reports_e-waste generator')
 4 SYSTEMPATH\CodeIgniter.php(932): App\Controllers\Sys->view_reports()
 5 SYSTEMPATH\CodeIgniter.php(497): CodeIgniter\CodeIgniter->runController(Object(App\Controllers\Sys))
 6 SYSTEMPATH\CodeIgniter.php(366): CodeIgniter\CodeIgniter->handleRequest(null, Object(Config\Cache), false)
 7 FCPATH\index.php(67): CodeIgniter\CodeIgniter->run()
CRITICAL - 2024-03-17 10:46:23 --> Undefined variable $data
in APPPATH\Controllers\Sys.php on line 853.
 1 APPPATH\Controllers\Sys.php(853): CodeIgniter\Debug\Exceptions->errorHandler(2, 'Undefined variable $data', 'C:\\xampp\\htdocs\\ewms\\app\\Controllers\\Sys.php', 853)
 2 SYSTEMPATH\CodeIgniter.php(932): App\Controllers\Sys->monthly_listings()
 3 SYSTEMPATH\CodeIgniter.php(497): CodeIgniter\CodeIgniter->runController(Object(App\Controllers\Sys))
 4 SYSTEMPATH\CodeIgniter.php(366): CodeIgniter\CodeIgniter->handleRequest(null, Object(Config\Cache), false)
 5 FCPATH\index.php(67): CodeIgniter\CodeIgniter->run()
CRITICAL - 2024-03-17 13:11:34 --> Invalid file: "sys/menu_.php"
in SYSTEMPATH\Exceptions\FrameworkException.php on line 33.
 1 SYSTEMPATH\View\View.php(212): CodeIgniter\Exceptions\FrameworkException::forInvalidFile('sys/menu_.php')
 2 SYSTEMPATH\Common.php(1176): CodeIgniter\View\View->render('sys/menu_', [], true)
 3 APPPATH\Controllers\Sys.php(831): view('sys/menu_')
 4 SYSTEMPATH\CodeIgniter.php(932): App\Controllers\Sys->view_reports()
 5 SYSTEMPATH\CodeIgniter.php(497): CodeIgniter\CodeIgniter->runController(Object(App\Controllers\Sys))
 6 SYSTEMPATH\CodeIgniter.php(366): CodeIgniter\CodeIgniter->handleRequest(null, Object(Config\Cache), false)
 7 FCPATH\index.php(67): CodeIgniter\CodeIgniter->run()
CRITICAL - 2024-03-17 14:43:13 --> Undefined variable $months
in APPPATH\Views\sys\ewg_monthy_listings.php on line 14.
 1 APPPATH\Views\sys\ewg_monthy_listings.php(14): CodeIgniter\Debug\Exceptions->errorHandler(2, 'Undefined variable $months', 'C:\\xampp\\htdocs\\ewms\\app\\Views\\sys\\ewg_monthy_listings.php', 14)
 2 SYSTEMPATH\View\View.php(224): include('C:\\xampp\\htdocs\\ewms\\app\\Views\\sys\\ewg_monthy_listings.php')
 3 SYSTEMPATH\View\View.php(227): CodeIgniter\View\View->CodeIgniter\View\{closure}()
 4 SYSTEMPATH\Common.php(1176): CodeIgniter\View\View->render('sys/ewg_monthy_listings', [], true)
 5 APPPATH\Controllers\Sys.php(855): view('sys/ewg_monthy_listings', [...])
 6 SYSTEMPATH\CodeIgniter.php(932): App\Controllers\Sys->monthly_listings()
 7 SYSTEMPATH\CodeIgniter.php(497): CodeIgniter\CodeIgniter->runController(Object(App\Controllers\Sys))
 8 SYSTEMPATH\CodeIgniter.php(366): CodeIgniter\CodeIgniter->handleRequest(null, Object(Config\Cache), false)
 9 FCPATH\index.php(67): CodeIgniter\CodeIgniter->run()
CRITICAL - 2024-03-17 14:43:28 --> Undefined variable $months
in APPPATH\Views\sys\ewg_monthy_listings.php on line 14.
 1 APPPATH\Views\sys\ewg_monthy_listings.php(14): CodeIgniter\Debug\Exceptions->errorHandler(2, 'Undefined variable $months', 'C:\\xampp\\htdocs\\ewms\\app\\Views\\sys\\ewg_monthy_listings.php', 14)
 2 SYSTEMPATH\View\View.php(224): include('C:\\xampp\\htdocs\\ewms\\app\\Views\\sys\\ewg_monthy_listings.php')
 3 SYSTEMPATH\View\View.php(227): CodeIgniter\View\View->CodeIgniter\View\{closure}()
 4 SYSTEMPATH\Common.php(1176): CodeIgniter\View\View->render('sys/ewg_monthy_listings', [], true)
 5 APPPATH\Controllers\Sys.php(855): view('sys/ewg_monthy_listings', [...])
 6 SYSTEMPATH\CodeIgniter.php(932): App\Controllers\Sys->monthly_listings()
 7 SYSTEMPATH\CodeIgniter.php(497): CodeIgniter\CodeIgniter->runController(Object(App\Controllers\Sys))
 8 SYSTEMPATH\CodeIgniter.php(366): CodeIgniter\CodeIgniter->handleRequest(null, Object(Config\Cache), false)
 9 FCPATH\index.php(67): CodeIgniter\CodeIgniter->run()
CRITICAL - 2024-03-17 14:50:45 --> Undefined variable $months
in APPPATH\Views\sys\ewg_monthy_listings.php on line 14.
 1 APPPATH\Views\sys\ewg_monthy_listings.php(14): CodeIgniter\Debug\Exceptions->errorHandler(2, 'Undefined variable $months', 'C:\\xampp\\htdocs\\ewms\\app\\Views\\sys\\ewg_monthy_listings.php', 14)
 2 SYSTEMPATH\View\View.php(224): include('C:\\xampp\\htdocs\\ewms\\app\\Views\\sys\\ewg_monthy_listings.php')
 3 SYSTEMPATH\View\View.php(227): CodeIgniter\View\View->CodeIgniter\View\{closure}()
 4 SYSTEMPATH\Common.php(1176): CodeIgniter\View\View->render('sys/ewg_monthy_listings', [], true)
 5 APPPATH\Controllers\Sys.php(856): view('sys/ewg_monthy_listings', [...])
 6 SYSTEMPATH\CodeIgniter.php(932): App\Controllers\Sys->monthly_listings()
 7 SYSTEMPATH\CodeIgniter.php(497): CodeIgniter\CodeIgniter->runController(Object(App\Controllers\Sys))
 8 SYSTEMPATH\CodeIgniter.php(366): CodeIgniter\CodeIgniter->handleRequest(null, Object(Config\Cache), false)
 9 FCPATH\index.php(67): CodeIgniter\CodeIgniter->run()
CRITICAL - 2024-03-17 14:54:44 --> Undefined variable $months
in APPPATH\Views\sys\ewg_monthy_listings.php on line 7.
 1 APPPATH\Views\sys\ewg_monthy_listings.php(7): CodeIgniter\Debug\Exceptions->errorHandler(2, 'Undefined variable $months', 'C:\\xampp\\htdocs\\ewms\\app\\Views\\sys\\ewg_monthy_listings.php', 7)
 2 SYSTEMPATH\View\View.php(224): include('C:\\xampp\\htdocs\\ewms\\app\\Views\\sys\\ewg_monthy_listings.php')
 3 SYSTEMPATH\View\View.php(227): CodeIgniter\View\View->CodeIgniter\View\{closure}()
 4 SYSTEMPATH\Common.php(1176): CodeIgniter\View\View->render('sys/ewg_monthy_listings', [], true)
 5 APPPATH\Controllers\Sys.php(856): view('sys/ewg_monthy_listings', [...])
 6 SYSTEMPATH\CodeIgniter.php(932): App\Controllers\Sys->monthly_listings()
 7 SYSTEMPATH\CodeIgniter.php(497): CodeIgniter\CodeIgniter->runController(Object(App\Controllers\Sys))
 8 SYSTEMPATH\CodeIgniter.php(366): CodeIgniter\CodeIgniter->handleRequest(null, Object(Config\Cache), false)
 9 FCPATH\index.php(67): CodeIgniter\CodeIgniter->run()
CRITICAL - 2024-03-17 14:57:38 --> Undefined array key "03"
in APPPATH\Views\sys\ewg_monthy_listings.php on line 12.
 1 APPPATH\Views\sys\ewg_monthy_listings.php(12): CodeIgniter\Debug\Exceptions->errorHandler(2, 'Undefined array key "03"', 'C:\\xampp\\htdocs\\ewms\\app\\Views\\sys\\ewg_monthy_listings.php', 12)
 2 SYSTEMPATH\View\View.php(224): include('C:\\xampp\\htdocs\\ewms\\app\\Views\\sys\\ewg_monthy_listings.php')
 3 SYSTEMPATH\View\View.php(227): CodeIgniter\View\View->CodeIgniter\View\{closure}()
 4 SYSTEMPATH\Common.php(1176): CodeIgniter\View\View->render('sys/ewg_monthy_listings', [], true)
 5 APPPATH\Controllers\Sys.php(856): view('sys/ewg_monthy_listings', [...])
 6 SYSTEMPATH\CodeIgniter.php(932): App\Controllers\Sys->monthly_listings()
 7 SYSTEMPATH\CodeIgniter.php(497): CodeIgniter\CodeIgniter->runController(Object(App\Controllers\Sys))
 8 SYSTEMPATH\CodeIgniter.php(366): CodeIgniter\CodeIgniter->handleRequest(null, Object(Config\Cache), false)
 9 FCPATH\index.php(67): CodeIgniter\CodeIgniter->run()
CRITICAL - 2024-03-17 14:57:43 --> Undefined array key "03"
in APPPATH\Views\sys\ewg_monthy_listings.php on line 12.
 1 APPPATH\Views\sys\ewg_monthy_listings.php(12): CodeIgniter\Debug\Exceptions->errorHandler(2, 'Undefined array key "03"', 'C:\\xampp\\htdocs\\ewms\\app\\Views\\sys\\ewg_monthy_listings.php', 12)
 2 SYSTEMPATH\View\View.php(224): include('C:\\xampp\\htdocs\\ewms\\app\\Views\\sys\\ewg_monthy_listings.php')
 3 SYSTEMPATH\View\View.php(227): CodeIgniter\View\View->CodeIgniter\View\{closure}()
 4 SYSTEMPATH\Common.php(1176): CodeIgniter\View\View->render('sys/ewg_monthy_listings', [], true)
 5 APPPATH\Controllers\Sys.php(856): view('sys/ewg_monthy_listings', [...])
 6 SYSTEMPATH\CodeIgniter.php(932): App\Controllers\Sys->monthly_listings()
 7 SYSTEMPATH\CodeIgniter.php(497): CodeIgniter\CodeIgniter->runController(Object(App\Controllers\Sys))
 8 SYSTEMPATH\CodeIgniter.php(366): CodeIgniter\CodeIgniter->handleRequest(null, Object(Config\Cache), false)
 9 FCPATH\index.php(67): CodeIgniter\CodeIgniter->run()
CRITICAL - 2024-03-17 14:59:56 --> Undefined variable $currentYear
in APPPATH\Views\sys\ewg_monthy_listings.php on line 36.
 1 APPPATH\Views\sys\ewg_monthy_listings.php(36): CodeIgniter\Debug\Exceptions->errorHandler(2, 'Undefined variable $currentYear', 'C:\\xampp\\htdocs\\ewms\\app\\Views\\sys\\ewg_monthy_listings.php', 36)
 2 SYSTEMPATH\View\View.php(224): include('C:\\xampp\\htdocs\\ewms\\app\\Views\\sys\\ewg_monthy_listings.php')
 3 SYSTEMPATH\View\View.php(227): CodeIgniter\View\View->CodeIgniter\View\{closure}()
 4 SYSTEMPATH\Common.php(1176): CodeIgniter\View\View->render('sys/ewg_monthy_listings', [], true)
 5 APPPATH\Controllers\Sys.php(856): view('sys/ewg_monthy_listings', [...])
 6 SYSTEMPATH\CodeIgniter.php(932): App\Controllers\Sys->monthly_listings()
 7 SYSTEMPATH\CodeIgniter.php(497): CodeIgniter\CodeIgniter->runController(Object(App\Controllers\Sys))
 8 SYSTEMPATH\CodeIgniter.php(366): CodeIgniter\CodeIgniter->handleRequest(null, Object(Config\Cache), false)
 9 FCPATH\index.php(67): CodeIgniter\CodeIgniter->run()
CRITICAL - 2024-03-17 17:50:52 --> Undefined variable $monthName
in APPPATH\Views\sys\ewg_bid_analysis_summary.php on line 7.
 1 APPPATH\Views\sys\ewg_bid_analysis_summary.php(7): CodeIgniter\Debug\Exceptions->errorHandler(2, 'Undefined variable $monthName', 'C:\\xampp\\htdocs\\ewms\\app\\Views\\sys\\ewg_bid_analysis_summary.php', 7)
 2 SYSTEMPATH\View\View.php(224): include('C:\\xampp\\htdocs\\ewms\\app\\Views\\sys\\ewg_bid_analysis_summary.php')
 3 SYSTEMPATH\View\View.php(227): CodeIgniter\View\View->CodeIgniter\View\{closure}()
 4 SYSTEMPATH\Common.php(1176): CodeIgniter\View\View->render('sys/ewg_bid_analysis_summary', [], true)
 5 APPPATH\Controllers\Sys.php(868): view('sys/ewg_bid_analysis_summary')
 6 SYSTEMPATH\CodeIgniter.php(932): App\Controllers\Sys->bid_analysis_summary()
 7 SYSTEMPATH\CodeIgniter.php(497): CodeIgniter\CodeIgniter->runController(Object(App\Controllers\Sys))
 8 SYSTEMPATH\CodeIgniter.php(366): CodeIgniter\CodeIgniter->handleRequest(null, Object(Config\Cache), false)
 9 FCPATH\index.php(67): CodeIgniter\CodeIgniter->run()
CRITICAL - 2024-03-17 17:52:41 --> Undefined variable $monthName
in APPPATH\Views\sys\ewg_bid_analysis_summary.php on line 7.
 1 APPPATH\Views\sys\ewg_bid_analysis_summary.php(7): CodeIgniter\Debug\Exceptions->errorHandler(2, 'Undefined variable $monthName', 'C:\\xampp\\htdocs\\ewms\\app\\Views\\sys\\ewg_bid_analysis_summary.php', 7)
 2 SYSTEMPATH\View\View.php(224): include('C:\\xampp\\htdocs\\ewms\\app\\Views\\sys\\ewg_bid_analysis_summary.php')
 3 SYSTEMPATH\View\View.php(227): CodeIgniter\View\View->CodeIgniter\View\{closure}()
 4 SYSTEMPATH\Common.php(1176): CodeIgniter\View\View->render('sys/ewg_bid_analysis_summary', [], true)
 5 APPPATH\Controllers\Sys.php(877): view('sys/ewg_bid_analysis_summary', [...])
 6 SYSTEMPATH\CodeIgniter.php(932): App\Controllers\Sys->bid_analysis_summary()
 7 SYSTEMPATH\CodeIgniter.php(497): CodeIgniter\CodeIgniter->runController(Object(App\Controllers\Sys))
 8 SYSTEMPATH\CodeIgniter.php(366): CodeIgniter\CodeIgniter->handleRequest(null, Object(Config\Cache), false)
 9 FCPATH\index.php(67): CodeIgniter\CodeIgniter->run()
CRITICAL - 2024-03-17 17:52:42 --> Undefined variable $monthName
in APPPATH\Views\sys\ewg_bid_analysis_summary.php on line 7.
 1 APPPATH\Views\sys\ewg_bid_analysis_summary.php(7): CodeIgniter\Debug\Exceptions->errorHandler(2, 'Undefined variable $monthName', 'C:\\xampp\\htdocs\\ewms\\app\\Views\\sys\\ewg_bid_analysis_summary.php', 7)
 2 SYSTEMPATH\View\View.php(224): include('C:\\xampp\\htdocs\\ewms\\app\\Views\\sys\\ewg_bid_analysis_summary.php')
 3 SYSTEMPATH\View\View.php(227): CodeIgniter\View\View->CodeIgniter\View\{closure}()
 4 SYSTEMPATH\Common.php(1176): CodeIgniter\View\View->render('sys/ewg_bid_analysis_summary', [], true)
 5 APPPATH\Controllers\Sys.php(877): view('sys/ewg_bid_analysis_summary', [...])
 6 SYSTEMPATH\CodeIgniter.php(932): App\Controllers\Sys->bid_analysis_summary()
 7 SYSTEMPATH\CodeIgniter.php(497): CodeIgniter\CodeIgniter->runController(Object(App\Controllers\Sys))
 8 SYSTEMPATH\CodeIgniter.php(366): CodeIgniter\CodeIgniter->handleRequest(null, Object(Config\Cache), false)
 9 FCPATH\index.php(67): CodeIgniter\CodeIgniter->run()
CRITICAL - 2024-03-17 17:53:58 --> Undefined variable $monthName
in APPPATH\Views\sys\ewg_bid_analysis_summary.php on line 7.
 1 APPPATH\Views\sys\ewg_bid_analysis_summary.php(7): CodeIgniter\Debug\Exceptions->errorHandler(2, 'Undefined variable $monthName', 'C:\\xampp\\htdocs\\ewms\\app\\Views\\sys\\ewg_bid_analysis_summary.php', 7)
 2 SYSTEMPATH\View\View.php(224): include('C:\\xampp\\htdocs\\ewms\\app\\Views\\sys\\ewg_bid_analysis_summary.php')
 3 SYSTEMPATH\View\View.php(227): CodeIgniter\View\View->CodeIgniter\View\{closure}()
 4 SYSTEMPATH\Common.php(1176): CodeIgniter\View\View->render('sys/ewg_bid_analysis_summary', [], true)
 5 APPPATH\Controllers\Sys.php(877): view('sys/ewg_bid_analysis_summary', [...])
 6 SYSTEMPATH\CodeIgniter.php(932): App\Controllers\Sys->bid_analysis_summary()
 7 SYSTEMPATH\CodeIgniter.php(497): CodeIgniter\CodeIgniter->runController(Object(App\Controllers\Sys))
 8 SYSTEMPATH\CodeIgniter.php(366): CodeIgniter\CodeIgniter->handleRequest(null, Object(Config\Cache), false)
 9 FCPATH\index.php(67): CodeIgniter\CodeIgniter->run()
CRITICAL - 2024-03-17 17:59:06 --> Undefined variable $months
in APPPATH\Views\sys\ewg_bid_analysis_summary.php on line 13.
 1 APPPATH\Views\sys\ewg_bid_analysis_summary.php(13): CodeIgniter\Debug\Exceptions->errorHandler(2, 'Undefined variable $months', 'C:\\xampp\\htdocs\\ewms\\app\\Views\\sys\\ewg_bid_analysis_summary.php', 13)
 2 SYSTEMPATH\View\View.php(224): include('C:\\xampp\\htdocs\\ewms\\app\\Views\\sys\\ewg_bid_analysis_summary.php')
 3 SYSTEMPATH\View\View.php(227): CodeIgniter\View\View->CodeIgniter\View\{closure}()
 4 SYSTEMPATH\Common.php(1176): CodeIgniter\View\View->render('sys/ewg_bid_analysis_summary', [], true)
 5 APPPATH\Controllers\Sys.php(877): view('sys/ewg_bid_analysis_summary', [...])
 6 SYSTEMPATH\CodeIgniter.php(932): App\Controllers\Sys->bid_analysis_summary()
 7 SYSTEMPATH\CodeIgniter.php(497): CodeIgniter\CodeIgniter->runController(Object(App\Controllers\Sys))
 8 SYSTEMPATH\CodeIgniter.php(366): CodeIgniter\CodeIgniter->handleRequest(null, Object(Config\Cache), false)
 9 FCPATH\index.php(67): CodeIgniter\CodeIgniter->run()
CRITICAL - 2024-03-17 18:01:44 --> Array to string conversion
in APPPATH\Views\sys\ewg_bid_analysis_summary.php on line 61.
 1 APPPATH\Views\sys\ewg_bid_analysis_summary.php(61): CodeIgniter\Debug\Exceptions->errorHandler(2, 'Array to string conversion', 'C:\\xampp\\htdocs\\ewms\\app\\Views\\sys\\ewg_bid_analysis_summary.php', 61)
 2 SYSTEMPATH\View\View.php(224): include('C:\\xampp\\htdocs\\ewms\\app\\Views\\sys\\ewg_bid_analysis_summary.php')
 3 SYSTEMPATH\View\View.php(227): CodeIgniter\View\View->CodeIgniter\View\{closure}()
 4 SYSTEMPATH\Common.php(1176): CodeIgniter\View\View->render('sys/ewg_bid_analysis_summary', [], true)
 5 APPPATH\Controllers\Sys.php(877): view('sys/ewg_bid_analysis_summary', [...])
 6 SYSTEMPATH\CodeIgniter.php(932): App\Controllers\Sys->bid_analysis_summary()
 7 SYSTEMPATH\CodeIgniter.php(497): CodeIgniter\CodeIgniter->runController(Object(App\Controllers\Sys))
 8 SYSTEMPATH\CodeIgniter.php(366): CodeIgniter\CodeIgniter->handleRequest(null, Object(Config\Cache), false)
 9 FCPATH\index.php(67): CodeIgniter\CodeIgniter->run()
CRITICAL - 2024-03-17 18:01:51 --> Array to string conversion
in APPPATH\Views\sys\ewg_bid_analysis_summary.php on line 61.
 1 APPPATH\Views\sys\ewg_bid_analysis_summary.php(61): CodeIgniter\Debug\Exceptions->errorHandler(2, 'Array to string conversion', 'C:\\xampp\\htdocs\\ewms\\app\\Views\\sys\\ewg_bid_analysis_summary.php', 61)
 2 SYSTEMPATH\View\View.php(224): include('C:\\xampp\\htdocs\\ewms\\app\\Views\\sys\\ewg_bid_analysis_summary.php')
 3 SYSTEMPATH\View\View.php(227): CodeIgniter\View\View->CodeIgniter\View\{closure}()
 4 SYSTEMPATH\Common.php(1176): CodeIgniter\View\View->render('sys/ewg_bid_analysis_summary', [], true)
 5 APPPATH\Controllers\Sys.php(877): view('sys/ewg_bid_analysis_summary', [...])
 6 SYSTEMPATH\CodeIgniter.php(932): App\Controllers\Sys->bid_analysis_summary()
 7 SYSTEMPATH\CodeIgniter.php(497): CodeIgniter\CodeIgniter->runController(Object(App\Controllers\Sys))
 8 SYSTEMPATH\CodeIgniter.php(366): CodeIgniter\CodeIgniter->handleRequest(null, Object(Config\Cache), false)
 9 FCPATH\index.php(67): CodeIgniter\CodeIgniter->run()
CRITICAL - 2024-03-17 18:03:37 --> Array to string conversion
in APPPATH\Views\sys\ewg_bid_analysis_summary.php on line 62.
 1 APPPATH\Views\sys\ewg_bid_analysis_summary.php(62): CodeIgniter\Debug\Exceptions->errorHandler(2, 'Array to string conversion', 'C:\\xampp\\htdocs\\ewms\\app\\Views\\sys\\ewg_bid_analysis_summary.php', 62)
 2 SYSTEMPATH\View\View.php(224): include('C:\\xampp\\htdocs\\ewms\\app\\Views\\sys\\ewg_bid_analysis_summary.php')
 3 SYSTEMPATH\View\View.php(227): CodeIgniter\View\View->CodeIgniter\View\{closure}()
 4 SYSTEMPATH\Common.php(1176): CodeIgniter\View\View->render('sys/ewg_bid_analysis_summary', [], true)
 5 APPPATH\Controllers\Sys.php(877): view('sys/ewg_bid_analysis_summary', [...])
 6 SYSTEMPATH\CodeIgniter.php(932): App\Controllers\Sys->bid_analysis_summary()
 7 SYSTEMPATH\CodeIgniter.php(497): CodeIgniter\CodeIgniter->runController(Object(App\Controllers\Sys))
 8 SYSTEMPATH\CodeIgniter.php(366): CodeIgniter\CodeIgniter->handleRequest(null, Object(Config\Cache), false)
 9 FCPATH\index.php(67): CodeIgniter\CodeIgniter->run()
CRITICAL - 2024-03-17 18:06:28 --> Undefined array key "status"
in APPPATH\Views\sys\ewg_bid_analysis_summary.php on line 62.
 1 APPPATH\Views\sys\ewg_bid_analysis_summary.php(62): CodeIgniter\Debug\Exceptions->errorHandler(2, 'Undefined array key "status"', 'C:\\xampp\\htdocs\\ewms\\app\\Views\\sys\\ewg_bid_analysis_summary.php', 62)
 2 SYSTEMPATH\View\View.php(224): include('C:\\xampp\\htdocs\\ewms\\app\\Views\\sys\\ewg_bid_analysis_summary.php')
 3 SYSTEMPATH\View\View.php(227): CodeIgniter\View\View->CodeIgniter\View\{closure}()
 4 SYSTEMPATH\Common.php(1176): CodeIgniter\View\View->render('sys/ewg_bid_analysis_summary', [], true)
 5 APPPATH\Controllers\Sys.php(877): view('sys/ewg_bid_analysis_summary', [...])
 6 SYSTEMPATH\CodeIgniter.php(932): App\Controllers\Sys->bid_analysis_summary()
 7 SYSTEMPATH\CodeIgniter.php(497): CodeIgniter\CodeIgniter->runController(Object(App\Controllers\Sys))
 8 SYSTEMPATH\CodeIgniter.php(366): CodeIgniter\CodeIgniter->handleRequest(null, Object(Config\Cache), false)
 9 FCPATH\index.php(67): CodeIgniter\CodeIgniter->run()
CRITICAL - 2024-03-17 18:06:50 --> Undefined array key "status"
in APPPATH\Views\sys\ewg_bid_analysis_summary.php on line 62.
 1 APPPATH\Views\sys\ewg_bid_analysis_summary.php(62): CodeIgniter\Debug\Exceptions->errorHandler(2, 'Undefined array key "status"', 'C:\\xampp\\htdocs\\ewms\\app\\Views\\sys\\ewg_bid_analysis_summary.php', 62)
 2 SYSTEMPATH\View\View.php(224): include('C:\\xampp\\htdocs\\ewms\\app\\Views\\sys\\ewg_bid_analysis_summary.php')
 3 SYSTEMPATH\View\View.php(227): CodeIgniter\View\View->CodeIgniter\View\{closure}()
 4 SYSTEMPATH\Common.php(1176): CodeIgniter\View\View->render('sys/ewg_bid_analysis_summary', [], true)
 5 APPPATH\Controllers\Sys.php(877): view('sys/ewg_bid_analysis_summary', [...])
 6 SYSTEMPATH\CodeIgniter.php(932): App\Controllers\Sys->bid_analysis_summary()
 7 SYSTEMPATH\CodeIgniter.php(497): CodeIgniter\CodeIgniter->runController(Object(App\Controllers\Sys))
 8 SYSTEMPATH\CodeIgniter.php(366): CodeIgniter\CodeIgniter->handleRequest(null, Object(Config\Cache), false)
 9 FCPATH\index.php(67): CodeIgniter\CodeIgniter->run()
CRITICAL - 2024-03-17 18:07:58 --> htmlspecialchars(): Argument #1 ($string) must be of type string, array given
in APPPATH\Views\sys\ewg_bid_analysis_summary.php on line 62.
 1 APPPATH\Views\sys\ewg_bid_analysis_summary.php(62): htmlspecialchars([...])
 2 SYSTEMPATH\View\View.php(224): include('C:\\xampp\\htdocs\\ewms\\app\\Views\\sys\\ewg_bid_analysis_summary.php')
 3 SYSTEMPATH\View\View.php(227): CodeIgniter\View\View->CodeIgniter\View\{closure}()
 4 SYSTEMPATH\Common.php(1176): CodeIgniter\View\View->render('sys/ewg_bid_analysis_summary', [], true)
 5 APPPATH\Controllers\Sys.php(877): view('sys/ewg_bid_analysis_summary', [...])
 6 SYSTEMPATH\CodeIgniter.php(932): App\Controllers\Sys->bid_analysis_summary()
 7 SYSTEMPATH\CodeIgniter.php(497): CodeIgniter\CodeIgniter->runController(Object(App\Controllers\Sys))
 8 SYSTEMPATH\CodeIgniter.php(366): CodeIgniter\CodeIgniter->handleRequest(null, Object(Config\Cache), false)
 9 FCPATH\index.php(67): CodeIgniter\CodeIgniter->run()
CRITICAL - 2024-03-17 18:08:02 --> htmlspecialchars(): Argument #1 ($string) must be of type string, array given
in APPPATH\Views\sys\ewg_bid_analysis_summary.php on line 62.
 1 APPPATH\Views\sys\ewg_bid_analysis_summary.php(62): htmlspecialchars([...])
 2 SYSTEMPATH\View\View.php(224): include('C:\\xampp\\htdocs\\ewms\\app\\Views\\sys\\ewg_bid_analysis_summary.php')
 3 SYSTEMPATH\View\View.php(227): CodeIgniter\View\View->CodeIgniter\View\{closure}()
 4 SYSTEMPATH\Common.php(1176): CodeIgniter\View\View->render('sys/ewg_bid_analysis_summary', [], true)
 5 APPPATH\Controllers\Sys.php(877): view('sys/ewg_bid_analysis_summary', [...])
 6 SYSTEMPATH\CodeIgniter.php(932): App\Controllers\Sys->bid_analysis_summary()
 7 SYSTEMPATH\CodeIgniter.php(497): CodeIgniter\CodeIgniter->runController(Object(App\Controllers\Sys))
 8 SYSTEMPATH\CodeIgniter.php(366): CodeIgniter\CodeIgniter->handleRequest(null, Object(Config\Cache), false)
 9 FCPATH\index.php(67): CodeIgniter\CodeIgniter->run()
