CRITICAL - 2024-05-15 04:46:30 --> strpos(): Argument #3 ($offset) must be contained in argument #1 ($haystack)
in SYSTEMPATH\Validation\Validation.php on line 897.
 1 SYSTEMPATH\Validation\Validation.php(897): strpos('required|uploaded[profile_image]]', '|', 34)
 2 SYSTEMPATH\Validation\Validation.php(544): CodeIgniter\Validation\Validation->splitRules([...])
 3 SYSTEMPATH\Controller.php(185): CodeIgniter\Validation\Validation->setRules([...], [])
 4 SYSTEMPATH\Controller.php(139): CodeIgniter\Controller->setValidator([...], [])
 5 APPPATH\Controllers\Web.php(97): CodeIgniter\Controller->validate([...])
 6 SYSTEMPATH\CodeIgniter.php(932): App\Controllers\Web->save_ewaste_generator()
 7 SYSTEMPATH\CodeIgniter.php(497): CodeIgniter\CodeIgniter->runController(Object(App\Controllers\Web))
 8 SYSTEMPATH\CodeIgniter.php(366): CodeIgniter\CodeIgniter->handleRequest(null, Object(Config\Cache), false)
 9 FCPATH\index.php(67): CodeIgniter\CodeIgniter->run()
CRITICAL - 2024-05-15 04:47:05 --> strpos(): Argument #3 ($offset) must be contained in argument #1 ($haystack)
in SYSTEMPATH\Validation\Validation.php on line 897.
 1 SYSTEMPATH\Validation\Validation.php(897): strpos('required|uploaded[profile_image]]', '|', 34)
 2 SYSTEMPATH\Validation\Validation.php(544): CodeIgniter\Validation\Validation->splitRules([...])
 3 SYSTEMPATH\Controller.php(185): CodeIgniter\Validation\Validation->setRules([...], [])
 4 SYSTEMPATH\Controller.php(139): CodeIgniter\Controller->setValidator([...], [])
 5 APPPATH\Controllers\Web.php(97): CodeIgniter\Controller->validate([...])
 6 SYSTEMPATH\CodeIgniter.php(932): App\Controllers\Web->save_ewaste_generator()
 7 SYSTEMPATH\CodeIgniter.php(497): CodeIgniter\CodeIgniter->runController(Object(App\Controllers\Web))
 8 SYSTEMPATH\CodeIgniter.php(366): CodeIgniter\CodeIgniter->handleRequest(null, Object(Config\Cache), false)
 9 FCPATH\index.php(67): CodeIgniter\CodeIgniter->run()
ERROR - 2024-05-15 04:47:38 --> Email: Unable to send email using SMTP. Your server might not be configured to send mail using this method.
ERROR - 2024-05-15 04:47:38 --> 220 smtp.gmail.com ESMTP d2e1a72fcca58-6f4d2b060f9sm10077274b3a.182 - gsmtp

hello: 250-smtp.gmail.com at your service, [212.104.231.183]
250-SIZE 35882577
250-8BITMIME
250-STARTTLS
250-ENHANCEDSTATUSCODES
250-PIPELINING
250-CHUNKING
250 SMTPUTF8

starttls: 220 2.0.0 Ready to start TLS

hello: 250-smtp.gmail.com at your service, [212.104.231.183]
250-SIZE 35882577
250-8BITMIME
250-AUTH LOGIN PLAIN XOAUTH2 PLAIN-CLIENTTOKEN OAUTHBEARER XOAUTH
250-ENHANCEDSTATUSCODES
250-PIPELINING
250-CHUNKING
250 SMTPUTF8

from: 250 2.1.0 OK d2e1a72fcca58-6f4d2b060f9sm10077274b3a.182 - gsmtp

to: 553-5.1.3 The recipient address <cccc> is not a valid RFC 5321 address. For more
553-5.1.3 information, go to
553-5.1.3  https://support.google.com/a/answer/3221692 and review RFC 5321
553 5.1.3 specifications. d2e1a72fcca58-6f4d2b060f9sm10077274b3a.182 - gsmtp

The following SMTP error was encountered: 553-5.1.3 The recipient address <cccc> is not a valid RFC 5321 address. For more
553-5.1.3 information, go to
553-5.1.3  https://support.google.com/a/answer/3221692 and review RFC 5321
553 5.1.3 specifications. d2e1a72fcca58-6f4d2b060f9sm10077274b3a.182 - gsmtp

quit: 221 2.0.0 closing connection d2e1a72fcca58-6f4d2b060f9sm10077274b3a.182 - gsmtp

ERROR - 2024-05-15 04:57:57 --> Email: Unable to send email using SMTP. Your server might not be configured to send mail using this method.
ERROR - 2024-05-15 04:57:57 --> 220 smtp.gmail.com ESMTP 98e67ed59e1d1-2b9dc97cd86sm261251a91.0 - gsmtp

hello: 250-smtp.gmail.com at your service, [212.104.231.183]
250-SIZE 35882577
250-8BITMIME
250-STARTTLS
250-ENHANCEDSTATUSCODES
250-PIPELINING
250-CHUNKING
250 SMTPUTF8

starttls: 220 2.0.0 Ready to start TLS

hello: 250-smtp.gmail.com at your service, [212.104.231.183]
250-SIZE 35882577
250-8BITMIME
250-AUTH LOGIN PLAIN XOAUTH2 PLAIN-CLIENTTOKEN OAUTHBEARER XOAUTH
250-ENHANCEDSTATUSCODES
250-PIPELINING
250-CHUNKING
250 SMTPUTF8

from: 250 2.1.0 OK 98e67ed59e1d1-2b9dc97cd86sm261251a91.0 - gsmtp

to: 553-5.1.3 The recipient address <kkkkkk> is not a valid RFC 5321 address. For
553-5.1.3 more information, go to
553-5.1.3  https://support.google.com/a/answer/3221692 and review RFC 5321
553 5.1.3 specifications. 98e67ed59e1d1-2b9dc97cd86sm261251a91.0 - gsmtp

The following SMTP error was encountered: 553-5.1.3 The recipient address <kkkkkk> is not a valid RFC 5321 address. For
553-5.1.3 more information, go to
553-5.1.3  https://support.google.com/a/answer/3221692 and review RFC 5321
553 5.1.3 specifications. 98e67ed59e1d1-2b9dc97cd86sm261251a91.0 - gsmtp

quit: 221 2.0.0 closing connection 98e67ed59e1d1-2b9dc97cd86sm261251a91.0 - gsmtp

CRITICAL - 2024-05-15 06:17:44 --> Class "App\Models\EwasteLicenseModel" not found
in APPPATH\Controllers\Web.php on line 263.
 1 SYSTEMPATH\CodeIgniter.php(932): App\Controllers\Web->save_ewaste_collector()
 2 SYSTEMPATH\CodeIgniter.php(497): CodeIgniter\CodeIgniter->runController(Object(App\Controllers\Web))
 3 SYSTEMPATH\CodeIgniter.php(366): CodeIgniter\CodeIgniter->handleRequest(null, Object(Config\Cache), false)
 4 FCPATH\index.php(67): CodeIgniter\CodeIgniter->run()
CRITICAL - 2024-05-15 06:33:45 --> Class "App\Models\EwasteLicenseModel" not found
in APPPATH\Controllers\Web.php on line 264.
 1 SYSTEMPATH\CodeIgniter.php(932): App\Controllers\Web->save_ewaste_collector()
 2 SYSTEMPATH\CodeIgniter.php(497): CodeIgniter\CodeIgniter->runController(Object(App\Controllers\Web))
 3 SYSTEMPATH\CodeIgniter.php(366): CodeIgniter\CodeIgniter->handleRequest(null, Object(Config\Cache), false)
 4 FCPATH\index.php(67): CodeIgniter\CodeIgniter->run()
CRITICAL - 2024-05-15 06:35:08 --> Class "App\Models\EwasteLicenseModel" not found
in APPPATH\Controllers\Web.php on line 264.
 1 SYSTEMPATH\CodeIgniter.php(932): App\Controllers\Web->save_ewaste_collector()
 2 SYSTEMPATH\CodeIgniter.php(497): CodeIgniter\CodeIgniter->runController(Object(App\Controllers\Web))
 3 SYSTEMPATH\CodeIgniter.php(366): CodeIgniter\CodeIgniter->handleRequest(null, Object(Config\Cache), false)
 4 FCPATH\index.php(67): CodeIgniter\CodeIgniter->run()
CRITICAL - 2024-05-15 06:36:45 --> Class "App\Models\EwasteLicenseModel" not found
in APPPATH\Controllers\Web.php on line 264.
 1 SYSTEMPATH\CodeIgniter.php(932): App\Controllers\Web->save_ewaste_collector()
 2 SYSTEMPATH\CodeIgniter.php(497): CodeIgniter\CodeIgniter->runController(Object(App\Controllers\Web))
 3 SYSTEMPATH\CodeIgniter.php(366): CodeIgniter\CodeIgniter->handleRequest(null, Object(Config\Cache), false)
 4 FCPATH\index.php(67): CodeIgniter\CodeIgniter->run()
ERROR - 2024-05-15 06:39:26 --> Email: Unable to send email using SMTP. Your server might not be configured to send mail using this method.
ERROR - 2024-05-15 06:39:26 --> 220 smtp.gmail.com ESMTP 98e67ed59e1d1-2b67158c435sm10844029a91.37 - gsmtp

hello: 250-smtp.gmail.com at your service, [212.104.231.183]
250-SIZE 35882577
250-8BITMIME
250-STARTTLS
250-ENHANCEDSTATUSCODES
250-PIPELINING
250-CHUNKING
250 SMTPUTF8

starttls: 220 2.0.0 Ready to start TLS

hello: 250-smtp.gmail.com at your service, [212.104.231.183]
250-SIZE 35882577
250-8BITMIME
250-AUTH LOGIN PLAIN XOAUTH2 PLAIN-CLIENTTOKEN OAUTHBEARER XOAUTH
250-ENHANCEDSTATUSCODES
250-PIPELINING
250-CHUNKING
250 SMTPUTF8

from: 250 2.1.0 OK 98e67ed59e1d1-2b67158c435sm10844029a91.37 - gsmtp

to: 553-5.1.3 The recipient address <dddd> is not a valid RFC 5321 address. For more
553-5.1.3 information, go to
553-5.1.3  https://support.google.com/a/answer/3221692 and review RFC 5321
553 5.1.3 specifications. 98e67ed59e1d1-2b67158c435sm10844029a91.37 - gsmtp

The following SMTP error was encountered: 553-5.1.3 The recipient address <dddd> is not a valid RFC 5321 address. For more
553-5.1.3 information, go to
553-5.1.3  https://support.google.com/a/answer/3221692 and review RFC 5321
553 5.1.3 specifications. 98e67ed59e1d1-2b67158c435sm10844029a91.37 - gsmtp

quit: 221 2.0.0 closing connection 98e67ed59e1d1-2b67158c435sm10844029a91.37 - gsmtp

ERROR - 2024-05-15 06:43:29 --> Email: Unable to send email using SMTP. Your server might not be configured to send mail using this method.
ERROR - 2024-05-15 06:43:29 --> 220 smtp.gmail.com ESMTP d2e1a72fcca58-6f4d2b3493asm10342836b3a.191 - gsmtp

hello: 250-smtp.gmail.com at your service, [212.104.231.183]
250-SIZE 35882577
250-8BITMIME
250-STARTTLS
250-ENHANCEDSTATUSCODES
250-PIPELINING
250-CHUNKING
250 SMTPUTF8

starttls: 220 2.0.0 Ready to start TLS

hello: 250-smtp.gmail.com at your service, [212.104.231.183]
250-SIZE 35882577
250-8BITMIME
250-AUTH LOGIN PLAIN XOAUTH2 PLAIN-CLIENTTOKEN OAUTHBEARER XOAUTH
250-ENHANCEDSTATUSCODES
250-PIPELINING
250-CHUNKING
250 SMTPUTF8

from: 250 2.1.0 OK d2e1a72fcca58-6f4d2b3493asm10342836b3a.191 - gsmtp

to: 553-5.1.3 The recipient address <ppp> is not a valid RFC 5321 address. For more
553-5.1.3 information, go to
553-5.1.3  https://support.google.com/a/answer/3221692 and review RFC 5321
553 5.1.3 specifications. d2e1a72fcca58-6f4d2b3493asm10342836b3a.191 - gsmtp

The following SMTP error was encountered: 553-5.1.3 The recipient address <ppp> is not a valid RFC 5321 address. For more
553-5.1.3 information, go to
553-5.1.3  https://support.google.com/a/answer/3221692 and review RFC 5321
553 5.1.3 specifications. d2e1a72fcca58-6f4d2b3493asm10342836b3a.191 - gsmtp

quit: 221 2.0.0 closing connection d2e1a72fcca58-6f4d2b3493asm10342836b3a.191 - gsmtp

ERROR - 2024-05-15 11:00:44 --> Email: Unable to send email using SMTP. Your server might not be configured to send mail using this method.
ERROR - 2024-05-15 11:00:44 --> 220 smtp.gmail.com ESMTP d9443c01a7336-1ef0bf316f7sm115400875ad.164 - gsmtp

hello: 250-smtp.gmail.com at your service, [212.104.231.91]
250-SIZE 35882577
250-8BITMIME
250-STARTTLS
250-ENHANCEDSTATUSCODES
250-PIPELINING
250-CHUNKING
250 SMTPUTF8

starttls: 220 2.0.0 Ready to start TLS

hello: 250-smtp.gmail.com at your service, [212.104.231.91]
250-SIZE 35882577
250-8BITMIME
250-AUTH LOGIN PLAIN XOAUTH2 PLAIN-CLIENTTOKEN OAUTHBEARER XOAUTH
250-ENHANCEDSTATUSCODES
250-PIPELINING
250-CHUNKING
250 SMTPUTF8

from: 250 2.1.0 OK d9443c01a7336-1ef0bf316f7sm115400875ad.164 - gsmtp

to: 553-5.1.3 The recipient address <g3> is not a valid RFC 5321 address. For more
553-5.1.3 information, go to
553-5.1.3  https://support.google.com/a/answer/3221692 and review RFC 5321
553 5.1.3 specifications. d9443c01a7336-1ef0bf316f7sm115400875ad.164 - gsmtp

The following SMTP error was encountered: 553-5.1.3 The recipient address <g3> is not a valid RFC 5321 address. For more
553-5.1.3 information, go to
553-5.1.3  https://support.google.com/a/answer/3221692 and review RFC 5321
553 5.1.3 specifications. d9443c01a7336-1ef0bf316f7sm115400875ad.164 - gsmtp

quit: 221 2.0.0 closing connection d9443c01a7336-1ef0bf316f7sm115400875ad.164 - gsmtp

ERROR - 2024-05-15 11:37:51 --> Email: Unable to send email using SMTP. Your server might not be configured to send mail using this method.
ERROR - 2024-05-15 11:37:51 --> 220 smtp.gmail.com ESMTP 41be03b00d2f7-63e88787c93sm6513100a12.90 - gsmtp

hello: 250-smtp.gmail.com at your service, [212.104.231.91]
250-SIZE 35882577
250-8BITMIME
250-STARTTLS
250-ENHANCEDSTATUSCODES
250-PIPELINING
250-CHUNKING
250 SMTPUTF8

starttls: 220 2.0.0 Ready to start TLS

hello: 250-smtp.gmail.com at your service, [212.104.231.91]
250-SIZE 35882577
250-8BITMIME
250-AUTH LOGIN PLAIN XOAUTH2 PLAIN-CLIENTTOKEN OAUTHBEARER XOAUTH
250-ENHANCEDSTATUSCODES
250-PIPELINING
250-CHUNKING
250 SMTPUTF8

from: 250 2.1.0 OK 41be03b00d2f7-63e88787c93sm6513100a12.90 - gsmtp

to: 553-5.1.3 The recipient address <222> is not a valid RFC 5321 address. For more
553-5.1.3 information, go to
553-5.1.3  https://support.google.com/a/answer/3221692 and review RFC 5321
553 5.1.3 specifications. 41be03b00d2f7-63e88787c93sm6513100a12.90 - gsmtp

The following SMTP error was encountered: 553-5.1.3 The recipient address <222> is not a valid RFC 5321 address. For more
553-5.1.3 information, go to
553-5.1.3  https://support.google.com/a/answer/3221692 and review RFC 5321
553 5.1.3 specifications. 41be03b00d2f7-63e88787c93sm6513100a12.90 - gsmtp

quit: 221 2.0.0 closing connection 41be03b00d2f7-63e88787c93sm6513100a12.90 - gsmtp

ERROR - 2024-05-15 11:43:52 --> Email: Unable to send email using SMTP. Your server might not be configured to send mail using this method.
ERROR - 2024-05-15 11:43:52 --> 220 smtp.gmail.com ESMTP d2e1a72fcca58-6f4d2a6641dsm10825808b3a.4 - gsmtp

hello: 250-smtp.gmail.com at your service, [212.104.231.91]
250-SIZE 35882577
250-8BITMIME
250-STARTTLS
250-ENHANCEDSTATUSCODES
250-PIPELINING
250-CHUNKING
250 SMTPUTF8

starttls: 220 2.0.0 Ready to start TLS

hello: 250-smtp.gmail.com at your service, [212.104.231.91]
250-SIZE 35882577
250-8BITMIME
250-AUTH LOGIN PLAIN XOAUTH2 PLAIN-CLIENTTOKEN OAUTHBEARER XOAUTH
250-ENHANCEDSTATUSCODES
250-PIPELINING
250-CHUNKING
250 SMTPUTF8

from: 250 2.1.0 OK d2e1a72fcca58-6f4d2a6641dsm10825808b3a.4 - gsmtp

to: 553-5.1.3 The recipient address <222> is not a valid RFC 5321 address. For more
553-5.1.3 information, go to
553-5.1.3  https://support.google.com/a/answer/3221692 and review RFC 5321
553 5.1.3 specifications. d2e1a72fcca58-6f4d2a6641dsm10825808b3a.4 - gsmtp

The following SMTP error was encountered: 553-5.1.3 The recipient address <222> is not a valid RFC 5321 address. For more
553-5.1.3 information, go to
553-5.1.3  https://support.google.com/a/answer/3221692 and review RFC 5321
553 5.1.3 specifications. d2e1a72fcca58-6f4d2a6641dsm10825808b3a.4 - gsmtp

quit: 221 2.0.0 closing connection d2e1a72fcca58-6f4d2a6641dsm10825808b3a.4 - gsmtp

