CRITICAL - 2024-01-28 07:06:56 --> Class "App\Models\NotificationModel" not found
in APPPATH\Views\sys\header.php on line 57.
 1 SYSTEMPATH\View\View.php(224): include()
 2 SYSTEMPATH\View\View.php(227): CodeIgniter\View\View->CodeIgniter\View\{closure}()
 3 SYSTEMPATH\Common.php(1176): CodeIgniter\View\View->render('sys/header', [], true)
 4 APPPATH\Controllers\Sys.php(85): view('sys/header')
 5 SYSTEMPATH\CodeIgniter.php(932): App\Controllers\Sys->dashboard()
 6 SYSTEMPATH\CodeIgniter.php(497): CodeIgniter\CodeIgniter->runController(Object(App\Controllers\Sys))
 7 SYSTEMPATH\CodeIgniter.php(366): CodeIgniter\CodeIgniter->handleRequest(null, Object(Config\Cache), false)
 8 FCPATH\index.php(67): CodeIgniter\CodeIgniter->run()
CRITICAL - 2024-01-28 07:07:11 --> Class "App\Models\NotificationModel" not found
in APPPATH\Views\sys\header.php on line 57.
 1 SYSTEMPATH\View\View.php(224): include()
 2 SYSTEMPATH\View\View.php(227): CodeIgniter\View\View->CodeIgniter\View\{closure}()
 3 SYSTEMPATH\Common.php(1176): CodeIgniter\View\View->render('sys/header', [], true)
 4 APPPATH\Controllers\Sys.php(85): view('sys/header')
 5 SYSTEMPATH\CodeIgniter.php(932): App\Controllers\Sys->dashboard()
 6 SYSTEMPATH\CodeIgniter.php(497): CodeIgniter\CodeIgniter->runController(Object(App\Controllers\Sys))
 7 SYSTEMPATH\CodeIgniter.php(366): CodeIgniter\CodeIgniter->handleRequest(null, Object(Config\Cache), false)
 8 FCPATH\index.php(67): CodeIgniter\CodeIgniter->run()
CRITICAL - 2024-01-28 07:59:18 --> Class "App\Models\NotificationModel" not found
in APPPATH\Views\sys\header.php on line 57.
 1 SYSTEMPATH\View\View.php(224): include()
 2 SYSTEMPATH\View\View.php(227): CodeIgniter\View\View->CodeIgniter\View\{closure}()
 3 SYSTEMPATH\Common.php(1176): CodeIgniter\View\View->render('sys/header', [], true)
 4 APPPATH\Controllers\Sys.php(85): view('sys/header')
 5 SYSTEMPATH\CodeIgniter.php(932): App\Controllers\Sys->dashboard()
 6 SYSTEMPATH\CodeIgniter.php(497): CodeIgniter\CodeIgniter->runController(Object(App\Controllers\Sys))
 7 SYSTEMPATH\CodeIgniter.php(366): CodeIgniter\CodeIgniter->handleRequest(null, Object(Config\Cache), false)
 8 FCPATH\index.php(67): CodeIgniter\CodeIgniter->run()
CRITICAL - 2024-01-28 08:33:15 --> Trying to access array offset on value of type null
in APPPATH\Controllers\Sys.php on line 366.
 1 APPPATH\Controllers\Sys.php(366): CodeIgniter\Debug\Exceptions->errorHandler(2, 'Trying to access array offset on value of type null', 'C:\\xampp\\htdocs\\ewms\\app\\Controllers\\Sys.php', 366)
 2 SYSTEMPATH\CodeIgniter.php(932): App\Controllers\Sys->viewBids('assets', 'img', 'messages-1.jpg')
 3 SYSTEMPATH\CodeIgniter.php(497): CodeIgniter\CodeIgniter->runController(Object(App\Controllers\Sys))
 4 SYSTEMPATH\CodeIgniter.php(366): CodeIgniter\CodeIgniter->handleRequest(null, Object(Config\Cache), false)
 5 FCPATH\index.php(67): CodeIgniter\CodeIgniter->run()
CRITICAL - 2024-01-28 08:33:15 --> Trying to access array offset on value of type null
in APPPATH\Controllers\Sys.php on line 366.
 1 APPPATH\Controllers\Sys.php(366): CodeIgniter\Debug\Exceptions->errorHandler(2, 'Trying to access array offset on value of type null', 'C:\\xampp\\htdocs\\ewms\\app\\Controllers\\Sys.php', 366)
 2 SYSTEMPATH\CodeIgniter.php(932): App\Controllers\Sys->viewBids('assets', 'img', 'messages-2.jpg')
 3 SYSTEMPATH\CodeIgniter.php(497): CodeIgniter\CodeIgniter->runController(Object(App\Controllers\Sys))
 4 SYSTEMPATH\CodeIgniter.php(366): CodeIgniter\CodeIgniter->handleRequest(null, Object(Config\Cache), false)
 5 FCPATH\index.php(67): CodeIgniter\CodeIgniter->run()
CRITICAL - 2024-01-28 08:33:15 --> Trying to access array offset on value of type null
in APPPATH\Controllers\Sys.php on line 366.
 1 APPPATH\Controllers\Sys.php(366): CodeIgniter\Debug\Exceptions->errorHandler(2, 'Trying to access array offset on value of type null', 'C:\\xampp\\htdocs\\ewms\\app\\Controllers\\Sys.php', 366)
 2 SYSTEMPATH\CodeIgniter.php(932): App\Controllers\Sys->viewBids('assets', 'img', 'messages-3.jpg')
 3 SYSTEMPATH\CodeIgniter.php(497): CodeIgniter\CodeIgniter->runController(Object(App\Controllers\Sys))
 4 SYSTEMPATH\CodeIgniter.php(366): CodeIgniter\CodeIgniter->handleRequest(null, Object(Config\Cache), false)
 5 FCPATH\index.php(67): CodeIgniter\CodeIgniter->run()
CRITICAL - 2024-01-28 08:33:19 --> Trying to access array offset on value of type null
in APPPATH\Controllers\Sys.php on line 366.
 1 APPPATH\Controllers\Sys.php(366): CodeIgniter\Debug\Exceptions->errorHandler(2, 'Trying to access array offset on value of type null', 'C:\\xampp\\htdocs\\ewms\\app\\Controllers\\Sys.php', 366)
 2 SYSTEMPATH\CodeIgniter.php(932): App\Controllers\Sys->viewBids('assets', 'img', 'messages-1.jpg')
 3 SYSTEMPATH\CodeIgniter.php(497): CodeIgniter\CodeIgniter->runController(Object(App\Controllers\Sys))
 4 SYSTEMPATH\CodeIgniter.php(366): CodeIgniter\CodeIgniter->handleRequest(null, Object(Config\Cache), false)
 5 FCPATH\index.php(67): CodeIgniter\CodeIgniter->run()
CRITICAL - 2024-01-28 08:33:20 --> Trying to access array offset on value of type null
in APPPATH\Controllers\Sys.php on line 366.
 1 APPPATH\Controllers\Sys.php(366): CodeIgniter\Debug\Exceptions->errorHandler(2, 'Trying to access array offset on value of type null', 'C:\\xampp\\htdocs\\ewms\\app\\Controllers\\Sys.php', 366)
 2 SYSTEMPATH\CodeIgniter.php(932): App\Controllers\Sys->viewBids('assets', 'img', 'messages-3.jpg')
 3 SYSTEMPATH\CodeIgniter.php(497): CodeIgniter\CodeIgniter->runController(Object(App\Controllers\Sys))
 4 SYSTEMPATH\CodeIgniter.php(366): CodeIgniter\CodeIgniter->handleRequest(null, Object(Config\Cache), false)
 5 FCPATH\index.php(67): CodeIgniter\CodeIgniter->run()
CRITICAL - 2024-01-28 08:33:20 --> Trying to access array offset on value of type null
in APPPATH\Controllers\Sys.php on line 366.
 1 APPPATH\Controllers\Sys.php(366): CodeIgniter\Debug\Exceptions->errorHandler(2, 'Trying to access array offset on value of type null', 'C:\\xampp\\htdocs\\ewms\\app\\Controllers\\Sys.php', 366)
 2 SYSTEMPATH\CodeIgniter.php(932): App\Controllers\Sys->viewBids('assets', 'img', 'messages-2.jpg')
 3 SYSTEMPATH\CodeIgniter.php(497): CodeIgniter\CodeIgniter->runController(Object(App\Controllers\Sys))
 4 SYSTEMPATH\CodeIgniter.php(366): CodeIgniter\CodeIgniter->handleRequest(null, Object(Config\Cache), false)
 5 FCPATH\index.php(67): CodeIgniter\CodeIgniter->run()
CRITICAL - 2024-01-28 08:33:36 --> Trying to access array offset on value of type null
in APPPATH\Controllers\Sys.php on line 366.
 1 APPPATH\Controllers\Sys.php(366): CodeIgniter\Debug\Exceptions->errorHandler(2, 'Trying to access array offset on value of type null', 'C:\\xampp\\htdocs\\ewms\\app\\Controllers\\Sys.php', 366)
 2 SYSTEMPATH\CodeIgniter.php(932): App\Controllers\Sys->viewBids('assets', 'img', 'messages-1.jpg')
 3 SYSTEMPATH\CodeIgniter.php(497): CodeIgniter\CodeIgniter->runController(Object(App\Controllers\Sys))
 4 SYSTEMPATH\CodeIgniter.php(366): CodeIgniter\CodeIgniter->handleRequest(null, Object(Config\Cache), false)
 5 FCPATH\index.php(67): CodeIgniter\CodeIgniter->run()
CRITICAL - 2024-01-28 08:33:36 --> Trying to access array offset on value of type null
in APPPATH\Controllers\Sys.php on line 366.
 1 APPPATH\Controllers\Sys.php(366): CodeIgniter\Debug\Exceptions->errorHandler(2, 'Trying to access array offset on value of type null', 'C:\\xampp\\htdocs\\ewms\\app\\Controllers\\Sys.php', 366)
 2 SYSTEMPATH\CodeIgniter.php(932): App\Controllers\Sys->viewBids('assets', 'img', 'messages-2.jpg')
 3 SYSTEMPATH\CodeIgniter.php(497): CodeIgniter\CodeIgniter->runController(Object(App\Controllers\Sys))
 4 SYSTEMPATH\CodeIgniter.php(366): CodeIgniter\CodeIgniter->handleRequest(null, Object(Config\Cache), false)
 5 FCPATH\index.php(67): CodeIgniter\CodeIgniter->run()
CRITICAL - 2024-01-28 08:33:36 --> Trying to access array offset on value of type null
in APPPATH\Controllers\Sys.php on line 366.
 1 APPPATH\Controllers\Sys.php(366): CodeIgniter\Debug\Exceptions->errorHandler(2, 'Trying to access array offset on value of type null', 'C:\\xampp\\htdocs\\ewms\\app\\Controllers\\Sys.php', 366)
 2 SYSTEMPATH\CodeIgniter.php(932): App\Controllers\Sys->viewBids('assets', 'img', 'messages-3.jpg')
 3 SYSTEMPATH\CodeIgniter.php(497): CodeIgniter\CodeIgniter->runController(Object(App\Controllers\Sys))
 4 SYSTEMPATH\CodeIgniter.php(366): CodeIgniter\CodeIgniter->handleRequest(null, Object(Config\Cache), false)
 5 FCPATH\index.php(67): CodeIgniter\CodeIgniter->run()
CRITICAL - 2024-01-28 08:33:47 --> Trying to access array offset on value of type null
in APPPATH\Controllers\Sys.php on line 366.
 1 APPPATH\Controllers\Sys.php(366): CodeIgniter\Debug\Exceptions->errorHandler(2, 'Trying to access array offset on value of type null', 'C:\\xampp\\htdocs\\ewms\\app\\Controllers\\Sys.php', 366)
 2 SYSTEMPATH\CodeIgniter.php(932): App\Controllers\Sys->viewBids('assets', 'img', 'messages-1.jpg')
 3 SYSTEMPATH\CodeIgniter.php(497): CodeIgniter\CodeIgniter->runController(Object(App\Controllers\Sys))
 4 SYSTEMPATH\CodeIgniter.php(366): CodeIgniter\CodeIgniter->handleRequest(null, Object(Config\Cache), false)
 5 FCPATH\index.php(67): CodeIgniter\CodeIgniter->run()
CRITICAL - 2024-01-28 08:33:47 --> Trying to access array offset on value of type null
in APPPATH\Controllers\Sys.php on line 366.
 1 APPPATH\Controllers\Sys.php(366): CodeIgniter\Debug\Exceptions->errorHandler(2, 'Trying to access array offset on value of type null', 'C:\\xampp\\htdocs\\ewms\\app\\Controllers\\Sys.php', 366)
 2 SYSTEMPATH\CodeIgniter.php(932): App\Controllers\Sys->viewBids('assets', 'img', 'messages-2.jpg')
 3 SYSTEMPATH\CodeIgniter.php(497): CodeIgniter\CodeIgniter->runController(Object(App\Controllers\Sys))
 4 SYSTEMPATH\CodeIgniter.php(366): CodeIgniter\CodeIgniter->handleRequest(null, Object(Config\Cache), false)
 5 FCPATH\index.php(67): CodeIgniter\CodeIgniter->run()
CRITICAL - 2024-01-28 08:33:47 --> Trying to access array offset on value of type null
in APPPATH\Controllers\Sys.php on line 366.
 1 APPPATH\Controllers\Sys.php(366): CodeIgniter\Debug\Exceptions->errorHandler(2, 'Trying to access array offset on value of type null', 'C:\\xampp\\htdocs\\ewms\\app\\Controllers\\Sys.php', 366)
 2 SYSTEMPATH\CodeIgniter.php(932): App\Controllers\Sys->viewBids('assets', 'img', 'messages-3.jpg')
 3 SYSTEMPATH\CodeIgniter.php(497): CodeIgniter\CodeIgniter->runController(Object(App\Controllers\Sys))
 4 SYSTEMPATH\CodeIgniter.php(366): CodeIgniter\CodeIgniter->handleRequest(null, Object(Config\Cache), false)
 5 FCPATH\index.php(67): CodeIgniter\CodeIgniter->run()
CRITICAL - 2024-01-28 08:34:39 --> Trying to access array offset on value of type null
in APPPATH\Controllers\Sys.php on line 366.
 1 APPPATH\Controllers\Sys.php(366): CodeIgniter\Debug\Exceptions->errorHandler(2, 'Trying to access array offset on value of type null', 'C:\\xampp\\htdocs\\ewms\\app\\Controllers\\Sys.php', 366)
 2 SYSTEMPATH\CodeIgniter.php(932): App\Controllers\Sys->viewBids('assets', 'img', 'messages-1.jpg')
 3 SYSTEMPATH\CodeIgniter.php(497): CodeIgniter\CodeIgniter->runController(Object(App\Controllers\Sys))
 4 SYSTEMPATH\CodeIgniter.php(366): CodeIgniter\CodeIgniter->handleRequest(null, Object(Config\Cache), false)
 5 FCPATH\index.php(67): CodeIgniter\CodeIgniter->run()
CRITICAL - 2024-01-28 08:34:39 --> Trying to access array offset on value of type null
in APPPATH\Controllers\Sys.php on line 366.
 1 APPPATH\Controllers\Sys.php(366): CodeIgniter\Debug\Exceptions->errorHandler(2, 'Trying to access array offset on value of type null', 'C:\\xampp\\htdocs\\ewms\\app\\Controllers\\Sys.php', 366)
 2 SYSTEMPATH\CodeIgniter.php(932): App\Controllers\Sys->viewBids('assets', 'img', 'messages-2.jpg')
 3 SYSTEMPATH\CodeIgniter.php(497): CodeIgniter\CodeIgniter->runController(Object(App\Controllers\Sys))
 4 SYSTEMPATH\CodeIgniter.php(366): CodeIgniter\CodeIgniter->handleRequest(null, Object(Config\Cache), false)
 5 FCPATH\index.php(67): CodeIgniter\CodeIgniter->run()
CRITICAL - 2024-01-28 08:34:39 --> Trying to access array offset on value of type null
in APPPATH\Controllers\Sys.php on line 366.
 1 APPPATH\Controllers\Sys.php(366): CodeIgniter\Debug\Exceptions->errorHandler(2, 'Trying to access array offset on value of type null', 'C:\\xampp\\htdocs\\ewms\\app\\Controllers\\Sys.php', 366)
 2 SYSTEMPATH\CodeIgniter.php(932): App\Controllers\Sys->viewBids('assets', 'img', 'messages-3.jpg')
 3 SYSTEMPATH\CodeIgniter.php(497): CodeIgniter\CodeIgniter->runController(Object(App\Controllers\Sys))
 4 SYSTEMPATH\CodeIgniter.php(366): CodeIgniter\CodeIgniter->handleRequest(null, Object(Config\Cache), false)
 5 FCPATH\index.php(67): CodeIgniter\CodeIgniter->run()
CRITICAL - 2024-01-28 09:55:20 --> Call to undefined method App\Models\NotificationModel::getNotificationsForUser
in SYSTEMPATH\Model.php on line 838.
 1 APPPATH\Controllers\Sys.php(782): CodeIgniter\Model->__call('getNotificationsForUser', [...])
 2 SYSTEMPATH\CodeIgniter.php(932): App\Controllers\Sys->viewNotifications()
 3 SYSTEMPATH\CodeIgniter.php(497): CodeIgniter\CodeIgniter->runController(Object(App\Controllers\Sys))
 4 SYSTEMPATH\CodeIgniter.php(366): CodeIgniter\CodeIgniter->handleRequest(null, Object(Config\Cache), false)
 5 FCPATH\index.php(67): CodeIgniter\CodeIgniter->run()
CRITICAL - 2024-01-28 09:56:19 --> Call to undefined method App\Models\NotificationModel::getNotificationsForUser
in SYSTEMPATH\Model.php on line 838.
 1 APPPATH\Controllers\Sys.php(782): CodeIgniter\Model->__call('getNotificationsForUser', [...])
 2 SYSTEMPATH\CodeIgniter.php(932): App\Controllers\Sys->viewNotifications()
 3 SYSTEMPATH\CodeIgniter.php(497): CodeIgniter\CodeIgniter->runController(Object(App\Controllers\Sys))
 4 SYSTEMPATH\CodeIgniter.php(366): CodeIgniter\CodeIgniter->handleRequest(null, Object(Config\Cache), false)
 5 FCPATH\index.php(67): CodeIgniter\CodeIgniter->run()
CRITICAL - 2024-01-28 09:57:55 --> Call to undefined method App\Models\NotificationModel::getNotificationsForUser
in SYSTEMPATH\Model.php on line 838.
 1 APPPATH\Controllers\Sys.php(782): CodeIgniter\Model->__call('getNotificationsForUser', [...])
 2 SYSTEMPATH\CodeIgniter.php(932): App\Controllers\Sys->viewNotifications()
 3 SYSTEMPATH\CodeIgniter.php(497): CodeIgniter\CodeIgniter->runController(Object(App\Controllers\Sys))
 4 SYSTEMPATH\CodeIgniter.php(366): CodeIgniter\CodeIgniter->handleRequest(null, Object(Config\Cache), false)
 5 FCPATH\index.php(67): CodeIgniter\CodeIgniter->run()
CRITICAL - 2024-01-28 10:00:56 --> Call to undefined method App\Models\NotificationModel::getUnreadNotificationsForUser
in SYSTEMPATH\Model.php on line 838.
 1 APPPATH\Views\sys\header.php(59): CodeIgniter\Model->__call('getUnreadNotificationsForUser', [...])
 2 SYSTEMPATH\View\View.php(224): include('C:\\xampp\\htdocs\\ewms\\app\\Views\\sys\\header.php')
 3 SYSTEMPATH\View\View.php(227): CodeIgniter\View\View->CodeIgniter\View\{closure}()
 4 SYSTEMPATH\Common.php(1176): CodeIgniter\View\View->render('sys/header', [], true)
 5 APPPATH\Controllers\Sys.php(794): view('sys/header')
 6 SYSTEMPATH\CodeIgniter.php(932): App\Controllers\Sys->viewNotifications()
 7 SYSTEMPATH\CodeIgniter.php(497): CodeIgniter\CodeIgniter->runController(Object(App\Controllers\Sys))
 8 SYSTEMPATH\CodeIgniter.php(366): CodeIgniter\CodeIgniter->handleRequest(null, Object(Config\Cache), false)
 9 FCPATH\index.php(67): CodeIgniter\CodeIgniter->run()
CRITICAL - 2024-01-28 10:00:57 --> Call to undefined method App\Models\NotificationModel::getUnreadNotificationsForUser
in SYSTEMPATH\Model.php on line 838.
 1 APPPATH\Views\sys\header.php(59): CodeIgniter\Model->__call('getUnreadNotificationsForUser', [...])
 2 SYSTEMPATH\View\View.php(224): include('C:\\xampp\\htdocs\\ewms\\app\\Views\\sys\\header.php')
 3 SYSTEMPATH\View\View.php(227): CodeIgniter\View\View->CodeIgniter\View\{closure}()
 4 SYSTEMPATH\Common.php(1176): CodeIgniter\View\View->render('sys/header', [], true)
 5 APPPATH\Controllers\Sys.php(794): view('sys/header')
 6 SYSTEMPATH\CodeIgniter.php(932): App\Controllers\Sys->viewNotifications()
 7 SYSTEMPATH\CodeIgniter.php(497): CodeIgniter\CodeIgniter->runController(Object(App\Controllers\Sys))
 8 SYSTEMPATH\CodeIgniter.php(366): CodeIgniter\CodeIgniter->handleRequest(null, Object(Config\Cache), false)
 9 FCPATH\index.php(67): CodeIgniter\CodeIgniter->run()
CRITICAL - 2024-01-28 10:00:58 --> Call to undefined method App\Models\NotificationModel::getUnreadNotificationsForUser
in SYSTEMPATH\Model.php on line 838.
 1 APPPATH\Views\sys\header.php(59): CodeIgniter\Model->__call('getUnreadNotificationsForUser', [...])
 2 SYSTEMPATH\View\View.php(224): include('C:\\xampp\\htdocs\\ewms\\app\\Views\\sys\\header.php')
 3 SYSTEMPATH\View\View.php(227): CodeIgniter\View\View->CodeIgniter\View\{closure}()
 4 SYSTEMPATH\Common.php(1176): CodeIgniter\View\View->render('sys/header', [], true)
 5 APPPATH\Controllers\Sys.php(85): view('sys/header')
 6 SYSTEMPATH\CodeIgniter.php(932): App\Controllers\Sys->dashboard()
 7 SYSTEMPATH\CodeIgniter.php(497): CodeIgniter\CodeIgniter->runController(Object(App\Controllers\Sys))
 8 SYSTEMPATH\CodeIgniter.php(366): CodeIgniter\CodeIgniter->handleRequest(null, Object(Config\Cache), false)
 9 FCPATH\index.php(67): CodeIgniter\CodeIgniter->run()
CRITICAL - 2024-01-28 10:01:02 --> Call to undefined method App\Models\NotificationModel::getUnreadNotificationsForUser
in SYSTEMPATH\Model.php on line 838.
 1 APPPATH\Views\sys\header.php(59): CodeIgniter\Model->__call('getUnreadNotificationsForUser', [...])
 2 SYSTEMPATH\View\View.php(224): include('C:\\xampp\\htdocs\\ewms\\app\\Views\\sys\\header.php')
 3 SYSTEMPATH\View\View.php(227): CodeIgniter\View\View->CodeIgniter\View\{closure}()
 4 SYSTEMPATH\Common.php(1176): CodeIgniter\View\View->render('sys/header', [], true)
 5 APPPATH\Controllers\Sys.php(85): view('sys/header')
 6 SYSTEMPATH\CodeIgniter.php(932): App\Controllers\Sys->dashboard()
 7 SYSTEMPATH\CodeIgniter.php(497): CodeIgniter\CodeIgniter->runController(Object(App\Controllers\Sys))
 8 SYSTEMPATH\CodeIgniter.php(366): CodeIgniter\CodeIgniter->handleRequest(null, Object(Config\Cache), false)
 9 FCPATH\index.php(67): CodeIgniter\CodeIgniter->run()
CRITICAL - 2024-01-28 10:01:23 --> Call to undefined method App\Models\NotificationModel::getUnreadNotificationsForUser
in SYSTEMPATH\Model.php on line 838.
 1 APPPATH\Views\sys\header.php(59): CodeIgniter\Model->__call('getUnreadNotificationsForUser', [...])
 2 SYSTEMPATH\View\View.php(224): include('C:\\xampp\\htdocs\\ewms\\app\\Views\\sys\\header.php')
 3 SYSTEMPATH\View\View.php(227): CodeIgniter\View\View->CodeIgniter\View\{closure}()
 4 SYSTEMPATH\Common.php(1176): CodeIgniter\View\View->render('sys/header', [], true)
 5 APPPATH\Controllers\Sys.php(85): view('sys/header')
 6 SYSTEMPATH\CodeIgniter.php(932): App\Controllers\Sys->dashboard()
 7 SYSTEMPATH\CodeIgniter.php(497): CodeIgniter\CodeIgniter->runController(Object(App\Controllers\Sys))
 8 SYSTEMPATH\CodeIgniter.php(366): CodeIgniter\CodeIgniter->handleRequest(null, Object(Config\Cache), false)
 9 FCPATH\index.php(67): CodeIgniter\CodeIgniter->run()
CRITICAL - 2024-01-28 10:16:17 --> Undefined variable $notificationModel
in APPPATH\Views\sys\content_e-Waste Collector.php on line 62.
 1 APPPATH\Views\sys\content_e-Waste Collector.php(62): CodeIgniter\Debug\Exceptions->errorHandler(2, 'Undefined variable $notificationModel', 'C:\\xampp\\htdocs\\ewms\\app\\Views\\sys\\content_e-Waste Collector.php', 62)
 2 SYSTEMPATH\View\View.php(224): include('C:\\xampp\\htdocs\\ewms\\app\\Views\\sys\\content_e-Waste Collector.php')
 3 SYSTEMPATH\View\View.php(227): CodeIgniter\View\View->CodeIgniter\View\{closure}()
 4 SYSTEMPATH\Common.php(1176): CodeIgniter\View\View->render('sys/content_e-waste collector', [], true)
 5 APPPATH\Controllers\Sys.php(87): view('sys/content_e-waste collector', [...])
 6 SYSTEMPATH\CodeIgniter.php(932): App\Controllers\Sys->dashboard()
 7 SYSTEMPATH\CodeIgniter.php(497): CodeIgniter\CodeIgniter->runController(Object(App\Controllers\Sys))
 8 SYSTEMPATH\CodeIgniter.php(366): CodeIgniter\CodeIgniter->handleRequest(null, Object(Config\Cache), false)
 9 FCPATH\index.php(67): CodeIgniter\CodeIgniter->run()
CRITICAL - 2024-01-28 10:16:32 --> Undefined variable $notificationModel
in APPPATH\Views\sys\content_e-Waste Collector.php on line 62.
 1 APPPATH\Views\sys\content_e-Waste Collector.php(62): CodeIgniter\Debug\Exceptions->errorHandler(2, 'Undefined variable $notificationModel', 'C:\\xampp\\htdocs\\ewms\\app\\Views\\sys\\content_e-Waste Collector.php', 62)
 2 SYSTEMPATH\View\View.php(224): include('C:\\xampp\\htdocs\\ewms\\app\\Views\\sys\\content_e-Waste Collector.php')
 3 SYSTEMPATH\View\View.php(227): CodeIgniter\View\View->CodeIgniter\View\{closure}()
 4 SYSTEMPATH\Common.php(1176): CodeIgniter\View\View->render('sys/content_e-waste collector', [], true)
 5 APPPATH\Controllers\Sys.php(87): view('sys/content_e-waste collector', [...])
 6 SYSTEMPATH\CodeIgniter.php(932): App\Controllers\Sys->dashboard()
 7 SYSTEMPATH\CodeIgniter.php(497): CodeIgniter\CodeIgniter->runController(Object(App\Controllers\Sys))
 8 SYSTEMPATH\CodeIgniter.php(366): CodeIgniter\CodeIgniter->handleRequest(null, Object(Config\Cache), false)
 9 FCPATH\index.php(67): CodeIgniter\CodeIgniter->run()
CRITICAL - 2024-01-28 10:19:37 --> Undefined variable $notificationModel
in APPPATH\Views\sys\content_e-Waste Collector.php on line 62.
 1 APPPATH\Views\sys\content_e-Waste Collector.php(62): CodeIgniter\Debug\Exceptions->errorHandler(2, 'Undefined variable $notificationModel', 'C:\\xampp\\htdocs\\ewms\\app\\Views\\sys\\content_e-Waste Collector.php', 62)
 2 SYSTEMPATH\View\View.php(224): include('C:\\xampp\\htdocs\\ewms\\app\\Views\\sys\\content_e-Waste Collector.php')
 3 SYSTEMPATH\View\View.php(227): CodeIgniter\View\View->CodeIgniter\View\{closure}()
 4 SYSTEMPATH\Common.php(1176): CodeIgniter\View\View->render('sys/content_e-waste collector', [], true)
 5 APPPATH\Controllers\Sys.php(88): view('sys/content_e-waste collector', [...])
 6 SYSTEMPATH\CodeIgniter.php(932): App\Controllers\Sys->dashboard()
 7 SYSTEMPATH\CodeIgniter.php(497): CodeIgniter\CodeIgniter->runController(Object(App\Controllers\Sys))
 8 SYSTEMPATH\CodeIgniter.php(366): CodeIgniter\CodeIgniter->handleRequest(null, Object(Config\Cache), false)
 9 FCPATH\index.php(67): CodeIgniter\CodeIgniter->run()
CRITICAL - 2024-01-28 10:19:38 --> Undefined variable $notificationModel
in APPPATH\Views\sys\content_e-Waste Collector.php on line 62.
 1 APPPATH\Views\sys\content_e-Waste Collector.php(62): CodeIgniter\Debug\Exceptions->errorHandler(2, 'Undefined variable $notificationModel', 'C:\\xampp\\htdocs\\ewms\\app\\Views\\sys\\content_e-Waste Collector.php', 62)
 2 SYSTEMPATH\View\View.php(224): include('C:\\xampp\\htdocs\\ewms\\app\\Views\\sys\\content_e-Waste Collector.php')
 3 SYSTEMPATH\View\View.php(227): CodeIgniter\View\View->CodeIgniter\View\{closure}()
 4 SYSTEMPATH\Common.php(1176): CodeIgniter\View\View->render('sys/content_e-waste collector', [], true)
 5 APPPATH\Controllers\Sys.php(88): view('sys/content_e-waste collector', [...])
 6 SYSTEMPATH\CodeIgniter.php(932): App\Controllers\Sys->dashboard()
 7 SYSTEMPATH\CodeIgniter.php(497): CodeIgniter\CodeIgniter->runController(Object(App\Controllers\Sys))
 8 SYSTEMPATH\CodeIgniter.php(366): CodeIgniter\CodeIgniter->handleRequest(null, Object(Config\Cache), false)
 9 FCPATH\index.php(67): CodeIgniter\CodeIgniter->run()
CRITICAL - 2024-01-28 10:19:38 --> Undefined variable $notificationModel
in APPPATH\Views\sys\content_e-Waste Collector.php on line 62.
 1 APPPATH\Views\sys\content_e-Waste Collector.php(62): CodeIgniter\Debug\Exceptions->errorHandler(2, 'Undefined variable $notificationModel', 'C:\\xampp\\htdocs\\ewms\\app\\Views\\sys\\content_e-Waste Collector.php', 62)
 2 SYSTEMPATH\View\View.php(224): include('C:\\xampp\\htdocs\\ewms\\app\\Views\\sys\\content_e-Waste Collector.php')
 3 SYSTEMPATH\View\View.php(227): CodeIgniter\View\View->CodeIgniter\View\{closure}()
 4 SYSTEMPATH\Common.php(1176): CodeIgniter\View\View->render('sys/content_e-waste collector', [], true)
 5 APPPATH\Controllers\Sys.php(88): view('sys/content_e-waste collector', [...])
 6 SYSTEMPATH\CodeIgniter.php(932): App\Controllers\Sys->dashboard()
 7 SYSTEMPATH\CodeIgniter.php(497): CodeIgniter\CodeIgniter->runController(Object(App\Controllers\Sys))
 8 SYSTEMPATH\CodeIgniter.php(366): CodeIgniter\CodeIgniter->handleRequest(null, Object(Config\Cache), false)
 9 FCPATH\index.php(67): CodeIgniter\CodeIgniter->run()
CRITICAL - 2024-01-28 10:19:39 --> Undefined variable $notificationModel
in APPPATH\Views\sys\content_e-Waste Collector.php on line 62.
 1 APPPATH\Views\sys\content_e-Waste Collector.php(62): CodeIgniter\Debug\Exceptions->errorHandler(2, 'Undefined variable $notificationModel', 'C:\\xampp\\htdocs\\ewms\\app\\Views\\sys\\content_e-Waste Collector.php', 62)
 2 SYSTEMPATH\View\View.php(224): include('C:\\xampp\\htdocs\\ewms\\app\\Views\\sys\\content_e-Waste Collector.php')
 3 SYSTEMPATH\View\View.php(227): CodeIgniter\View\View->CodeIgniter\View\{closure}()
 4 SYSTEMPATH\Common.php(1176): CodeIgniter\View\View->render('sys/content_e-waste collector', [], true)
 5 APPPATH\Controllers\Sys.php(88): view('sys/content_e-waste collector', [...])
 6 SYSTEMPATH\CodeIgniter.php(932): App\Controllers\Sys->dashboard()
 7 SYSTEMPATH\CodeIgniter.php(497): CodeIgniter\CodeIgniter->runController(Object(App\Controllers\Sys))
 8 SYSTEMPATH\CodeIgniter.php(366): CodeIgniter\CodeIgniter->handleRequest(null, Object(Config\Cache), false)
 9 FCPATH\index.php(67): CodeIgniter\CodeIgniter->run()
CRITICAL - 2024-01-28 10:19:48 --> Undefined variable $notificationModel
in APPPATH\Views\sys\content_e-Waste Collector.php on line 62.
 1 APPPATH\Views\sys\content_e-Waste Collector.php(62): CodeIgniter\Debug\Exceptions->errorHandler(2, 'Undefined variable $notificationModel', 'C:\\xampp\\htdocs\\ewms\\app\\Views\\sys\\content_e-Waste Collector.php', 62)
 2 SYSTEMPATH\View\View.php(224): include('C:\\xampp\\htdocs\\ewms\\app\\Views\\sys\\content_e-Waste Collector.php')
 3 SYSTEMPATH\View\View.php(227): CodeIgniter\View\View->CodeIgniter\View\{closure}()
 4 SYSTEMPATH\Common.php(1176): CodeIgniter\View\View->render('sys/content_e-waste collector', [], true)
 5 APPPATH\Controllers\Sys.php(88): view('sys/content_e-waste collector', [...])
 6 SYSTEMPATH\CodeIgniter.php(932): App\Controllers\Sys->dashboard()
 7 SYSTEMPATH\CodeIgniter.php(497): CodeIgniter\CodeIgniter->runController(Object(App\Controllers\Sys))
 8 SYSTEMPATH\CodeIgniter.php(366): CodeIgniter\CodeIgniter->handleRequest(null, Object(Config\Cache), false)
 9 FCPATH\index.php(67): CodeIgniter\CodeIgniter->run()
CRITICAL - 2024-01-28 10:35:41 --> Trying to access array offset on value of type null
in APPPATH\Views\sys\detailed_view.php on line 21.
 1 APPPATH\Views\sys\detailed_view.php(21): CodeIgniter\Debug\Exceptions->errorHandler(2, 'Trying to access array offset on value of type null', 'C:\\xampp\\htdocs\\ewms\\app\\Views\\sys\\detailed_view.php', 21)
 2 SYSTEMPATH\View\View.php(224): include('C:\\xampp\\htdocs\\ewms\\app\\Views\\sys\\detailed_view.php')
 3 SYSTEMPATH\View\View.php(227): CodeIgniter\View\View->CodeIgniter\View\{closure}()
 4 SYSTEMPATH\Common.php(1176): CodeIgniter\View\View->render('sys/detailed_view', [], true)
 5 APPPATH\Controllers\Sys.php(222): view('sys/detailed_view', [...])
 6 SYSTEMPATH\CodeIgniter.php(932): App\Controllers\Sys->detailedView('assets', 'img', 'messages-1.jpg')
 7 SYSTEMPATH\CodeIgniter.php(497): CodeIgniter\CodeIgniter->runController(Object(App\Controllers\Sys))
 8 SYSTEMPATH\CodeIgniter.php(366): CodeIgniter\CodeIgniter->handleRequest(null, Object(Config\Cache), false)
 9 FCPATH\index.php(67): CodeIgniter\CodeIgniter->run()
CRITICAL - 2024-01-28 10:35:41 --> Trying to access array offset on value of type null
in APPPATH\Views\sys\detailed_view.php on line 21.
 1 APPPATH\Views\sys\detailed_view.php(21): CodeIgniter\Debug\Exceptions->errorHandler(2, 'Trying to access array offset on value of type null', 'C:\\xampp\\htdocs\\ewms\\app\\Views\\sys\\detailed_view.php', 21)
 2 SYSTEMPATH\View\View.php(224): include('C:\\xampp\\htdocs\\ewms\\app\\Views\\sys\\detailed_view.php')
 3 SYSTEMPATH\View\View.php(227): CodeIgniter\View\View->CodeIgniter\View\{closure}()
 4 SYSTEMPATH\Common.php(1176): CodeIgniter\View\View->render('sys/detailed_view', [], true)
 5 APPPATH\Controllers\Sys.php(222): view('sys/detailed_view', [...])
 6 SYSTEMPATH\CodeIgniter.php(932): App\Controllers\Sys->detailedView('assets', 'img', 'messages-2.jpg')
 7 SYSTEMPATH\CodeIgniter.php(497): CodeIgniter\CodeIgniter->runController(Object(App\Controllers\Sys))
 8 SYSTEMPATH\CodeIgniter.php(366): CodeIgniter\CodeIgniter->handleRequest(null, Object(Config\Cache), false)
 9 FCPATH\index.php(67): CodeIgniter\CodeIgniter->run()
CRITICAL - 2024-01-28 10:35:41 --> Trying to access array offset on value of type null
in APPPATH\Views\sys\detailed_view.php on line 21.
 1 APPPATH\Views\sys\detailed_view.php(21): CodeIgniter\Debug\Exceptions->errorHandler(2, 'Trying to access array offset on value of type null', 'C:\\xampp\\htdocs\\ewms\\app\\Views\\sys\\detailed_view.php', 21)
 2 SYSTEMPATH\View\View.php(224): include('C:\\xampp\\htdocs\\ewms\\app\\Views\\sys\\detailed_view.php')
 3 SYSTEMPATH\View\View.php(227): CodeIgniter\View\View->CodeIgniter\View\{closure}()
 4 SYSTEMPATH\Common.php(1176): CodeIgniter\View\View->render('sys/detailed_view', [], true)
 5 APPPATH\Controllers\Sys.php(222): view('sys/detailed_view', [...])
 6 SYSTEMPATH\CodeIgniter.php(932): App\Controllers\Sys->detailedView('assets', 'img', 'messages-3.jpg')
 7 SYSTEMPATH\CodeIgniter.php(497): CodeIgniter\CodeIgniter->runController(Object(App\Controllers\Sys))
 8 SYSTEMPATH\CodeIgniter.php(366): CodeIgniter\CodeIgniter->handleRequest(null, Object(Config\Cache), false)
 9 FCPATH\index.php(67): CodeIgniter\CodeIgniter->run()
CRITICAL - 2024-01-28 10:38:37 --> Trying to access array offset on value of type null
in APPPATH\Views\sys\detailed_view.php on line 21.
 1 APPPATH\Views\sys\detailed_view.php(21): CodeIgniter\Debug\Exceptions->errorHandler(2, 'Trying to access array offset on value of type null', 'C:\\xampp\\htdocs\\ewms\\app\\Views\\sys\\detailed_view.php', 21)
 2 SYSTEMPATH\View\View.php(224): include('C:\\xampp\\htdocs\\ewms\\app\\Views\\sys\\detailed_view.php')
 3 SYSTEMPATH\View\View.php(227): CodeIgniter\View\View->CodeIgniter\View\{closure}()
 4 SYSTEMPATH\Common.php(1176): CodeIgniter\View\View->render('sys/detailed_view', [], true)
 5 APPPATH\Controllers\Sys.php(222): view('sys/detailed_view', [...])
 6 SYSTEMPATH\CodeIgniter.php(932): App\Controllers\Sys->detailedView('assets', 'img', 'messages-1.jpg')
 7 SYSTEMPATH\CodeIgniter.php(497): CodeIgniter\CodeIgniter->runController(Object(App\Controllers\Sys))
 8 SYSTEMPATH\CodeIgniter.php(366): CodeIgniter\CodeIgniter->handleRequest(null, Object(Config\Cache), false)
 9 FCPATH\index.php(67): CodeIgniter\CodeIgniter->run()
CRITICAL - 2024-01-28 10:38:37 --> Trying to access array offset on value of type null
in APPPATH\Views\sys\detailed_view.php on line 21.
 1 APPPATH\Views\sys\detailed_view.php(21): CodeIgniter\Debug\Exceptions->errorHandler(2, 'Trying to access array offset on value of type null', 'C:\\xampp\\htdocs\\ewms\\app\\Views\\sys\\detailed_view.php', 21)
 2 SYSTEMPATH\View\View.php(224): include('C:\\xampp\\htdocs\\ewms\\app\\Views\\sys\\detailed_view.php')
 3 SYSTEMPATH\View\View.php(227): CodeIgniter\View\View->CodeIgniter\View\{closure}()
 4 SYSTEMPATH\Common.php(1176): CodeIgniter\View\View->render('sys/detailed_view', [], true)
 5 APPPATH\Controllers\Sys.php(222): view('sys/detailed_view', [...])
 6 SYSTEMPATH\CodeIgniter.php(932): App\Controllers\Sys->detailedView('assets', 'img', 'messages-2.jpg')
 7 SYSTEMPATH\CodeIgniter.php(497): CodeIgniter\CodeIgniter->runController(Object(App\Controllers\Sys))
 8 SYSTEMPATH\CodeIgniter.php(366): CodeIgniter\CodeIgniter->handleRequest(null, Object(Config\Cache), false)
 9 FCPATH\index.php(67): CodeIgniter\CodeIgniter->run()
CRITICAL - 2024-01-28 10:38:37 --> Trying to access array offset on value of type null
in APPPATH\Views\sys\detailed_view.php on line 21.
 1 APPPATH\Views\sys\detailed_view.php(21): CodeIgniter\Debug\Exceptions->errorHandler(2, 'Trying to access array offset on value of type null', 'C:\\xampp\\htdocs\\ewms\\app\\Views\\sys\\detailed_view.php', 21)
 2 SYSTEMPATH\View\View.php(224): include('C:\\xampp\\htdocs\\ewms\\app\\Views\\sys\\detailed_view.php')
 3 SYSTEMPATH\View\View.php(227): CodeIgniter\View\View->CodeIgniter\View\{closure}()
 4 SYSTEMPATH\Common.php(1176): CodeIgniter\View\View->render('sys/detailed_view', [], true)
 5 APPPATH\Controllers\Sys.php(222): view('sys/detailed_view', [...])
 6 SYSTEMPATH\CodeIgniter.php(932): App\Controllers\Sys->detailedView('assets', 'img', 'messages-3.jpg')
 7 SYSTEMPATH\CodeIgniter.php(497): CodeIgniter\CodeIgniter->runController(Object(App\Controllers\Sys))
 8 SYSTEMPATH\CodeIgniter.php(366): CodeIgniter\CodeIgniter->handleRequest(null, Object(Config\Cache), false)
 9 FCPATH\index.php(67): CodeIgniter\CodeIgniter->run()
CRITICAL - 2024-01-28 10:39:33 --> Trying to access array offset on value of type null
in APPPATH\Views\sys\detailed_view.php on line 21.
 1 APPPATH\Views\sys\detailed_view.php(21): CodeIgniter\Debug\Exceptions->errorHandler(2, 'Trying to access array offset on value of type null', 'C:\\xampp\\htdocs\\ewms\\app\\Views\\sys\\detailed_view.php', 21)
 2 SYSTEMPATH\View\View.php(224): include('C:\\xampp\\htdocs\\ewms\\app\\Views\\sys\\detailed_view.php')
 3 SYSTEMPATH\View\View.php(227): CodeIgniter\View\View->CodeIgniter\View\{closure}()
 4 SYSTEMPATH\Common.php(1176): CodeIgniter\View\View->render('sys/detailed_view', [], true)
 5 APPPATH\Controllers\Sys.php(222): view('sys/detailed_view', [...])
 6 SYSTEMPATH\CodeIgniter.php(932): App\Controllers\Sys->detailedView('assets', 'img', 'messages-1.jpg')
 7 SYSTEMPATH\CodeIgniter.php(497): CodeIgniter\CodeIgniter->runController(Object(App\Controllers\Sys))
 8 SYSTEMPATH\CodeIgniter.php(366): CodeIgniter\CodeIgniter->handleRequest(null, Object(Config\Cache), false)
 9 FCPATH\index.php(67): CodeIgniter\CodeIgniter->run()
CRITICAL - 2024-01-28 10:39:33 --> Trying to access array offset on value of type null
in APPPATH\Views\sys\detailed_view.php on line 21.
 1 APPPATH\Views\sys\detailed_view.php(21): CodeIgniter\Debug\Exceptions->errorHandler(2, 'Trying to access array offset on value of type null', 'C:\\xampp\\htdocs\\ewms\\app\\Views\\sys\\detailed_view.php', 21)
 2 SYSTEMPATH\View\View.php(224): include('C:\\xampp\\htdocs\\ewms\\app\\Views\\sys\\detailed_view.php')
 3 SYSTEMPATH\View\View.php(227): CodeIgniter\View\View->CodeIgniter\View\{closure}()
 4 SYSTEMPATH\Common.php(1176): CodeIgniter\View\View->render('sys/detailed_view', [], true)
 5 APPPATH\Controllers\Sys.php(222): view('sys/detailed_view', [...])
 6 SYSTEMPATH\CodeIgniter.php(932): App\Controllers\Sys->detailedView('assets', 'img', 'messages-2.jpg')
 7 SYSTEMPATH\CodeIgniter.php(497): CodeIgniter\CodeIgniter->runController(Object(App\Controllers\Sys))
 8 SYSTEMPATH\CodeIgniter.php(366): CodeIgniter\CodeIgniter->handleRequest(null, Object(Config\Cache), false)
 9 FCPATH\index.php(67): CodeIgniter\CodeIgniter->run()
CRITICAL - 2024-01-28 10:39:33 --> Trying to access array offset on value of type null
in APPPATH\Views\sys\detailed_view.php on line 21.
 1 APPPATH\Views\sys\detailed_view.php(21): CodeIgniter\Debug\Exceptions->errorHandler(2, 'Trying to access array offset on value of type null', 'C:\\xampp\\htdocs\\ewms\\app\\Views\\sys\\detailed_view.php', 21)
 2 SYSTEMPATH\View\View.php(224): include('C:\\xampp\\htdocs\\ewms\\app\\Views\\sys\\detailed_view.php')
 3 SYSTEMPATH\View\View.php(227): CodeIgniter\View\View->CodeIgniter\View\{closure}()
 4 SYSTEMPATH\Common.php(1176): CodeIgniter\View\View->render('sys/detailed_view', [], true)
 5 APPPATH\Controllers\Sys.php(222): view('sys/detailed_view', [...])
 6 SYSTEMPATH\CodeIgniter.php(932): App\Controllers\Sys->detailedView('assets', 'img', 'messages-3.jpg')
 7 SYSTEMPATH\CodeIgniter.php(497): CodeIgniter\CodeIgniter->runController(Object(App\Controllers\Sys))
 8 SYSTEMPATH\CodeIgniter.php(366): CodeIgniter\CodeIgniter->handleRequest(null, Object(Config\Cache), false)
 9 FCPATH\index.php(67): CodeIgniter\CodeIgniter->run()
CRITICAL - 2024-01-28 10:59:29 --> Trying to access array offset on value of type null
in APPPATH\Views\sys\detailed_view.php on line 21.
 1 APPPATH\Views\sys\detailed_view.php(21): CodeIgniter\Debug\Exceptions->errorHandler(2, 'Trying to access array offset on value of type null', 'C:\\xampp\\htdocs\\ewms\\app\\Views\\sys\\detailed_view.php', 21)
 2 SYSTEMPATH\View\View.php(224): include('C:\\xampp\\htdocs\\ewms\\app\\Views\\sys\\detailed_view.php')
 3 SYSTEMPATH\View\View.php(227): CodeIgniter\View\View->CodeIgniter\View\{closure}()
 4 SYSTEMPATH\Common.php(1176): CodeIgniter\View\View->render('sys/detailed_view', [], true)
 5 APPPATH\Controllers\Sys.php(222): view('sys/detailed_view', [...])
 6 SYSTEMPATH\CodeIgniter.php(932): App\Controllers\Sys->detailedView('assets', 'img', 'messages-1.jpg')
 7 SYSTEMPATH\CodeIgniter.php(497): CodeIgniter\CodeIgniter->runController(Object(App\Controllers\Sys))
 8 SYSTEMPATH\CodeIgniter.php(366): CodeIgniter\CodeIgniter->handleRequest(null, Object(Config\Cache), false)
 9 FCPATH\index.php(67): CodeIgniter\CodeIgniter->run()
CRITICAL - 2024-01-28 10:59:29 --> Trying to access array offset on value of type null
in APPPATH\Views\sys\detailed_view.php on line 21.
 1 APPPATH\Views\sys\detailed_view.php(21): CodeIgniter\Debug\Exceptions->errorHandler(2, 'Trying to access array offset on value of type null', 'C:\\xampp\\htdocs\\ewms\\app\\Views\\sys\\detailed_view.php', 21)
 2 SYSTEMPATH\View\View.php(224): include('C:\\xampp\\htdocs\\ewms\\app\\Views\\sys\\detailed_view.php')
 3 SYSTEMPATH\View\View.php(227): CodeIgniter\View\View->CodeIgniter\View\{closure}()
 4 SYSTEMPATH\Common.php(1176): CodeIgniter\View\View->render('sys/detailed_view', [], true)
 5 APPPATH\Controllers\Sys.php(222): view('sys/detailed_view', [...])
 6 SYSTEMPATH\CodeIgniter.php(932): App\Controllers\Sys->detailedView('assets', 'img', 'messages-2.jpg')
 7 SYSTEMPATH\CodeIgniter.php(497): CodeIgniter\CodeIgniter->runController(Object(App\Controllers\Sys))
 8 SYSTEMPATH\CodeIgniter.php(366): CodeIgniter\CodeIgniter->handleRequest(null, Object(Config\Cache), false)
 9 FCPATH\index.php(67): CodeIgniter\CodeIgniter->run()
CRITICAL - 2024-01-28 10:59:29 --> Trying to access array offset on value of type null
in APPPATH\Views\sys\detailed_view.php on line 21.
 1 APPPATH\Views\sys\detailed_view.php(21): CodeIgniter\Debug\Exceptions->errorHandler(2, 'Trying to access array offset on value of type null', 'C:\\xampp\\htdocs\\ewms\\app\\Views\\sys\\detailed_view.php', 21)
 2 SYSTEMPATH\View\View.php(224): include('C:\\xampp\\htdocs\\ewms\\app\\Views\\sys\\detailed_view.php')
 3 SYSTEMPATH\View\View.php(227): CodeIgniter\View\View->CodeIgniter\View\{closure}()
 4 SYSTEMPATH\Common.php(1176): CodeIgniter\View\View->render('sys/detailed_view', [], true)
 5 APPPATH\Controllers\Sys.php(222): view('sys/detailed_view', [...])
 6 SYSTEMPATH\CodeIgniter.php(932): App\Controllers\Sys->detailedView('assets', 'img', 'messages-3.jpg')
 7 SYSTEMPATH\CodeIgniter.php(497): CodeIgniter\CodeIgniter->runController(Object(App\Controllers\Sys))
 8 SYSTEMPATH\CodeIgniter.php(366): CodeIgniter\CodeIgniter->handleRequest(null, Object(Config\Cache), false)
 9 FCPATH\index.php(67): CodeIgniter\CodeIgniter->run()
CRITICAL - 2024-01-28 10:59:41 --> Trying to access array offset on value of type null
in APPPATH\Views\sys\detailed_view.php on line 21.
 1 APPPATH\Views\sys\detailed_view.php(21): CodeIgniter\Debug\Exceptions->errorHandler(2, 'Trying to access array offset on value of type null', 'C:\\xampp\\htdocs\\ewms\\app\\Views\\sys\\detailed_view.php', 21)
 2 SYSTEMPATH\View\View.php(224): include('C:\\xampp\\htdocs\\ewms\\app\\Views\\sys\\detailed_view.php')
 3 SYSTEMPATH\View\View.php(227): CodeIgniter\View\View->CodeIgniter\View\{closure}()
 4 SYSTEMPATH\Common.php(1176): CodeIgniter\View\View->render('sys/detailed_view', [], true)
 5 APPPATH\Controllers\Sys.php(222): view('sys/detailed_view', [...])
 6 SYSTEMPATH\CodeIgniter.php(932): App\Controllers\Sys->detailedView('assets', 'img', 'messages-1.jpg')
 7 SYSTEMPATH\CodeIgniter.php(497): CodeIgniter\CodeIgniter->runController(Object(App\Controllers\Sys))
 8 SYSTEMPATH\CodeIgniter.php(366): CodeIgniter\CodeIgniter->handleRequest(null, Object(Config\Cache), false)
 9 FCPATH\index.php(67): CodeIgniter\CodeIgniter->run()
CRITICAL - 2024-01-28 10:59:41 --> Trying to access array offset on value of type null
in APPPATH\Views\sys\detailed_view.php on line 21.
 1 APPPATH\Views\sys\detailed_view.php(21): CodeIgniter\Debug\Exceptions->errorHandler(2, 'Trying to access array offset on value of type null', 'C:\\xampp\\htdocs\\ewms\\app\\Views\\sys\\detailed_view.php', 21)
 2 SYSTEMPATH\View\View.php(224): include('C:\\xampp\\htdocs\\ewms\\app\\Views\\sys\\detailed_view.php')
 3 SYSTEMPATH\View\View.php(227): CodeIgniter\View\View->CodeIgniter\View\{closure}()
 4 SYSTEMPATH\Common.php(1176): CodeIgniter\View\View->render('sys/detailed_view', [], true)
 5 APPPATH\Controllers\Sys.php(222): view('sys/detailed_view', [...])
 6 SYSTEMPATH\CodeIgniter.php(932): App\Controllers\Sys->detailedView('assets', 'img', 'messages-3.jpg')
 7 SYSTEMPATH\CodeIgniter.php(497): CodeIgniter\CodeIgniter->runController(Object(App\Controllers\Sys))
 8 SYSTEMPATH\CodeIgniter.php(366): CodeIgniter\CodeIgniter->handleRequest(null, Object(Config\Cache), false)
 9 FCPATH\index.php(67): CodeIgniter\CodeIgniter->run()
CRITICAL - 2024-01-28 10:59:41 --> Trying to access array offset on value of type null
in APPPATH\Views\sys\detailed_view.php on line 21.
 1 APPPATH\Views\sys\detailed_view.php(21): CodeIgniter\Debug\Exceptions->errorHandler(2, 'Trying to access array offset on value of type null', 'C:\\xampp\\htdocs\\ewms\\app\\Views\\sys\\detailed_view.php', 21)
 2 SYSTEMPATH\View\View.php(224): include('C:\\xampp\\htdocs\\ewms\\app\\Views\\sys\\detailed_view.php')
 3 SYSTEMPATH\View\View.php(227): CodeIgniter\View\View->CodeIgniter\View\{closure}()
 4 SYSTEMPATH\Common.php(1176): CodeIgniter\View\View->render('sys/detailed_view', [], true)
 5 APPPATH\Controllers\Sys.php(222): view('sys/detailed_view', [...])
 6 SYSTEMPATH\CodeIgniter.php(932): App\Controllers\Sys->detailedView('assets', 'img', 'messages-2.jpg')
 7 SYSTEMPATH\CodeIgniter.php(497): CodeIgniter\CodeIgniter->runController(Object(App\Controllers\Sys))
 8 SYSTEMPATH\CodeIgniter.php(366): CodeIgniter\CodeIgniter->handleRequest(null, Object(Config\Cache), false)
 9 FCPATH\index.php(67): CodeIgniter\CodeIgniter->run()
CRITICAL - 2024-01-28 16:03:08 --> Trying to access array offset on value of type null
in APPPATH\Views\sys\detailed_view.php on line 21.
 1 APPPATH\Views\sys\detailed_view.php(21): CodeIgniter\Debug\Exceptions->errorHandler(2, 'Trying to access array offset on value of type null', 'C:\\xampp\\htdocs\\ewms\\app\\Views\\sys\\detailed_view.php', 21)
 2 SYSTEMPATH\View\View.php(224): include('C:\\xampp\\htdocs\\ewms\\app\\Views\\sys\\detailed_view.php')
 3 SYSTEMPATH\View\View.php(227): CodeIgniter\View\View->CodeIgniter\View\{closure}()
 4 SYSTEMPATH\Common.php(1176): CodeIgniter\View\View->render('sys/detailed_view', [], true)
 5 APPPATH\Controllers\Sys.php(222): view('sys/detailed_view', [...])
 6 SYSTEMPATH\CodeIgniter.php(932): App\Controllers\Sys->detailedView('assets', 'img', 'messages-1.jpg')
 7 SYSTEMPATH\CodeIgniter.php(497): CodeIgniter\CodeIgniter->runController(Object(App\Controllers\Sys))
 8 SYSTEMPATH\CodeIgniter.php(366): CodeIgniter\CodeIgniter->handleRequest(null, Object(Config\Cache), false)
 9 FCPATH\index.php(67): CodeIgniter\CodeIgniter->run()
CRITICAL - 2024-01-28 16:03:08 --> Trying to access array offset on value of type null
in APPPATH\Views\sys\detailed_view.php on line 21.
 1 APPPATH\Views\sys\detailed_view.php(21): CodeIgniter\Debug\Exceptions->errorHandler(2, 'Trying to access array offset on value of type null', 'C:\\xampp\\htdocs\\ewms\\app\\Views\\sys\\detailed_view.php', 21)
 2 SYSTEMPATH\View\View.php(224): include('C:\\xampp\\htdocs\\ewms\\app\\Views\\sys\\detailed_view.php')
 3 SYSTEMPATH\View\View.php(227): CodeIgniter\View\View->CodeIgniter\View\{closure}()
 4 SYSTEMPATH\Common.php(1176): CodeIgniter\View\View->render('sys/detailed_view', [], true)
 5 APPPATH\Controllers\Sys.php(222): view('sys/detailed_view', [...])
 6 SYSTEMPATH\CodeIgniter.php(932): App\Controllers\Sys->detailedView('assets', 'img', 'messages-2.jpg')
 7 SYSTEMPATH\CodeIgniter.php(497): CodeIgniter\CodeIgniter->runController(Object(App\Controllers\Sys))
 8 SYSTEMPATH\CodeIgniter.php(366): CodeIgniter\CodeIgniter->handleRequest(null, Object(Config\Cache), false)
 9 FCPATH\index.php(67): CodeIgniter\CodeIgniter->run()
CRITICAL - 2024-01-28 16:03:08 --> Trying to access array offset on value of type null
in APPPATH\Views\sys\detailed_view.php on line 21.
 1 APPPATH\Views\sys\detailed_view.php(21): CodeIgniter\Debug\Exceptions->errorHandler(2, 'Trying to access array offset on value of type null', 'C:\\xampp\\htdocs\\ewms\\app\\Views\\sys\\detailed_view.php', 21)
 2 SYSTEMPATH\View\View.php(224): include('C:\\xampp\\htdocs\\ewms\\app\\Views\\sys\\detailed_view.php')
 3 SYSTEMPATH\View\View.php(227): CodeIgniter\View\View->CodeIgniter\View\{closure}()
 4 SYSTEMPATH\Common.php(1176): CodeIgniter\View\View->render('sys/detailed_view', [], true)
 5 APPPATH\Controllers\Sys.php(222): view('sys/detailed_view', [...])
 6 SYSTEMPATH\CodeIgniter.php(932): App\Controllers\Sys->detailedView('assets', 'img', 'messages-3.jpg')
 7 SYSTEMPATH\CodeIgniter.php(497): CodeIgniter\CodeIgniter->runController(Object(App\Controllers\Sys))
 8 SYSTEMPATH\CodeIgniter.php(366): CodeIgniter\CodeIgniter->handleRequest(null, Object(Config\Cache), false)
 9 FCPATH\index.php(67): CodeIgniter\CodeIgniter->run()
CRITICAL - 2024-01-28 16:04:01 --> Trying to access array offset on value of type null
in APPPATH\Views\sys\detailed_view.php on line 21.
 1 APPPATH\Views\sys\detailed_view.php(21): CodeIgniter\Debug\Exceptions->errorHandler(2, 'Trying to access array offset on value of type null', 'C:\\xampp\\htdocs\\ewms\\app\\Views\\sys\\detailed_view.php', 21)
 2 SYSTEMPATH\View\View.php(224): include('C:\\xampp\\htdocs\\ewms\\app\\Views\\sys\\detailed_view.php')
 3 SYSTEMPATH\View\View.php(227): CodeIgniter\View\View->CodeIgniter\View\{closure}()
 4 SYSTEMPATH\Common.php(1176): CodeIgniter\View\View->render('sys/detailed_view', [], true)
 5 APPPATH\Controllers\Sys.php(222): view('sys/detailed_view', [...])
 6 SYSTEMPATH\CodeIgniter.php(932): App\Controllers\Sys->detailedView('assets', 'img', 'messages-2.jpg')
 7 SYSTEMPATH\CodeIgniter.php(497): CodeIgniter\CodeIgniter->runController(Object(App\Controllers\Sys))
 8 SYSTEMPATH\CodeIgniter.php(366): CodeIgniter\CodeIgniter->handleRequest(null, Object(Config\Cache), false)
 9 FCPATH\index.php(67): CodeIgniter\CodeIgniter->run()
CRITICAL - 2024-01-28 16:04:01 --> Trying to access array offset on value of type null
in APPPATH\Views\sys\detailed_view.php on line 21.
 1 APPPATH\Views\sys\detailed_view.php(21): CodeIgniter\Debug\Exceptions->errorHandler(2, 'Trying to access array offset on value of type null', 'C:\\xampp\\htdocs\\ewms\\app\\Views\\sys\\detailed_view.php', 21)
 2 SYSTEMPATH\View\View.php(224): include('C:\\xampp\\htdocs\\ewms\\app\\Views\\sys\\detailed_view.php')
 3 SYSTEMPATH\View\View.php(227): CodeIgniter\View\View->CodeIgniter\View\{closure}()
 4 SYSTEMPATH\Common.php(1176): CodeIgniter\View\View->render('sys/detailed_view', [], true)
 5 APPPATH\Controllers\Sys.php(222): view('sys/detailed_view', [...])
 6 SYSTEMPATH\CodeIgniter.php(932): App\Controllers\Sys->detailedView('assets', 'img', 'messages-1.jpg')
 7 SYSTEMPATH\CodeIgniter.php(497): CodeIgniter\CodeIgniter->runController(Object(App\Controllers\Sys))
 8 SYSTEMPATH\CodeIgniter.php(366): CodeIgniter\CodeIgniter->handleRequest(null, Object(Config\Cache), false)
 9 FCPATH\index.php(67): CodeIgniter\CodeIgniter->run()
CRITICAL - 2024-01-28 16:04:01 --> Trying to access array offset on value of type null
in APPPATH\Views\sys\detailed_view.php on line 21.
 1 APPPATH\Views\sys\detailed_view.php(21): CodeIgniter\Debug\Exceptions->errorHandler(2, 'Trying to access array offset on value of type null', 'C:\\xampp\\htdocs\\ewms\\app\\Views\\sys\\detailed_view.php', 21)
 2 SYSTEMPATH\View\View.php(224): include('C:\\xampp\\htdocs\\ewms\\app\\Views\\sys\\detailed_view.php')
 3 SYSTEMPATH\View\View.php(227): CodeIgniter\View\View->CodeIgniter\View\{closure}()
 4 SYSTEMPATH\Common.php(1176): CodeIgniter\View\View->render('sys/detailed_view', [], true)
 5 APPPATH\Controllers\Sys.php(222): view('sys/detailed_view', [...])
 6 SYSTEMPATH\CodeIgniter.php(932): App\Controllers\Sys->detailedView('assets', 'img', 'messages-3.jpg')
 7 SYSTEMPATH\CodeIgniter.php(497): CodeIgniter\CodeIgniter->runController(Object(App\Controllers\Sys))
 8 SYSTEMPATH\CodeIgniter.php(366): CodeIgniter\CodeIgniter->handleRequest(null, Object(Config\Cache), false)
 9 FCPATH\index.php(67): CodeIgniter\CodeIgniter->run()
CRITICAL - 2024-01-28 16:04:10 --> Trying to access array offset on value of type null
in APPPATH\Views\sys\detailed_view.php on line 21.
 1 APPPATH\Views\sys\detailed_view.php(21): CodeIgniter\Debug\Exceptions->errorHandler(2, 'Trying to access array offset on value of type null', 'C:\\xampp\\htdocs\\ewms\\app\\Views\\sys\\detailed_view.php', 21)
 2 SYSTEMPATH\View\View.php(224): include('C:\\xampp\\htdocs\\ewms\\app\\Views\\sys\\detailed_view.php')
 3 SYSTEMPATH\View\View.php(227): CodeIgniter\View\View->CodeIgniter\View\{closure}()
 4 SYSTEMPATH\Common.php(1176): CodeIgniter\View\View->render('sys/detailed_view', [], true)
 5 APPPATH\Controllers\Sys.php(222): view('sys/detailed_view', [...])
 6 SYSTEMPATH\CodeIgniter.php(932): App\Controllers\Sys->detailedView('assets', 'img', 'messages-1.jpg')
 7 SYSTEMPATH\CodeIgniter.php(497): CodeIgniter\CodeIgniter->runController(Object(App\Controllers\Sys))
 8 SYSTEMPATH\CodeIgniter.php(366): CodeIgniter\CodeIgniter->handleRequest(null, Object(Config\Cache), false)
 9 FCPATH\index.php(67): CodeIgniter\CodeIgniter->run()
CRITICAL - 2024-01-28 16:04:10 --> Trying to access array offset on value of type null
in APPPATH\Views\sys\detailed_view.php on line 21.
 1 APPPATH\Views\sys\detailed_view.php(21): CodeIgniter\Debug\Exceptions->errorHandler(2, 'Trying to access array offset on value of type null', 'C:\\xampp\\htdocs\\ewms\\app\\Views\\sys\\detailed_view.php', 21)
 2 SYSTEMPATH\View\View.php(224): include('C:\\xampp\\htdocs\\ewms\\app\\Views\\sys\\detailed_view.php')
 3 SYSTEMPATH\View\View.php(227): CodeIgniter\View\View->CodeIgniter\View\{closure}()
 4 SYSTEMPATH\Common.php(1176): CodeIgniter\View\View->render('sys/detailed_view', [], true)
 5 APPPATH\Controllers\Sys.php(222): view('sys/detailed_view', [...])
 6 SYSTEMPATH\CodeIgniter.php(932): App\Controllers\Sys->detailedView('assets', 'img', 'messages-2.jpg')
 7 SYSTEMPATH\CodeIgniter.php(497): CodeIgniter\CodeIgniter->runController(Object(App\Controllers\Sys))
 8 SYSTEMPATH\CodeIgniter.php(366): CodeIgniter\CodeIgniter->handleRequest(null, Object(Config\Cache), false)
 9 FCPATH\index.php(67): CodeIgniter\CodeIgniter->run()
CRITICAL - 2024-01-28 16:04:10 --> Trying to access array offset on value of type null
in APPPATH\Views\sys\detailed_view.php on line 21.
 1 APPPATH\Views\sys\detailed_view.php(21): CodeIgniter\Debug\Exceptions->errorHandler(2, 'Trying to access array offset on value of type null', 'C:\\xampp\\htdocs\\ewms\\app\\Views\\sys\\detailed_view.php', 21)
 2 SYSTEMPATH\View\View.php(224): include('C:\\xampp\\htdocs\\ewms\\app\\Views\\sys\\detailed_view.php')
 3 SYSTEMPATH\View\View.php(227): CodeIgniter\View\View->CodeIgniter\View\{closure}()
 4 SYSTEMPATH\Common.php(1176): CodeIgniter\View\View->render('sys/detailed_view', [], true)
 5 APPPATH\Controllers\Sys.php(222): view('sys/detailed_view', [...])
 6 SYSTEMPATH\CodeIgniter.php(932): App\Controllers\Sys->detailedView('assets', 'img', 'messages-3.jpg')
 7 SYSTEMPATH\CodeIgniter.php(497): CodeIgniter\CodeIgniter->runController(Object(App\Controllers\Sys))
 8 SYSTEMPATH\CodeIgniter.php(366): CodeIgniter\CodeIgniter->handleRequest(null, Object(Config\Cache), false)
 9 FCPATH\index.php(67): CodeIgniter\CodeIgniter->run()
CRITICAL - 2024-01-28 16:57:38 --> Trying to access array offset on value of type null
in APPPATH\Views\sys\detailed_view.php on line 21.
 1 APPPATH\Views\sys\detailed_view.php(21): CodeIgniter\Debug\Exceptions->errorHandler(2, 'Trying to access array offset on value of type null', 'C:\\xampp\\htdocs\\ewms\\app\\Views\\sys\\detailed_view.php', 21)
 2 SYSTEMPATH\View\View.php(224): include('C:\\xampp\\htdocs\\ewms\\app\\Views\\sys\\detailed_view.php')
 3 SYSTEMPATH\View\View.php(227): CodeIgniter\View\View->CodeIgniter\View\{closure}()
 4 SYSTEMPATH\Common.php(1176): CodeIgniter\View\View->render('sys/detailed_view', [], true)
 5 APPPATH\Controllers\Sys.php(222): view('sys/detailed_view', [...])
 6 SYSTEMPATH\CodeIgniter.php(932): App\Controllers\Sys->detailedView('assets', 'img', 'messages-2.jpg')
 7 SYSTEMPATH\CodeIgniter.php(497): CodeIgniter\CodeIgniter->runController(Object(App\Controllers\Sys))
 8 SYSTEMPATH\CodeIgniter.php(366): CodeIgniter\CodeIgniter->handleRequest(null, Object(Config\Cache), false)
 9 FCPATH\index.php(67): CodeIgniter\CodeIgniter->run()
CRITICAL - 2024-01-28 16:57:38 --> Trying to access array offset on value of type null
in APPPATH\Views\sys\detailed_view.php on line 21.
 1 APPPATH\Views\sys\detailed_view.php(21): CodeIgniter\Debug\Exceptions->errorHandler(2, 'Trying to access array offset on value of type null', 'C:\\xampp\\htdocs\\ewms\\app\\Views\\sys\\detailed_view.php', 21)
 2 SYSTEMPATH\View\View.php(224): include('C:\\xampp\\htdocs\\ewms\\app\\Views\\sys\\detailed_view.php')
 3 SYSTEMPATH\View\View.php(227): CodeIgniter\View\View->CodeIgniter\View\{closure}()
 4 SYSTEMPATH\Common.php(1176): CodeIgniter\View\View->render('sys/detailed_view', [], true)
 5 APPPATH\Controllers\Sys.php(222): view('sys/detailed_view', [...])
 6 SYSTEMPATH\CodeIgniter.php(932): App\Controllers\Sys->detailedView('assets', 'img', 'messages-1.jpg')
 7 SYSTEMPATH\CodeIgniter.php(497): CodeIgniter\CodeIgniter->runController(Object(App\Controllers\Sys))
 8 SYSTEMPATH\CodeIgniter.php(366): CodeIgniter\CodeIgniter->handleRequest(null, Object(Config\Cache), false)
 9 FCPATH\index.php(67): CodeIgniter\CodeIgniter->run()
CRITICAL - 2024-01-28 16:57:38 --> Trying to access array offset on value of type null
in APPPATH\Views\sys\detailed_view.php on line 21.
 1 APPPATH\Views\sys\detailed_view.php(21): CodeIgniter\Debug\Exceptions->errorHandler(2, 'Trying to access array offset on value of type null', 'C:\\xampp\\htdocs\\ewms\\app\\Views\\sys\\detailed_view.php', 21)
 2 SYSTEMPATH\View\View.php(224): include('C:\\xampp\\htdocs\\ewms\\app\\Views\\sys\\detailed_view.php')
 3 SYSTEMPATH\View\View.php(227): CodeIgniter\View\View->CodeIgniter\View\{closure}()
 4 SYSTEMPATH\Common.php(1176): CodeIgniter\View\View->render('sys/detailed_view', [], true)
 5 APPPATH\Controllers\Sys.php(222): view('sys/detailed_view', [...])
 6 SYSTEMPATH\CodeIgniter.php(932): App\Controllers\Sys->detailedView('assets', 'img', 'messages-3.jpg')
 7 SYSTEMPATH\CodeIgniter.php(497): CodeIgniter\CodeIgniter->runController(Object(App\Controllers\Sys))
 8 SYSTEMPATH\CodeIgniter.php(366): CodeIgniter\CodeIgniter->handleRequest(null, Object(Config\Cache), false)
 9 FCPATH\index.php(67): CodeIgniter\CodeIgniter->run()
