CRITICAL - 2024-04-02 07:03:04 --> Undefined variable $user_type
in APPPATH\Controllers\Sys.php on line 126.
 1 APPPATH\Controllers\Sys.php(126): CodeIgniter\Debug\Exceptions->errorHandler(2, 'Undefined variable $user_type', 'C:\\xampp\\htdocs\\practice_ewms\\app\\Controllers\\Sys.php', 126)
 2 SYSTEMPATH\CodeIgniter.php(932): App\Controllers\Sys->viewAddEwaste()
 3 SYSTEMPATH\CodeIgniter.php(497): CodeIgniter\CodeIgniter->runController(Object(App\Controllers\Sys))
 4 SYSTEMPATH\CodeIgniter.php(366): CodeIgniter\CodeIgniter->handleRequest(null, Object(Config\Cache), false)
 5 FCPATH\index.php(67): CodeIgniter\CodeIgniter->run()
CRITICAL - 2024-04-02 09:14:33 --> Invalid file: "sys/menu_.php"
in SYSTEMPATH\Exceptions\FrameworkException.php on line 33.
 1 SYSTEMPATH\View\View.php(212): CodeIgniter\Exceptions\FrameworkException::forInvalidFile('sys/menu_.php')
 2 SYSTEMPATH\Common.php(1176): CodeIgniter\View\View->render('sys/menu_', [], true)
 3 APPPATH\Controllers\Sys.php(235): view('sys/menu_')
 4 SYSTEMPATH\CodeIgniter.php(932): App\Controllers\Sys->submitEwaste()
 5 SYSTEMPATH\CodeIgniter.php(497): CodeIgniter\CodeIgniter->runController(Object(App\Controllers\Sys))
 6 SYSTEMPATH\CodeIgniter.php(366): CodeIgniter\CodeIgniter->handleRequest(null, Object(Config\Cache), false)
 7 FCPATH\index.php(67): CodeIgniter\CodeIgniter->run()
CRITICAL - 2024-04-02 11:52:47 --> Undefined variable $district_list
in APPPATH\Views\sys\addEwasteForm.php on line 70.
 1 APPPATH\Views\sys\addEwasteForm.php(70): CodeIgniter\Debug\Exceptions->errorHandler(2, 'Undefined variable $district_list', 'C:\\xampp\\htdocs\\practice_ewms\\app\\Views\\sys\\addEwasteForm.php', 70)
 2 SYSTEMPATH\View\View.php(224): include('C:\\xampp\\htdocs\\practice_ewms\\app\\Views\\sys\\addEwasteForm.php')
 3 SYSTEMPATH\View\View.php(227): CodeIgniter\View\View->CodeIgniter\View\{closure}()
 4 SYSTEMPATH\Common.php(1176): CodeIgniter\View\View->render('sys/addEwasteForm', [], true)
 5 APPPATH\Controllers\Sys.php(232): view('sys/addEwasteForm', [...])
 6 SYSTEMPATH\CodeIgniter.php(932): App\Controllers\Sys->submitEwaste()
 7 SYSTEMPATH\CodeIgniter.php(497): CodeIgniter\CodeIgniter->runController(Object(App\Controllers\Sys))
 8 SYSTEMPATH\CodeIgniter.php(366): CodeIgniter\CodeIgniter->handleRequest(null, Object(Config\Cache), false)
 9 FCPATH\index.php(67): CodeIgniter\CodeIgniter->run()
CRITICAL - 2024-04-02 11:56:09 --> Undefined variable $Item_Category
in APPPATH\Views\sys\addEwasteForm.php on line 70.
 1 APPPATH\Views\sys\addEwasteForm.php(70): CodeIgniter\Debug\Exceptions->errorHandler(2, 'Undefined variable $Item_Category', 'C:\\xampp\\htdocs\\practice_ewms\\app\\Views\\sys\\addEwasteForm.php', 70)
 2 SYSTEMPATH\View\View.php(224): include('C:\\xampp\\htdocs\\practice_ewms\\app\\Views\\sys\\addEwasteForm.php')
 3 SYSTEMPATH\View\View.php(227): CodeIgniter\View\View->CodeIgniter\View\{closure}()
 4 SYSTEMPATH\Common.php(1176): CodeIgniter\View\View->render('sys/addEwasteForm', [], true)
 5 APPPATH\Controllers\Sys.php(151): view('sys/addEwasteForm')
 6 SYSTEMPATH\CodeIgniter.php(932): App\Controllers\Sys->viewAddEwaste()
 7 SYSTEMPATH\CodeIgniter.php(497): CodeIgniter\CodeIgniter->runController(Object(App\Controllers\Sys))
 8 SYSTEMPATH\CodeIgniter.php(366): CodeIgniter\CodeIgniter->handleRequest(null, Object(Config\Cache), false)
 9 FCPATH\index.php(67): CodeIgniter\CodeIgniter->run()
CRITICAL - 2024-04-02 12:11:49 --> Class "App\Controllers\categoryModel" not found
in APPPATH\Controllers\Sys.php on line 147.
 1 SYSTEMPATH\CodeIgniter.php(932): App\Controllers\Sys->viewAddEwaste()
 2 SYSTEMPATH\CodeIgniter.php(497): CodeIgniter\CodeIgniter->runController(Object(App\Controllers\Sys))
 3 SYSTEMPATH\CodeIgniter.php(366): CodeIgniter\CodeIgniter->handleRequest(null, Object(Config\Cache), false)
 4 FCPATH\index.php(67): CodeIgniter\CodeIgniter->run()
CRITICAL - 2024-04-02 12:13:04 --> Class "App\Controllers\CategoryModel" not found
in APPPATH\Controllers\Sys.php on line 147.
 1 SYSTEMPATH\CodeIgniter.php(932): App\Controllers\Sys->viewAddEwaste()
 2 SYSTEMPATH\CodeIgniter.php(497): CodeIgniter\CodeIgniter->runController(Object(App\Controllers\Sys))
 3 SYSTEMPATH\CodeIgniter.php(366): CodeIgniter\CodeIgniter->handleRequest(null, Object(Config\Cache), false)
 4 FCPATH\index.php(67): CodeIgniter\CodeIgniter->run()
CRITICAL - 2024-04-02 13:00:48 --> Invalid file: "sys/view_add_new_category.php"
in SYSTEMPATH\Exceptions\FrameworkException.php on line 33.
 1 SYSTEMPATH\View\View.php(212): CodeIgniter\Exceptions\FrameworkException::forInvalidFile('sys/view_add_new_category.php')
 2 SYSTEMPATH\Common.php(1176): CodeIgniter\View\View->render('sys/view_add_new_category', [], true)
 3 APPPATH\Controllers\Sys.php(2480): view('sys/view_add_new_category', [...])
 4 SYSTEMPATH\CodeIgniter.php(932): App\Controllers\Sys->saveCategory()
 5 SYSTEMPATH\CodeIgniter.php(497): CodeIgniter\CodeIgniter->runController(Object(App\Controllers\Sys))
 6 SYSTEMPATH\CodeIgniter.php(366): CodeIgniter\CodeIgniter->handleRequest(null, Object(Config\Cache), false)
 7 FCPATH\index.php(67): CodeIgniter\CodeIgniter->run()
CRITICAL - 2024-04-02 13:01:24 --> Invalid file: "sys/view_add_new_category.php"
in SYSTEMPATH\Exceptions\FrameworkException.php on line 33.
 1 SYSTEMPATH\View\View.php(212): CodeIgniter\Exceptions\FrameworkException::forInvalidFile('sys/view_add_new_category.php')
 2 SYSTEMPATH\Common.php(1176): CodeIgniter\View\View->render('sys/view_add_new_category', [], true)
 3 APPPATH\Controllers\Sys.php(2480): view('sys/view_add_new_category', [...])
 4 SYSTEMPATH\CodeIgniter.php(932): App\Controllers\Sys->saveCategory()
 5 SYSTEMPATH\CodeIgniter.php(497): CodeIgniter\CodeIgniter->runController(Object(App\Controllers\Sys))
 6 SYSTEMPATH\CodeIgniter.php(366): CodeIgniter\CodeIgniter->handleRequest(null, Object(Config\Cache), false)
 7 FCPATH\index.php(67): CodeIgniter\CodeIgniter->run()
CRITICAL - 2024-04-02 13:06:32 --> syntax error, unexpected token "echo", expecting "," or ";"
in APPPATH\Controllers\Sys.php on line 2478.
 1 SYSTEMPATH\Router\Router.php(510): CodeIgniter\Router\AutoRouter->getRoute('/sys/saveCategory', 'post')
 2 SYSTEMPATH\Router\Router.php(208): CodeIgniter\Router\Router->autoRoute('/sys/saveCategory')
 3 SYSTEMPATH\CodeIgniter.php(813): CodeIgniter\Router\Router->handle('/sys/saveCategory')
 4 SYSTEMPATH\CodeIgniter.php(447): CodeIgniter\CodeIgniter->tryToRouteIt(Object(CodeIgniter\Router\RouteCollection))
 5 SYSTEMPATH\CodeIgniter.php(366): CodeIgniter\CodeIgniter->handleRequest(null, Object(Config\Cache), false)
 6 FCPATH\index.php(67): CodeIgniter\CodeIgniter->run()
CRITICAL - 2024-04-02 13:28:07 --> "Item Category" is not a valid rule.
in SYSTEMPATH\Validation\Validation.php on line 286.
 1 SYSTEMPATH\Validation\Validation.php(286): CodeIgniter\Validation\Exceptions\ValidationException::forRuleNotFound('Item Category')
 2 SYSTEMPATH\Validation\Validation.php(182): CodeIgniter\Validation\Validation->processRules('Item_Category', 'Item_Category', 'Kitchen Items', [...], [...])
 3 SYSTEMPATH\Controller.php(141): CodeIgniter\Validation\Validation->run()
 4 APPPATH\Controllers\Sys.php(2462): CodeIgniter\Controller->validate([...])
 5 SYSTEMPATH\CodeIgniter.php(932): App\Controllers\Sys->saveCategory()
 6 SYSTEMPATH\CodeIgniter.php(497): CodeIgniter\CodeIgniter->runController(Object(App\Controllers\Sys))
 7 SYSTEMPATH\CodeIgniter.php(366): CodeIgniter\CodeIgniter->handleRequest(null, Object(Config\Cache), false)
 8 FCPATH\index.php(67): CodeIgniter\CodeIgniter->run()
CRITICAL - 2024-04-02 13:28:48 --> "Item Category" is not a valid rule.
in SYSTEMPATH\Validation\Validation.php on line 286.
 1 SYSTEMPATH\Validation\Validation.php(286): CodeIgniter\Validation\Exceptions\ValidationException::forRuleNotFound('Item Category')
 2 SYSTEMPATH\Validation\Validation.php(182): CodeIgniter\Validation\Validation->processRules('Item_Category', 'Item_Category', 'Kitchen Items', [...], [...])
 3 SYSTEMPATH\Controller.php(141): CodeIgniter\Validation\Validation->run()
 4 APPPATH\Controllers\Sys.php(2462): CodeIgniter\Controller->validate([...])
 5 SYSTEMPATH\CodeIgniter.php(932): App\Controllers\Sys->saveCategory()
 6 SYSTEMPATH\CodeIgniter.php(497): CodeIgniter\CodeIgniter->runController(Object(App\Controllers\Sys))
 7 SYSTEMPATH\CodeIgniter.php(366): CodeIgniter\CodeIgniter->handleRequest(null, Object(Config\Cache), false)
 8 FCPATH\index.php(67): CodeIgniter\CodeIgniter->run()
CRITICAL - 2024-04-02 14:20:53 --> Too few arguments to function App\Controllers\Sys::editCategory(), 0 passed in C:\xampp\htdocs\practice_ewms\system\CodeIgniter.php on line 932 and exactly 1 expected
in APPPATH\Controllers\Sys.php on line 2479.
 1 SYSTEMPATH\CodeIgniter.php(932): App\Controllers\Sys->editCategory()
 2 SYSTEMPATH\CodeIgniter.php(497): CodeIgniter\CodeIgniter->runController(Object(App\Controllers\Sys))
 3 SYSTEMPATH\CodeIgniter.php(366): CodeIgniter\CodeIgniter->handleRequest(null, Object(Config\Cache), false)
 4 FCPATH\index.php(67): CodeIgniter\CodeIgniter->run()
CRITICAL - 2024-04-02 14:24:45 --> Too few arguments to function App\Controllers\Sys::editCategory(), 0 passed in C:\xampp\htdocs\practice_ewms\system\CodeIgniter.php on line 932 and exactly 1 expected
in APPPATH\Controllers\Sys.php on line 2479.
 1 SYSTEMPATH\CodeIgniter.php(932): App\Controllers\Sys->editCategory()
 2 SYSTEMPATH\CodeIgniter.php(497): CodeIgniter\CodeIgniter->runController(Object(App\Controllers\Sys))
 3 SYSTEMPATH\CodeIgniter.php(366): CodeIgniter\CodeIgniter->handleRequest(null, Object(Config\Cache), false)
 4 FCPATH\index.php(67): CodeIgniter\CodeIgniter->run()
CRITICAL - 2024-04-02 14:24:46 --> Too few arguments to function App\Controllers\Sys::editCategory(), 0 passed in C:\xampp\htdocs\practice_ewms\system\CodeIgniter.php on line 932 and exactly 1 expected
in APPPATH\Controllers\Sys.php on line 2479.
 1 SYSTEMPATH\CodeIgniter.php(932): App\Controllers\Sys->editCategory()
 2 SYSTEMPATH\CodeIgniter.php(497): CodeIgniter\CodeIgniter->runController(Object(App\Controllers\Sys))
 3 SYSTEMPATH\CodeIgniter.php(366): CodeIgniter\CodeIgniter->handleRequest(null, Object(Config\Cache), false)
 4 FCPATH\index.php(67): CodeIgniter\CodeIgniter->run()
CRITICAL - 2024-04-02 14:24:49 --> Undefined variable $categoryId
in APPPATH\Views\sys\menu_admin.php on line 51.
 1 APPPATH\Views\sys\menu_admin.php(51): CodeIgniter\Debug\Exceptions->errorHandler(2, 'Undefined variable $categoryId', 'C:\\xampp\\htdocs\\practice_ewms\\app\\Views\\sys\\menu_admin.php', 51)
 2 SYSTEMPATH\View\View.php(224): include('C:\\xampp\\htdocs\\practice_ewms\\app\\Views\\sys\\menu_admin.php')
 3 SYSTEMPATH\View\View.php(227): CodeIgniter\View\View->CodeIgniter\View\{closure}()
 4 SYSTEMPATH\Common.php(1176): CodeIgniter\View\View->render('sys/menu_admin', [], true)
 5 APPPATH\Controllers\Sys.php(2408): view('sys/menu_admin')
 6 SYSTEMPATH\CodeIgniter.php(932): App\Controllers\Sys->view_add_new_category()
 7 SYSTEMPATH\CodeIgniter.php(497): CodeIgniter\CodeIgniter->runController(Object(App\Controllers\Sys))
 8 SYSTEMPATH\CodeIgniter.php(366): CodeIgniter\CodeIgniter->handleRequest(null, Object(Config\Cache), false)
 9 FCPATH\index.php(67): CodeIgniter\CodeIgniter->run()
CRITICAL - 2024-04-02 14:24:50 --> Undefined variable $categoryId
in APPPATH\Views\sys\menu_admin.php on line 51.
 1 APPPATH\Views\sys\menu_admin.php(51): CodeIgniter\Debug\Exceptions->errorHandler(2, 'Undefined variable $categoryId', 'C:\\xampp\\htdocs\\practice_ewms\\app\\Views\\sys\\menu_admin.php', 51)
 2 SYSTEMPATH\View\View.php(224): include('C:\\xampp\\htdocs\\practice_ewms\\app\\Views\\sys\\menu_admin.php')
 3 SYSTEMPATH\View\View.php(227): CodeIgniter\View\View->CodeIgniter\View\{closure}()
 4 SYSTEMPATH\Common.php(1176): CodeIgniter\View\View->render('sys/menu_admin', [], true)
 5 APPPATH\Controllers\Sys.php(1744): view('sys/menu_admin', [...])
 6 APPPATH\Controllers\Sys.php(44): App\Controllers\Sys->viewUserMgt()
 7 SYSTEMPATH\CodeIgniter.php(932): App\Controllers\Sys->dashboard()
 8 SYSTEMPATH\CodeIgniter.php(497): CodeIgniter\CodeIgniter->runController(Object(App\Controllers\Sys))
 9 SYSTEMPATH\CodeIgniter.php(366): CodeIgniter\CodeIgniter->handleRequest(null, Object(Config\Cache), false)
10 FCPATH\index.php(67): CodeIgniter\CodeIgniter->run()
CRITICAL - 2024-04-02 14:24:53 --> Undefined variable $categoryId
in APPPATH\Views\sys\menu_admin.php on line 51.
 1 APPPATH\Views\sys\menu_admin.php(51): CodeIgniter\Debug\Exceptions->errorHandler(2, 'Undefined variable $categoryId', 'C:\\xampp\\htdocs\\practice_ewms\\app\\Views\\sys\\menu_admin.php', 51)
 2 SYSTEMPATH\View\View.php(224): include('C:\\xampp\\htdocs\\practice_ewms\\app\\Views\\sys\\menu_admin.php')
 3 SYSTEMPATH\View\View.php(227): CodeIgniter\View\View->CodeIgniter\View\{closure}()
 4 SYSTEMPATH\Common.php(1176): CodeIgniter\View\View->render('sys/menu_admin', [], true)
 5 APPPATH\Controllers\Sys.php(2473): view('sys/menu_admin')
 6 SYSTEMPATH\CodeIgniter.php(932): App\Controllers\Sys->saveCategory()
 7 SYSTEMPATH\CodeIgniter.php(497): CodeIgniter\CodeIgniter->runController(Object(App\Controllers\Sys))
 8 SYSTEMPATH\CodeIgniter.php(366): CodeIgniter\CodeIgniter->handleRequest(null, Object(Config\Cache), false)
 9 FCPATH\index.php(67): CodeIgniter\CodeIgniter->run()
CRITICAL - 2024-04-02 14:25:05 --> Undefined variable $categoryId
in APPPATH\Views\sys\menu_admin.php on line 51.
 1 APPPATH\Views\sys\menu_admin.php(51): CodeIgniter\Debug\Exceptions->errorHandler(2, 'Undefined variable $categoryId', 'C:\\xampp\\htdocs\\practice_ewms\\app\\Views\\sys\\menu_admin.php', 51)
 2 SYSTEMPATH\View\View.php(224): include('C:\\xampp\\htdocs\\practice_ewms\\app\\Views\\sys\\menu_admin.php')
 3 SYSTEMPATH\View\View.php(227): CodeIgniter\View\View->CodeIgniter\View\{closure}()
 4 SYSTEMPATH\Common.php(1176): CodeIgniter\View\View->render('sys/menu_admin', [], true)
 5 APPPATH\Controllers\Sys.php(1744): view('sys/menu_admin', [...])
 6 APPPATH\Controllers\Sys.php(44): App\Controllers\Sys->viewUserMgt()
 7 SYSTEMPATH\CodeIgniter.php(932): App\Controllers\Sys->dashboard()
 8 SYSTEMPATH\CodeIgniter.php(497): CodeIgniter\CodeIgniter->runController(Object(App\Controllers\Sys))
 9 SYSTEMPATH\CodeIgniter.php(366): CodeIgniter\CodeIgniter->handleRequest(null, Object(Config\Cache), false)
10 FCPATH\index.php(67): CodeIgniter\CodeIgniter->run()
CRITICAL - 2024-04-02 14:27:07 --> Undefined variable $categoryId
in APPPATH\Views\sys\menu_admin.php on line 51.
 1 APPPATH\Views\sys\menu_admin.php(51): CodeIgniter\Debug\Exceptions->errorHandler(2, 'Undefined variable $categoryId', 'C:\\xampp\\htdocs\\practice_ewms\\app\\Views\\sys\\menu_admin.php', 51)
 2 SYSTEMPATH\View\View.php(224): include('C:\\xampp\\htdocs\\practice_ewms\\app\\Views\\sys\\menu_admin.php')
 3 SYSTEMPATH\View\View.php(227): CodeIgniter\View\View->CodeIgniter\View\{closure}()
 4 SYSTEMPATH\Common.php(1176): CodeIgniter\View\View->render('sys/menu_admin', [], true)
 5 APPPATH\Controllers\Sys.php(1744): view('sys/menu_admin', [...])
 6 APPPATH\Controllers\Sys.php(44): App\Controllers\Sys->viewUserMgt()
 7 SYSTEMPATH\CodeIgniter.php(932): App\Controllers\Sys->dashboard()
 8 SYSTEMPATH\CodeIgniter.php(497): CodeIgniter\CodeIgniter->runController(Object(App\Controllers\Sys))
 9 SYSTEMPATH\CodeIgniter.php(366): CodeIgniter\CodeIgniter->handleRequest(null, Object(Config\Cache), false)
10 FCPATH\index.php(67): CodeIgniter\CodeIgniter->run()
CRITICAL - 2024-04-02 14:27:08 --> Undefined variable $categoryId
in APPPATH\Views\sys\menu_admin.php on line 51.
 1 APPPATH\Views\sys\menu_admin.php(51): CodeIgniter\Debug\Exceptions->errorHandler(2, 'Undefined variable $categoryId', 'C:\\xampp\\htdocs\\practice_ewms\\app\\Views\\sys\\menu_admin.php', 51)
 2 SYSTEMPATH\View\View.php(224): include('C:\\xampp\\htdocs\\practice_ewms\\app\\Views\\sys\\menu_admin.php')
 3 SYSTEMPATH\View\View.php(227): CodeIgniter\View\View->CodeIgniter\View\{closure}()
 4 SYSTEMPATH\Common.php(1176): CodeIgniter\View\View->render('sys/menu_admin', [], true)
 5 APPPATH\Controllers\Sys.php(1744): view('sys/menu_admin', [...])
 6 APPPATH\Controllers\Sys.php(44): App\Controllers\Sys->viewUserMgt()
 7 SYSTEMPATH\CodeIgniter.php(932): App\Controllers\Sys->dashboard()
 8 SYSTEMPATH\CodeIgniter.php(497): CodeIgniter\CodeIgniter->runController(Object(App\Controllers\Sys))
 9 SYSTEMPATH\CodeIgniter.php(366): CodeIgniter\CodeIgniter->handleRequest(null, Object(Config\Cache), false)
10 FCPATH\index.php(67): CodeIgniter\CodeIgniter->run()
CRITICAL - 2024-04-02 14:30:57 --> Undefined variable $categoryId
in APPPATH\Views\sys\user_management.php on line 16.
 1 APPPATH\Views\sys\user_management.php(16): CodeIgniter\Debug\Exceptions->errorHandler(2, 'Undefined variable $categoryId', 'C:\\xampp\\htdocs\\practice_ewms\\app\\Views\\sys\\user_management.php', 16)
 2 SYSTEMPATH\View\View.php(224): include('C:\\xampp\\htdocs\\practice_ewms\\app\\Views\\sys\\user_management.php')
 3 SYSTEMPATH\View\View.php(227): CodeIgniter\View\View->CodeIgniter\View\{closure}()
 4 SYSTEMPATH\Common.php(1176): CodeIgniter\View\View->render('sys/user_management', [], true)
 5 APPPATH\Controllers\Sys.php(1745): view('sys/user_management', [...])
 6 APPPATH\Controllers\Sys.php(44): App\Controllers\Sys->viewUserMgt()
 7 SYSTEMPATH\CodeIgniter.php(932): App\Controllers\Sys->dashboard()
 8 SYSTEMPATH\CodeIgniter.php(497): CodeIgniter\CodeIgniter->runController(Object(App\Controllers\Sys))
 9 SYSTEMPATH\CodeIgniter.php(366): CodeIgniter\CodeIgniter->handleRequest(null, Object(Config\Cache), false)
10 FCPATH\index.php(67): CodeIgniter\CodeIgniter->run()
CRITICAL - 2024-04-02 14:31:39 --> Undefined variable $categoryId
in APPPATH\Views\sys\user_management.php on line 16.
 1 APPPATH\Views\sys\user_management.php(16): CodeIgniter\Debug\Exceptions->errorHandler(2, 'Undefined variable $categoryId', 'C:\\xampp\\htdocs\\practice_ewms\\app\\Views\\sys\\user_management.php', 16)
 2 SYSTEMPATH\View\View.php(224): include('C:\\xampp\\htdocs\\practice_ewms\\app\\Views\\sys\\user_management.php')
 3 SYSTEMPATH\View\View.php(227): CodeIgniter\View\View->CodeIgniter\View\{closure}()
 4 SYSTEMPATH\Common.php(1176): CodeIgniter\View\View->render('sys/user_management', [], true)
 5 APPPATH\Controllers\Sys.php(1745): view('sys/user_management', [...])
 6 APPPATH\Controllers\Sys.php(44): App\Controllers\Sys->viewUserMgt()
 7 SYSTEMPATH\CodeIgniter.php(932): App\Controllers\Sys->dashboard()
 8 SYSTEMPATH\CodeIgniter.php(497): CodeIgniter\CodeIgniter->runController(Object(App\Controllers\Sys))
 9 SYSTEMPATH\CodeIgniter.php(366): CodeIgniter\CodeIgniter->handleRequest(null, Object(Config\Cache), false)
10 FCPATH\index.php(67): CodeIgniter\CodeIgniter->run()
CRITICAL - 2024-04-02 14:39:07 --> Undefined variable $categoryId
in APPPATH\Views\sys\add_new_category.php on line 38.
 1 APPPATH\Views\sys\add_new_category.php(38): CodeIgniter\Debug\Exceptions->errorHandler(2, 'Undefined variable $categoryId', 'C:\\xampp\\htdocs\\practice_ewms\\app\\Views\\sys\\add_new_category.php', 38)
 2 SYSTEMPATH\View\View.php(224): include('C:\\xampp\\htdocs\\practice_ewms\\app\\Views\\sys\\add_new_category.php')
 3 SYSTEMPATH\View\View.php(227): CodeIgniter\View\View->CodeIgniter\View\{closure}()
 4 SYSTEMPATH\Common.php(1176): CodeIgniter\View\View->render('sys/add_new_category', [], true)
 5 APPPATH\Controllers\Sys.php(2409): view('sys/add_new_category')
 6 SYSTEMPATH\CodeIgniter.php(932): App\Controllers\Sys->view_add_new_category()
 7 SYSTEMPATH\CodeIgniter.php(497): CodeIgniter\CodeIgniter->runController(Object(App\Controllers\Sys))
 8 SYSTEMPATH\CodeIgniter.php(366): CodeIgniter\CodeIgniter->handleRequest(null, Object(Config\Cache), false)
 9 FCPATH\index.php(67): CodeIgniter\CodeIgniter->run()
CRITICAL - 2024-04-02 14:53:04 --> Undefined variable $categoryId
in APPPATH\Views\sys\add_new_category.php on line 38.
 1 APPPATH\Views\sys\add_new_category.php(38): CodeIgniter\Debug\Exceptions->errorHandler(2, 'Undefined variable $categoryId', 'C:\\xampp\\htdocs\\practice_ewms\\app\\Views\\sys\\add_new_category.php', 38)
 2 SYSTEMPATH\View\View.php(224): include('C:\\xampp\\htdocs\\practice_ewms\\app\\Views\\sys\\add_new_category.php')
 3 SYSTEMPATH\View\View.php(227): CodeIgniter\View\View->CodeIgniter\View\{closure}()
 4 SYSTEMPATH\Common.php(1176): CodeIgniter\View\View->render('sys/add_new_category', [], true)
 5 APPPATH\Controllers\Sys.php(2409): view('sys/add_new_category')
 6 SYSTEMPATH\CodeIgniter.php(932): App\Controllers\Sys->view_add_new_category()
 7 SYSTEMPATH\CodeIgniter.php(497): CodeIgniter\CodeIgniter->runController(Object(App\Controllers\Sys))
 8 SYSTEMPATH\CodeIgniter.php(366): CodeIgniter\CodeIgniter->handleRequest(null, Object(Config\Cache), false)
 9 FCPATH\index.php(67): CodeIgniter\CodeIgniter->run()
CRITICAL - 2024-04-02 14:53:19 --> Undefined variable $categoryId
in APPPATH\Views\sys\add_new_category.php on line 38.
 1 APPPATH\Views\sys\add_new_category.php(38): CodeIgniter\Debug\Exceptions->errorHandler(2, 'Undefined variable $categoryId', 'C:\\xampp\\htdocs\\practice_ewms\\app\\Views\\sys\\add_new_category.php', 38)
 2 SYSTEMPATH\View\View.php(224): include('C:\\xampp\\htdocs\\practice_ewms\\app\\Views\\sys\\add_new_category.php')
 3 SYSTEMPATH\View\View.php(227): CodeIgniter\View\View->CodeIgniter\View\{closure}()
 4 SYSTEMPATH\Common.php(1176): CodeIgniter\View\View->render('sys/add_new_category', [], true)
 5 APPPATH\Controllers\Sys.php(2409): view('sys/add_new_category')
 6 SYSTEMPATH\CodeIgniter.php(932): App\Controllers\Sys->view_add_new_category()
 7 SYSTEMPATH\CodeIgniter.php(497): CodeIgniter\CodeIgniter->runController(Object(App\Controllers\Sys))
 8 SYSTEMPATH\CodeIgniter.php(366): CodeIgniter\CodeIgniter->handleRequest(null, Object(Config\Cache), false)
 9 FCPATH\index.php(67): CodeIgniter\CodeIgniter->run()
CRITICAL - 2024-04-02 14:53:20 --> Undefined variable $categoryId
in APPPATH\Views\sys\add_new_category.php on line 38.
 1 APPPATH\Views\sys\add_new_category.php(38): CodeIgniter\Debug\Exceptions->errorHandler(2, 'Undefined variable $categoryId', 'C:\\xampp\\htdocs\\practice_ewms\\app\\Views\\sys\\add_new_category.php', 38)
 2 SYSTEMPATH\View\View.php(224): include('C:\\xampp\\htdocs\\practice_ewms\\app\\Views\\sys\\add_new_category.php')
 3 SYSTEMPATH\View\View.php(227): CodeIgniter\View\View->CodeIgniter\View\{closure}()
 4 SYSTEMPATH\Common.php(1176): CodeIgniter\View\View->render('sys/add_new_category', [], true)
 5 APPPATH\Controllers\Sys.php(2409): view('sys/add_new_category')
 6 SYSTEMPATH\CodeIgniter.php(932): App\Controllers\Sys->view_add_new_category()
 7 SYSTEMPATH\CodeIgniter.php(497): CodeIgniter\CodeIgniter->runController(Object(App\Controllers\Sys))
 8 SYSTEMPATH\CodeIgniter.php(366): CodeIgniter\CodeIgniter->handleRequest(null, Object(Config\Cache), false)
 9 FCPATH\index.php(67): CodeIgniter\CodeIgniter->run()
CRITICAL - 2024-04-02 14:53:21 --> Undefined variable $categoryId
in APPPATH\Views\sys\add_new_category.php on line 38.
 1 APPPATH\Views\sys\add_new_category.php(38): CodeIgniter\Debug\Exceptions->errorHandler(2, 'Undefined variable $categoryId', 'C:\\xampp\\htdocs\\practice_ewms\\app\\Views\\sys\\add_new_category.php', 38)
 2 SYSTEMPATH\View\View.php(224): include('C:\\xampp\\htdocs\\practice_ewms\\app\\Views\\sys\\add_new_category.php')
 3 SYSTEMPATH\View\View.php(227): CodeIgniter\View\View->CodeIgniter\View\{closure}()
 4 SYSTEMPATH\Common.php(1176): CodeIgniter\View\View->render('sys/add_new_category', [], true)
 5 APPPATH\Controllers\Sys.php(2409): view('sys/add_new_category')
 6 SYSTEMPATH\CodeIgniter.php(932): App\Controllers\Sys->view_add_new_category()
 7 SYSTEMPATH\CodeIgniter.php(497): CodeIgniter\CodeIgniter->runController(Object(App\Controllers\Sys))
 8 SYSTEMPATH\CodeIgniter.php(366): CodeIgniter\CodeIgniter->handleRequest(null, Object(Config\Cache), false)
 9 FCPATH\index.php(67): CodeIgniter\CodeIgniter->run()
CRITICAL - 2024-04-02 14:53:21 --> Undefined variable $categoryId
in APPPATH\Views\sys\add_new_category.php on line 38.
 1 APPPATH\Views\sys\add_new_category.php(38): CodeIgniter\Debug\Exceptions->errorHandler(2, 'Undefined variable $categoryId', 'C:\\xampp\\htdocs\\practice_ewms\\app\\Views\\sys\\add_new_category.php', 38)
 2 SYSTEMPATH\View\View.php(224): include('C:\\xampp\\htdocs\\practice_ewms\\app\\Views\\sys\\add_new_category.php')
 3 SYSTEMPATH\View\View.php(227): CodeIgniter\View\View->CodeIgniter\View\{closure}()
 4 SYSTEMPATH\Common.php(1176): CodeIgniter\View\View->render('sys/add_new_category', [], true)
 5 APPPATH\Controllers\Sys.php(2409): view('sys/add_new_category')
 6 SYSTEMPATH\CodeIgniter.php(932): App\Controllers\Sys->view_add_new_category()
 7 SYSTEMPATH\CodeIgniter.php(497): CodeIgniter\CodeIgniter->runController(Object(App\Controllers\Sys))
 8 SYSTEMPATH\CodeIgniter.php(366): CodeIgniter\CodeIgniter->handleRequest(null, Object(Config\Cache), false)
 9 FCPATH\index.php(67): CodeIgniter\CodeIgniter->run()
CRITICAL - 2024-04-02 14:53:28 --> Undefined variable $categoryId
in APPPATH\Views\sys\add_new_category.php on line 38.
 1 APPPATH\Views\sys\add_new_category.php(38): CodeIgniter\Debug\Exceptions->errorHandler(2, 'Undefined variable $categoryId', 'C:\\xampp\\htdocs\\practice_ewms\\app\\Views\\sys\\add_new_category.php', 38)
 2 SYSTEMPATH\View\View.php(224): include('C:\\xampp\\htdocs\\practice_ewms\\app\\Views\\sys\\add_new_category.php')
 3 SYSTEMPATH\View\View.php(227): CodeIgniter\View\View->CodeIgniter\View\{closure}()
 4 SYSTEMPATH\Common.php(1176): CodeIgniter\View\View->render('sys/add_new_category', [], true)
 5 APPPATH\Controllers\Sys.php(2409): view('sys/add_new_category')
 6 SYSTEMPATH\CodeIgniter.php(932): App\Controllers\Sys->view_add_new_category()
 7 SYSTEMPATH\CodeIgniter.php(497): CodeIgniter\CodeIgniter->runController(Object(App\Controllers\Sys))
 8 SYSTEMPATH\CodeIgniter.php(366): CodeIgniter\CodeIgniter->handleRequest(null, Object(Config\Cache), false)
 9 FCPATH\index.php(67): CodeIgniter\CodeIgniter->run()
CRITICAL - 2024-04-02 14:53:42 --> Undefined variable $categoryId
in APPPATH\Views\sys\add_new_category.php on line 38.
 1 APPPATH\Views\sys\add_new_category.php(38): CodeIgniter\Debug\Exceptions->errorHandler(2, 'Undefined variable $categoryId', 'C:\\xampp\\htdocs\\practice_ewms\\app\\Views\\sys\\add_new_category.php', 38)
 2 SYSTEMPATH\View\View.php(224): include('C:\\xampp\\htdocs\\practice_ewms\\app\\Views\\sys\\add_new_category.php')
 3 SYSTEMPATH\View\View.php(227): CodeIgniter\View\View->CodeIgniter\View\{closure}()
 4 SYSTEMPATH\Common.php(1176): CodeIgniter\View\View->render('sys/add_new_category', [], true)
 5 APPPATH\Controllers\Sys.php(2409): view('sys/add_new_category')
 6 SYSTEMPATH\CodeIgniter.php(932): App\Controllers\Sys->view_add_new_category()
 7 SYSTEMPATH\CodeIgniter.php(497): CodeIgniter\CodeIgniter->runController(Object(App\Controllers\Sys))
 8 SYSTEMPATH\CodeIgniter.php(366): CodeIgniter\CodeIgniter->handleRequest(null, Object(Config\Cache), false)
 9 FCPATH\index.php(67): CodeIgniter\CodeIgniter->run()
CRITICAL - 2024-04-02 14:54:21 --> Undefined variable $categoryId
in APPPATH\Views\sys\add_new_category.php on line 38.
 1 APPPATH\Views\sys\add_new_category.php(38): CodeIgniter\Debug\Exceptions->errorHandler(2, 'Undefined variable $categoryId', 'C:\\xampp\\htdocs\\practice_ewms\\app\\Views\\sys\\add_new_category.php', 38)
 2 SYSTEMPATH\View\View.php(224): include('C:\\xampp\\htdocs\\practice_ewms\\app\\Views\\sys\\add_new_category.php')
 3 SYSTEMPATH\View\View.php(227): CodeIgniter\View\View->CodeIgniter\View\{closure}()
 4 SYSTEMPATH\Common.php(1176): CodeIgniter\View\View->render('sys/add_new_category', [], true)
 5 APPPATH\Controllers\Sys.php(2409): view('sys/add_new_category')
 6 SYSTEMPATH\CodeIgniter.php(932): App\Controllers\Sys->view_add_new_category()
 7 SYSTEMPATH\CodeIgniter.php(497): CodeIgniter\CodeIgniter->runController(Object(App\Controllers\Sys))
 8 SYSTEMPATH\CodeIgniter.php(366): CodeIgniter\CodeIgniter->handleRequest(null, Object(Config\Cache), false)
 9 FCPATH\index.php(67): CodeIgniter\CodeIgniter->run()
CRITICAL - 2024-04-02 14:54:23 --> Undefined variable $categoryId
in APPPATH\Views\sys\add_new_category.php on line 38.
 1 APPPATH\Views\sys\add_new_category.php(38): CodeIgniter\Debug\Exceptions->errorHandler(2, 'Undefined variable $categoryId', 'C:\\xampp\\htdocs\\practice_ewms\\app\\Views\\sys\\add_new_category.php', 38)
 2 SYSTEMPATH\View\View.php(224): include('C:\\xampp\\htdocs\\practice_ewms\\app\\Views\\sys\\add_new_category.php')
 3 SYSTEMPATH\View\View.php(227): CodeIgniter\View\View->CodeIgniter\View\{closure}()
 4 SYSTEMPATH\Common.php(1176): CodeIgniter\View\View->render('sys/add_new_category', [], true)
 5 APPPATH\Controllers\Sys.php(2409): view('sys/add_new_category')
 6 SYSTEMPATH\CodeIgniter.php(932): App\Controllers\Sys->view_add_new_category()
 7 SYSTEMPATH\CodeIgniter.php(497): CodeIgniter\CodeIgniter->runController(Object(App\Controllers\Sys))
 8 SYSTEMPATH\CodeIgniter.php(366): CodeIgniter\CodeIgniter->handleRequest(null, Object(Config\Cache), false)
 9 FCPATH\index.php(67): CodeIgniter\CodeIgniter->run()
CRITICAL - 2024-04-02 15:02:31 --> Call to undefined function form_open()
in APPPATH\Views\sys\edit_category.php on line 17.
 1 SYSTEMPATH\View\View.php(224): include()
 2 SYSTEMPATH\View\View.php(227): CodeIgniter\View\View->CodeIgniter\View\{closure}()
 3 SYSTEMPATH\Common.php(1176): CodeIgniter\View\View->render('sys/edit_category', [], true)
 4 APPPATH\Controllers\Sys.php(2502): view('sys/edit_category', [...])
 5 SYSTEMPATH\CodeIgniter.php(932): App\Controllers\Sys->editCategory('1')
 6 SYSTEMPATH\CodeIgniter.php(497): CodeIgniter\CodeIgniter->runController(Object(App\Controllers\Sys))
 7 SYSTEMPATH\CodeIgniter.php(366): CodeIgniter\CodeIgniter->handleRequest(null, Object(Config\Cache), false)
 8 FCPATH\index.php(67): CodeIgniter\CodeIgniter->run()
CRITICAL - 2024-04-02 15:02:47 --> Call to undefined function form_open()
in APPPATH\Views\sys\edit_category.php on line 17.
 1 SYSTEMPATH\View\View.php(224): include()
 2 SYSTEMPATH\View\View.php(227): CodeIgniter\View\View->CodeIgniter\View\{closure}()
 3 SYSTEMPATH\Common.php(1176): CodeIgniter\View\View->render('sys/edit_category', [], true)
 4 APPPATH\Controllers\Sys.php(2502): view('sys/edit_category', [...])
 5 SYSTEMPATH\CodeIgniter.php(932): App\Controllers\Sys->editCategory('1')
 6 SYSTEMPATH\CodeIgniter.php(497): CodeIgniter\CodeIgniter->runController(Object(App\Controllers\Sys))
 7 SYSTEMPATH\CodeIgniter.php(366): CodeIgniter\CodeIgniter->handleRequest(null, Object(Config\Cache), false)
 8 FCPATH\index.php(67): CodeIgniter\CodeIgniter->run()
CRITICAL - 2024-04-02 15:06:42 --> Call to undefined function form_open()
in APPPATH\Views\sys\edit_category.php on line 17.
 1 SYSTEMPATH\View\View.php(224): include()
 2 SYSTEMPATH\View\View.php(227): CodeIgniter\View\View->CodeIgniter\View\{closure}()
 3 SYSTEMPATH\Common.php(1176): CodeIgniter\View\View->render('sys/edit_category', [], true)
 4 APPPATH\Controllers\Sys.php(2499): view('sys/edit_category', [...])
 5 SYSTEMPATH\CodeIgniter.php(932): App\Controllers\Sys->editCategory('2')
 6 SYSTEMPATH\CodeIgniter.php(497): CodeIgniter\CodeIgniter->runController(Object(App\Controllers\Sys))
 7 SYSTEMPATH\CodeIgniter.php(366): CodeIgniter\CodeIgniter->handleRequest(null, Object(Config\Cache), false)
 8 FCPATH\index.php(67): CodeIgniter\CodeIgniter->run()
CRITICAL - 2024-04-02 15:07:05 --> Call to undefined function form_open()
in APPPATH\Views\sys\edit_category.php on line 17.
 1 SYSTEMPATH\View\View.php(224): include()
 2 SYSTEMPATH\View\View.php(227): CodeIgniter\View\View->CodeIgniter\View\{closure}()
 3 SYSTEMPATH\Common.php(1176): CodeIgniter\View\View->render('sys/edit_category', [], true)
 4 APPPATH\Controllers\Sys.php(2499): view('sys/edit_category', [...])
 5 SYSTEMPATH\CodeIgniter.php(932): App\Controllers\Sys->editCategory('3')
 6 SYSTEMPATH\CodeIgniter.php(497): CodeIgniter\CodeIgniter->runController(Object(App\Controllers\Sys))
 7 SYSTEMPATH\CodeIgniter.php(366): CodeIgniter\CodeIgniter->handleRequest(null, Object(Config\Cache), false)
 8 FCPATH\index.php(67): CodeIgniter\CodeIgniter->run()
CRITICAL - 2024-04-02 15:10:17 --> Undefined variable $data
in APPPATH\Controllers\Sys.php on line 2500.
 1 APPPATH\Controllers\Sys.php(2500): CodeIgniter\Debug\Exceptions->errorHandler(2, 'Undefined variable $data', 'C:\\xampp\\htdocs\\practice_ewms\\app\\Controllers\\Sys.php', 2500)
 2 SYSTEMPATH\CodeIgniter.php(932): App\Controllers\Sys->editCategory('2')
 3 SYSTEMPATH\CodeIgniter.php(497): CodeIgniter\CodeIgniter->runController(Object(App\Controllers\Sys))
 4 SYSTEMPATH\CodeIgniter.php(366): CodeIgniter\CodeIgniter->handleRequest(null, Object(Config\Cache), false)
 5 FCPATH\index.php(67): CodeIgniter\CodeIgniter->run()
CRITICAL - 2024-04-02 15:38:32 --> There is no data to update.
in SYSTEMPATH\BaseModel.php on line 924.
 1 SYSTEMPATH\BaseModel.php(924): CodeIgniter\Database\Exceptions\DataException::forEmptyDataset('update')
 2 SYSTEMPATH\Model.php(756): CodeIgniter\BaseModel->update([...], [])
 3 APPPATH\Controllers\Sys.php(2546): CodeIgniter\Model->update('2', [...])
 4 SYSTEMPATH\CodeIgniter.php(932): App\Controllers\Sys->restoreCategory('2')
 5 SYSTEMPATH\CodeIgniter.php(497): CodeIgniter\CodeIgniter->runController(Object(App\Controllers\Sys))
 6 SYSTEMPATH\CodeIgniter.php(366): CodeIgniter\CodeIgniter->handleRequest(null, Object(Config\Cache), false)
 7 FCPATH\index.php(67): CodeIgniter\CodeIgniter->run()
CRITICAL - 2024-04-02 15:38:49 --> There is no data to update.
in SYSTEMPATH\BaseModel.php on line 924.
 1 SYSTEMPATH\BaseModel.php(924): CodeIgniter\Database\Exceptions\DataException::forEmptyDataset('update')
 2 SYSTEMPATH\Model.php(756): CodeIgniter\BaseModel->update([...], [])
 3 APPPATH\Controllers\Sys.php(2546): CodeIgniter\Model->update('2', [...])
 4 SYSTEMPATH\CodeIgniter.php(932): App\Controllers\Sys->restoreCategory('2')
 5 SYSTEMPATH\CodeIgniter.php(497): CodeIgniter\CodeIgniter->runController(Object(App\Controllers\Sys))
 6 SYSTEMPATH\CodeIgniter.php(366): CodeIgniter\CodeIgniter->handleRequest(null, Object(Config\Cache), false)
 7 FCPATH\index.php(67): CodeIgniter\CodeIgniter->run()
CRITICAL - 2024-04-02 15:53:01 --> Undefined variable $Item_Category
in APPPATH\Views\sys\addEwasteForm.php on line 70.
 1 APPPATH\Views\sys\addEwasteForm.php(70): CodeIgniter\Debug\Exceptions->errorHandler(2, 'Undefined variable $Item_Category', 'C:\\xampp\\htdocs\\practice_ewms\\app\\Views\\sys\\addEwasteForm.php', 70)
 2 SYSTEMPATH\View\View.php(224): include('C:\\xampp\\htdocs\\practice_ewms\\app\\Views\\sys\\addEwasteForm.php')
 3 SYSTEMPATH\View\View.php(227): CodeIgniter\View\View->CodeIgniter\View\{closure}()
 4 SYSTEMPATH\Common.php(1176): CodeIgniter\View\View->render('sys/addEwasteForm', [], true)
 5 APPPATH\Controllers\Sys.php(235): view('sys/addEwasteForm', [...])
 6 SYSTEMPATH\CodeIgniter.php(932): App\Controllers\Sys->submitEwaste()
 7 SYSTEMPATH\CodeIgniter.php(497): CodeIgniter\CodeIgniter->runController(Object(App\Controllers\Sys))
 8 SYSTEMPATH\CodeIgniter.php(366): CodeIgniter\CodeIgniter->handleRequest(null, Object(Config\Cache), false)
 9 FCPATH\index.php(67): CodeIgniter\CodeIgniter->run()
CRITICAL - 2024-04-02 15:53:07 --> Undefined variable $Item_Category
in APPPATH\Views\sys\addEwasteForm.php on line 70.
 1 APPPATH\Views\sys\addEwasteForm.php(70): CodeIgniter\Debug\Exceptions->errorHandler(2, 'Undefined variable $Item_Category', 'C:\\xampp\\htdocs\\practice_ewms\\app\\Views\\sys\\addEwasteForm.php', 70)
 2 SYSTEMPATH\View\View.php(224): include('C:\\xampp\\htdocs\\practice_ewms\\app\\Views\\sys\\addEwasteForm.php')
 3 SYSTEMPATH\View\View.php(227): CodeIgniter\View\View->CodeIgniter\View\{closure}()
 4 SYSTEMPATH\Common.php(1176): CodeIgniter\View\View->render('sys/addEwasteForm', [], true)
 5 APPPATH\Controllers\Sys.php(235): view('sys/addEwasteForm', [...])
 6 SYSTEMPATH\CodeIgniter.php(932): App\Controllers\Sys->submitEwaste()
 7 SYSTEMPATH\CodeIgniter.php(497): CodeIgniter\CodeIgniter->runController(Object(App\Controllers\Sys))
 8 SYSTEMPATH\CodeIgniter.php(366): CodeIgniter\CodeIgniter->handleRequest(null, Object(Config\Cache), false)
 9 FCPATH\index.php(67): CodeIgniter\CodeIgniter->run()
CRITICAL - 2024-04-02 15:53:19 --> Undefined variable $Item_Category
in APPPATH\Views\sys\addEwasteForm.php on line 70.
 1 APPPATH\Views\sys\addEwasteForm.php(70): CodeIgniter\Debug\Exceptions->errorHandler(2, 'Undefined variable $Item_Category', 'C:\\xampp\\htdocs\\practice_ewms\\app\\Views\\sys\\addEwasteForm.php', 70)
 2 SYSTEMPATH\View\View.php(224): include('C:\\xampp\\htdocs\\practice_ewms\\app\\Views\\sys\\addEwasteForm.php')
 3 SYSTEMPATH\View\View.php(227): CodeIgniter\View\View->CodeIgniter\View\{closure}()
 4 SYSTEMPATH\Common.php(1176): CodeIgniter\View\View->render('sys/addEwasteForm', [], true)
 5 APPPATH\Controllers\Sys.php(235): view('sys/addEwasteForm', [...])
 6 SYSTEMPATH\CodeIgniter.php(932): App\Controllers\Sys->submitEwaste()
 7 SYSTEMPATH\CodeIgniter.php(497): CodeIgniter\CodeIgniter->runController(Object(App\Controllers\Sys))
 8 SYSTEMPATH\CodeIgniter.php(366): CodeIgniter\CodeIgniter->handleRequest(null, Object(Config\Cache), false)
 9 FCPATH\index.php(67): CodeIgniter\CodeIgniter->run()
