CRITICAL - 2024-04-07 08:41:24 --> Call to undefined function form_open_multipart()
in APPPATH\Views\web\registerewastegenerator.php on line 145.
 1 SYSTEMPATH\View\View.php(224): include()
 2 SYSTEMPATH\View\View.php(227): CodeIgniter\View\View->CodeIgniter\View\{closure}()
 3 SYSTEMPATH\Common.php(1176): CodeIgniter\View\View->render('web/registerewastegenerator', [], true)
 4 APPPATH\Controllers\Web.php(48): view('web/registerewastegenerator', [...])
 5 SYSTEMPATH\CodeIgniter.php(932): App\Controllers\Web->register_ewastegenerator()
 6 SYSTEMPATH\CodeIgniter.php(497): CodeIgniter\CodeIgniter->runController(Object(App\Controllers\Web))
 7 SYSTEMPATH\CodeIgniter.php(366): CodeIgniter\CodeIgniter->handleRequest(null, Object(Config\Cache), false)
 8 FCPATH\index.php(67): CodeIgniter\CodeIgniter->run()
CRITICAL - 2024-04-07 08:41:30 --> Invalid file: "web/reg_ewg.php"
in SYSTEMPATH\Exceptions\FrameworkException.php on line 33.
 1 SYSTEMPATH\View\View.php(212): CodeIgniter\Exceptions\FrameworkException::forInvalidFile('web/reg_ewg.php')
 2 SYSTEMPATH\Common.php(1176): CodeIgniter\View\View->render('web/reg_ewg', [], true)
 3 APPPATH\Controllers\Web.php(472): view('web/reg_ewg', [...])
 4 SYSTEMPATH\CodeIgniter.php(932): App\Controllers\Web->reg_ewg()
 5 SYSTEMPATH\CodeIgniter.php(497): CodeIgniter\CodeIgniter->runController(Object(App\Controllers\Web))
 6 SYSTEMPATH\CodeIgniter.php(366): CodeIgniter\CodeIgniter->handleRequest(null, Object(Config\Cache), false)
 7 FCPATH\index.php(67): CodeIgniter\CodeIgniter->run()
CRITICAL - 2024-04-07 08:41:36 --> Call to undefined function form_open_multipart()
in APPPATH\Views\web\registerewastegenerator.php on line 145.
 1 SYSTEMPATH\View\View.php(224): include()
 2 SYSTEMPATH\View\View.php(227): CodeIgniter\View\View->CodeIgniter\View\{closure}()
 3 SYSTEMPATH\Common.php(1176): CodeIgniter\View\View->render('web/registerewastegenerator', [], true)
 4 APPPATH\Controllers\Web.php(48): view('web/registerewastegenerator', [...])
 5 SYSTEMPATH\CodeIgniter.php(932): App\Controllers\Web->register_ewastegenerator()
 6 SYSTEMPATH\CodeIgniter.php(497): CodeIgniter\CodeIgniter->runController(Object(App\Controllers\Web))
 7 SYSTEMPATH\CodeIgniter.php(366): CodeIgniter\CodeIgniter->handleRequest(null, Object(Config\Cache), false)
 8 FCPATH\index.php(67): CodeIgniter\CodeIgniter->run()
CRITICAL - 2024-04-07 08:43:31 --> Call to undefined function form_open_multipart()
in APPPATH\Views\web\registerewastegenerator.php on line 145.
 1 SYSTEMPATH\View\View.php(224): include()
 2 SYSTEMPATH\View\View.php(227): CodeIgniter\View\View->CodeIgniter\View\{closure}()
 3 SYSTEMPATH\Common.php(1176): CodeIgniter\View\View->render('web/registerewastegenerator', [], true)
 4 APPPATH\Controllers\Web.php(48): view('web/registerewastegenerator', [...])
 5 SYSTEMPATH\CodeIgniter.php(932): App\Controllers\Web->register_ewastegenerator()
 6 SYSTEMPATH\CodeIgniter.php(497): CodeIgniter\CodeIgniter->runController(Object(App\Controllers\Web))
 7 SYSTEMPATH\CodeIgniter.php(366): CodeIgniter\CodeIgniter->handleRequest(null, Object(Config\Cache), false)
 8 FCPATH\index.php(67): CodeIgniter\CodeIgniter->run()
CRITICAL - 2024-04-07 08:43:48 --> Call to undefined function form_open_multipart()
in APPPATH\Views\web\registerewastegenerator.php on line 145.
 1 SYSTEMPATH\View\View.php(224): include()
 2 SYSTEMPATH\View\View.php(227): CodeIgniter\View\View->CodeIgniter\View\{closure}()
 3 SYSTEMPATH\Common.php(1176): CodeIgniter\View\View->render('web/registerewastegenerator', [], true)
 4 APPPATH\Controllers\Web.php(48): view('web/registerewastegenerator', [...])
 5 SYSTEMPATH\CodeIgniter.php(932): App\Controllers\Web->register_ewastegenerator()
 6 SYSTEMPATH\CodeIgniter.php(497): CodeIgniter\CodeIgniter->runController(Object(App\Controllers\Web))
 7 SYSTEMPATH\CodeIgniter.php(366): CodeIgniter\CodeIgniter->handleRequest(null, Object(Config\Cache), false)
 8 FCPATH\index.php(67): CodeIgniter\CodeIgniter->run()
CRITICAL - 2024-04-07 08:45:48 --> Call to undefined function form_open_multipart()
in APPPATH\Views\web\registerewastegenerator.php on line 138.
 1 SYSTEMPATH\View\View.php(224): include()
 2 SYSTEMPATH\View\View.php(227): CodeIgniter\View\View->CodeIgniter\View\{closure}()
 3 SYSTEMPATH\Common.php(1176): CodeIgniter\View\View->render('web/registerewastegenerator', [], true)
 4 APPPATH\Controllers\Web.php(48): view('web/registerewastegenerator', [...])
 5 SYSTEMPATH\CodeIgniter.php(932): App\Controllers\Web->register_ewastegenerator()
 6 SYSTEMPATH\CodeIgniter.php(497): CodeIgniter\CodeIgniter->runController(Object(App\Controllers\Web))
 7 SYSTEMPATH\CodeIgniter.php(366): CodeIgniter\CodeIgniter->handleRequest(null, Object(Config\Cache), false)
 8 FCPATH\index.php(67): CodeIgniter\CodeIgniter->run()
CRITICAL - 2024-04-07 08:46:27 --> Call to undefined function form_open_multipart()
in APPPATH\Views\web\registerewastegenerator.php on line 145.
 1 SYSTEMPATH\View\View.php(224): include()
 2 SYSTEMPATH\View\View.php(227): CodeIgniter\View\View->CodeIgniter\View\{closure}()
 3 SYSTEMPATH\Common.php(1176): CodeIgniter\View\View->render('web/registerewastegenerator', [], true)
 4 APPPATH\Controllers\Web.php(48): view('web/registerewastegenerator', [...])
 5 SYSTEMPATH\CodeIgniter.php(932): App\Controllers\Web->register_ewastegenerator()
 6 SYSTEMPATH\CodeIgniter.php(497): CodeIgniter\CodeIgniter->runController(Object(App\Controllers\Web))
 7 SYSTEMPATH\CodeIgniter.php(366): CodeIgniter\CodeIgniter->handleRequest(null, Object(Config\Cache), false)
 8 FCPATH\index.php(67): CodeIgniter\CodeIgniter->run()
CRITICAL - 2024-04-07 08:50:26 --> Call to undefined function form_open_multipart()
in APPPATH\Views\web\registerewastegenerator.php on line 145.
 1 SYSTEMPATH\View\View.php(224): include()
 2 SYSTEMPATH\View\View.php(227): CodeIgniter\View\View->CodeIgniter\View\{closure}()
 3 SYSTEMPATH\Common.php(1176): CodeIgniter\View\View->render('web/registerewastegenerator', [], true)
 4 APPPATH\Controllers\Web.php(48): view('web/registerewastegenerator', [...])
 5 SYSTEMPATH\CodeIgniter.php(932): App\Controllers\Web->register_ewastegenerator()
 6 SYSTEMPATH\CodeIgniter.php(497): CodeIgniter\CodeIgniter->runController(Object(App\Controllers\Web))
 7 SYSTEMPATH\CodeIgniter.php(366): CodeIgniter\CodeIgniter->handleRequest(null, Object(Config\Cache), false)
 8 FCPATH\index.php(67): CodeIgniter\CodeIgniter->run()
CRITICAL - 2024-04-07 08:50:28 --> Call to undefined function form_open_multipart()
in APPPATH\Views\web\registerewastegenerator.php on line 145.
 1 SYSTEMPATH\View\View.php(224): include()
 2 SYSTEMPATH\View\View.php(227): CodeIgniter\View\View->CodeIgniter\View\{closure}()
 3 SYSTEMPATH\Common.php(1176): CodeIgniter\View\View->render('web/registerewastegenerator', [], true)
 4 APPPATH\Controllers\Web.php(48): view('web/registerewastegenerator', [...])
 5 SYSTEMPATH\CodeIgniter.php(932): App\Controllers\Web->register_ewastegenerator()
 6 SYSTEMPATH\CodeIgniter.php(497): CodeIgniter\CodeIgniter->runController(Object(App\Controllers\Web))
 7 SYSTEMPATH\CodeIgniter.php(366): CodeIgniter\CodeIgniter->handleRequest(null, Object(Config\Cache), false)
 8 FCPATH\index.php(67): CodeIgniter\CodeIgniter->run()
CRITICAL - 2024-04-07 08:52:09 --> Call to undefined function form_open_multipart()
in APPPATH\Views\web\registerewastegenerator.php on line 145.
 1 SYSTEMPATH\View\View.php(224): include()
 2 SYSTEMPATH\View\View.php(227): CodeIgniter\View\View->CodeIgniter\View\{closure}()
 3 SYSTEMPATH\Common.php(1176): CodeIgniter\View\View->render('web/registerewastegenerator', [], true)
 4 APPPATH\Controllers\Web.php(48): view('web/registerewastegenerator', [...])
 5 SYSTEMPATH\CodeIgniter.php(932): App\Controllers\Web->register_ewastegenerator()
 6 SYSTEMPATH\CodeIgniter.php(497): CodeIgniter\CodeIgniter->runController(Object(App\Controllers\Web))
 7 SYSTEMPATH\CodeIgniter.php(366): CodeIgniter\CodeIgniter->handleRequest(null, Object(Config\Cache), false)
 8 FCPATH\index.php(67): CodeIgniter\CodeIgniter->run()
