CRITICAL - 2024-04-09 04:08:16 --> Undefined variable $UserId
in APPPATH\Models\EwasteListModel.php on line 49.
 1 APPPATH\Models\EwasteListModel.php(49): CodeIgniter\Debug\Exceptions->errorHandler(2, 'Undefined variable $UserId', 'C:\\xampp\\htdocs\\ems\\app\\Models\\EwasteListModel.php', 49)
 2 APPPATH\Controllers\Sys.php(37): App\Models\EwasteListModel->getListingsForCollectors()
 3 SYSTEMPATH\CodeIgniter.php(932): App\Controllers\Sys->dashboard()
 4 SYSTEMPATH\CodeIgniter.php(497): CodeIgniter\CodeIgniter->runController(Object(App\Controllers\Sys))
 5 SYSTEMPATH\CodeIgniter.php(366): CodeIgniter\CodeIgniter->handleRequest(null, Object(Config\Cache), false)
 6 FCPATH\index.php(67): CodeIgniter\CodeIgniter->run()
CRITICAL - 2024-04-09 04:08:48 --> Undefined variable $UserId
in APPPATH\Models\EwasteListModel.php on line 49.
 1 APPPATH\Models\EwasteListModel.php(49): CodeIgniter\Debug\Exceptions->errorHandler(2, 'Undefined variable $UserId', 'C:\\xampp\\htdocs\\ems\\app\\Models\\EwasteListModel.php', 49)
 2 APPPATH\Controllers\Sys.php(37): App\Models\EwasteListModel->getListingsForCollectors()
 3 SYSTEMPATH\CodeIgniter.php(932): App\Controllers\Sys->dashboard()
 4 SYSTEMPATH\CodeIgniter.php(497): CodeIgniter\CodeIgniter->runController(Object(App\Controllers\Sys))
 5 SYSTEMPATH\CodeIgniter.php(366): CodeIgniter\CodeIgniter->handleRequest(null, Object(Config\Cache), false)
 6 FCPATH\index.php(67): CodeIgniter\CodeIgniter->run()
CRITICAL - 2024-04-09 04:10:38 --> Undefined variable $userId
in APPPATH\Models\EwasteListModel.php on line 49.
 1 APPPATH\Models\EwasteListModel.php(49): CodeIgniter\Debug\Exceptions->errorHandler(2, 'Undefined variable $userId', 'C:\\xampp\\htdocs\\ems\\app\\Models\\EwasteListModel.php', 49)
 2 APPPATH\Controllers\Sys.php(37): App\Models\EwasteListModel->getListingsForCollectors()
 3 SYSTEMPATH\CodeIgniter.php(932): App\Controllers\Sys->dashboard()
 4 SYSTEMPATH\CodeIgniter.php(497): CodeIgniter\CodeIgniter->runController(Object(App\Controllers\Sys))
 5 SYSTEMPATH\CodeIgniter.php(366): CodeIgniter\CodeIgniter->handleRequest(null, Object(Config\Cache), false)
 6 FCPATH\index.php(67): CodeIgniter\CodeIgniter->run()
CRITICAL - 2024-04-09 04:10:39 --> Undefined variable $userId
in APPPATH\Models\EwasteListModel.php on line 49.
 1 APPPATH\Models\EwasteListModel.php(49): CodeIgniter\Debug\Exceptions->errorHandler(2, 'Undefined variable $userId', 'C:\\xampp\\htdocs\\ems\\app\\Models\\EwasteListModel.php', 49)
 2 APPPATH\Controllers\Sys.php(37): App\Models\EwasteListModel->getListingsForCollectors()
 3 SYSTEMPATH\CodeIgniter.php(932): App\Controllers\Sys->dashboard()
 4 SYSTEMPATH\CodeIgniter.php(497): CodeIgniter\CodeIgniter->runController(Object(App\Controllers\Sys))
 5 SYSTEMPATH\CodeIgniter.php(366): CodeIgniter\CodeIgniter->handleRequest(null, Object(Config\Cache), false)
 6 FCPATH\index.php(67): CodeIgniter\CodeIgniter->run()
CRITICAL - 2024-04-09 04:10:40 --> Undefined variable $userId
in APPPATH\Models\EwasteListModel.php on line 49.
 1 APPPATH\Models\EwasteListModel.php(49): CodeIgniter\Debug\Exceptions->errorHandler(2, 'Undefined variable $userId', 'C:\\xampp\\htdocs\\ems\\app\\Models\\EwasteListModel.php', 49)
 2 APPPATH\Controllers\Sys.php(37): App\Models\EwasteListModel->getListingsForCollectors()
 3 SYSTEMPATH\CodeIgniter.php(932): App\Controllers\Sys->dashboard()
 4 SYSTEMPATH\CodeIgniter.php(497): CodeIgniter\CodeIgniter->runController(Object(App\Controllers\Sys))
 5 SYSTEMPATH\CodeIgniter.php(366): CodeIgniter\CodeIgniter->handleRequest(null, Object(Config\Cache), false)
 6 FCPATH\index.php(67): CodeIgniter\CodeIgniter->run()
CRITICAL - 2024-04-09 04:10:41 --> Undefined variable $userId
in APPPATH\Models\EwasteListModel.php on line 49.
 1 APPPATH\Models\EwasteListModel.php(49): CodeIgniter\Debug\Exceptions->errorHandler(2, 'Undefined variable $userId', 'C:\\xampp\\htdocs\\ems\\app\\Models\\EwasteListModel.php', 49)
 2 APPPATH\Controllers\Sys.php(37): App\Models\EwasteListModel->getListingsForCollectors()
 3 SYSTEMPATH\CodeIgniter.php(932): App\Controllers\Sys->dashboard()
 4 SYSTEMPATH\CodeIgniter.php(497): CodeIgniter\CodeIgniter->runController(Object(App\Controllers\Sys))
 5 SYSTEMPATH\CodeIgniter.php(366): CodeIgniter\CodeIgniter->handleRequest(null, Object(Config\Cache), false)
 6 FCPATH\index.php(67): CodeIgniter\CodeIgniter->run()
CRITICAL - 2024-04-09 04:12:30 --> Undefined variable $UserId
in APPPATH\Models\EwasteListModel.php on line 50.
 1 APPPATH\Models\EwasteListModel.php(50): CodeIgniter\Debug\Exceptions->errorHandler(2, 'Undefined variable $UserId', 'C:\\xampp\\htdocs\\ems\\app\\Models\\EwasteListModel.php', 50)
 2 APPPATH\Controllers\Sys.php(37): App\Models\EwasteListModel->getListingsForCollectors()
 3 SYSTEMPATH\CodeIgniter.php(932): App\Controllers\Sys->dashboard()
 4 SYSTEMPATH\CodeIgniter.php(497): CodeIgniter\CodeIgniter->runController(Object(App\Controllers\Sys))
 5 SYSTEMPATH\CodeIgniter.php(366): CodeIgniter\CodeIgniter->handleRequest(null, Object(Config\Cache), false)
 6 FCPATH\index.php(67): CodeIgniter\CodeIgniter->run()
CRITICAL - 2024-04-09 04:13:42 --> Undefined variable $UserId
in APPPATH\Models\EwasteListModel.php on line 51.
 1 APPPATH\Models\EwasteListModel.php(51): CodeIgniter\Debug\Exceptions->errorHandler(2, 'Undefined variable $UserId', 'C:\\xampp\\htdocs\\ems\\app\\Models\\EwasteListModel.php', 51)
 2 APPPATH\Controllers\Sys.php(37): App\Models\EwasteListModel->getListingsForCollectors()
 3 SYSTEMPATH\CodeIgniter.php(932): App\Controllers\Sys->dashboard()
 4 SYSTEMPATH\CodeIgniter.php(497): CodeIgniter\CodeIgniter->runController(Object(App\Controllers\Sys))
 5 SYSTEMPATH\CodeIgniter.php(366): CodeIgniter\CodeIgniter->handleRequest(null, Object(Config\Cache), false)
 6 FCPATH\index.php(67): CodeIgniter\CodeIgniter->run()
CRITICAL - 2024-04-09 04:13:55 --> Undefined variable $UserId
in APPPATH\Models\EwasteListModel.php on line 51.
 1 APPPATH\Models\EwasteListModel.php(51): CodeIgniter\Debug\Exceptions->errorHandler(2, 'Undefined variable $UserId', 'C:\\xampp\\htdocs\\ems\\app\\Models\\EwasteListModel.php', 51)
 2 APPPATH\Controllers\Sys.php(37): App\Models\EwasteListModel->getListingsForCollectors()
 3 SYSTEMPATH\CodeIgniter.php(932): App\Controllers\Sys->dashboard()
 4 SYSTEMPATH\CodeIgniter.php(497): CodeIgniter\CodeIgniter->runController(Object(App\Controllers\Sys))
 5 SYSTEMPATH\CodeIgniter.php(366): CodeIgniter\CodeIgniter->handleRequest(null, Object(Config\Cache), false)
 6 FCPATH\index.php(67): CodeIgniter\CodeIgniter->run()
CRITICAL - 2024-04-09 04:22:42 --> Too few arguments to function App\Models\EwasteListModel::getListingsForCollectors(), 0 passed in C:\xampp\htdocs\ems\app\Controllers\Sys.php on line 37 and exactly 1 expected
in APPPATH\Models\EwasteListModel.php on line 42.
 1 APPPATH\Controllers\Sys.php(37): App\Models\EwasteListModel->getListingsForCollectors()
 2 SYSTEMPATH\CodeIgniter.php(932): App\Controllers\Sys->dashboard()
 3 SYSTEMPATH\CodeIgniter.php(497): CodeIgniter\CodeIgniter->runController(Object(App\Controllers\Sys))
 4 SYSTEMPATH\CodeIgniter.php(366): CodeIgniter\CodeIgniter->handleRequest(null, Object(Config\Cache), false)
 5 FCPATH\index.php(67): CodeIgniter\CodeIgniter->run()
CRITICAL - 2024-04-09 04:22:42 --> Too few arguments to function App\Models\EwasteListModel::getListingsForCollectors(), 0 passed in C:\xampp\htdocs\ems\app\Controllers\Sys.php on line 37 and exactly 1 expected
in APPPATH\Models\EwasteListModel.php on line 42.
 1 APPPATH\Controllers\Sys.php(37): App\Models\EwasteListModel->getListingsForCollectors()
 2 SYSTEMPATH\CodeIgniter.php(932): App\Controllers\Sys->dashboard()
 3 SYSTEMPATH\CodeIgniter.php(497): CodeIgniter\CodeIgniter->runController(Object(App\Controllers\Sys))
 4 SYSTEMPATH\CodeIgniter.php(366): CodeIgniter\CodeIgniter->handleRequest(null, Object(Config\Cache), false)
 5 FCPATH\index.php(67): CodeIgniter\CodeIgniter->run()
CRITICAL - 2024-04-09 04:22:54 --> Too few arguments to function App\Models\EwasteListModel::getListingsForCollectors(), 0 passed in C:\xampp\htdocs\ems\app\Controllers\Sys.php on line 37 and exactly 1 expected
in APPPATH\Models\EwasteListModel.php on line 42.
 1 APPPATH\Controllers\Sys.php(37): App\Models\EwasteListModel->getListingsForCollectors()
 2 SYSTEMPATH\CodeIgniter.php(932): App\Controllers\Sys->dashboard()
 3 SYSTEMPATH\CodeIgniter.php(497): CodeIgniter\CodeIgniter->runController(Object(App\Controllers\Sys))
 4 SYSTEMPATH\CodeIgniter.php(366): CodeIgniter\CodeIgniter->handleRequest(null, Object(Config\Cache), false)
 5 FCPATH\index.php(67): CodeIgniter\CodeIgniter->run()
CRITICAL - 2024-04-09 04:24:00 --> Too few arguments to function App\Models\EwasteListModel::getListingsForCollectors(), 0 passed in C:\xampp\htdocs\ems\app\Views\sys\content_e-Waste Collector.php on line 13 and exactly 1 expected
in APPPATH\Models\EwasteListModel.php on line 42.
 1 APPPATH\Views\sys\content_e-Waste Collector.php(13): App\Models\EwasteListModel->getListingsForCollectors()
 2 SYSTEMPATH\View\View.php(224): include('C:\\xampp\\htdocs\\ems\\app\\Views\\sys\\content_e-Waste Collector.php')
 3 SYSTEMPATH\View\View.php(227): CodeIgniter\View\View->CodeIgniter\View\{closure}()
 4 SYSTEMPATH\Common.php(1176): CodeIgniter\View\View->render('sys/content_e-waste collector', [], true)
 5 APPPATH\Controllers\Sys.php(51): view('sys/content_e-waste collector', [...])
 6 SYSTEMPATH\CodeIgniter.php(932): App\Controllers\Sys->dashboard()
 7 SYSTEMPATH\CodeIgniter.php(497): CodeIgniter\CodeIgniter->runController(Object(App\Controllers\Sys))
 8 SYSTEMPATH\CodeIgniter.php(366): CodeIgniter\CodeIgniter->handleRequest(null, Object(Config\Cache), false)
 9 FCPATH\index.php(67): CodeIgniter\CodeIgniter->run()
CRITICAL - 2024-04-09 04:24:12 --> Too few arguments to function App\Models\EwasteListModel::getListingsForCollectors(), 0 passed in C:\xampp\htdocs\ems\app\Views\sys\content_e-Waste Collector.php on line 13 and exactly 1 expected
in APPPATH\Models\EwasteListModel.php on line 42.
 1 APPPATH\Views\sys\content_e-Waste Collector.php(13): App\Models\EwasteListModel->getListingsForCollectors()
 2 SYSTEMPATH\View\View.php(224): include('C:\\xampp\\htdocs\\ems\\app\\Views\\sys\\content_e-Waste Collector.php')
 3 SYSTEMPATH\View\View.php(227): CodeIgniter\View\View->CodeIgniter\View\{closure}()
 4 SYSTEMPATH\Common.php(1176): CodeIgniter\View\View->render('sys/content_e-waste collector', [], true)
 5 APPPATH\Controllers\Sys.php(51): view('sys/content_e-waste collector', [...])
 6 SYSTEMPATH\CodeIgniter.php(932): App\Controllers\Sys->dashboard()
 7 SYSTEMPATH\CodeIgniter.php(497): CodeIgniter\CodeIgniter->runController(Object(App\Controllers\Sys))
 8 SYSTEMPATH\CodeIgniter.php(366): CodeIgniter\CodeIgniter->handleRequest(null, Object(Config\Cache), false)
 9 FCPATH\index.php(67): CodeIgniter\CodeIgniter->run()
CRITICAL - 2024-04-09 07:18:02 --> Undefined array key "requested_quantity"
in APPPATH\Views\sys\view_bids.php on line 41.
 1 APPPATH\Views\sys\view_bids.php(41): CodeIgniter\Debug\Exceptions->errorHandler(2, 'Undefined array key "requested_quantity"', 'C:\\xampp\\htdocs\\ems\\app\\Views\\sys\\view_bids.php', 41)
 2 SYSTEMPATH\View\View.php(224): include('C:\\xampp\\htdocs\\ems\\app\\Views\\sys\\view_bids.php')
 3 SYSTEMPATH\View\View.php(227): CodeIgniter\View\View->CodeIgniter\View\{closure}()
 4 SYSTEMPATH\Common.php(1176): CodeIgniter\View\View->render('sys/view_bids', [], true)
 5 APPPATH\Controllers\Sys.php(513): view('sys/view_bids', [...])
 6 SYSTEMPATH\CodeIgniter.php(932): App\Controllers\Sys->viewBids('16')
 7 SYSTEMPATH\CodeIgniter.php(497): CodeIgniter\CodeIgniter->runController(Object(App\Controllers\Sys))
 8 SYSTEMPATH\CodeIgniter.php(366): CodeIgniter\CodeIgniter->handleRequest(null, Object(Config\Cache), false)
 9 FCPATH\index.php(67): CodeIgniter\CodeIgniter->run()
CRITICAL - 2024-04-09 07:26:39 --> Undefined array key "requested_quantity"
in APPPATH\Views\sys\view_one_bid.php on line 40.
 1 APPPATH\Views\sys\view_one_bid.php(40): CodeIgniter\Debug\Exceptions->errorHandler(2, 'Undefined array key "requested_quantity"', 'C:\\xampp\\htdocs\\ems\\app\\Views\\sys\\view_one_bid.php', 40)
 2 SYSTEMPATH\View\View.php(224): include('C:\\xampp\\htdocs\\ems\\app\\Views\\sys\\view_one_bid.php')
 3 SYSTEMPATH\View\View.php(227): CodeIgniter\View\View->CodeIgniter\View\{closure}()
 4 SYSTEMPATH\Common.php(1176): CodeIgniter\View\View->render('sys/view_one_bid', [], true)
 5 APPPATH\Controllers\Sys.php(444): view('sys/view_one_bid', [...])
 6 SYSTEMPATH\CodeIgniter.php(932): App\Controllers\Sys->viewBidsewc('16')
 7 SYSTEMPATH\CodeIgniter.php(497): CodeIgniter\CodeIgniter->runController(Object(App\Controllers\Sys))
 8 SYSTEMPATH\CodeIgniter.php(366): CodeIgniter\CodeIgniter->handleRequest(null, Object(Config\Cache), false)
 9 FCPATH\index.php(67): CodeIgniter\CodeIgniter->run()
CRITICAL - 2024-04-09 07:29:49 --> Undefined array key "requested_quantity"
in APPPATH\Controllers\Sys.php on line 532.
 1 APPPATH\Controllers\Sys.php(532): CodeIgniter\Debug\Exceptions->errorHandler(2, 'Undefined array key "requested_quantity"', 'C:\\xampp\\htdocs\\ems\\app\\Controllers\\Sys.php', 532)
 2 SYSTEMPATH\CodeIgniter.php(932): App\Controllers\Sys->updateBidStatus()
 3 SYSTEMPATH\CodeIgniter.php(497): CodeIgniter\CodeIgniter->runController(Object(App\Controllers\Sys))
 4 SYSTEMPATH\CodeIgniter.php(366): CodeIgniter\CodeIgniter->handleRequest(null, Object(Config\Cache), false)
 5 FCPATH\index.php(67): CodeIgniter\CodeIgniter->run()
CRITICAL - 2024-04-09 12:40:32 --> Undefined array key "requested_quantity"
in APPPATH\Controllers\Sys.php on line 1053.
 1 APPPATH\Controllers\Sys.php(1053): CodeIgniter\Debug\Exceptions->errorHandler(2, 'Undefined array key "requested_quantity"', 'C:\\xampp\\htdocs\\ems\\app\\Controllers\\Sys.php', 1053)
 2 SYSTEMPATH\CodeIgniter.php(932): App\Controllers\Sys->collectItem('16')
 3 SYSTEMPATH\CodeIgniter.php(497): CodeIgniter\CodeIgniter->runController(Object(App\Controllers\Sys))
 4 SYSTEMPATH\CodeIgniter.php(366): CodeIgniter\CodeIgniter->handleRequest(null, Object(Config\Cache), false)
 5 FCPATH\index.php(67): CodeIgniter\CodeIgniter->run()
CRITICAL - 2024-04-09 12:42:17 --> Undefined array key "quantity"
in APPPATH\Controllers\Sys.php on line 1053.
 1 APPPATH\Controllers\Sys.php(1053): CodeIgniter\Debug\Exceptions->errorHandler(2, 'Undefined array key "quantity"', 'C:\\xampp\\htdocs\\ems\\app\\Controllers\\Sys.php', 1053)
 2 SYSTEMPATH\CodeIgniter.php(932): App\Controllers\Sys->collectItem('16')
 3 SYSTEMPATH\CodeIgniter.php(497): CodeIgniter\CodeIgniter->runController(Object(App\Controllers\Sys))
 4 SYSTEMPATH\CodeIgniter.php(366): CodeIgniter\CodeIgniter->handleRequest(null, Object(Config\Cache), false)
 5 FCPATH\index.php(67): CodeIgniter\CodeIgniter->run()
CRITICAL - 2024-04-09 13:03:26 --> Object of type App\Models\BiddingModel is not callable
in APPPATH\Controllers\Sys.php on line 1040.
 1 SYSTEMPATH\CodeIgniter.php(932): App\Controllers\Sys->collectItem('16')
 2 SYSTEMPATH\CodeIgniter.php(497): CodeIgniter\CodeIgniter->runController(Object(App\Controllers\Sys))
 3 SYSTEMPATH\CodeIgniter.php(366): CodeIgniter\CodeIgniter->handleRequest(null, Object(Config\Cache), false)
 4 FCPATH\index.php(67): CodeIgniter\CodeIgniter->run()
CRITICAL - 2024-04-09 13:05:25 --> Object of type App\Models\BiddingModel is not callable
in APPPATH\Controllers\Sys.php on line 1040.
 1 SYSTEMPATH\CodeIgniter.php(932): App\Controllers\Sys->collectItem('16')
 2 SYSTEMPATH\CodeIgniter.php(497): CodeIgniter\CodeIgniter->runController(Object(App\Controllers\Sys))
 3 SYSTEMPATH\CodeIgniter.php(366): CodeIgniter\CodeIgniter->handleRequest(null, Object(Config\Cache), false)
 4 FCPATH\index.php(67): CodeIgniter\CodeIgniter->run()
CRITICAL - 2024-04-09 13:05:26 --> Object of type App\Models\BiddingModel is not callable
in APPPATH\Controllers\Sys.php on line 1040.
 1 SYSTEMPATH\CodeIgniter.php(932): App\Controllers\Sys->collectItem('16')
 2 SYSTEMPATH\CodeIgniter.php(497): CodeIgniter\CodeIgniter->runController(Object(App\Controllers\Sys))
 3 SYSTEMPATH\CodeIgniter.php(366): CodeIgniter\CodeIgniter->handleRequest(null, Object(Config\Cache), false)
 4 FCPATH\index.php(67): CodeIgniter\CodeIgniter->run()
CRITICAL - 2024-04-09 13:05:27 --> Object of type App\Models\BiddingModel is not callable
in APPPATH\Controllers\Sys.php on line 1040.
 1 SYSTEMPATH\CodeIgniter.php(932): App\Controllers\Sys->collectItem('16')
 2 SYSTEMPATH\CodeIgniter.php(497): CodeIgniter\CodeIgniter->runController(Object(App\Controllers\Sys))
 3 SYSTEMPATH\CodeIgniter.php(366): CodeIgniter\CodeIgniter->handleRequest(null, Object(Config\Cache), false)
 4 FCPATH\index.php(67): CodeIgniter\CodeIgniter->run()
CRITICAL - 2024-04-09 13:05:28 --> Object of type App\Models\BiddingModel is not callable
in APPPATH\Controllers\Sys.php on line 1040.
 1 SYSTEMPATH\CodeIgniter.php(932): App\Controllers\Sys->collectItem('16')
 2 SYSTEMPATH\CodeIgniter.php(497): CodeIgniter\CodeIgniter->runController(Object(App\Controllers\Sys))
 3 SYSTEMPATH\CodeIgniter.php(366): CodeIgniter\CodeIgniter->handleRequest(null, Object(Config\Cache), false)
 4 FCPATH\index.php(67): CodeIgniter\CodeIgniter->run()
CRITICAL - 2024-04-09 13:15:38 --> Attempt to read property "bid_price_per_item" on array
in APPPATH\Controllers\Sys.php on line 1057.
 1 APPPATH\Controllers\Sys.php(1057): CodeIgniter\Debug\Exceptions->errorHandler(2, 'Attempt to read property "bid_price_per_item" on array', 'C:\\xampp\\htdocs\\ems\\app\\Controllers\\Sys.php', 1057)
 2 SYSTEMPATH\CodeIgniter.php(932): App\Controllers\Sys->collectItem('16')
 3 SYSTEMPATH\CodeIgniter.php(497): CodeIgniter\CodeIgniter->runController(Object(App\Controllers\Sys))
 4 SYSTEMPATH\CodeIgniter.php(366): CodeIgniter\CodeIgniter->handleRequest(null, Object(Config\Cache), false)
 5 FCPATH\index.php(67): CodeIgniter\CodeIgniter->run()
CRITICAL - 2024-04-09 13:19:07 --> Undefined array key "bid_price_per_item"
in APPPATH\Controllers\Sys.php on line 1055.
 1 APPPATH\Controllers\Sys.php(1055): CodeIgniter\Debug\Exceptions->errorHandler(2, 'Undefined array key "bid_price_per_item"', 'C:\\xampp\\htdocs\\ems\\app\\Controllers\\Sys.php', 1055)
 2 SYSTEMPATH\CodeIgniter.php(932): App\Controllers\Sys->collectItem('16')
 3 SYSTEMPATH\CodeIgniter.php(497): CodeIgniter\CodeIgniter->runController(Object(App\Controllers\Sys))
 4 SYSTEMPATH\CodeIgniter.php(366): CodeIgniter\CodeIgniter->handleRequest(null, Object(Config\Cache), false)
 5 FCPATH\index.php(67): CodeIgniter\CodeIgniter->run()
