CRITICAL - 2024-03-04 05:19:47 --> Class "App\Controllers\EwrInventoryModel" not found
in APPPATH\Controllers\Sys.php on line 1535.
 1 SYSTEMPATH\CodeIgniter.php(932): App\Controllers\Sys->updateEwrInv('2')
 2 SYSTEMPATH\CodeIgniter.php(497): CodeIgniter\CodeIgniter->runController(Object(App\Controllers\Sys))
 3 SYSTEMPATH\CodeIgniter.php(366): CodeIgniter\CodeIgniter->handleRequest(null, Object(Config\Cache), false)
 4 FCPATH\index.php(67): CodeIgniter\CodeIgniter->run()
CRITICAL - 2024-03-04 05:21:16 --> Trying to access array offset on value of type null
in APPPATH\Views\sys\ViewOneSetEwr.php on line 6.
 1 APPPATH\Views\sys\ViewOneSetEwr.php(6): CodeIgniter\Debug\Exceptions->errorHandler(2, 'Trying to access array offset on value of type null', 'C:\\xampp\\htdocs\\ewms\\app\\Views\\sys\\ViewOneSetEwr.php', 6)
 2 SYSTEMPATH\View\View.php(224): include('C:\\xampp\\htdocs\\ewms\\app\\Views\\sys\\ViewOneSetEwr.php')
 3 SYSTEMPATH\View\View.php(227): CodeIgniter\View\View->CodeIgniter\View\{closure}()
 4 SYSTEMPATH\Common.php(1176): CodeIgniter\View\View->render('sys/ViewOneSetEwr', [], true)
 5 APPPATH\Controllers\Sys.php(1122): view('sys/ViewOneSetEwr', [...])
 6 SYSTEMPATH\CodeIgniter.php(932): App\Controllers\Sys->viewListingSetItemsEwr('assets', 'img', 'messages-1.jpg')
 7 SYSTEMPATH\CodeIgniter.php(497): CodeIgniter\CodeIgniter->runController(Object(App\Controllers\Sys))
 8 SYSTEMPATH\CodeIgniter.php(366): CodeIgniter\CodeIgniter->handleRequest(null, Object(Config\Cache), false)
 9 FCPATH\index.php(67): CodeIgniter\CodeIgniter->run()
CRITICAL - 2024-03-04 05:21:16 --> Trying to access array offset on value of type null
in APPPATH\Views\sys\ViewOneSetEwr.php on line 6.
 1 APPPATH\Views\sys\ViewOneSetEwr.php(6): CodeIgniter\Debug\Exceptions->errorHandler(2, 'Trying to access array offset on value of type null', 'C:\\xampp\\htdocs\\ewms\\app\\Views\\sys\\ViewOneSetEwr.php', 6)
 2 SYSTEMPATH\View\View.php(224): include('C:\\xampp\\htdocs\\ewms\\app\\Views\\sys\\ViewOneSetEwr.php')
 3 SYSTEMPATH\View\View.php(227): CodeIgniter\View\View->CodeIgniter\View\{closure}()
 4 SYSTEMPATH\Common.php(1176): CodeIgniter\View\View->render('sys/ViewOneSetEwr', [], true)
 5 APPPATH\Controllers\Sys.php(1122): view('sys/ViewOneSetEwr', [...])
 6 SYSTEMPATH\CodeIgniter.php(932): App\Controllers\Sys->viewListingSetItemsEwr('assets', 'img', 'messages-2.jpg')
 7 SYSTEMPATH\CodeIgniter.php(497): CodeIgniter\CodeIgniter->runController(Object(App\Controllers\Sys))
 8 SYSTEMPATH\CodeIgniter.php(366): CodeIgniter\CodeIgniter->handleRequest(null, Object(Config\Cache), false)
 9 FCPATH\index.php(67): CodeIgniter\CodeIgniter->run()
CRITICAL - 2024-03-04 05:21:16 --> Trying to access array offset on value of type null
in APPPATH\Views\sys\ViewOneSetEwr.php on line 6.
 1 APPPATH\Views\sys\ViewOneSetEwr.php(6): CodeIgniter\Debug\Exceptions->errorHandler(2, 'Trying to access array offset on value of type null', 'C:\\xampp\\htdocs\\ewms\\app\\Views\\sys\\ViewOneSetEwr.php', 6)
 2 SYSTEMPATH\View\View.php(224): include('C:\\xampp\\htdocs\\ewms\\app\\Views\\sys\\ViewOneSetEwr.php')
 3 SYSTEMPATH\View\View.php(227): CodeIgniter\View\View->CodeIgniter\View\{closure}()
 4 SYSTEMPATH\Common.php(1176): CodeIgniter\View\View->render('sys/ViewOneSetEwr', [], true)
 5 APPPATH\Controllers\Sys.php(1122): view('sys/ViewOneSetEwr', [...])
 6 SYSTEMPATH\CodeIgniter.php(932): App\Controllers\Sys->viewListingSetItemsEwr('assets', 'img', 'messages-3.jpg')
 7 SYSTEMPATH\CodeIgniter.php(497): CodeIgniter\CodeIgniter->runController(Object(App\Controllers\Sys))
 8 SYSTEMPATH\CodeIgniter.php(366): CodeIgniter\CodeIgniter->handleRequest(null, Object(Config\Cache), false)
 9 FCPATH\index.php(67): CodeIgniter\CodeIgniter->run()
CRITICAL - 2024-03-04 05:30:48 --> Trying to access array offset on value of type null
in APPPATH\Views\sys\ViewOneSetEwr.php on line 6.
 1 APPPATH\Views\sys\ViewOneSetEwr.php(6): CodeIgniter\Debug\Exceptions->errorHandler(2, 'Trying to access array offset on value of type null', 'C:\\xampp\\htdocs\\ewms\\app\\Views\\sys\\ViewOneSetEwr.php', 6)
 2 SYSTEMPATH\View\View.php(224): include('C:\\xampp\\htdocs\\ewms\\app\\Views\\sys\\ViewOneSetEwr.php')
 3 SYSTEMPATH\View\View.php(227): CodeIgniter\View\View->CodeIgniter\View\{closure}()
 4 SYSTEMPATH\Common.php(1176): CodeIgniter\View\View->render('sys/ViewOneSetEwr', [], true)
 5 APPPATH\Controllers\Sys.php(1122): view('sys/ViewOneSetEwr', [...])
 6 SYSTEMPATH\CodeIgniter.php(932): App\Controllers\Sys->viewListingSetItemsEwr('assets', 'img', 'messages-1.jpg')
 7 SYSTEMPATH\CodeIgniter.php(497): CodeIgniter\CodeIgniter->runController(Object(App\Controllers\Sys))
 8 SYSTEMPATH\CodeIgniter.php(366): CodeIgniter\CodeIgniter->handleRequest(null, Object(Config\Cache), false)
 9 FCPATH\index.php(67): CodeIgniter\CodeIgniter->run()
CRITICAL - 2024-03-04 05:30:48 --> Trying to access array offset on value of type null
in APPPATH\Views\sys\ViewOneSetEwr.php on line 6.
 1 APPPATH\Views\sys\ViewOneSetEwr.php(6): CodeIgniter\Debug\Exceptions->errorHandler(2, 'Trying to access array offset on value of type null', 'C:\\xampp\\htdocs\\ewms\\app\\Views\\sys\\ViewOneSetEwr.php', 6)
 2 SYSTEMPATH\View\View.php(224): include('C:\\xampp\\htdocs\\ewms\\app\\Views\\sys\\ViewOneSetEwr.php')
 3 SYSTEMPATH\View\View.php(227): CodeIgniter\View\View->CodeIgniter\View\{closure}()
 4 SYSTEMPATH\Common.php(1176): CodeIgniter\View\View->render('sys/ViewOneSetEwr', [], true)
 5 APPPATH\Controllers\Sys.php(1122): view('sys/ViewOneSetEwr', [...])
 6 SYSTEMPATH\CodeIgniter.php(932): App\Controllers\Sys->viewListingSetItemsEwr('assets', 'img', 'messages-2.jpg')
 7 SYSTEMPATH\CodeIgniter.php(497): CodeIgniter\CodeIgniter->runController(Object(App\Controllers\Sys))
 8 SYSTEMPATH\CodeIgniter.php(366): CodeIgniter\CodeIgniter->handleRequest(null, Object(Config\Cache), false)
 9 FCPATH\index.php(67): CodeIgniter\CodeIgniter->run()
CRITICAL - 2024-03-04 05:30:48 --> Trying to access array offset on value of type null
in APPPATH\Views\sys\ViewOneSetEwr.php on line 6.
 1 APPPATH\Views\sys\ViewOneSetEwr.php(6): CodeIgniter\Debug\Exceptions->errorHandler(2, 'Trying to access array offset on value of type null', 'C:\\xampp\\htdocs\\ewms\\app\\Views\\sys\\ViewOneSetEwr.php', 6)
 2 SYSTEMPATH\View\View.php(224): include('C:\\xampp\\htdocs\\ewms\\app\\Views\\sys\\ViewOneSetEwr.php')
 3 SYSTEMPATH\View\View.php(227): CodeIgniter\View\View->CodeIgniter\View\{closure}()
 4 SYSTEMPATH\Common.php(1176): CodeIgniter\View\View->render('sys/ViewOneSetEwr', [], true)
 5 APPPATH\Controllers\Sys.php(1122): view('sys/ViewOneSetEwr', [...])
 6 SYSTEMPATH\CodeIgniter.php(932): App\Controllers\Sys->viewListingSetItemsEwr('assets', 'img', 'messages-3.jpg')
 7 SYSTEMPATH\CodeIgniter.php(497): CodeIgniter\CodeIgniter->runController(Object(App\Controllers\Sys))
 8 SYSTEMPATH\CodeIgniter.php(366): CodeIgniter\CodeIgniter->handleRequest(null, Object(Config\Cache), false)
 9 FCPATH\index.php(67): CodeIgniter\CodeIgniter->run()
CRITICAL - 2024-03-04 05:31:22 --> Trying to access array offset on value of type null
in APPPATH\Views\sys\ViewOneSetEwr.php on line 6.
 1 APPPATH\Views\sys\ViewOneSetEwr.php(6): CodeIgniter\Debug\Exceptions->errorHandler(2, 'Trying to access array offset on value of type null', 'C:\\xampp\\htdocs\\ewms\\app\\Views\\sys\\ViewOneSetEwr.php', 6)
 2 SYSTEMPATH\View\View.php(224): include('C:\\xampp\\htdocs\\ewms\\app\\Views\\sys\\ViewOneSetEwr.php')
 3 SYSTEMPATH\View\View.php(227): CodeIgniter\View\View->CodeIgniter\View\{closure}()
 4 SYSTEMPATH\Common.php(1176): CodeIgniter\View\View->render('sys/ViewOneSetEwr', [], true)
 5 APPPATH\Controllers\Sys.php(1122): view('sys/ViewOneSetEwr', [...])
 6 SYSTEMPATH\CodeIgniter.php(932): App\Controllers\Sys->viewListingSetItemsEwr('assets', 'img', 'messages-2.jpg')
 7 SYSTEMPATH\CodeIgniter.php(497): CodeIgniter\CodeIgniter->runController(Object(App\Controllers\Sys))
 8 SYSTEMPATH\CodeIgniter.php(366): CodeIgniter\CodeIgniter->handleRequest(null, Object(Config\Cache), false)
 9 FCPATH\index.php(67): CodeIgniter\CodeIgniter->run()
CRITICAL - 2024-03-04 05:31:22 --> Trying to access array offset on value of type null
in APPPATH\Views\sys\ViewOneSetEwr.php on line 6.
 1 APPPATH\Views\sys\ViewOneSetEwr.php(6): CodeIgniter\Debug\Exceptions->errorHandler(2, 'Trying to access array offset on value of type null', 'C:\\xampp\\htdocs\\ewms\\app\\Views\\sys\\ViewOneSetEwr.php', 6)
 2 SYSTEMPATH\View\View.php(224): include('C:\\xampp\\htdocs\\ewms\\app\\Views\\sys\\ViewOneSetEwr.php')
 3 SYSTEMPATH\View\View.php(227): CodeIgniter\View\View->CodeIgniter\View\{closure}()
 4 SYSTEMPATH\Common.php(1176): CodeIgniter\View\View->render('sys/ViewOneSetEwr', [], true)
 5 APPPATH\Controllers\Sys.php(1122): view('sys/ViewOneSetEwr', [...])
 6 SYSTEMPATH\CodeIgniter.php(932): App\Controllers\Sys->viewListingSetItemsEwr('assets', 'img', 'messages-1.jpg')
 7 SYSTEMPATH\CodeIgniter.php(497): CodeIgniter\CodeIgniter->runController(Object(App\Controllers\Sys))
 8 SYSTEMPATH\CodeIgniter.php(366): CodeIgniter\CodeIgniter->handleRequest(null, Object(Config\Cache), false)
 9 FCPATH\index.php(67): CodeIgniter\CodeIgniter->run()
CRITICAL - 2024-03-04 05:31:22 --> Trying to access array offset on value of type null
in APPPATH\Views\sys\ViewOneSetEwr.php on line 6.
 1 APPPATH\Views\sys\ViewOneSetEwr.php(6): CodeIgniter\Debug\Exceptions->errorHandler(2, 'Trying to access array offset on value of type null', 'C:\\xampp\\htdocs\\ewms\\app\\Views\\sys\\ViewOneSetEwr.php', 6)
 2 SYSTEMPATH\View\View.php(224): include('C:\\xampp\\htdocs\\ewms\\app\\Views\\sys\\ViewOneSetEwr.php')
 3 SYSTEMPATH\View\View.php(227): CodeIgniter\View\View->CodeIgniter\View\{closure}()
 4 SYSTEMPATH\Common.php(1176): CodeIgniter\View\View->render('sys/ViewOneSetEwr', [], true)
 5 APPPATH\Controllers\Sys.php(1122): view('sys/ViewOneSetEwr', [...])
 6 SYSTEMPATH\CodeIgniter.php(932): App\Controllers\Sys->viewListingSetItemsEwr('assets', 'img', 'messages-3.jpg')
 7 SYSTEMPATH\CodeIgniter.php(497): CodeIgniter\CodeIgniter->runController(Object(App\Controllers\Sys))
 8 SYSTEMPATH\CodeIgniter.php(366): CodeIgniter\CodeIgniter->handleRequest(null, Object(Config\Cache), false)
 9 FCPATH\index.php(67): CodeIgniter\CodeIgniter->run()
CRITICAL - 2024-03-04 05:34:46 --> Trying to access array offset on value of type null
in APPPATH\Views\sys\ViewOneSetEwr.php on line 6.
 1 APPPATH\Views\sys\ViewOneSetEwr.php(6): CodeIgniter\Debug\Exceptions->errorHandler(2, 'Trying to access array offset on value of type null', 'C:\\xampp\\htdocs\\ewms\\app\\Views\\sys\\ViewOneSetEwr.php', 6)
 2 SYSTEMPATH\View\View.php(224): include('C:\\xampp\\htdocs\\ewms\\app\\Views\\sys\\ViewOneSetEwr.php')
 3 SYSTEMPATH\View\View.php(227): CodeIgniter\View\View->CodeIgniter\View\{closure}()
 4 SYSTEMPATH\Common.php(1176): CodeIgniter\View\View->render('sys/ViewOneSetEwr', [], true)
 5 APPPATH\Controllers\Sys.php(1122): view('sys/ViewOneSetEwr', [...])
 6 SYSTEMPATH\CodeIgniter.php(932): App\Controllers\Sys->viewListingSetItemsEwr('assets', 'img', 'messages-1.jpg')
 7 SYSTEMPATH\CodeIgniter.php(497): CodeIgniter\CodeIgniter->runController(Object(App\Controllers\Sys))
 8 SYSTEMPATH\CodeIgniter.php(366): CodeIgniter\CodeIgniter->handleRequest(null, Object(Config\Cache), false)
 9 FCPATH\index.php(67): CodeIgniter\CodeIgniter->run()
CRITICAL - 2024-03-04 05:34:46 --> Trying to access array offset on value of type null
in APPPATH\Views\sys\ViewOneSetEwr.php on line 6.
 1 APPPATH\Views\sys\ViewOneSetEwr.php(6): CodeIgniter\Debug\Exceptions->errorHandler(2, 'Trying to access array offset on value of type null', 'C:\\xampp\\htdocs\\ewms\\app\\Views\\sys\\ViewOneSetEwr.php', 6)
 2 SYSTEMPATH\View\View.php(224): include('C:\\xampp\\htdocs\\ewms\\app\\Views\\sys\\ViewOneSetEwr.php')
 3 SYSTEMPATH\View\View.php(227): CodeIgniter\View\View->CodeIgniter\View\{closure}()
 4 SYSTEMPATH\Common.php(1176): CodeIgniter\View\View->render('sys/ViewOneSetEwr', [], true)
 5 APPPATH\Controllers\Sys.php(1122): view('sys/ViewOneSetEwr', [...])
 6 SYSTEMPATH\CodeIgniter.php(932): App\Controllers\Sys->viewListingSetItemsEwr('assets', 'img', 'messages-2.jpg')
 7 SYSTEMPATH\CodeIgniter.php(497): CodeIgniter\CodeIgniter->runController(Object(App\Controllers\Sys))
 8 SYSTEMPATH\CodeIgniter.php(366): CodeIgniter\CodeIgniter->handleRequest(null, Object(Config\Cache), false)
 9 FCPATH\index.php(67): CodeIgniter\CodeIgniter->run()
CRITICAL - 2024-03-04 05:34:46 --> Trying to access array offset on value of type null
in APPPATH\Views\sys\ViewOneSetEwr.php on line 6.
 1 APPPATH\Views\sys\ViewOneSetEwr.php(6): CodeIgniter\Debug\Exceptions->errorHandler(2, 'Trying to access array offset on value of type null', 'C:\\xampp\\htdocs\\ewms\\app\\Views\\sys\\ViewOneSetEwr.php', 6)
 2 SYSTEMPATH\View\View.php(224): include('C:\\xampp\\htdocs\\ewms\\app\\Views\\sys\\ViewOneSetEwr.php')
 3 SYSTEMPATH\View\View.php(227): CodeIgniter\View\View->CodeIgniter\View\{closure}()
 4 SYSTEMPATH\Common.php(1176): CodeIgniter\View\View->render('sys/ViewOneSetEwr', [], true)
 5 APPPATH\Controllers\Sys.php(1122): view('sys/ViewOneSetEwr', [...])
 6 SYSTEMPATH\CodeIgniter.php(932): App\Controllers\Sys->viewListingSetItemsEwr('assets', 'img', 'messages-3.jpg')
 7 SYSTEMPATH\CodeIgniter.php(497): CodeIgniter\CodeIgniter->runController(Object(App\Controllers\Sys))
 8 SYSTEMPATH\CodeIgniter.php(366): CodeIgniter\CodeIgniter->handleRequest(null, Object(Config\Cache), false)
 9 FCPATH\index.php(67): CodeIgniter\CodeIgniter->run()
CRITICAL - 2024-03-04 05:35:55 --> Trying to access array offset on value of type null
in APPPATH\Views\sys\ViewOneSetEwr.php on line 6.
 1 APPPATH\Views\sys\ViewOneSetEwr.php(6): CodeIgniter\Debug\Exceptions->errorHandler(2, 'Trying to access array offset on value of type null', 'C:\\xampp\\htdocs\\ewms\\app\\Views\\sys\\ViewOneSetEwr.php', 6)
 2 SYSTEMPATH\View\View.php(224): include('C:\\xampp\\htdocs\\ewms\\app\\Views\\sys\\ViewOneSetEwr.php')
 3 SYSTEMPATH\View\View.php(227): CodeIgniter\View\View->CodeIgniter\View\{closure}()
 4 SYSTEMPATH\Common.php(1176): CodeIgniter\View\View->render('sys/ViewOneSetEwr', [], true)
 5 APPPATH\Controllers\Sys.php(1122): view('sys/ViewOneSetEwr', [...])
 6 SYSTEMPATH\CodeIgniter.php(932): App\Controllers\Sys->viewListingSetItemsEwr('assets', 'img', 'messages-1.jpg')
 7 SYSTEMPATH\CodeIgniter.php(497): CodeIgniter\CodeIgniter->runController(Object(App\Controllers\Sys))
 8 SYSTEMPATH\CodeIgniter.php(366): CodeIgniter\CodeIgniter->handleRequest(null, Object(Config\Cache), false)
 9 FCPATH\index.php(67): CodeIgniter\CodeIgniter->run()
CRITICAL - 2024-03-04 05:35:55 --> Trying to access array offset on value of type null
in APPPATH\Views\sys\ViewOneSetEwr.php on line 6.
 1 APPPATH\Views\sys\ViewOneSetEwr.php(6): CodeIgniter\Debug\Exceptions->errorHandler(2, 'Trying to access array offset on value of type null', 'C:\\xampp\\htdocs\\ewms\\app\\Views\\sys\\ViewOneSetEwr.php', 6)
 2 SYSTEMPATH\View\View.php(224): include('C:\\xampp\\htdocs\\ewms\\app\\Views\\sys\\ViewOneSetEwr.php')
 3 SYSTEMPATH\View\View.php(227): CodeIgniter\View\View->CodeIgniter\View\{closure}()
 4 SYSTEMPATH\Common.php(1176): CodeIgniter\View\View->render('sys/ViewOneSetEwr', [], true)
 5 APPPATH\Controllers\Sys.php(1122): view('sys/ViewOneSetEwr', [...])
 6 SYSTEMPATH\CodeIgniter.php(932): App\Controllers\Sys->viewListingSetItemsEwr('assets', 'img', 'messages-3.jpg')
 7 SYSTEMPATH\CodeIgniter.php(497): CodeIgniter\CodeIgniter->runController(Object(App\Controllers\Sys))
 8 SYSTEMPATH\CodeIgniter.php(366): CodeIgniter\CodeIgniter->handleRequest(null, Object(Config\Cache), false)
 9 FCPATH\index.php(67): CodeIgniter\CodeIgniter->run()
CRITICAL - 2024-03-04 05:35:55 --> Trying to access array offset on value of type null
in APPPATH\Views\sys\ViewOneSetEwr.php on line 6.
 1 APPPATH\Views\sys\ViewOneSetEwr.php(6): CodeIgniter\Debug\Exceptions->errorHandler(2, 'Trying to access array offset on value of type null', 'C:\\xampp\\htdocs\\ewms\\app\\Views\\sys\\ViewOneSetEwr.php', 6)
 2 SYSTEMPATH\View\View.php(224): include('C:\\xampp\\htdocs\\ewms\\app\\Views\\sys\\ViewOneSetEwr.php')
 3 SYSTEMPATH\View\View.php(227): CodeIgniter\View\View->CodeIgniter\View\{closure}()
 4 SYSTEMPATH\Common.php(1176): CodeIgniter\View\View->render('sys/ViewOneSetEwr', [], true)
 5 APPPATH\Controllers\Sys.php(1122): view('sys/ViewOneSetEwr', [...])
 6 SYSTEMPATH\CodeIgniter.php(932): App\Controllers\Sys->viewListingSetItemsEwr('assets', 'img', 'messages-2.jpg')
 7 SYSTEMPATH\CodeIgniter.php(497): CodeIgniter\CodeIgniter->runController(Object(App\Controllers\Sys))
 8 SYSTEMPATH\CodeIgniter.php(366): CodeIgniter\CodeIgniter->handleRequest(null, Object(Config\Cache), false)
 9 FCPATH\index.php(67): CodeIgniter\CodeIgniter->run()
CRITICAL - 2024-03-04 05:48:10 --> Trying to access array offset on value of type null
in APPPATH\Views\sys\ViewOneSetEwr.php on line 6.
 1 APPPATH\Views\sys\ViewOneSetEwr.php(6): CodeIgniter\Debug\Exceptions->errorHandler(2, 'Trying to access array offset on value of type null', 'C:\\xampp\\htdocs\\ewms\\app\\Views\\sys\\ViewOneSetEwr.php', 6)
 2 SYSTEMPATH\View\View.php(224): include('C:\\xampp\\htdocs\\ewms\\app\\Views\\sys\\ViewOneSetEwr.php')
 3 SYSTEMPATH\View\View.php(227): CodeIgniter\View\View->CodeIgniter\View\{closure}()
 4 SYSTEMPATH\Common.php(1176): CodeIgniter\View\View->render('sys/ViewOneSetEwr', [], true)
 5 APPPATH\Controllers\Sys.php(1122): view('sys/ViewOneSetEwr', [...])
 6 SYSTEMPATH\CodeIgniter.php(932): App\Controllers\Sys->viewListingSetItemsEwr('assets', 'img', 'messages-1.jpg')
 7 SYSTEMPATH\CodeIgniter.php(497): CodeIgniter\CodeIgniter->runController(Object(App\Controllers\Sys))
 8 SYSTEMPATH\CodeIgniter.php(366): CodeIgniter\CodeIgniter->handleRequest(null, Object(Config\Cache), false)
 9 FCPATH\index.php(67): CodeIgniter\CodeIgniter->run()
CRITICAL - 2024-03-04 05:48:10 --> Trying to access array offset on value of type null
in APPPATH\Views\sys\ViewOneSetEwr.php on line 6.
 1 APPPATH\Views\sys\ViewOneSetEwr.php(6): CodeIgniter\Debug\Exceptions->errorHandler(2, 'Trying to access array offset on value of type null', 'C:\\xampp\\htdocs\\ewms\\app\\Views\\sys\\ViewOneSetEwr.php', 6)
 2 SYSTEMPATH\View\View.php(224): include('C:\\xampp\\htdocs\\ewms\\app\\Views\\sys\\ViewOneSetEwr.php')
 3 SYSTEMPATH\View\View.php(227): CodeIgniter\View\View->CodeIgniter\View\{closure}()
 4 SYSTEMPATH\Common.php(1176): CodeIgniter\View\View->render('sys/ViewOneSetEwr', [], true)
 5 APPPATH\Controllers\Sys.php(1122): view('sys/ViewOneSetEwr', [...])
 6 SYSTEMPATH\CodeIgniter.php(932): App\Controllers\Sys->viewListingSetItemsEwr('assets', 'img', 'messages-3.jpg')
 7 SYSTEMPATH\CodeIgniter.php(497): CodeIgniter\CodeIgniter->runController(Object(App\Controllers\Sys))
 8 SYSTEMPATH\CodeIgniter.php(366): CodeIgniter\CodeIgniter->handleRequest(null, Object(Config\Cache), false)
 9 FCPATH\index.php(67): CodeIgniter\CodeIgniter->run()
CRITICAL - 2024-03-04 05:48:10 --> Trying to access array offset on value of type null
in APPPATH\Views\sys\ViewOneSetEwr.php on line 6.
 1 APPPATH\Views\sys\ViewOneSetEwr.php(6): CodeIgniter\Debug\Exceptions->errorHandler(2, 'Trying to access array offset on value of type null', 'C:\\xampp\\htdocs\\ewms\\app\\Views\\sys\\ViewOneSetEwr.php', 6)
 2 SYSTEMPATH\View\View.php(224): include('C:\\xampp\\htdocs\\ewms\\app\\Views\\sys\\ViewOneSetEwr.php')
 3 SYSTEMPATH\View\View.php(227): CodeIgniter\View\View->CodeIgniter\View\{closure}()
 4 SYSTEMPATH\Common.php(1176): CodeIgniter\View\View->render('sys/ViewOneSetEwr', [], true)
 5 APPPATH\Controllers\Sys.php(1122): view('sys/ViewOneSetEwr', [...])
 6 SYSTEMPATH\CodeIgniter.php(932): App\Controllers\Sys->viewListingSetItemsEwr('assets', 'img', 'messages-2.jpg')
 7 SYSTEMPATH\CodeIgniter.php(497): CodeIgniter\CodeIgniter->runController(Object(App\Controllers\Sys))
 8 SYSTEMPATH\CodeIgniter.php(366): CodeIgniter\CodeIgniter->handleRequest(null, Object(Config\Cache), false)
 9 FCPATH\index.php(67): CodeIgniter\CodeIgniter->run()
CRITICAL - 2024-03-04 06:02:21 --> Trying to access array offset on value of type null
in APPPATH\Views\sys\ViewOneSetEwr.php on line 6.
 1 APPPATH\Views\sys\ViewOneSetEwr.php(6): CodeIgniter\Debug\Exceptions->errorHandler(2, 'Trying to access array offset on value of type null', 'C:\\xampp\\htdocs\\ewms\\app\\Views\\sys\\ViewOneSetEwr.php', 6)
 2 SYSTEMPATH\View\View.php(224): include('C:\\xampp\\htdocs\\ewms\\app\\Views\\sys\\ViewOneSetEwr.php')
 3 SYSTEMPATH\View\View.php(227): CodeIgniter\View\View->CodeIgniter\View\{closure}()
 4 SYSTEMPATH\Common.php(1176): CodeIgniter\View\View->render('sys/ViewOneSetEwr', [], true)
 5 APPPATH\Controllers\Sys.php(1122): view('sys/ViewOneSetEwr', [...])
 6 SYSTEMPATH\CodeIgniter.php(932): App\Controllers\Sys->viewListingSetItemsEwr('assets', 'img', 'messages-3.jpg')
 7 SYSTEMPATH\CodeIgniter.php(497): CodeIgniter\CodeIgniter->runController(Object(App\Controllers\Sys))
 8 SYSTEMPATH\CodeIgniter.php(366): CodeIgniter\CodeIgniter->handleRequest(null, Object(Config\Cache), false)
 9 FCPATH\index.php(67): CodeIgniter\CodeIgniter->run()
CRITICAL - 2024-03-04 06:02:21 --> Trying to access array offset on value of type null
in APPPATH\Views\sys\ViewOneSetEwr.php on line 6.
 1 APPPATH\Views\sys\ViewOneSetEwr.php(6): CodeIgniter\Debug\Exceptions->errorHandler(2, 'Trying to access array offset on value of type null', 'C:\\xampp\\htdocs\\ewms\\app\\Views\\sys\\ViewOneSetEwr.php', 6)
 2 SYSTEMPATH\View\View.php(224): include('C:\\xampp\\htdocs\\ewms\\app\\Views\\sys\\ViewOneSetEwr.php')
 3 SYSTEMPATH\View\View.php(227): CodeIgniter\View\View->CodeIgniter\View\{closure}()
 4 SYSTEMPATH\Common.php(1176): CodeIgniter\View\View->render('sys/ViewOneSetEwr', [], true)
 5 APPPATH\Controllers\Sys.php(1122): view('sys/ViewOneSetEwr', [...])
 6 SYSTEMPATH\CodeIgniter.php(932): App\Controllers\Sys->viewListingSetItemsEwr('assets', 'img', 'messages-1.jpg')
 7 SYSTEMPATH\CodeIgniter.php(497): CodeIgniter\CodeIgniter->runController(Object(App\Controllers\Sys))
 8 SYSTEMPATH\CodeIgniter.php(366): CodeIgniter\CodeIgniter->handleRequest(null, Object(Config\Cache), false)
 9 FCPATH\index.php(67): CodeIgniter\CodeIgniter->run()
CRITICAL - 2024-03-04 06:02:21 --> Trying to access array offset on value of type null
in APPPATH\Views\sys\ViewOneSetEwr.php on line 6.
 1 APPPATH\Views\sys\ViewOneSetEwr.php(6): CodeIgniter\Debug\Exceptions->errorHandler(2, 'Trying to access array offset on value of type null', 'C:\\xampp\\htdocs\\ewms\\app\\Views\\sys\\ViewOneSetEwr.php', 6)
 2 SYSTEMPATH\View\View.php(224): include('C:\\xampp\\htdocs\\ewms\\app\\Views\\sys\\ViewOneSetEwr.php')
 3 SYSTEMPATH\View\View.php(227): CodeIgniter\View\View->CodeIgniter\View\{closure}()
 4 SYSTEMPATH\Common.php(1176): CodeIgniter\View\View->render('sys/ViewOneSetEwr', [], true)
 5 APPPATH\Controllers\Sys.php(1122): view('sys/ViewOneSetEwr', [...])
 6 SYSTEMPATH\CodeIgniter.php(932): App\Controllers\Sys->viewListingSetItemsEwr('assets', 'img', 'messages-2.jpg')
 7 SYSTEMPATH\CodeIgniter.php(497): CodeIgniter\CodeIgniter->runController(Object(App\Controllers\Sys))
 8 SYSTEMPATH\CodeIgniter.php(366): CodeIgniter\CodeIgniter->handleRequest(null, Object(Config\Cache), false)
 9 FCPATH\index.php(67): CodeIgniter\CodeIgniter->run()
CRITICAL - 2024-03-04 06:03:41 --> Trying to access array offset on value of type null
in APPPATH\Views\sys\ViewOneSetEwr.php on line 6.
 1 APPPATH\Views\sys\ViewOneSetEwr.php(6): CodeIgniter\Debug\Exceptions->errorHandler(2, 'Trying to access array offset on value of type null', 'C:\\xampp\\htdocs\\ewms\\app\\Views\\sys\\ViewOneSetEwr.php', 6)
 2 SYSTEMPATH\View\View.php(224): include('C:\\xampp\\htdocs\\ewms\\app\\Views\\sys\\ViewOneSetEwr.php')
 3 SYSTEMPATH\View\View.php(227): CodeIgniter\View\View->CodeIgniter\View\{closure}()
 4 SYSTEMPATH\Common.php(1176): CodeIgniter\View\View->render('sys/ViewOneSetEwr', [], true)
 5 APPPATH\Controllers\Sys.php(1122): view('sys/ViewOneSetEwr', [...])
 6 SYSTEMPATH\CodeIgniter.php(932): App\Controllers\Sys->viewListingSetItemsEwr('assets', 'img', 'messages-1.jpg')
 7 SYSTEMPATH\CodeIgniter.php(497): CodeIgniter\CodeIgniter->runController(Object(App\Controllers\Sys))
 8 SYSTEMPATH\CodeIgniter.php(366): CodeIgniter\CodeIgniter->handleRequest(null, Object(Config\Cache), false)
 9 FCPATH\index.php(67): CodeIgniter\CodeIgniter->run()
CRITICAL - 2024-03-04 06:03:41 --> Trying to access array offset on value of type null
in APPPATH\Views\sys\ViewOneSetEwr.php on line 6.
 1 APPPATH\Views\sys\ViewOneSetEwr.php(6): CodeIgniter\Debug\Exceptions->errorHandler(2, 'Trying to access array offset on value of type null', 'C:\\xampp\\htdocs\\ewms\\app\\Views\\sys\\ViewOneSetEwr.php', 6)
 2 SYSTEMPATH\View\View.php(224): include('C:\\xampp\\htdocs\\ewms\\app\\Views\\sys\\ViewOneSetEwr.php')
 3 SYSTEMPATH\View\View.php(227): CodeIgniter\View\View->CodeIgniter\View\{closure}()
 4 SYSTEMPATH\Common.php(1176): CodeIgniter\View\View->render('sys/ViewOneSetEwr', [], true)
 5 APPPATH\Controllers\Sys.php(1122): view('sys/ViewOneSetEwr', [...])
 6 SYSTEMPATH\CodeIgniter.php(932): App\Controllers\Sys->viewListingSetItemsEwr('assets', 'img', 'messages-3.jpg')
 7 SYSTEMPATH\CodeIgniter.php(497): CodeIgniter\CodeIgniter->runController(Object(App\Controllers\Sys))
 8 SYSTEMPATH\CodeIgniter.php(366): CodeIgniter\CodeIgniter->handleRequest(null, Object(Config\Cache), false)
 9 FCPATH\index.php(67): CodeIgniter\CodeIgniter->run()
CRITICAL - 2024-03-04 06:03:41 --> Trying to access array offset on value of type null
in APPPATH\Views\sys\ViewOneSetEwr.php on line 6.
 1 APPPATH\Views\sys\ViewOneSetEwr.php(6): CodeIgniter\Debug\Exceptions->errorHandler(2, 'Trying to access array offset on value of type null', 'C:\\xampp\\htdocs\\ewms\\app\\Views\\sys\\ViewOneSetEwr.php', 6)
 2 SYSTEMPATH\View\View.php(224): include('C:\\xampp\\htdocs\\ewms\\app\\Views\\sys\\ViewOneSetEwr.php')
 3 SYSTEMPATH\View\View.php(227): CodeIgniter\View\View->CodeIgniter\View\{closure}()
 4 SYSTEMPATH\Common.php(1176): CodeIgniter\View\View->render('sys/ViewOneSetEwr', [], true)
 5 APPPATH\Controllers\Sys.php(1122): view('sys/ViewOneSetEwr', [...])
 6 SYSTEMPATH\CodeIgniter.php(932): App\Controllers\Sys->viewListingSetItemsEwr('assets', 'img', 'messages-2.jpg')
 7 SYSTEMPATH\CodeIgniter.php(497): CodeIgniter\CodeIgniter->runController(Object(App\Controllers\Sys))
 8 SYSTEMPATH\CodeIgniter.php(366): CodeIgniter\CodeIgniter->handleRequest(null, Object(Config\Cache), false)
 9 FCPATH\index.php(67): CodeIgniter\CodeIgniter->run()
CRITICAL - 2024-03-04 06:16:21 --> Trying to access array offset on value of type null
in APPPATH\Views\sys\ViewOneSetEwr.php on line 6.
 1 APPPATH\Views\sys\ViewOneSetEwr.php(6): CodeIgniter\Debug\Exceptions->errorHandler(2, 'Trying to access array offset on value of type null', 'C:\\xampp\\htdocs\\ewms\\app\\Views\\sys\\ViewOneSetEwr.php', 6)
 2 SYSTEMPATH\View\View.php(224): include('C:\\xampp\\htdocs\\ewms\\app\\Views\\sys\\ViewOneSetEwr.php')
 3 SYSTEMPATH\View\View.php(227): CodeIgniter\View\View->CodeIgniter\View\{closure}()
 4 SYSTEMPATH\Common.php(1176): CodeIgniter\View\View->render('sys/ViewOneSetEwr', [], true)
 5 APPPATH\Controllers\Sys.php(1130): view('sys/ViewOneSetEwr', [...])
 6 SYSTEMPATH\CodeIgniter.php(932): App\Controllers\Sys->viewListingSetItemsEwr('assets', 'img', 'messages-1.jpg')
 7 SYSTEMPATH\CodeIgniter.php(497): CodeIgniter\CodeIgniter->runController(Object(App\Controllers\Sys))
 8 SYSTEMPATH\CodeIgniter.php(366): CodeIgniter\CodeIgniter->handleRequest(null, Object(Config\Cache), false)
 9 FCPATH\index.php(67): CodeIgniter\CodeIgniter->run()
CRITICAL - 2024-03-04 06:16:21 --> Trying to access array offset on value of type null
in APPPATH\Views\sys\ViewOneSetEwr.php on line 6.
 1 APPPATH\Views\sys\ViewOneSetEwr.php(6): CodeIgniter\Debug\Exceptions->errorHandler(2, 'Trying to access array offset on value of type null', 'C:\\xampp\\htdocs\\ewms\\app\\Views\\sys\\ViewOneSetEwr.php', 6)
 2 SYSTEMPATH\View\View.php(224): include('C:\\xampp\\htdocs\\ewms\\app\\Views\\sys\\ViewOneSetEwr.php')
 3 SYSTEMPATH\View\View.php(227): CodeIgniter\View\View->CodeIgniter\View\{closure}()
 4 SYSTEMPATH\Common.php(1176): CodeIgniter\View\View->render('sys/ViewOneSetEwr', [], true)
 5 APPPATH\Controllers\Sys.php(1130): view('sys/ViewOneSetEwr', [...])
 6 SYSTEMPATH\CodeIgniter.php(932): App\Controllers\Sys->viewListingSetItemsEwr('assets', 'img', 'messages-3.jpg')
 7 SYSTEMPATH\CodeIgniter.php(497): CodeIgniter\CodeIgniter->runController(Object(App\Controllers\Sys))
 8 SYSTEMPATH\CodeIgniter.php(366): CodeIgniter\CodeIgniter->handleRequest(null, Object(Config\Cache), false)
 9 FCPATH\index.php(67): CodeIgniter\CodeIgniter->run()
CRITICAL - 2024-03-04 06:16:21 --> Trying to access array offset on value of type null
in APPPATH\Views\sys\ViewOneSetEwr.php on line 6.
 1 APPPATH\Views\sys\ViewOneSetEwr.php(6): CodeIgniter\Debug\Exceptions->errorHandler(2, 'Trying to access array offset on value of type null', 'C:\\xampp\\htdocs\\ewms\\app\\Views\\sys\\ViewOneSetEwr.php', 6)
 2 SYSTEMPATH\View\View.php(224): include('C:\\xampp\\htdocs\\ewms\\app\\Views\\sys\\ViewOneSetEwr.php')
 3 SYSTEMPATH\View\View.php(227): CodeIgniter\View\View->CodeIgniter\View\{closure}()
 4 SYSTEMPATH\Common.php(1176): CodeIgniter\View\View->render('sys/ViewOneSetEwr', [], true)
 5 APPPATH\Controllers\Sys.php(1130): view('sys/ViewOneSetEwr', [...])
 6 SYSTEMPATH\CodeIgniter.php(932): App\Controllers\Sys->viewListingSetItemsEwr('assets', 'img', 'messages-2.jpg')
 7 SYSTEMPATH\CodeIgniter.php(497): CodeIgniter\CodeIgniter->runController(Object(App\Controllers\Sys))
 8 SYSTEMPATH\CodeIgniter.php(366): CodeIgniter\CodeIgniter->handleRequest(null, Object(Config\Cache), false)
 9 FCPATH\index.php(67): CodeIgniter\CodeIgniter->run()
CRITICAL - 2024-03-04 06:16:28 --> Class "App\Models\EwrReqModel" not found
in APPPATH\Controllers\Sys.php on line 1556.
 1 SYSTEMPATH\CodeIgniter.php(932): App\Controllers\Sys->updateEwrInv('2')
 2 SYSTEMPATH\CodeIgniter.php(497): CodeIgniter\CodeIgniter->runController(Object(App\Controllers\Sys))
 3 SYSTEMPATH\CodeIgniter.php(366): CodeIgniter\CodeIgniter->handleRequest(null, Object(Config\Cache), false)
 4 FCPATH\index.php(67): CodeIgniter\CodeIgniter->run()
CRITICAL - 2024-03-04 06:36:22 --> Trying to access array offset on value of type null
in APPPATH\Views\sys\ViewOneSetEwr.php on line 6.
 1 APPPATH\Views\sys\ViewOneSetEwr.php(6): CodeIgniter\Debug\Exceptions->errorHandler(2, 'Trying to access array offset on value of type null', 'C:\\xampp\\htdocs\\ewms\\app\\Views\\sys\\ViewOneSetEwr.php', 6)
 2 SYSTEMPATH\View\View.php(224): include('C:\\xampp\\htdocs\\ewms\\app\\Views\\sys\\ViewOneSetEwr.php')
 3 SYSTEMPATH\View\View.php(227): CodeIgniter\View\View->CodeIgniter\View\{closure}()
 4 SYSTEMPATH\Common.php(1176): CodeIgniter\View\View->render('sys/ViewOneSetEwr', [], true)
 5 APPPATH\Controllers\Sys.php(1130): view('sys/ViewOneSetEwr', [...])
 6 SYSTEMPATH\CodeIgniter.php(932): App\Controllers\Sys->viewListingSetItemsEwr('assets', 'img', 'messages-1.jpg')
 7 SYSTEMPATH\CodeIgniter.php(497): CodeIgniter\CodeIgniter->runController(Object(App\Controllers\Sys))
 8 SYSTEMPATH\CodeIgniter.php(366): CodeIgniter\CodeIgniter->handleRequest(null, Object(Config\Cache), false)
 9 FCPATH\index.php(67): CodeIgniter\CodeIgniter->run()
CRITICAL - 2024-03-04 06:36:22 --> Trying to access array offset on value of type null
in APPPATH\Views\sys\ViewOneSetEwr.php on line 6.
 1 APPPATH\Views\sys\ViewOneSetEwr.php(6): CodeIgniter\Debug\Exceptions->errorHandler(2, 'Trying to access array offset on value of type null', 'C:\\xampp\\htdocs\\ewms\\app\\Views\\sys\\ViewOneSetEwr.php', 6)
 2 SYSTEMPATH\View\View.php(224): include('C:\\xampp\\htdocs\\ewms\\app\\Views\\sys\\ViewOneSetEwr.php')
 3 SYSTEMPATH\View\View.php(227): CodeIgniter\View\View->CodeIgniter\View\{closure}()
 4 SYSTEMPATH\Common.php(1176): CodeIgniter\View\View->render('sys/ViewOneSetEwr', [], true)
 5 APPPATH\Controllers\Sys.php(1130): view('sys/ViewOneSetEwr', [...])
 6 SYSTEMPATH\CodeIgniter.php(932): App\Controllers\Sys->viewListingSetItemsEwr('assets', 'img', 'messages-2.jpg')
 7 SYSTEMPATH\CodeIgniter.php(497): CodeIgniter\CodeIgniter->runController(Object(App\Controllers\Sys))
 8 SYSTEMPATH\CodeIgniter.php(366): CodeIgniter\CodeIgniter->handleRequest(null, Object(Config\Cache), false)
 9 FCPATH\index.php(67): CodeIgniter\CodeIgniter->run()
CRITICAL - 2024-03-04 06:36:22 --> Trying to access array offset on value of type null
in APPPATH\Views\sys\ViewOneSetEwr.php on line 6.
 1 APPPATH\Views\sys\ViewOneSetEwr.php(6): CodeIgniter\Debug\Exceptions->errorHandler(2, 'Trying to access array offset on value of type null', 'C:\\xampp\\htdocs\\ewms\\app\\Views\\sys\\ViewOneSetEwr.php', 6)
 2 SYSTEMPATH\View\View.php(224): include('C:\\xampp\\htdocs\\ewms\\app\\Views\\sys\\ViewOneSetEwr.php')
 3 SYSTEMPATH\View\View.php(227): CodeIgniter\View\View->CodeIgniter\View\{closure}()
 4 SYSTEMPATH\Common.php(1176): CodeIgniter\View\View->render('sys/ViewOneSetEwr', [], true)
 5 APPPATH\Controllers\Sys.php(1130): view('sys/ViewOneSetEwr', [...])
 6 SYSTEMPATH\CodeIgniter.php(932): App\Controllers\Sys->viewListingSetItemsEwr('assets', 'img', 'messages-3.jpg')
 7 SYSTEMPATH\CodeIgniter.php(497): CodeIgniter\CodeIgniter->runController(Object(App\Controllers\Sys))
 8 SYSTEMPATH\CodeIgniter.php(366): CodeIgniter\CodeIgniter->handleRequest(null, Object(Config\Cache), false)
 9 FCPATH\index.php(67): CodeIgniter\CodeIgniter->run()
CRITICAL - 2024-03-04 06:39:31 --> Trying to access array offset on value of type null
in APPPATH\Views\sys\ViewOneSetEwr.php on line 6.
 1 APPPATH\Views\sys\ViewOneSetEwr.php(6): CodeIgniter\Debug\Exceptions->errorHandler(2, 'Trying to access array offset on value of type null', 'C:\\xampp\\htdocs\\ewms\\app\\Views\\sys\\ViewOneSetEwr.php', 6)
 2 SYSTEMPATH\View\View.php(224): include('C:\\xampp\\htdocs\\ewms\\app\\Views\\sys\\ViewOneSetEwr.php')
 3 SYSTEMPATH\View\View.php(227): CodeIgniter\View\View->CodeIgniter\View\{closure}()
 4 SYSTEMPATH\Common.php(1176): CodeIgniter\View\View->render('sys/ViewOneSetEwr', [], true)
 5 APPPATH\Controllers\Sys.php(1130): view('sys/ViewOneSetEwr', [...])
 6 SYSTEMPATH\CodeIgniter.php(932): App\Controllers\Sys->viewListingSetItemsEwr('assets', 'img', 'messages-1.jpg')
 7 SYSTEMPATH\CodeIgniter.php(497): CodeIgniter\CodeIgniter->runController(Object(App\Controllers\Sys))
 8 SYSTEMPATH\CodeIgniter.php(366): CodeIgniter\CodeIgniter->handleRequest(null, Object(Config\Cache), false)
 9 FCPATH\index.php(67): CodeIgniter\CodeIgniter->run()
CRITICAL - 2024-03-04 06:39:31 --> Trying to access array offset on value of type null
in APPPATH\Views\sys\ViewOneSetEwr.php on line 6.
 1 APPPATH\Views\sys\ViewOneSetEwr.php(6): CodeIgniter\Debug\Exceptions->errorHandler(2, 'Trying to access array offset on value of type null', 'C:\\xampp\\htdocs\\ewms\\app\\Views\\sys\\ViewOneSetEwr.php', 6)
 2 SYSTEMPATH\View\View.php(224): include('C:\\xampp\\htdocs\\ewms\\app\\Views\\sys\\ViewOneSetEwr.php')
 3 SYSTEMPATH\View\View.php(227): CodeIgniter\View\View->CodeIgniter\View\{closure}()
 4 SYSTEMPATH\Common.php(1176): CodeIgniter\View\View->render('sys/ViewOneSetEwr', [], true)
 5 APPPATH\Controllers\Sys.php(1130): view('sys/ViewOneSetEwr', [...])
 6 SYSTEMPATH\CodeIgniter.php(932): App\Controllers\Sys->viewListingSetItemsEwr('assets', 'img', 'messages-3.jpg')
 7 SYSTEMPATH\CodeIgniter.php(497): CodeIgniter\CodeIgniter->runController(Object(App\Controllers\Sys))
 8 SYSTEMPATH\CodeIgniter.php(366): CodeIgniter\CodeIgniter->handleRequest(null, Object(Config\Cache), false)
 9 FCPATH\index.php(67): CodeIgniter\CodeIgniter->run()
CRITICAL - 2024-03-04 06:39:31 --> Trying to access array offset on value of type null
in APPPATH\Views\sys\ViewOneSetEwr.php on line 6.
 1 APPPATH\Views\sys\ViewOneSetEwr.php(6): CodeIgniter\Debug\Exceptions->errorHandler(2, 'Trying to access array offset on value of type null', 'C:\\xampp\\htdocs\\ewms\\app\\Views\\sys\\ViewOneSetEwr.php', 6)
 2 SYSTEMPATH\View\View.php(224): include('C:\\xampp\\htdocs\\ewms\\app\\Views\\sys\\ViewOneSetEwr.php')
 3 SYSTEMPATH\View\View.php(227): CodeIgniter\View\View->CodeIgniter\View\{closure}()
 4 SYSTEMPATH\Common.php(1176): CodeIgniter\View\View->render('sys/ViewOneSetEwr', [], true)
 5 APPPATH\Controllers\Sys.php(1130): view('sys/ViewOneSetEwr', [...])
 6 SYSTEMPATH\CodeIgniter.php(932): App\Controllers\Sys->viewListingSetItemsEwr('assets', 'img', 'messages-2.jpg')
 7 SYSTEMPATH\CodeIgniter.php(497): CodeIgniter\CodeIgniter->runController(Object(App\Controllers\Sys))
 8 SYSTEMPATH\CodeIgniter.php(366): CodeIgniter\CodeIgniter->handleRequest(null, Object(Config\Cache), false)
 9 FCPATH\index.php(67): CodeIgniter\CodeIgniter->run()
CRITICAL - 2024-03-04 08:01:46 --> Trying to access array offset on value of type null
in APPPATH\Views\sys\ViewOneSetEwr.php on line 6.
 1 APPPATH\Views\sys\ViewOneSetEwr.php(6): CodeIgniter\Debug\Exceptions->errorHandler(2, 'Trying to access array offset on value of type null', 'C:\\xampp\\htdocs\\ewms\\app\\Views\\sys\\ViewOneSetEwr.php', 6)
 2 SYSTEMPATH\View\View.php(224): include('C:\\xampp\\htdocs\\ewms\\app\\Views\\sys\\ViewOneSetEwr.php')
 3 SYSTEMPATH\View\View.php(227): CodeIgniter\View\View->CodeIgniter\View\{closure}()
 4 SYSTEMPATH\Common.php(1176): CodeIgniter\View\View->render('sys/ViewOneSetEwr', [], true)
 5 APPPATH\Controllers\Sys.php(1130): view('sys/ViewOneSetEwr', [...])
 6 SYSTEMPATH\CodeIgniter.php(932): App\Controllers\Sys->viewListingSetItemsEwr('assets', 'img', 'messages-1.jpg')
 7 SYSTEMPATH\CodeIgniter.php(497): CodeIgniter\CodeIgniter->runController(Object(App\Controllers\Sys))
 8 SYSTEMPATH\CodeIgniter.php(366): CodeIgniter\CodeIgniter->handleRequest(null, Object(Config\Cache), false)
 9 FCPATH\index.php(67): CodeIgniter\CodeIgniter->run()
CRITICAL - 2024-03-04 08:01:46 --> Trying to access array offset on value of type null
in APPPATH\Views\sys\ViewOneSetEwr.php on line 6.
 1 APPPATH\Views\sys\ViewOneSetEwr.php(6): CodeIgniter\Debug\Exceptions->errorHandler(2, 'Trying to access array offset on value of type null', 'C:\\xampp\\htdocs\\ewms\\app\\Views\\sys\\ViewOneSetEwr.php', 6)
 2 SYSTEMPATH\View\View.php(224): include('C:\\xampp\\htdocs\\ewms\\app\\Views\\sys\\ViewOneSetEwr.php')
 3 SYSTEMPATH\View\View.php(227): CodeIgniter\View\View->CodeIgniter\View\{closure}()
 4 SYSTEMPATH\Common.php(1176): CodeIgniter\View\View->render('sys/ViewOneSetEwr', [], true)
 5 APPPATH\Controllers\Sys.php(1130): view('sys/ViewOneSetEwr', [...])
 6 SYSTEMPATH\CodeIgniter.php(932): App\Controllers\Sys->viewListingSetItemsEwr('assets', 'img', 'messages-3.jpg')
 7 SYSTEMPATH\CodeIgniter.php(497): CodeIgniter\CodeIgniter->runController(Object(App\Controllers\Sys))
 8 SYSTEMPATH\CodeIgniter.php(366): CodeIgniter\CodeIgniter->handleRequest(null, Object(Config\Cache), false)
 9 FCPATH\index.php(67): CodeIgniter\CodeIgniter->run()
CRITICAL - 2024-03-04 08:01:46 --> Trying to access array offset on value of type null
in APPPATH\Views\sys\ViewOneSetEwr.php on line 6.
 1 APPPATH\Views\sys\ViewOneSetEwr.php(6): CodeIgniter\Debug\Exceptions->errorHandler(2, 'Trying to access array offset on value of type null', 'C:\\xampp\\htdocs\\ewms\\app\\Views\\sys\\ViewOneSetEwr.php', 6)
 2 SYSTEMPATH\View\View.php(224): include('C:\\xampp\\htdocs\\ewms\\app\\Views\\sys\\ViewOneSetEwr.php')
 3 SYSTEMPATH\View\View.php(227): CodeIgniter\View\View->CodeIgniter\View\{closure}()
 4 SYSTEMPATH\Common.php(1176): CodeIgniter\View\View->render('sys/ViewOneSetEwr', [], true)
 5 APPPATH\Controllers\Sys.php(1130): view('sys/ViewOneSetEwr', [...])
 6 SYSTEMPATH\CodeIgniter.php(932): App\Controllers\Sys->viewListingSetItemsEwr('assets', 'img', 'messages-2.jpg')
 7 SYSTEMPATH\CodeIgniter.php(497): CodeIgniter\CodeIgniter->runController(Object(App\Controllers\Sys))
 8 SYSTEMPATH\CodeIgniter.php(366): CodeIgniter\CodeIgniter->handleRequest(null, Object(Config\Cache), false)
 9 FCPATH\index.php(67): CodeIgniter\CodeIgniter->run()
CRITICAL - 2024-03-04 12:31:20 --> Trying to access array offset on value of type null
in APPPATH\Views\sys\ViewOneSetEwr.php on line 6.
 1 APPPATH\Views\sys\ViewOneSetEwr.php(6): CodeIgniter\Debug\Exceptions->errorHandler(2, 'Trying to access array offset on value of type null', 'C:\\xampp\\htdocs\\ewms\\app\\Views\\sys\\ViewOneSetEwr.php', 6)
 2 SYSTEMPATH\View\View.php(224): include('C:\\xampp\\htdocs\\ewms\\app\\Views\\sys\\ViewOneSetEwr.php')
 3 SYSTEMPATH\View\View.php(227): CodeIgniter\View\View->CodeIgniter\View\{closure}()
 4 SYSTEMPATH\Common.php(1176): CodeIgniter\View\View->render('sys/ViewOneSetEwr', [], true)
 5 APPPATH\Controllers\Sys.php(1130): view('sys/ViewOneSetEwr', [...])
 6 SYSTEMPATH\CodeIgniter.php(932): App\Controllers\Sys->viewListingSetItemsEwr('assets', 'img', 'messages-1.jpg')
 7 SYSTEMPATH\CodeIgniter.php(497): CodeIgniter\CodeIgniter->runController(Object(App\Controllers\Sys))
 8 SYSTEMPATH\CodeIgniter.php(366): CodeIgniter\CodeIgniter->handleRequest(null, Object(Config\Cache), false)
 9 FCPATH\index.php(67): CodeIgniter\CodeIgniter->run()
CRITICAL - 2024-03-04 12:31:20 --> Trying to access array offset on value of type null
in APPPATH\Views\sys\ViewOneSetEwr.php on line 6.
 1 APPPATH\Views\sys\ViewOneSetEwr.php(6): CodeIgniter\Debug\Exceptions->errorHandler(2, 'Trying to access array offset on value of type null', 'C:\\xampp\\htdocs\\ewms\\app\\Views\\sys\\ViewOneSetEwr.php', 6)
 2 SYSTEMPATH\View\View.php(224): include('C:\\xampp\\htdocs\\ewms\\app\\Views\\sys\\ViewOneSetEwr.php')
 3 SYSTEMPATH\View\View.php(227): CodeIgniter\View\View->CodeIgniter\View\{closure}()
 4 SYSTEMPATH\Common.php(1176): CodeIgniter\View\View->render('sys/ViewOneSetEwr', [], true)
 5 APPPATH\Controllers\Sys.php(1130): view('sys/ViewOneSetEwr', [...])
 6 SYSTEMPATH\CodeIgniter.php(932): App\Controllers\Sys->viewListingSetItemsEwr('assets', 'img', 'messages-2.jpg')
 7 SYSTEMPATH\CodeIgniter.php(497): CodeIgniter\CodeIgniter->runController(Object(App\Controllers\Sys))
 8 SYSTEMPATH\CodeIgniter.php(366): CodeIgniter\CodeIgniter->handleRequest(null, Object(Config\Cache), false)
 9 FCPATH\index.php(67): CodeIgniter\CodeIgniter->run()
CRITICAL - 2024-03-04 12:31:20 --> Trying to access array offset on value of type null
in APPPATH\Views\sys\ViewOneSetEwr.php on line 6.
 1 APPPATH\Views\sys\ViewOneSetEwr.php(6): CodeIgniter\Debug\Exceptions->errorHandler(2, 'Trying to access array offset on value of type null', 'C:\\xampp\\htdocs\\ewms\\app\\Views\\sys\\ViewOneSetEwr.php', 6)
 2 SYSTEMPATH\View\View.php(224): include('C:\\xampp\\htdocs\\ewms\\app\\Views\\sys\\ViewOneSetEwr.php')
 3 SYSTEMPATH\View\View.php(227): CodeIgniter\View\View->CodeIgniter\View\{closure}()
 4 SYSTEMPATH\Common.php(1176): CodeIgniter\View\View->render('sys/ViewOneSetEwr', [], true)
 5 APPPATH\Controllers\Sys.php(1130): view('sys/ViewOneSetEwr', [...])
 6 SYSTEMPATH\CodeIgniter.php(932): App\Controllers\Sys->viewListingSetItemsEwr('assets', 'img', 'messages-3.jpg')
 7 SYSTEMPATH\CodeIgniter.php(497): CodeIgniter\CodeIgniter->runController(Object(App\Controllers\Sys))
 8 SYSTEMPATH\CodeIgniter.php(366): CodeIgniter\CodeIgniter->handleRequest(null, Object(Config\Cache), false)
 9 FCPATH\index.php(67): CodeIgniter\CodeIgniter->run()
CRITICAL - 2024-03-04 17:35:27 --> Invalid file: "sys/e_waste_category_distribution.php"
in SYSTEMPATH\Exceptions\FrameworkException.php on line 33.
 1 SYSTEMPATH\View\View.php(212): CodeIgniter\Exceptions\FrameworkException::forInvalidFile('sys/e_waste_category_distribution.php')
 2 SYSTEMPATH\Common.php(1176): CodeIgniter\View\View->render('sys/e_waste_category_distribution', [], true)
 3 APPPATH\Controllers\Sys.php(761): view('sys/e_waste_category_distribution')
 4 SYSTEMPATH\CodeIgniter.php(932): App\Controllers\Sys->view_reports1()
 5 SYSTEMPATH\CodeIgniter.php(497): CodeIgniter\CodeIgniter->runController(Object(App\Controllers\Sys))
 6 SYSTEMPATH\CodeIgniter.php(366): CodeIgniter\CodeIgniter->handleRequest(null, Object(Config\Cache), false)
 7 FCPATH\index.php(67): CodeIgniter\CodeIgniter->run()
CRITICAL - 2024-03-04 17:39:53 --> Class "App\Controllers\DateTime" not found
in APPPATH\Controllers\Sys.php on line 1616.
 1 APPPATH\Controllers\Sys.php(1606): App\Controllers\Sys->getDateRangeFromTimeFrame(null)
 2 SYSTEMPATH\CodeIgniter.php(932): App\Controllers\Sys->eWasteCategoryDistributionReport()
 3 SYSTEMPATH\CodeIgniter.php(497): CodeIgniter\CodeIgniter->runController(Object(App\Controllers\Sys))
 4 SYSTEMPATH\CodeIgniter.php(366): CodeIgniter\CodeIgniter->handleRequest(null, Object(Config\Cache), false)
 5 FCPATH\index.php(67): CodeIgniter\CodeIgniter->run()
CRITICAL - 2024-03-04 17:40:10 --> Class "App\Controllers\DateTime" not found
in APPPATH\Controllers\Sys.php on line 1616.
 1 APPPATH\Controllers\Sys.php(1606): App\Controllers\Sys->getDateRangeFromTimeFrame(null)
 2 SYSTEMPATH\CodeIgniter.php(932): App\Controllers\Sys->eWasteCategoryDistributionReport()
 3 SYSTEMPATH\CodeIgniter.php(497): CodeIgniter\CodeIgniter->runController(Object(App\Controllers\Sys))
 4 SYSTEMPATH\CodeIgniter.php(366): CodeIgniter\CodeIgniter->handleRequest(null, Object(Config\Cache), false)
 5 FCPATH\index.php(67): CodeIgniter\CodeIgniter->run()
