CRITICAL - 2024-03-23 01:31:05 --> Illegal offset type
in APPPATH\Views\sys\ewc_listings.php on line 60.
 1 SYSTEMPATH\View\View.php(224): include()
 2 SYSTEMPATH\View\View.php(227): CodeIgniter\View\View->CodeIgniter\View\{closure}()
 3 SYSTEMPATH\Common.php(1176): CodeIgniter\View\View->render('sys/ewc_listings', [], true)
 4 APPPATH\Controllers\Sys.php(1484): view('sys/ewc_listings', [...])
 5 SYSTEMPATH\CodeIgniter.php(932): App\Controllers\Sys->viewEwcListings()
 6 SYSTEMPATH\CodeIgniter.php(497): CodeIgniter\CodeIgniter->runController(Object(App\Controllers\Sys))
 7 SYSTEMPATH\CodeIgniter.php(366): CodeIgniter\CodeIgniter->handleRequest(null, Object(Config\Cache), false)
 8 FCPATH\index.php(67): CodeIgniter\CodeIgniter->run()
CRITICAL - 2024-03-23 02:09:16 --> Undefined array key "listin_set"
in APPPATH\Views\sys\ewc_listings.php on line 69.
 1 APPPATH\Views\sys\ewc_listings.php(69): CodeIgniter\Debug\Exceptions->errorHandler(2, 'Undefined array key "listin_set"', 'C:\\xampp\\htdocs\\ewms\\app\\Views\\sys\\ewc_listings.php', 69)
 2 SYSTEMPATH\View\View.php(224): include('C:\\xampp\\htdocs\\ewms\\app\\Views\\sys\\ewc_listings.php')
 3 SYSTEMPATH\View\View.php(227): CodeIgniter\View\View->CodeIgniter\View\{closure}()
 4 SYSTEMPATH\Common.php(1176): CodeIgniter\View\View->render('sys/ewc_listings', [], true)
 5 APPPATH\Controllers\Sys.php(1487): view('sys/ewc_listings', [...])
 6 SYSTEMPATH\CodeIgniter.php(932): App\Controllers\Sys->viewEwcListings()
 7 SYSTEMPATH\CodeIgniter.php(497): CodeIgniter\CodeIgniter->runController(Object(App\Controllers\Sys))
 8 SYSTEMPATH\CodeIgniter.php(366): CodeIgniter\CodeIgniter->handleRequest(null, Object(Config\Cache), false)
 9 FCPATH\index.php(67): CodeIgniter\CodeIgniter->run()
CRITICAL - 2024-03-23 02:12:26 --> Call to undefined function print_t()
in APPPATH\Views\sys\ewc_listings.php on line 70.
 1 SYSTEMPATH\View\View.php(224): include()
 2 SYSTEMPATH\View\View.php(227): CodeIgniter\View\View->CodeIgniter\View\{closure}()
 3 SYSTEMPATH\Common.php(1176): CodeIgniter\View\View->render('sys/ewc_listings', [], true)
 4 APPPATH\Controllers\Sys.php(1487): view('sys/ewc_listings', [...])
 5 SYSTEMPATH\CodeIgniter.php(932): App\Controllers\Sys->viewEwcListings()
 6 SYSTEMPATH\CodeIgniter.php(497): CodeIgniter\CodeIgniter->runController(Object(App\Controllers\Sys))
 7 SYSTEMPATH\CodeIgniter.php(366): CodeIgniter\CodeIgniter->handleRequest(null, Object(Config\Cache), false)
 8 FCPATH\index.php(67): CodeIgniter\CodeIgniter->run()
CRITICAL - 2024-03-23 02:16:28 --> Array to string conversion
in APPPATH\Views\sys\ewc_listings.php on line 69.
 1 APPPATH\Views\sys\ewc_listings.php(69): CodeIgniter\Debug\Exceptions->errorHandler(2, 'Array to string conversion', 'C:\\xampp\\htdocs\\ewms\\app\\Views\\sys\\ewc_listings.php', 69)
 2 SYSTEMPATH\View\View.php(224): include('C:\\xampp\\htdocs\\ewms\\app\\Views\\sys\\ewc_listings.php')
 3 SYSTEMPATH\View\View.php(227): CodeIgniter\View\View->CodeIgniter\View\{closure}()
 4 SYSTEMPATH\Common.php(1176): CodeIgniter\View\View->render('sys/ewc_listings', [], true)
 5 APPPATH\Controllers\Sys.php(1487): view('sys/ewc_listings', [...])
 6 SYSTEMPATH\CodeIgniter.php(932): App\Controllers\Sys->viewEwcListings()
 7 SYSTEMPATH\CodeIgniter.php(497): CodeIgniter\CodeIgniter->runController(Object(App\Controllers\Sys))
 8 SYSTEMPATH\CodeIgniter.php(366): CodeIgniter\CodeIgniter->handleRequest(null, Object(Config\Cache), false)
 9 FCPATH\index.php(67): CodeIgniter\CodeIgniter->run()
CRITICAL - 2024-03-23 02:18:11 --> Undefined array key 0
in APPPATH\Views\sys\ewc_listings.php on line 69.
 1 APPPATH\Views\sys\ewc_listings.php(69): CodeIgniter\Debug\Exceptions->errorHandler(2, 'Undefined array key 0', 'C:\\xampp\\htdocs\\ewms\\app\\Views\\sys\\ewc_listings.php', 69)
 2 SYSTEMPATH\View\View.php(224): include('C:\\xampp\\htdocs\\ewms\\app\\Views\\sys\\ewc_listings.php')
 3 SYSTEMPATH\View\View.php(227): CodeIgniter\View\View->CodeIgniter\View\{closure}()
 4 SYSTEMPATH\Common.php(1176): CodeIgniter\View\View->render('sys/ewc_listings', [], true)
 5 APPPATH\Controllers\Sys.php(1487): view('sys/ewc_listings', [...])
 6 SYSTEMPATH\CodeIgniter.php(932): App\Controllers\Sys->viewEwcListings()
 7 SYSTEMPATH\CodeIgniter.php(497): CodeIgniter\CodeIgniter->runController(Object(App\Controllers\Sys))
 8 SYSTEMPATH\CodeIgniter.php(366): CodeIgniter\CodeIgniter->handleRequest(null, Object(Config\Cache), false)
 9 FCPATH\index.php(67): CodeIgniter\CodeIgniter->run()
CRITICAL - 2024-03-23 02:19:13 --> Undefined array key 0
in APPPATH\Views\sys\ewc_listings.php on line 69.
 1 APPPATH\Views\sys\ewc_listings.php(69): CodeIgniter\Debug\Exceptions->errorHandler(2, 'Undefined array key 0', 'C:\\xampp\\htdocs\\ewms\\app\\Views\\sys\\ewc_listings.php', 69)
 2 SYSTEMPATH\View\View.php(224): include('C:\\xampp\\htdocs\\ewms\\app\\Views\\sys\\ewc_listings.php')
 3 SYSTEMPATH\View\View.php(227): CodeIgniter\View\View->CodeIgniter\View\{closure}()
 4 SYSTEMPATH\Common.php(1176): CodeIgniter\View\View->render('sys/ewc_listings', [], true)
 5 APPPATH\Controllers\Sys.php(1487): view('sys/ewc_listings', [...])
 6 SYSTEMPATH\CodeIgniter.php(932): App\Controllers\Sys->viewEwcListings()
 7 SYSTEMPATH\CodeIgniter.php(497): CodeIgniter\CodeIgniter->runController(Object(App\Controllers\Sys))
 8 SYSTEMPATH\CodeIgniter.php(366): CodeIgniter\CodeIgniter->handleRequest(null, Object(Config\Cache), false)
 9 FCPATH\index.php(67): CodeIgniter\CodeIgniter->run()
ERROR - 2024-03-23 03:15:24 --> mysqli_sql_exception: Unknown column 'ewaste_recycler.UserId' in 'on clause' in C:\xampp\htdocs\ewms\system\Database\MySQLi\Connection.php:295
Stack trace:
#0 C:\xampp\htdocs\ewms\system\Database\MySQLi\Connection.php(295): mysqli->query('SELECT *\nFROM `...', 0)
#1 C:\xampp\htdocs\ewms\system\Database\BaseConnection.php(692): CodeIgniter\Database\MySQLi\Connection->execute('SELECT *\nFROM `...')
#2 C:\xampp\htdocs\ewms\system\Database\BaseConnection.php(606): CodeIgniter\Database\BaseConnection->simpleQuery('SELECT *\nFROM `...')
#3 C:\xampp\htdocs\ewms\system\Database\BaseBuilder.php(1616): CodeIgniter\Database\BaseConnection->query('SELECT *\nFROM `...', Array, false)
#4 C:\xampp\htdocs\ewms\system\Model.php(241): CodeIgniter\Database\BaseBuilder->get()
#5 C:\xampp\htdocs\ewms\system\BaseModel.php(618): CodeIgniter\Model->doFindAll(0, 0)
#6 C:\xampp\htdocs\ewms\app\Controllers\Sys.php(2083): CodeIgniter\BaseModel->findAll()
#7 C:\xampp\htdocs\ewms\system\CodeIgniter.php(932): App\Controllers\Sys->viewEwrInventoryAll()
#8 C:\xampp\htdocs\ewms\system\CodeIgniter.php(497): CodeIgniter\CodeIgniter->runController(Object(App\Controllers\Sys))
#9 C:\xampp\htdocs\ewms\system\CodeIgniter.php(366): CodeIgniter\CodeIgniter->handleRequest(NULL, Object(Config\Cache), false)
#10 C:\xampp\htdocs\ewms\index.php(67): CodeIgniter\CodeIgniter->run()
#11 {main}
CRITICAL - 2024-03-23 03:15:25 --> Unknown column 'ewaste_recycler.UserId' in 'on clause'
in SYSTEMPATH\Database\MySQLi\Connection.php on line 295.
 1 SYSTEMPATH\Database\MySQLi\Connection.php(295): mysqli->query('SELECT *
FROM `ewr_inventory`
LEFT JOIN `ewaste_recycler` ON `ewaste_recycler`.`UserId`=`ewr_inventory`.`UserId`', 0)
 2 SYSTEMPATH\Database\BaseConnection.php(692): CodeIgniter\Database\MySQLi\Connection->execute('SELECT *
FROM `ewr_inventory`
LEFT JOIN `ewaste_recycler` ON `ewaste_recycler`.`UserId`=`ewr_inventory`.`UserId`')
 3 SYSTEMPATH\Database\BaseConnection.php(606): CodeIgniter\Database\BaseConnection->simpleQuery('SELECT *
FROM `ewr_inventory`
LEFT JOIN `ewaste_recycler` ON `ewaste_recycler`.`UserId`=`ewr_inventory`.`UserId`')
 4 SYSTEMPATH\Database\BaseBuilder.php(1616): CodeIgniter\Database\BaseConnection->query('SELECT *
FROM `ewr_inventory`
LEFT JOIN `ewaste_recycler` ON `ewaste_recycler`.`UserId`=`ewr_inventory`.`UserId`', [], false)
 5 SYSTEMPATH\Model.php(241): CodeIgniter\Database\BaseBuilder->get()
 6 SYSTEMPATH\BaseModel.php(618): CodeIgniter\Model->doFindAll(0, 0)
 7 APPPATH\Controllers\Sys.php(2083): CodeIgniter\BaseModel->findAll()
 8 SYSTEMPATH\CodeIgniter.php(932): App\Controllers\Sys->viewEwrInventoryAll()
 9 SYSTEMPATH\CodeIgniter.php(497): CodeIgniter\CodeIgniter->runController(Object(App\Controllers\Sys))
10 SYSTEMPATH\CodeIgniter.php(366): CodeIgniter\CodeIgniter->handleRequest(null, Object(Config\Cache), false)
11 FCPATH\index.php(67): CodeIgniter\CodeIgniter->run()
CRITICAL - 2024-03-23 03:57:25 --> Undefined variable $l_list
in APPPATH\Views\web\Index.php on line 331.
 1 APPPATH\Views\web\Index.php(331): CodeIgniter\Debug\Exceptions->errorHandler(2, 'Undefined variable $l_list', 'C:\\xampp\\htdocs\\ewms\\app\\Views\\web\\Index.php', 331)
 2 SYSTEMPATH\View\View.php(224): include('C:\\xampp\\htdocs\\ewms\\app\\Views\\web\\Index.php')
 3 SYSTEMPATH\View\View.php(227): CodeIgniter\View\View->CodeIgniter\View\{closure}()
 4 SYSTEMPATH\Common.php(1176): CodeIgniter\View\View->render('web/index', [], true)
 5 APPPATH\Controllers\Web.php(19): view('web/index', [...])
 6 SYSTEMPATH\CodeIgniter.php(932): App\Controllers\Web->index()
 7 SYSTEMPATH\CodeIgniter.php(497): CodeIgniter\CodeIgniter->runController(Object(App\Controllers\Web))
 8 SYSTEMPATH\CodeIgniter.php(366): CodeIgniter\CodeIgniter->handleRequest(null, Object(Config\Cache), false)
 9 FCPATH\index.php(67): CodeIgniter\CodeIgniter->run()
CRITICAL - 2024-03-23 04:35:20 --> Call to undefined function form_open()
in APPPATH\Views\sys\add_faq.php on line 1.
 1 SYSTEMPATH\View\View.php(224): include()
 2 SYSTEMPATH\View\View.php(227): CodeIgniter\View\View->CodeIgniter\View\{closure}()
 3 SYSTEMPATH\Common.php(1176): CodeIgniter\View\View->render('sys/add_faq', [], true)
 4 APPPATH\Controllers\Web.php(24): view('sys/add_faq')
 5 SYSTEMPATH\CodeIgniter.php(932): App\Controllers\Web->addFaq()
 6 SYSTEMPATH\CodeIgniter.php(497): CodeIgniter\CodeIgniter->runController(Object(App\Controllers\Web))
 7 SYSTEMPATH\CodeIgniter.php(366): CodeIgniter\CodeIgniter->handleRequest(null, Object(Config\Cache), false)
 8 FCPATH\index.php(67): CodeIgniter\CodeIgniter->run()
CRITICAL - 2024-03-23 04:37:17 --> Call to undefined function form_open()
in APPPATH\Views\sys\add_faq.php on line 1.
 1 SYSTEMPATH\View\View.php(224): include()
 2 SYSTEMPATH\View\View.php(227): CodeIgniter\View\View->CodeIgniter\View\{closure}()
 3 SYSTEMPATH\Common.php(1176): CodeIgniter\View\View->render('sys/add_faq', [], true)
 4 APPPATH\Controllers\Web.php(24): view('sys/add_faq')
 5 SYSTEMPATH\CodeIgniter.php(932): App\Controllers\Web->addFaq()
 6 SYSTEMPATH\CodeIgniter.php(497): CodeIgniter\CodeIgniter->runController(Object(App\Controllers\Web))
 7 SYSTEMPATH\CodeIgniter.php(366): CodeIgniter\CodeIgniter->handleRequest(null, Object(Config\Cache), false)
 8 FCPATH\index.php(67): CodeIgniter\CodeIgniter->run()
CRITICAL - 2024-03-23 05:42:45 --> Invalid file: "sys/menu_.php"
in SYSTEMPATH\Exceptions\FrameworkException.php on line 33.
 1 SYSTEMPATH\View\View.php(212): CodeIgniter\Exceptions\FrameworkException::forInvalidFile('sys/menu_.php')
 2 SYSTEMPATH\Common.php(1176): CodeIgniter\View\View->render('sys/menu_', [], true)
 3 APPPATH\Controllers\Sys.php(101): view('sys/menu_')
 4 SYSTEMPATH\CodeIgniter.php(932): App\Controllers\Sys->dashboard()
 5 SYSTEMPATH\CodeIgniter.php(497): CodeIgniter\CodeIgniter->runController(Object(App\Controllers\Sys))
 6 SYSTEMPATH\CodeIgniter.php(366): CodeIgniter\CodeIgniter->handleRequest(null, Object(Config\Cache), false)
 7 FCPATH\index.php(67): CodeIgniter\CodeIgniter->run()
CRITICAL - 2024-03-23 05:42:48 --> Invalid file: "sys/menu_.php"
in SYSTEMPATH\Exceptions\FrameworkException.php on line 33.
 1 SYSTEMPATH\View\View.php(212): CodeIgniter\Exceptions\FrameworkException::forInvalidFile('sys/menu_.php')
 2 SYSTEMPATH\Common.php(1176): CodeIgniter\View\View->render('sys/menu_', [], true)
 3 APPPATH\Controllers\Sys.php(101): view('sys/menu_')
 4 SYSTEMPATH\CodeIgniter.php(932): App\Controllers\Sys->dashboard()
 5 SYSTEMPATH\CodeIgniter.php(497): CodeIgniter\CodeIgniter->runController(Object(App\Controllers\Sys))
 6 SYSTEMPATH\CodeIgniter.php(366): CodeIgniter\CodeIgniter->handleRequest(null, Object(Config\Cache), false)
 7 FCPATH\index.php(67): CodeIgniter\CodeIgniter->run()
CRITICAL - 2024-03-23 05:53:51 --> Undefined variable $listings
in APPPATH\Views\sys\content_e-Waste Collector.php on line 53.
 1 APPPATH\Views\sys\content_e-Waste Collector.php(53): CodeIgniter\Debug\Exceptions->errorHandler(2, 'Undefined variable $listings', 'C:\\xampp\\htdocs\\ewms\\app\\Views\\sys\\content_e-Waste Collector.php', 53)
 2 SYSTEMPATH\View\View.php(224): include('C:\\xampp\\htdocs\\ewms\\app\\Views\\sys\\content_e-Waste Collector.php')
 3 SYSTEMPATH\View\View.php(227): CodeIgniter\View\View->CodeIgniter\View\{closure}()
 4 SYSTEMPATH\Common.php(1176): CodeIgniter\View\View->render('sys/content_e-waste collector', [], true)
 5 APPPATH\Controllers\Sys.php(102): view('sys/content_e-waste collector', [...])
 6 SYSTEMPATH\CodeIgniter.php(932): App\Controllers\Sys->dashboard()
 7 SYSTEMPATH\CodeIgniter.php(497): CodeIgniter\CodeIgniter->runController(Object(App\Controllers\Sys))
 8 SYSTEMPATH\CodeIgniter.php(366): CodeIgniter\CodeIgniter->handleRequest(null, Object(Config\Cache), false)
 9 FCPATH\index.php(67): CodeIgniter\CodeIgniter->run()
CRITICAL - 2024-03-23 06:59:30 --> Invalid file: "sys/menu_.php"
in SYSTEMPATH\Exceptions\FrameworkException.php on line 33.
 1 SYSTEMPATH\View\View.php(212): CodeIgniter\Exceptions\FrameworkException::forInvalidFile('sys/menu_.php')
 2 SYSTEMPATH\Common.php(1176): CodeIgniter\View\View->render('sys/menu_', [], true)
 3 APPPATH\Controllers\Sys.php(101): view('sys/menu_')
 4 SYSTEMPATH\CodeIgniter.php(932): App\Controllers\Sys->dashboard()
 5 SYSTEMPATH\CodeIgniter.php(497): CodeIgniter\CodeIgniter->runController(Object(App\Controllers\Sys))
 6 SYSTEMPATH\CodeIgniter.php(366): CodeIgniter\CodeIgniter->handleRequest(null, Object(Config\Cache), false)
 7 FCPATH\index.php(67): CodeIgniter\CodeIgniter->run()
CRITICAL - 2024-03-23 07:01:36 --> Invalid file: "sys/menu_.php"
in SYSTEMPATH\Exceptions\FrameworkException.php on line 33.
 1 SYSTEMPATH\View\View.php(212): CodeIgniter\Exceptions\FrameworkException::forInvalidFile('sys/menu_.php')
 2 SYSTEMPATH\Common.php(1176): CodeIgniter\View\View->render('sys/menu_', [], true)
 3 APPPATH\Controllers\Sys.php(1230): view('sys/menu_')
 4 SYSTEMPATH\CodeIgniter.php(932): App\Controllers\Sys->viewEwcInventoryAll()
 5 SYSTEMPATH\CodeIgniter.php(497): CodeIgniter\CodeIgniter->runController(Object(App\Controllers\Sys))
 6 SYSTEMPATH\CodeIgniter.php(366): CodeIgniter\CodeIgniter->handleRequest(null, Object(Config\Cache), false)
 7 FCPATH\index.php(67): CodeIgniter\CodeIgniter->run()
CRITICAL - 2024-03-23 07:59:31 --> Undefined variable $message
in APPPATH\Views\sys\warnings.php on line 33.
 1 APPPATH\Views\sys\warnings.php(33): CodeIgniter\Debug\Exceptions->errorHandler(2, 'Undefined variable $message', 'C:\\xampp\\htdocs\\ewms\\app\\Views\\sys\\warnings.php', 33)
 2 SYSTEMPATH\View\View.php(224): include('C:\\xampp\\htdocs\\ewms\\app\\Views\\sys\\warnings.php')
 3 SYSTEMPATH\View\View.php(227): CodeIgniter\View\View->CodeIgniter\View\{closure}()
 4 SYSTEMPATH\Common.php(1176): CodeIgniter\View\View->render('sys/warnings', [], true)
 5 APPPATH\Controllers\User.php(37): view('sys/warnings')
 6 SYSTEMPATH\CodeIgniter.php(932): App\Controllers\User->login()
 7 SYSTEMPATH\CodeIgniter.php(497): CodeIgniter\CodeIgniter->runController(Object(App\Controllers\User))
 8 SYSTEMPATH\CodeIgniter.php(366): CodeIgniter\CodeIgniter->handleRequest(null, Object(Config\Cache), false)
 9 FCPATH\index.php(67): CodeIgniter\CodeIgniter->run()
CRITICAL - 2024-03-23 11:37:03 --> syntax error, unexpected variable "$data"
in APPPATH\Controllers\Sys.php on line 2468.
 1 SYSTEMPATH\Router\Router.php(510): CodeIgniter\Router\AutoRouter->getRoute('/sys/view_add_new_category', 'get')
 2 SYSTEMPATH\Router\Router.php(208): CodeIgniter\Router\Router->autoRoute('/sys/view_add_new_category')
 3 SYSTEMPATH\CodeIgniter.php(813): CodeIgniter\Router\Router->handle('/sys/view_add_new_category')
 4 SYSTEMPATH\CodeIgniter.php(447): CodeIgniter\CodeIgniter->tryToRouteIt(Object(CodeIgniter\Router\RouteCollection))
 5 SYSTEMPATH\CodeIgniter.php(366): CodeIgniter\CodeIgniter->handleRequest(null, Object(Config\Cache), false)
 6 FCPATH\index.php(67): CodeIgniter\CodeIgniter->run()
CRITICAL - 2024-03-23 11:37:10 --> syntax error, unexpected variable "$data"
in APPPATH\Controllers\Sys.php on line 2468.
 1 SYSTEMPATH\Router\Router.php(510): CodeIgniter\Router\AutoRouter->getRoute('/sys/dashboard', 'get')
 2 SYSTEMPATH\Router\Router.php(208): CodeIgniter\Router\Router->autoRoute('/sys/dashboard')
 3 SYSTEMPATH\CodeIgniter.php(813): CodeIgniter\Router\Router->handle('/sys/dashboard')
 4 SYSTEMPATH\CodeIgniter.php(447): CodeIgniter\CodeIgniter->tryToRouteIt(Object(CodeIgniter\Router\RouteCollection))
 5 SYSTEMPATH\CodeIgniter.php(366): CodeIgniter\CodeIgniter->handleRequest(null, Object(Config\Cache), false)
 6 FCPATH\index.php(67): CodeIgniter\CodeIgniter->run()
CRITICAL - 2024-03-23 11:37:11 --> syntax error, unexpected variable "$data"
in APPPATH\Controllers\Sys.php on line 2468.
 1 SYSTEMPATH\Router\Router.php(510): CodeIgniter\Router\AutoRouter->getRoute('/sys/dashboard', 'get')
 2 SYSTEMPATH\Router\Router.php(208): CodeIgniter\Router\Router->autoRoute('/sys/dashboard')
 3 SYSTEMPATH\CodeIgniter.php(813): CodeIgniter\Router\Router->handle('/sys/dashboard')
 4 SYSTEMPATH\CodeIgniter.php(447): CodeIgniter\CodeIgniter->tryToRouteIt(Object(CodeIgniter\Router\RouteCollection))
 5 SYSTEMPATH\CodeIgniter.php(366): CodeIgniter\CodeIgniter->handleRequest(null, Object(Config\Cache), false)
 6 FCPATH\index.php(67): CodeIgniter\CodeIgniter->run()
CRITICAL - 2024-03-23 11:37:12 --> syntax error, unexpected variable "$data"
in APPPATH\Controllers\Sys.php on line 2468.
 1 SYSTEMPATH\Router\Router.php(510): CodeIgniter\Router\AutoRouter->getRoute('/sys/dashboard', 'get')
 2 SYSTEMPATH\Router\Router.php(208): CodeIgniter\Router\Router->autoRoute('/sys/dashboard')
 3 SYSTEMPATH\CodeIgniter.php(813): CodeIgniter\Router\Router->handle('/sys/dashboard')
 4 SYSTEMPATH\CodeIgniter.php(447): CodeIgniter\CodeIgniter->tryToRouteIt(Object(CodeIgniter\Router\RouteCollection))
 5 SYSTEMPATH\CodeIgniter.php(366): CodeIgniter\CodeIgniter->handleRequest(null, Object(Config\Cache), false)
 6 FCPATH\index.php(67): CodeIgniter\CodeIgniter->run()
CRITICAL - 2024-03-23 11:37:12 --> syntax error, unexpected variable "$data"
in APPPATH\Controllers\Sys.php on line 2468.
 1 SYSTEMPATH\Router\Router.php(510): CodeIgniter\Router\AutoRouter->getRoute('/sys/dashboard', 'get')
 2 SYSTEMPATH\Router\Router.php(208): CodeIgniter\Router\Router->autoRoute('/sys/dashboard')
 3 SYSTEMPATH\CodeIgniter.php(813): CodeIgniter\Router\Router->handle('/sys/dashboard')
 4 SYSTEMPATH\CodeIgniter.php(447): CodeIgniter\CodeIgniter->tryToRouteIt(Object(CodeIgniter\Router\RouteCollection))
 5 SYSTEMPATH\CodeIgniter.php(366): CodeIgniter\CodeIgniter->handleRequest(null, Object(Config\Cache), false)
 6 FCPATH\index.php(67): CodeIgniter\CodeIgniter->run()
CRITICAL - 2024-03-23 11:37:14 --> syntax error, unexpected variable "$data"
in APPPATH\Controllers\Sys.php on line 2468.
 1 SYSTEMPATH\Autoloader\Autoloader.php(291): CodeIgniter\Autoloader\Autoloader->includeFile('C:\\xampp\\htdocs\\ewms\\app\\Controllers\\Sys.php')
 2 SYSTEMPATH\Autoloader\Autoloader.php(269): CodeIgniter\Autoloader\Autoloader->loadInNamespace('App\\Controllers\\Sys')
 3 [internal function]: CodeIgniter\Autoloader\Autoloader->loadClass('App\\Controllers\\Sys')
 4 SYSTEMPATH\CodeIgniter.php(890): class_exists('\\App\\Controllers\\Sys', true)
 5 SYSTEMPATH\CodeIgniter.php(484): CodeIgniter\CodeIgniter->startController()
 6 SYSTEMPATH\CodeIgniter.php(366): CodeIgniter\CodeIgniter->handleRequest(null, Object(Config\Cache), false)
 7 FCPATH\index.php(67): CodeIgniter\CodeIgniter->run()
