CRITICAL - 2023-12-25 02:45:18 --> Invalid file: "sys/menu_.php"
in SYSTEMPATH\Exceptions\FrameworkException.php on line 33.
 1 SYSTEMPATH\View\View.php(212): CodeIgniter\Exceptions\FrameworkException::forInvalidFile('sys/menu_.php')
 2 SYSTEMPATH\Common.php(1176): CodeIgniter\View\View->render('sys/menu_', [], true)
 3 APPPATH\Controllers\Sys.php(40): view('sys/menu_')
 4 SYSTEMPATH\CodeIgniter.php(932): App\Controllers\Sys->dashboard()
 5 SYSTEMPATH\CodeIgniter.php(497): CodeIgniter\CodeIgniter->runController(Object(App\Controllers\Sys))
 6 SYSTEMPATH\CodeIgniter.php(366): CodeIgniter\CodeIgniter->handleRequest(null, Object(Config\Cache), false)
 7 FCPATH\index.php(67): CodeIgniter\CodeIgniter->run()
CRITICAL - 2023-12-25 05:23:42 --> Invalid file: "sys/menu_.php"
in SYSTEMPATH\Exceptions\FrameworkException.php on line 33.
 1 SYSTEMPATH\View\View.php(212): CodeIgniter\Exceptions\FrameworkException::forInvalidFile('sys/menu_.php')
 2 SYSTEMPATH\Common.php(1176): CodeIgniter\View\View->render('sys/menu_', [], true)
 3 APPPATH\Controllers\Sys.php(40): view('sys/menu_')
 4 SYSTEMPATH\CodeIgniter.php(932): App\Controllers\Sys->dashboard()
 5 SYSTEMPATH\CodeIgniter.php(497): CodeIgniter\CodeIgniter->runController(Object(App\Controllers\Sys))
 6 SYSTEMPATH\CodeIgniter.php(366): CodeIgniter\CodeIgniter->handleRequest(null, Object(Config\Cache), false)
 7 FCPATH\index.php(67): CodeIgniter\CodeIgniter->run()
CRITICAL - 2023-12-25 11:01:33 --> Invalid file: "sys/menu_.php"
in SYSTEMPATH\Exceptions\FrameworkException.php on line 33.
 1 SYSTEMPATH\View\View.php(212): CodeIgniter\Exceptions\FrameworkException::forInvalidFile('sys/menu_.php')
 2 SYSTEMPATH\Common.php(1176): CodeIgniter\View\View->render('sys/menu_', [], true)
 3 APPPATH\Controllers\Sys.php(40): view('sys/menu_')
 4 SYSTEMPATH\CodeIgniter.php(932): App\Controllers\Sys->dashboard()
 5 SYSTEMPATH\CodeIgniter.php(497): CodeIgniter\CodeIgniter->runController(Object(App\Controllers\Sys))
 6 SYSTEMPATH\CodeIgniter.php(366): CodeIgniter\CodeIgniter->handleRequest(null, Object(Config\Cache), false)
 7 FCPATH\index.php(67): CodeIgniter\CodeIgniter->run()
CRITICAL - 2023-12-25 12:13:37 --> Invalid file: "sys/menu_.php"
in SYSTEMPATH\Exceptions\FrameworkException.php on line 33.
 1 SYSTEMPATH\View\View.php(212): CodeIgniter\Exceptions\FrameworkException::forInvalidFile('sys/menu_.php')
 2 SYSTEMPATH\Common.php(1176): CodeIgniter\View\View->render('sys/menu_', [], true)
 3 APPPATH\Controllers\Sys.php(40): view('sys/menu_')
 4 SYSTEMPATH\CodeIgniter.php(932): App\Controllers\Sys->dashboard()
 5 SYSTEMPATH\CodeIgniter.php(497): CodeIgniter\CodeIgniter->runController(Object(App\Controllers\Sys))
 6 SYSTEMPATH\CodeIgniter.php(366): CodeIgniter\CodeIgniter->handleRequest(null, Object(Config\Cache), false)
 7 FCPATH\index.php(67): CodeIgniter\CodeIgniter->run()
CRITICAL - 2023-12-25 12:33:56 --> Trying to access array offset on value of type null
in APPPATH\Views\sys\detailed_view.php on line 21.
 1 APPPATH\Views\sys\detailed_view.php(21): CodeIgniter\Debug\Exceptions->errorHandler(2, 'Trying to access array offset on value of type null', 'C:\\xampp\\htdocs\\ewms\\app\\Views\\sys\\detailed_view.php', 21)
 2 SYSTEMPATH\View\View.php(224): include('C:\\xampp\\htdocs\\ewms\\app\\Views\\sys\\detailed_view.php')
 3 SYSTEMPATH\View\View.php(227): CodeIgniter\View\View->CodeIgniter\View\{closure}()
 4 SYSTEMPATH\Common.php(1176): CodeIgniter\View\View->render('sys/detailed_view', [], true)
 5 APPPATH\Controllers\Sys.php(155): view('sys/detailed_view', [...])
 6 SYSTEMPATH\CodeIgniter.php(932): App\Controllers\Sys->detailedView('assets', 'img', 'messages-1.jpg')
 7 SYSTEMPATH\CodeIgniter.php(497): CodeIgniter\CodeIgniter->runController(Object(App\Controllers\Sys))
 8 SYSTEMPATH\CodeIgniter.php(366): CodeIgniter\CodeIgniter->handleRequest(null, Object(Config\Cache), false)
 9 FCPATH\index.php(67): CodeIgniter\CodeIgniter->run()
CRITICAL - 2023-12-25 12:33:56 --> Trying to access array offset on value of type null
in APPPATH\Views\sys\detailed_view.php on line 21.
 1 APPPATH\Views\sys\detailed_view.php(21): CodeIgniter\Debug\Exceptions->errorHandler(2, 'Trying to access array offset on value of type null', 'C:\\xampp\\htdocs\\ewms\\app\\Views\\sys\\detailed_view.php', 21)
 2 SYSTEMPATH\View\View.php(224): include('C:\\xampp\\htdocs\\ewms\\app\\Views\\sys\\detailed_view.php')
 3 SYSTEMPATH\View\View.php(227): CodeIgniter\View\View->CodeIgniter\View\{closure}()
 4 SYSTEMPATH\Common.php(1176): CodeIgniter\View\View->render('sys/detailed_view', [], true)
 5 APPPATH\Controllers\Sys.php(155): view('sys/detailed_view', [...])
 6 SYSTEMPATH\CodeIgniter.php(932): App\Controllers\Sys->detailedView('assets', 'img', 'logo.png')
 7 SYSTEMPATH\CodeIgniter.php(497): CodeIgniter\CodeIgniter->runController(Object(App\Controllers\Sys))
 8 SYSTEMPATH\CodeIgniter.php(366): CodeIgniter\CodeIgniter->handleRequest(null, Object(Config\Cache), false)
 9 FCPATH\index.php(67): CodeIgniter\CodeIgniter->run()
CRITICAL - 2023-12-25 12:33:56 --> Trying to access array offset on value of type null
in APPPATH\Views\sys\detailed_view.php on line 21.
 1 APPPATH\Views\sys\detailed_view.php(21): CodeIgniter\Debug\Exceptions->errorHandler(2, 'Trying to access array offset on value of type null', 'C:\\xampp\\htdocs\\ewms\\app\\Views\\sys\\detailed_view.php', 21)
 2 SYSTEMPATH\View\View.php(224): include('C:\\xampp\\htdocs\\ewms\\app\\Views\\sys\\detailed_view.php')
 3 SYSTEMPATH\View\View.php(227): CodeIgniter\View\View->CodeIgniter\View\{closure}()
 4 SYSTEMPATH\Common.php(1176): CodeIgniter\View\View->render('sys/detailed_view', [], true)
 5 APPPATH\Controllers\Sys.php(155): view('sys/detailed_view', [...])
 6 SYSTEMPATH\CodeIgniter.php(932): App\Controllers\Sys->detailedView('assets', 'img', 'messages-3.jpg')
 7 SYSTEMPATH\CodeIgniter.php(497): CodeIgniter\CodeIgniter->runController(Object(App\Controllers\Sys))
 8 SYSTEMPATH\CodeIgniter.php(366): CodeIgniter\CodeIgniter->handleRequest(null, Object(Config\Cache), false)
 9 FCPATH\index.php(67): CodeIgniter\CodeIgniter->run()
CRITICAL - 2023-12-25 12:33:56 --> Trying to access array offset on value of type null
in APPPATH\Views\sys\detailed_view.php on line 21.
 1 APPPATH\Views\sys\detailed_view.php(21): CodeIgniter\Debug\Exceptions->errorHandler(2, 'Trying to access array offset on value of type null', 'C:\\xampp\\htdocs\\ewms\\app\\Views\\sys\\detailed_view.php', 21)
 2 SYSTEMPATH\View\View.php(224): include('C:\\xampp\\htdocs\\ewms\\app\\Views\\sys\\detailed_view.php')
 3 SYSTEMPATH\View\View.php(227): CodeIgniter\View\View->CodeIgniter\View\{closure}()
 4 SYSTEMPATH\Common.php(1176): CodeIgniter\View\View->render('sys/detailed_view', [], true)
 5 APPPATH\Controllers\Sys.php(155): view('sys/detailed_view', [...])
 6 SYSTEMPATH\CodeIgniter.php(932): App\Controllers\Sys->detailedView('assets', 'img', 'messages-2.jpg')
 7 SYSTEMPATH\CodeIgniter.php(497): CodeIgniter\CodeIgniter->runController(Object(App\Controllers\Sys))
 8 SYSTEMPATH\CodeIgniter.php(366): CodeIgniter\CodeIgniter->handleRequest(null, Object(Config\Cache), false)
 9 FCPATH\index.php(67): CodeIgniter\CodeIgniter->run()
CRITICAL - 2023-12-25 12:36:44 --> Trying to access array offset on value of type null
in APPPATH\Views\sys\bidding_form.php on line 99.
 1 APPPATH\Views\sys\bidding_form.php(99): CodeIgniter\Debug\Exceptions->errorHandler(2, 'Trying to access array offset on value of type null', 'C:\\xampp\\htdocs\\ewms\\app\\Views\\sys\\bidding_form.php', 99)
 2 SYSTEMPATH\View\View.php(224): include('C:\\xampp\\htdocs\\ewms\\app\\Views\\sys\\bidding_form.php')
 3 SYSTEMPATH\View\View.php(227): CodeIgniter\View\View->CodeIgniter\View\{closure}()
 4 SYSTEMPATH\Common.php(1176): CodeIgniter\View\View->render('sys/bidding_form', [], true)
 5 APPPATH\Controllers\Sys.php(171): view('sys/bidding_form', [...])
 6 SYSTEMPATH\CodeIgniter.php(932): App\Controllers\Sys->displayBiddingForm('assets', 'img', 'messages-1.jpg')
 7 SYSTEMPATH\CodeIgniter.php(497): CodeIgniter\CodeIgniter->runController(Object(App\Controllers\Sys))
 8 SYSTEMPATH\CodeIgniter.php(366): CodeIgniter\CodeIgniter->handleRequest(null, Object(Config\Cache), false)
 9 FCPATH\index.php(67): CodeIgniter\CodeIgniter->run()
CRITICAL - 2023-12-25 12:36:44 --> Trying to access array offset on value of type null
in APPPATH\Views\sys\bidding_form.php on line 99.
 1 APPPATH\Views\sys\bidding_form.php(99): CodeIgniter\Debug\Exceptions->errorHandler(2, 'Trying to access array offset on value of type null', 'C:\\xampp\\htdocs\\ewms\\app\\Views\\sys\\bidding_form.php', 99)
 2 SYSTEMPATH\View\View.php(224): include('C:\\xampp\\htdocs\\ewms\\app\\Views\\sys\\bidding_form.php')
 3 SYSTEMPATH\View\View.php(227): CodeIgniter\View\View->CodeIgniter\View\{closure}()
 4 SYSTEMPATH\Common.php(1176): CodeIgniter\View\View->render('sys/bidding_form', [], true)
 5 APPPATH\Controllers\Sys.php(171): view('sys/bidding_form', [...])
 6 SYSTEMPATH\CodeIgniter.php(932): App\Controllers\Sys->displayBiddingForm('assets', 'img', 'messages-3.jpg')
 7 SYSTEMPATH\CodeIgniter.php(497): CodeIgniter\CodeIgniter->runController(Object(App\Controllers\Sys))
 8 SYSTEMPATH\CodeIgniter.php(366): CodeIgniter\CodeIgniter->handleRequest(null, Object(Config\Cache), false)
 9 FCPATH\index.php(67): CodeIgniter\CodeIgniter->run()
CRITICAL - 2023-12-25 12:36:44 --> Trying to access array offset on value of type null
in APPPATH\Views\sys\bidding_form.php on line 99.
 1 APPPATH\Views\sys\bidding_form.php(99): CodeIgniter\Debug\Exceptions->errorHandler(2, 'Trying to access array offset on value of type null', 'C:\\xampp\\htdocs\\ewms\\app\\Views\\sys\\bidding_form.php', 99)
 2 SYSTEMPATH\View\View.php(224): include('C:\\xampp\\htdocs\\ewms\\app\\Views\\sys\\bidding_form.php')
 3 SYSTEMPATH\View\View.php(227): CodeIgniter\View\View->CodeIgniter\View\{closure}()
 4 SYSTEMPATH\Common.php(1176): CodeIgniter\View\View->render('sys/bidding_form', [], true)
 5 APPPATH\Controllers\Sys.php(171): view('sys/bidding_form', [...])
 6 SYSTEMPATH\CodeIgniter.php(932): App\Controllers\Sys->displayBiddingForm('assets', 'img', 'messages-2.jpg')
 7 SYSTEMPATH\CodeIgniter.php(497): CodeIgniter\CodeIgniter->runController(Object(App\Controllers\Sys))
 8 SYSTEMPATH\CodeIgniter.php(366): CodeIgniter\CodeIgniter->handleRequest(null, Object(Config\Cache), false)
 9 FCPATH\index.php(67): CodeIgniter\CodeIgniter->run()
CRITICAL - 2023-12-25 12:36:44 --> Trying to access array offset on value of type null
in APPPATH\Views\sys\bidding_form.php on line 99.
 1 APPPATH\Views\sys\bidding_form.php(99): CodeIgniter\Debug\Exceptions->errorHandler(2, 'Trying to access array offset on value of type null', 'C:\\xampp\\htdocs\\ewms\\app\\Views\\sys\\bidding_form.php', 99)
 2 SYSTEMPATH\View\View.php(224): include('C:\\xampp\\htdocs\\ewms\\app\\Views\\sys\\bidding_form.php')
 3 SYSTEMPATH\View\View.php(227): CodeIgniter\View\View->CodeIgniter\View\{closure}()
 4 SYSTEMPATH\Common.php(1176): CodeIgniter\View\View->render('sys/bidding_form', [], true)
 5 APPPATH\Controllers\Sys.php(171): view('sys/bidding_form', [...])
 6 SYSTEMPATH\CodeIgniter.php(932): App\Controllers\Sys->displayBiddingForm('assets', 'img', 'logo.png')
 7 SYSTEMPATH\CodeIgniter.php(497): CodeIgniter\CodeIgniter->runController(Object(App\Controllers\Sys))
 8 SYSTEMPATH\CodeIgniter.php(366): CodeIgniter\CodeIgniter->handleRequest(null, Object(Config\Cache), false)
 9 FCPATH\index.php(67): CodeIgniter\CodeIgniter->run()
CRITICAL - 2023-12-25 12:39:48 --> Trying to access array offset on value of type null
in APPPATH\Controllers\Sys.php on line 273.
 1 APPPATH\Controllers\Sys.php(273): CodeIgniter\Debug\Exceptions->errorHandler(2, 'Trying to access array offset on value of type null', 'C:\\xampp\\htdocs\\ewms\\app\\Controllers\\Sys.php', 273)
 2 SYSTEMPATH\CodeIgniter.php(932): App\Controllers\Sys->viewBids('assets', 'img', 'logo.png')
 3 SYSTEMPATH\CodeIgniter.php(497): CodeIgniter\CodeIgniter->runController(Object(App\Controllers\Sys))
 4 SYSTEMPATH\CodeIgniter.php(366): CodeIgniter\CodeIgniter->handleRequest(null, Object(Config\Cache), false)
 5 FCPATH\index.php(67): CodeIgniter\CodeIgniter->run()
CRITICAL - 2023-12-25 12:39:48 --> Trying to access array offset on value of type null
in APPPATH\Controllers\Sys.php on line 273.
 1 APPPATH\Controllers\Sys.php(273): CodeIgniter\Debug\Exceptions->errorHandler(2, 'Trying to access array offset on value of type null', 'C:\\xampp\\htdocs\\ewms\\app\\Controllers\\Sys.php', 273)
 2 SYSTEMPATH\CodeIgniter.php(932): App\Controllers\Sys->viewBids('assets', 'img', 'messages-2.jpg')
 3 SYSTEMPATH\CodeIgniter.php(497): CodeIgniter\CodeIgniter->runController(Object(App\Controllers\Sys))
 4 SYSTEMPATH\CodeIgniter.php(366): CodeIgniter\CodeIgniter->handleRequest(null, Object(Config\Cache), false)
 5 FCPATH\index.php(67): CodeIgniter\CodeIgniter->run()
CRITICAL - 2023-12-25 12:39:48 --> Trying to access array offset on value of type null
in APPPATH\Controllers\Sys.php on line 273.
 1 APPPATH\Controllers\Sys.php(273): CodeIgniter\Debug\Exceptions->errorHandler(2, 'Trying to access array offset on value of type null', 'C:\\xampp\\htdocs\\ewms\\app\\Controllers\\Sys.php', 273)
 2 SYSTEMPATH\CodeIgniter.php(932): App\Controllers\Sys->viewBids('assets', 'img', 'messages-1.jpg')
 3 SYSTEMPATH\CodeIgniter.php(497): CodeIgniter\CodeIgniter->runController(Object(App\Controllers\Sys))
 4 SYSTEMPATH\CodeIgniter.php(366): CodeIgniter\CodeIgniter->handleRequest(null, Object(Config\Cache), false)
 5 FCPATH\index.php(67): CodeIgniter\CodeIgniter->run()
CRITICAL - 2023-12-25 12:39:48 --> Trying to access array offset on value of type null
in APPPATH\Controllers\Sys.php on line 273.
 1 APPPATH\Controllers\Sys.php(273): CodeIgniter\Debug\Exceptions->errorHandler(2, 'Trying to access array offset on value of type null', 'C:\\xampp\\htdocs\\ewms\\app\\Controllers\\Sys.php', 273)
 2 SYSTEMPATH\CodeIgniter.php(932): App\Controllers\Sys->viewBids('assets', 'img', 'messages-3.jpg')
 3 SYSTEMPATH\CodeIgniter.php(497): CodeIgniter\CodeIgniter->runController(Object(App\Controllers\Sys))
 4 SYSTEMPATH\CodeIgniter.php(366): CodeIgniter\CodeIgniter->handleRequest(null, Object(Config\Cache), false)
 5 FCPATH\index.php(67): CodeIgniter\CodeIgniter->run()
CRITICAL - 2023-12-25 14:02:51 --> Trying to access array offset on value of type null
in APPPATH\Views\sys\bidding_form.php on line 99.
 1 APPPATH\Views\sys\bidding_form.php(99): CodeIgniter\Debug\Exceptions->errorHandler(2, 'Trying to access array offset on value of type null', 'C:\\xampp\\htdocs\\ewms\\app\\Views\\sys\\bidding_form.php', 99)
 2 SYSTEMPATH\View\View.php(224): include('C:\\xampp\\htdocs\\ewms\\app\\Views\\sys\\bidding_form.php')
 3 SYSTEMPATH\View\View.php(227): CodeIgniter\View\View->CodeIgniter\View\{closure}()
 4 SYSTEMPATH\Common.php(1176): CodeIgniter\View\View->render('sys/bidding_form', [], true)
 5 APPPATH\Controllers\Sys.php(171): view('sys/bidding_form', [...])
 6 SYSTEMPATH\CodeIgniter.php(932): App\Controllers\Sys->displayBiddingForm('assets', 'img', 'logo.png')
 7 SYSTEMPATH\CodeIgniter.php(497): CodeIgniter\CodeIgniter->runController(Object(App\Controllers\Sys))
 8 SYSTEMPATH\CodeIgniter.php(366): CodeIgniter\CodeIgniter->handleRequest(null, Object(Config\Cache), false)
 9 FCPATH\index.php(67): CodeIgniter\CodeIgniter->run()
CRITICAL - 2023-12-25 14:02:51 --> Trying to access array offset on value of type null
in APPPATH\Views\sys\bidding_form.php on line 99.
 1 APPPATH\Views\sys\bidding_form.php(99): CodeIgniter\Debug\Exceptions->errorHandler(2, 'Trying to access array offset on value of type null', 'C:\\xampp\\htdocs\\ewms\\app\\Views\\sys\\bidding_form.php', 99)
 2 SYSTEMPATH\View\View.php(224): include('C:\\xampp\\htdocs\\ewms\\app\\Views\\sys\\bidding_form.php')
 3 SYSTEMPATH\View\View.php(227): CodeIgniter\View\View->CodeIgniter\View\{closure}()
 4 SYSTEMPATH\Common.php(1176): CodeIgniter\View\View->render('sys/bidding_form', [], true)
 5 APPPATH\Controllers\Sys.php(171): view('sys/bidding_form', [...])
 6 SYSTEMPATH\CodeIgniter.php(932): App\Controllers\Sys->displayBiddingForm('assets', 'img', 'messages-1.jpg')
 7 SYSTEMPATH\CodeIgniter.php(497): CodeIgniter\CodeIgniter->runController(Object(App\Controllers\Sys))
 8 SYSTEMPATH\CodeIgniter.php(366): CodeIgniter\CodeIgniter->handleRequest(null, Object(Config\Cache), false)
 9 FCPATH\index.php(67): CodeIgniter\CodeIgniter->run()
CRITICAL - 2023-12-25 14:02:51 --> Trying to access array offset on value of type null
in APPPATH\Views\sys\bidding_form.php on line 99.
 1 APPPATH\Views\sys\bidding_form.php(99): CodeIgniter\Debug\Exceptions->errorHandler(2, 'Trying to access array offset on value of type null', 'C:\\xampp\\htdocs\\ewms\\app\\Views\\sys\\bidding_form.php', 99)
 2 SYSTEMPATH\View\View.php(224): include('C:\\xampp\\htdocs\\ewms\\app\\Views\\sys\\bidding_form.php')
 3 SYSTEMPATH\View\View.php(227): CodeIgniter\View\View->CodeIgniter\View\{closure}()
 4 SYSTEMPATH\Common.php(1176): CodeIgniter\View\View->render('sys/bidding_form', [], true)
 5 APPPATH\Controllers\Sys.php(171): view('sys/bidding_form', [...])
 6 SYSTEMPATH\CodeIgniter.php(932): App\Controllers\Sys->displayBiddingForm('assets', 'img', 'messages-2.jpg')
 7 SYSTEMPATH\CodeIgniter.php(497): CodeIgniter\CodeIgniter->runController(Object(App\Controllers\Sys))
 8 SYSTEMPATH\CodeIgniter.php(366): CodeIgniter\CodeIgniter->handleRequest(null, Object(Config\Cache), false)
 9 FCPATH\index.php(67): CodeIgniter\CodeIgniter->run()
CRITICAL - 2023-12-25 14:02:51 --> Trying to access array offset on value of type null
in APPPATH\Views\sys\bidding_form.php on line 99.
 1 APPPATH\Views\sys\bidding_form.php(99): CodeIgniter\Debug\Exceptions->errorHandler(2, 'Trying to access array offset on value of type null', 'C:\\xampp\\htdocs\\ewms\\app\\Views\\sys\\bidding_form.php', 99)
 2 SYSTEMPATH\View\View.php(224): include('C:\\xampp\\htdocs\\ewms\\app\\Views\\sys\\bidding_form.php')
 3 SYSTEMPATH\View\View.php(227): CodeIgniter\View\View->CodeIgniter\View\{closure}()
 4 SYSTEMPATH\Common.php(1176): CodeIgniter\View\View->render('sys/bidding_form', [], true)
 5 APPPATH\Controllers\Sys.php(171): view('sys/bidding_form', [...])
 6 SYSTEMPATH\CodeIgniter.php(932): App\Controllers\Sys->displayBiddingForm('assets', 'img', 'messages-3.jpg')
 7 SYSTEMPATH\CodeIgniter.php(497): CodeIgniter\CodeIgniter->runController(Object(App\Controllers\Sys))
 8 SYSTEMPATH\CodeIgniter.php(366): CodeIgniter\CodeIgniter->handleRequest(null, Object(Config\Cache), false)
 9 FCPATH\index.php(67): CodeIgniter\CodeIgniter->run()
CRITICAL - 2023-12-25 14:18:35 --> Trying to access array offset on value of type null
in APPPATH\Views\sys\bidding_form.php on line 99.
 1 APPPATH\Views\sys\bidding_form.php(99): CodeIgniter\Debug\Exceptions->errorHandler(2, 'Trying to access array offset on value of type null', 'C:\\xampp\\htdocs\\ewms\\app\\Views\\sys\\bidding_form.php', 99)
 2 SYSTEMPATH\View\View.php(224): include('C:\\xampp\\htdocs\\ewms\\app\\Views\\sys\\bidding_form.php')
 3 SYSTEMPATH\View\View.php(227): CodeIgniter\View\View->CodeIgniter\View\{closure}()
 4 SYSTEMPATH\Common.php(1176): CodeIgniter\View\View->render('sys/bidding_form', [], true)
 5 APPPATH\Controllers\Sys.php(171): view('sys/bidding_form', [...])
 6 SYSTEMPATH\CodeIgniter.php(932): App\Controllers\Sys->displayBiddingForm('assets', 'img', 'logo.png')
 7 SYSTEMPATH\CodeIgniter.php(497): CodeIgniter\CodeIgniter->runController(Object(App\Controllers\Sys))
 8 SYSTEMPATH\CodeIgniter.php(366): CodeIgniter\CodeIgniter->handleRequest(null, Object(Config\Cache), false)
 9 FCPATH\index.php(67): CodeIgniter\CodeIgniter->run()
CRITICAL - 2023-12-25 14:18:35 --> Trying to access array offset on value of type null
in APPPATH\Views\sys\bidding_form.php on line 99.
 1 APPPATH\Views\sys\bidding_form.php(99): CodeIgniter\Debug\Exceptions->errorHandler(2, 'Trying to access array offset on value of type null', 'C:\\xampp\\htdocs\\ewms\\app\\Views\\sys\\bidding_form.php', 99)
 2 SYSTEMPATH\View\View.php(224): include('C:\\xampp\\htdocs\\ewms\\app\\Views\\sys\\bidding_form.php')
 3 SYSTEMPATH\View\View.php(227): CodeIgniter\View\View->CodeIgniter\View\{closure}()
 4 SYSTEMPATH\Common.php(1176): CodeIgniter\View\View->render('sys/bidding_form', [], true)
 5 APPPATH\Controllers\Sys.php(171): view('sys/bidding_form', [...])
 6 SYSTEMPATH\CodeIgniter.php(932): App\Controllers\Sys->displayBiddingForm('assets', 'img', 'messages-1.jpg')
 7 SYSTEMPATH\CodeIgniter.php(497): CodeIgniter\CodeIgniter->runController(Object(App\Controllers\Sys))
 8 SYSTEMPATH\CodeIgniter.php(366): CodeIgniter\CodeIgniter->handleRequest(null, Object(Config\Cache), false)
 9 FCPATH\index.php(67): CodeIgniter\CodeIgniter->run()
CRITICAL - 2023-12-25 14:18:35 --> Trying to access array offset on value of type null
in APPPATH\Views\sys\bidding_form.php on line 99.
 1 APPPATH\Views\sys\bidding_form.php(99): CodeIgniter\Debug\Exceptions->errorHandler(2, 'Trying to access array offset on value of type null', 'C:\\xampp\\htdocs\\ewms\\app\\Views\\sys\\bidding_form.php', 99)
 2 SYSTEMPATH\View\View.php(224): include('C:\\xampp\\htdocs\\ewms\\app\\Views\\sys\\bidding_form.php')
 3 SYSTEMPATH\View\View.php(227): CodeIgniter\View\View->CodeIgniter\View\{closure}()
 4 SYSTEMPATH\Common.php(1176): CodeIgniter\View\View->render('sys/bidding_form', [], true)
 5 APPPATH\Controllers\Sys.php(171): view('sys/bidding_form', [...])
 6 SYSTEMPATH\CodeIgniter.php(932): App\Controllers\Sys->displayBiddingForm('assets', 'img', 'messages-2.jpg')
 7 SYSTEMPATH\CodeIgniter.php(497): CodeIgniter\CodeIgniter->runController(Object(App\Controllers\Sys))
 8 SYSTEMPATH\CodeIgniter.php(366): CodeIgniter\CodeIgniter->handleRequest(null, Object(Config\Cache), false)
 9 FCPATH\index.php(67): CodeIgniter\CodeIgniter->run()
CRITICAL - 2023-12-25 14:18:35 --> Trying to access array offset on value of type null
in APPPATH\Views\sys\bidding_form.php on line 99.
 1 APPPATH\Views\sys\bidding_form.php(99): CodeIgniter\Debug\Exceptions->errorHandler(2, 'Trying to access array offset on value of type null', 'C:\\xampp\\htdocs\\ewms\\app\\Views\\sys\\bidding_form.php', 99)
 2 SYSTEMPATH\View\View.php(224): include('C:\\xampp\\htdocs\\ewms\\app\\Views\\sys\\bidding_form.php')
 3 SYSTEMPATH\View\View.php(227): CodeIgniter\View\View->CodeIgniter\View\{closure}()
 4 SYSTEMPATH\Common.php(1176): CodeIgniter\View\View->render('sys/bidding_form', [], true)
 5 APPPATH\Controllers\Sys.php(171): view('sys/bidding_form', [...])
 6 SYSTEMPATH\CodeIgniter.php(932): App\Controllers\Sys->displayBiddingForm('assets', 'img', 'messages-3.jpg')
 7 SYSTEMPATH\CodeIgniter.php(497): CodeIgniter\CodeIgniter->runController(Object(App\Controllers\Sys))
 8 SYSTEMPATH\CodeIgniter.php(366): CodeIgniter\CodeIgniter->handleRequest(null, Object(Config\Cache), false)
 9 FCPATH\index.php(67): CodeIgniter\CodeIgniter->run()
CRITICAL - 2023-12-25 14:44:17 --> Undefined variable $data
in APPPATH\Controllers\Sys.php on line 46.
 1 APPPATH\Controllers\Sys.php(46): CodeIgniter\Debug\Exceptions->errorHandler(2, 'Undefined variable $data', 'C:\\xampp\\htdocs\\ewms\\app\\Controllers\\Sys.php', 46)
 2 SYSTEMPATH\CodeIgniter.php(932): App\Controllers\Sys->dashboard()
 3 SYSTEMPATH\CodeIgniter.php(497): CodeIgniter\CodeIgniter->runController(Object(App\Controllers\Sys))
 4 SYSTEMPATH\CodeIgniter.php(366): CodeIgniter\CodeIgniter->handleRequest(null, Object(Config\Cache), false)
 5 FCPATH\index.php(67): CodeIgniter\CodeIgniter->run()
CRITICAL - 2023-12-25 14:44:24 --> Undefined variable $data
in APPPATH\Controllers\Sys.php on line 46.
 1 APPPATH\Controllers\Sys.php(46): CodeIgniter\Debug\Exceptions->errorHandler(2, 'Undefined variable $data', 'C:\\xampp\\htdocs\\ewms\\app\\Controllers\\Sys.php', 46)
 2 SYSTEMPATH\CodeIgniter.php(932): App\Controllers\Sys->dashboard()
 3 SYSTEMPATH\CodeIgniter.php(497): CodeIgniter\CodeIgniter->runController(Object(App\Controllers\Sys))
 4 SYSTEMPATH\CodeIgniter.php(366): CodeIgniter\CodeIgniter->handleRequest(null, Object(Config\Cache), false)
 5 FCPATH\index.php(67): CodeIgniter\CodeIgniter->run()
CRITICAL - 2023-12-25 14:45:07 --> Undefined variable $data
in APPPATH\Controllers\Sys.php on line 46.
 1 APPPATH\Controllers\Sys.php(46): CodeIgniter\Debug\Exceptions->errorHandler(2, 'Undefined variable $data', 'C:\\xampp\\htdocs\\ewms\\app\\Controllers\\Sys.php', 46)
 2 SYSTEMPATH\CodeIgniter.php(932): App\Controllers\Sys->dashboard()
 3 SYSTEMPATH\CodeIgniter.php(497): CodeIgniter\CodeIgniter->runController(Object(App\Controllers\Sys))
 4 SYSTEMPATH\CodeIgniter.php(366): CodeIgniter\CodeIgniter->handleRequest(null, Object(Config\Cache), false)
 5 FCPATH\index.php(67): CodeIgniter\CodeIgniter->run()
CRITICAL - 2023-12-25 14:45:08 --> Undefined variable $data
in APPPATH\Controllers\Sys.php on line 46.
 1 APPPATH\Controllers\Sys.php(46): CodeIgniter\Debug\Exceptions->errorHandler(2, 'Undefined variable $data', 'C:\\xampp\\htdocs\\ewms\\app\\Controllers\\Sys.php', 46)
 2 SYSTEMPATH\CodeIgniter.php(932): App\Controllers\Sys->dashboard()
 3 SYSTEMPATH\CodeIgniter.php(497): CodeIgniter\CodeIgniter->runController(Object(App\Controllers\Sys))
 4 SYSTEMPATH\CodeIgniter.php(366): CodeIgniter\CodeIgniter->handleRequest(null, Object(Config\Cache), false)
 5 FCPATH\index.php(67): CodeIgniter\CodeIgniter->run()
CRITICAL - 2023-12-25 14:45:13 --> Undefined variable $data
in APPPATH\Controllers\Sys.php on line 46.
 1 APPPATH\Controllers\Sys.php(46): CodeIgniter\Debug\Exceptions->errorHandler(2, 'Undefined variable $data', 'C:\\xampp\\htdocs\\ewms\\app\\Controllers\\Sys.php', 46)
 2 SYSTEMPATH\CodeIgniter.php(932): App\Controllers\Sys->dashboard()
 3 SYSTEMPATH\CodeIgniter.php(497): CodeIgniter\CodeIgniter->runController(Object(App\Controllers\Sys))
 4 SYSTEMPATH\CodeIgniter.php(366): CodeIgniter\CodeIgniter->handleRequest(null, Object(Config\Cache), false)
 5 FCPATH\index.php(67): CodeIgniter\CodeIgniter->run()
CRITICAL - 2023-12-25 16:41:24 --> Invalid file: "sys/menu_.php"
in SYSTEMPATH\Exceptions\FrameworkException.php on line 33.
 1 SYSTEMPATH\View\View.php(212): CodeIgniter\Exceptions\FrameworkException::forInvalidFile('sys/menu_.php')
 2 SYSTEMPATH\Common.php(1176): CodeIgniter\View\View->render('sys/menu_', [], true)
 3 APPPATH\Controllers\Sys.php(45): view('sys/menu_')
 4 SYSTEMPATH\CodeIgniter.php(932): App\Controllers\Sys->dashboard()
 5 SYSTEMPATH\CodeIgniter.php(497): CodeIgniter\CodeIgniter->runController(Object(App\Controllers\Sys))
 6 SYSTEMPATH\CodeIgniter.php(366): CodeIgniter\CodeIgniter->handleRequest(null, Object(Config\Cache), false)
 7 FCPATH\index.php(67): CodeIgniter\CodeIgniter->run()
CRITICAL - 2023-12-25 16:41:43 --> Undefined variable $data
in APPPATH\Controllers\Sys.php on line 46.
 1 APPPATH\Controllers\Sys.php(46): CodeIgniter\Debug\Exceptions->errorHandler(2, 'Undefined variable $data', 'C:\\xampp\\htdocs\\ewms\\app\\Controllers\\Sys.php', 46)
 2 SYSTEMPATH\CodeIgniter.php(932): App\Controllers\Sys->dashboard()
 3 SYSTEMPATH\CodeIgniter.php(497): CodeIgniter\CodeIgniter->runController(Object(App\Controllers\Sys))
 4 SYSTEMPATH\CodeIgniter.php(366): CodeIgniter\CodeIgniter->handleRequest(null, Object(Config\Cache), false)
 5 FCPATH\index.php(67): CodeIgniter\CodeIgniter->run()
