CRITICAL - 2024-03-11 03:09:12 --> Invalid file: "sys/menu_.php"
in SYSTEMPATH\Exceptions\FrameworkException.php on line 33.
 1 SYSTEMPATH\View\View.php(212): CodeIgniter\Exceptions\FrameworkException::forInvalidFile('sys/menu_.php')
 2 SYSTEMPATH\Common.php(1176): CodeIgniter\View\View->render('sys/menu_', [], true)
 3 APPPATH\Controllers\Sys.php(1699): view('sys/menu_')
 4 SYSTEMPATH\CodeIgniter.php(932): App\Controllers\Sys->showMonthlySummaryForm()
 5 SYSTEMPATH\CodeIgniter.php(497): CodeIgniter\CodeIgniter->runController(Object(App\Controllers\Sys))
 6 SYSTEMPATH\CodeIgniter.php(366): CodeIgniter\CodeIgniter->handleRequest(null, Object(Config\Cache), false)
 7 FCPATH\index.php(67): CodeIgniter\CodeIgniter->run()
CRITICAL - 2024-03-11 03:10:09 --> Trying to access array offset on value of type null
in APPPATH\Views\sys\ViewOneSetEwr.php on line 6.
 1 APPPATH\Views\sys\ViewOneSetEwr.php(6): CodeIgniter\Debug\Exceptions->errorHandler(2, 'Trying to access array offset on value of type null', 'C:\\xampp\\htdocs\\ewms\\app\\Views\\sys\\ViewOneSetEwr.php', 6)
 2 SYSTEMPATH\View\View.php(224): include('C:\\xampp\\htdocs\\ewms\\app\\Views\\sys\\ViewOneSetEwr.php')
 3 SYSTEMPATH\View\View.php(227): CodeIgniter\View\View->CodeIgniter\View\{closure}()
 4 SYSTEMPATH\Common.php(1176): CodeIgniter\View\View->render('sys/ViewOneSetEwr', [], true)
 5 APPPATH\Controllers\Sys.php(1140): view('sys/ViewOneSetEwr', [...])
 6 SYSTEMPATH\CodeIgniter.php(932): App\Controllers\Sys->viewListingSetItemsEwr('assets', 'img', 'messages-1.jpg')
 7 SYSTEMPATH\CodeIgniter.php(497): CodeIgniter\CodeIgniter->runController(Object(App\Controllers\Sys))
 8 SYSTEMPATH\CodeIgniter.php(366): CodeIgniter\CodeIgniter->handleRequest(null, Object(Config\Cache), false)
 9 FCPATH\index.php(67): CodeIgniter\CodeIgniter->run()
CRITICAL - 2024-03-11 03:10:09 --> Trying to access array offset on value of type null
in APPPATH\Views\sys\ViewOneSetEwr.php on line 6.
 1 APPPATH\Views\sys\ViewOneSetEwr.php(6): CodeIgniter\Debug\Exceptions->errorHandler(2, 'Trying to access array offset on value of type null', 'C:\\xampp\\htdocs\\ewms\\app\\Views\\sys\\ViewOneSetEwr.php', 6)
 2 SYSTEMPATH\View\View.php(224): include('C:\\xampp\\htdocs\\ewms\\app\\Views\\sys\\ViewOneSetEwr.php')
 3 SYSTEMPATH\View\View.php(227): CodeIgniter\View\View->CodeIgniter\View\{closure}()
 4 SYSTEMPATH\Common.php(1176): CodeIgniter\View\View->render('sys/ViewOneSetEwr', [], true)
 5 APPPATH\Controllers\Sys.php(1140): view('sys/ViewOneSetEwr', [...])
 6 SYSTEMPATH\CodeIgniter.php(932): App\Controllers\Sys->viewListingSetItemsEwr('assets', 'img', 'messages-2.jpg')
 7 SYSTEMPATH\CodeIgniter.php(497): CodeIgniter\CodeIgniter->runController(Object(App\Controllers\Sys))
 8 SYSTEMPATH\CodeIgniter.php(366): CodeIgniter\CodeIgniter->handleRequest(null, Object(Config\Cache), false)
 9 FCPATH\index.php(67): CodeIgniter\CodeIgniter->run()
CRITICAL - 2024-03-11 03:10:09 --> Trying to access array offset on value of type null
in APPPATH\Views\sys\ViewOneSetEwr.php on line 6.
 1 APPPATH\Views\sys\ViewOneSetEwr.php(6): CodeIgniter\Debug\Exceptions->errorHandler(2, 'Trying to access array offset on value of type null', 'C:\\xampp\\htdocs\\ewms\\app\\Views\\sys\\ViewOneSetEwr.php', 6)
 2 SYSTEMPATH\View\View.php(224): include('C:\\xampp\\htdocs\\ewms\\app\\Views\\sys\\ViewOneSetEwr.php')
 3 SYSTEMPATH\View\View.php(227): CodeIgniter\View\View->CodeIgniter\View\{closure}()
 4 SYSTEMPATH\Common.php(1176): CodeIgniter\View\View->render('sys/ViewOneSetEwr', [], true)
 5 APPPATH\Controllers\Sys.php(1140): view('sys/ViewOneSetEwr', [...])
 6 SYSTEMPATH\CodeIgniter.php(932): App\Controllers\Sys->viewListingSetItemsEwr('assets', 'img', 'messages-3.jpg')
 7 SYSTEMPATH\CodeIgniter.php(497): CodeIgniter\CodeIgniter->runController(Object(App\Controllers\Sys))
 8 SYSTEMPATH\CodeIgniter.php(366): CodeIgniter\CodeIgniter->handleRequest(null, Object(Config\Cache), false)
 9 FCPATH\index.php(67): CodeIgniter\CodeIgniter->run()
CRITICAL - 2024-03-11 04:35:53 --> Undefined variable $filteredMonthNum
in APPPATH\Views\sys\monthly_summary_form_filtered.php on line 17.
 1 APPPATH\Views\sys\monthly_summary_form_filtered.php(17): CodeIgniter\Debug\Exceptions->errorHandler(2, 'Undefined variable $filteredMonthNum', 'C:\\xampp\\htdocs\\ewms\\app\\Views\\sys\\monthly_summary_form_filtered.php', 17)
 2 SYSTEMPATH\View\View.php(224): include('C:\\xampp\\htdocs\\ewms\\app\\Views\\sys\\monthly_summary_form_filtered.php')
 3 SYSTEMPATH\View\View.php(227): CodeIgniter\View\View->CodeIgniter\View\{closure}()
 4 SYSTEMPATH\Common.php(1176): CodeIgniter\View\View->render('sys/monthly_summary_form_filtered', [], true)
 5 APPPATH\Controllers\Sys.php(1725): view('sys/monthly_summary_form_filtered', [...])
 6 SYSTEMPATH\CodeIgniter.php(932): App\Controllers\Sys->recycled_items()
 7 SYSTEMPATH\CodeIgniter.php(497): CodeIgniter\CodeIgniter->runController(Object(App\Controllers\Sys))
 8 SYSTEMPATH\CodeIgniter.php(366): CodeIgniter\CodeIgniter->handleRequest(null, Object(Config\Cache), false)
 9 FCPATH\index.php(67): CodeIgniter\CodeIgniter->run()
CRITICAL - 2024-03-11 04:35:53 --> Undefined variable $filteredMonthNum
in APPPATH\Views\sys\monthly_summary_form_filtered.php on line 17.
 1 APPPATH\Views\sys\monthly_summary_form_filtered.php(17): CodeIgniter\Debug\Exceptions->errorHandler(2, 'Undefined variable $filteredMonthNum', 'C:\\xampp\\htdocs\\ewms\\app\\Views\\sys\\monthly_summary_form_filtered.php', 17)
 2 SYSTEMPATH\View\View.php(224): include('C:\\xampp\\htdocs\\ewms\\app\\Views\\sys\\monthly_summary_form_filtered.php')
 3 SYSTEMPATH\View\View.php(227): CodeIgniter\View\View->CodeIgniter\View\{closure}()
 4 SYSTEMPATH\Common.php(1176): CodeIgniter\View\View->render('sys/monthly_summary_form_filtered', [], true)
 5 APPPATH\Controllers\Sys.php(1725): view('sys/monthly_summary_form_filtered', [...])
 6 SYSTEMPATH\CodeIgniter.php(932): App\Controllers\Sys->recycled_items()
 7 SYSTEMPATH\CodeIgniter.php(497): CodeIgniter\CodeIgniter->runController(Object(App\Controllers\Sys))
 8 SYSTEMPATH\CodeIgniter.php(366): CodeIgniter\CodeIgniter->handleRequest(null, Object(Config\Cache), false)
 9 FCPATH\index.php(67): CodeIgniter\CodeIgniter->run()
CRITICAL - 2024-03-11 06:44:24 --> Invalid file: "sys/menu_.php"
in SYSTEMPATH\Exceptions\FrameworkException.php on line 33.
 1 SYSTEMPATH\View\View.php(212): CodeIgniter\Exceptions\FrameworkException::forInvalidFile('sys/menu_.php')
 2 SYSTEMPATH\Common.php(1176): CodeIgniter\View\View->render('sys/menu_', [], true)
 3 APPPATH\Controllers\Sys.php(113): view('sys/menu_')
 4 SYSTEMPATH\CodeIgniter.php(932): App\Controllers\Sys->dashboard()
 5 SYSTEMPATH\CodeIgniter.php(497): CodeIgniter\CodeIgniter->runController(Object(App\Controllers\Sys))
 6 SYSTEMPATH\CodeIgniter.php(366): CodeIgniter\CodeIgniter->handleRequest(null, Object(Config\Cache), false)
 7 FCPATH\index.php(67): CodeIgniter\CodeIgniter->run()
CRITICAL - 2024-03-11 10:45:33 --> Invalid file: "sys/menu_.php"
in SYSTEMPATH\Exceptions\FrameworkException.php on line 33.
 1 SYSTEMPATH\View\View.php(212): CodeIgniter\Exceptions\FrameworkException::forInvalidFile('sys/menu_.php')
 2 SYSTEMPATH\Common.php(1176): CodeIgniter\View\View->render('sys/menu_', [], true)
 3 APPPATH\Controllers\Sys.php(1405): view('sys/menu_', [...])
 4 SYSTEMPATH\CodeIgniter.php(932): App\Controllers\Sys->viewUserMgt()
 5 SYSTEMPATH\CodeIgniter.php(497): CodeIgniter\CodeIgniter->runController(Object(App\Controllers\Sys))
 6 SYSTEMPATH\CodeIgniter.php(366): CodeIgniter\CodeIgniter->handleRequest(null, Object(Config\Cache), false)
 7 FCPATH\index.php(67): CodeIgniter\CodeIgniter->run()
CRITICAL - 2024-03-11 12:47:58 --> Invalid file: "sys/user_review.php"
in SYSTEMPATH\Exceptions\FrameworkException.php on line 33.
 1 SYSTEMPATH\View\View.php(212): CodeIgniter\Exceptions\FrameworkException::forInvalidFile('sys/user_review.php')
 2 SYSTEMPATH\Common.php(1176): CodeIgniter\View\View->render('sys/user_review', [], true)
 3 APPPATH\Controllers\Sys.php(1844): view('sys/user_review', [...])
 4 SYSTEMPATH\CodeIgniter.php(932): App\Controllers\Sys->viewUserReview()
 5 SYSTEMPATH\CodeIgniter.php(497): CodeIgniter\CodeIgniter->runController(Object(App\Controllers\Sys))
 6 SYSTEMPATH\CodeIgniter.php(366): CodeIgniter\CodeIgniter->handleRequest(null, Object(Config\Cache), false)
 7 FCPATH\index.php(67): CodeIgniter\CodeIgniter->run()
CRITICAL - 2024-03-11 14:07:14 --> Undefined array key "license_certificate_path"
in APPPATH\Views\sys\user_review.php on line 49.
 1 APPPATH\Views\sys\user_review.php(49): CodeIgniter\Debug\Exceptions->errorHandler(2, 'Undefined array key "license_certificate_path"', 'C:\\xampp\\htdocs\\ewms\\app\\Views\\sys\\user_review.php', 49)
 2 SYSTEMPATH\View\View.php(224): include('C:\\xampp\\htdocs\\ewms\\app\\Views\\sys\\user_review.php')
 3 SYSTEMPATH\View\View.php(227): CodeIgniter\View\View->CodeIgniter\View\{closure}()
 4 SYSTEMPATH\Common.php(1176): CodeIgniter\View\View->render('sys/user_review', [], true)
 5 APPPATH\Controllers\Sys.php(1844): view('sys/user_review', [...])
 6 SYSTEMPATH\CodeIgniter.php(932): App\Controllers\Sys->viewUserReview()
 7 SYSTEMPATH\CodeIgniter.php(497): CodeIgniter\CodeIgniter->runController(Object(App\Controllers\Sys))
 8 SYSTEMPATH\CodeIgniter.php(366): CodeIgniter\CodeIgniter->handleRequest(null, Object(Config\Cache), false)
 9 FCPATH\index.php(67): CodeIgniter\CodeIgniter->run()
CRITICAL - 2024-03-11 14:13:12 --> Undefined array key "license_expiry"
in APPPATH\Views\sys\user_review.php on line 63.
 1 APPPATH\Views\sys\user_review.php(63): CodeIgniter\Debug\Exceptions->errorHandler(2, 'Undefined array key "license_expiry"', 'C:\\xampp\\htdocs\\ewms\\app\\Views\\sys\\user_review.php', 63)
 2 SYSTEMPATH\View\View.php(224): include('C:\\xampp\\htdocs\\ewms\\app\\Views\\sys\\user_review.php')
 3 SYSTEMPATH\View\View.php(227): CodeIgniter\View\View->CodeIgniter\View\{closure}()
 4 SYSTEMPATH\Common.php(1176): CodeIgniter\View\View->render('sys/user_review', [], true)
 5 APPPATH\Controllers\Sys.php(1844): view('sys/user_review', [...])
 6 SYSTEMPATH\CodeIgniter.php(932): App\Controllers\Sys->viewUserReview()
 7 SYSTEMPATH\CodeIgniter.php(497): CodeIgniter\CodeIgniter->runController(Object(App\Controllers\Sys))
 8 SYSTEMPATH\CodeIgniter.php(366): CodeIgniter\CodeIgniter->handleRequest(null, Object(Config\Cache), false)
 9 FCPATH\index.php(67): CodeIgniter\CodeIgniter->run()
CRITICAL - 2024-03-11 14:21:45 --> Undefined array key "license_expiry"
in APPPATH\Views\sys\user_review.php on line 63.
 1 APPPATH\Views\sys\user_review.php(63): CodeIgniter\Debug\Exceptions->errorHandler(2, 'Undefined array key "license_expiry"', 'C:\\xampp\\htdocs\\ewms\\app\\Views\\sys\\user_review.php', 63)
 2 SYSTEMPATH\View\View.php(224): include('C:\\xampp\\htdocs\\ewms\\app\\Views\\sys\\user_review.php')
 3 SYSTEMPATH\View\View.php(227): CodeIgniter\View\View->CodeIgniter\View\{closure}()
 4 SYSTEMPATH\Common.php(1176): CodeIgniter\View\View->render('sys/user_review', [], true)
 5 APPPATH\Controllers\Sys.php(1849): view('sys/user_review', [...])
 6 SYSTEMPATH\CodeIgniter.php(932): App\Controllers\Sys->viewUserReview()
 7 SYSTEMPATH\CodeIgniter.php(497): CodeIgniter\CodeIgniter->runController(Object(App\Controllers\Sys))
 8 SYSTEMPATH\CodeIgniter.php(366): CodeIgniter\CodeIgniter->handleRequest(null, Object(Config\Cache), false)
 9 FCPATH\index.php(67): CodeIgniter\CodeIgniter->run()
CRITICAL - 2024-03-11 15:01:09 --> Invalid file: "sys/menu_.php"
in SYSTEMPATH\Exceptions\FrameworkException.php on line 33.
 1 SYSTEMPATH\View\View.php(212): CodeIgniter\Exceptions\FrameworkException::forInvalidFile('sys/menu_.php')
 2 SYSTEMPATH\Common.php(1176): CodeIgniter\View\View->render('sys/menu_', [], true)
 3 APPPATH\Controllers\Sys.php(1405): view('sys/menu_', [...])
 4 SYSTEMPATH\CodeIgniter.php(932): App\Controllers\Sys->viewUserMgt()
 5 SYSTEMPATH\CodeIgniter.php(497): CodeIgniter\CodeIgniter->runController(Object(App\Controllers\Sys))
 6 SYSTEMPATH\CodeIgniter.php(366): CodeIgniter\CodeIgniter->handleRequest(null, Object(Config\Cache), false)
 7 FCPATH\index.php(67): CodeIgniter\CodeIgniter->run()
CRITICAL - 2024-03-11 17:43:15 --> Undefined variable $currentMonth
in APPPATH\Views\sys\monthly_summary_form_filtered.php on line 78.
 1 APPPATH\Views\sys\monthly_summary_form_filtered.php(78): CodeIgniter\Debug\Exceptions->errorHandler(2, 'Undefined variable $currentMonth', 'C:\\xampp\\htdocs\\ewms\\app\\Views\\sys\\monthly_summary_form_filtered.php', 78)
 2 SYSTEMPATH\View\View.php(224): include('C:\\xampp\\htdocs\\ewms\\app\\Views\\sys\\monthly_summary_form_filtered.php')
 3 SYSTEMPATH\View\View.php(227): CodeIgniter\View\View->CodeIgniter\View\{closure}()
 4 SYSTEMPATH\Common.php(1176): CodeIgniter\View\View->render('sys/monthly_summary_form_filtered', [], true)
 5 APPPATH\Controllers\Sys.php(1727): view('sys/monthly_summary_form_filtered', [...])
 6 SYSTEMPATH\CodeIgniter.php(932): App\Controllers\Sys->recycled_items()
 7 SYSTEMPATH\CodeIgniter.php(497): CodeIgniter\CodeIgniter->runController(Object(App\Controllers\Sys))
 8 SYSTEMPATH\CodeIgniter.php(366): CodeIgniter\CodeIgniter->handleRequest(null, Object(Config\Cache), false)
 9 FCPATH\index.php(67): CodeIgniter\CodeIgniter->run()
CRITICAL - 2024-03-11 17:59:12 --> syntax error, unexpected token "public"
in APPPATH\Controllers\Sys.php on line 1722.
 1 SYSTEMPATH\Router\Router.php(510): CodeIgniter\Router\AutoRouter->getRoute('/sys/dashboard', 'get')
 2 SYSTEMPATH\Router\Router.php(208): CodeIgniter\Router\Router->autoRoute('/sys/dashboard')
 3 SYSTEMPATH\CodeIgniter.php(813): CodeIgniter\Router\Router->handle('/sys/dashboard')
 4 SYSTEMPATH\CodeIgniter.php(447): CodeIgniter\CodeIgniter->tryToRouteIt(Object(CodeIgniter\Router\RouteCollection))
 5 SYSTEMPATH\CodeIgniter.php(366): CodeIgniter\CodeIgniter->handleRequest(null, Object(Config\Cache), false)
 6 FCPATH\index.php(67): CodeIgniter\CodeIgniter->run()
CRITICAL - 2024-03-11 17:59:17 --> syntax error, unexpected token "public"
in APPPATH\Controllers\Sys.php on line 1722.
 1 SYSTEMPATH\Router\Router.php(510): CodeIgniter\Router\AutoRouter->getRoute('/sys', 'get')
 2 SYSTEMPATH\Router\Router.php(208): CodeIgniter\Router\Router->autoRoute('/sys')
 3 SYSTEMPATH\CodeIgniter.php(813): CodeIgniter\Router\Router->handle('/sys')
 4 SYSTEMPATH\CodeIgniter.php(447): CodeIgniter\CodeIgniter->tryToRouteIt(Object(CodeIgniter\Router\RouteCollection))
 5 SYSTEMPATH\CodeIgniter.php(366): CodeIgniter\CodeIgniter->handleRequest(null, Object(Config\Cache), false)
 6 FCPATH\index.php(67): CodeIgniter\CodeIgniter->run()
CRITICAL - 2024-03-11 17:59:18 --> syntax error, unexpected token "public"
in APPPATH\Controllers\Sys.php on line 1722.
 1 SYSTEMPATH\Router\Router.php(510): CodeIgniter\Router\AutoRouter->getRoute('/sys', 'get')
 2 SYSTEMPATH\Router\Router.php(208): CodeIgniter\Router\Router->autoRoute('/sys')
 3 SYSTEMPATH\CodeIgniter.php(813): CodeIgniter\Router\Router->handle('/sys')
 4 SYSTEMPATH\CodeIgniter.php(447): CodeIgniter\CodeIgniter->tryToRouteIt(Object(CodeIgniter\Router\RouteCollection))
 5 SYSTEMPATH\CodeIgniter.php(366): CodeIgniter\CodeIgniter->handleRequest(null, Object(Config\Cache), false)
 6 FCPATH\index.php(67): CodeIgniter\CodeIgniter->run()
CRITICAL - 2024-03-11 17:59:25 --> syntax error, unexpected token "public"
in APPPATH\Controllers\Sys.php on line 1722.
 1 SYSTEMPATH\Router\Router.php(510): CodeIgniter\Router\AutoRouter->getRoute('/sys', 'get')
 2 SYSTEMPATH\Router\Router.php(208): CodeIgniter\Router\Router->autoRoute('/sys')
 3 SYSTEMPATH\CodeIgniter.php(813): CodeIgniter\Router\Router->handle('/sys')
 4 SYSTEMPATH\CodeIgniter.php(447): CodeIgniter\CodeIgniter->tryToRouteIt(Object(CodeIgniter\Router\RouteCollection))
 5 SYSTEMPATH\CodeIgniter.php(366): CodeIgniter\CodeIgniter->handleRequest(null, Object(Config\Cache), false)
 6 FCPATH\index.php(67): CodeIgniter\CodeIgniter->run()
CRITICAL - 2024-03-11 17:59:46 --> syntax error, unexpected token "public"
in APPPATH\Controllers\Sys.php on line 1722.
 1 SYSTEMPATH\Router\Router.php(510): CodeIgniter\Router\AutoRouter->getRoute('/sys/dashboard', 'get')
 2 SYSTEMPATH\Router\Router.php(208): CodeIgniter\Router\Router->autoRoute('/sys/dashboard')
 3 SYSTEMPATH\CodeIgniter.php(813): CodeIgniter\Router\Router->handle('/sys/dashboard')
 4 SYSTEMPATH\CodeIgniter.php(447): CodeIgniter\CodeIgniter->tryToRouteIt(Object(CodeIgniter\Router\RouteCollection))
 5 SYSTEMPATH\CodeIgniter.php(366): CodeIgniter\CodeIgniter->handleRequest(null, Object(Config\Cache), false)
 6 FCPATH\index.php(67): CodeIgniter\CodeIgniter->run()
CRITICAL - 2024-03-11 18:00:21 --> Cannot redeclare App\Controllers\Sys::updateRecyclingStatus()
in APPPATH\Controllers\Sys.php on line 1701.
 1 [internal function]: CodeIgniter\Debug\Exceptions->shutdownHandler()
CRITICAL - 2024-03-11 18:00:22 --> Cannot redeclare App\Controllers\Sys::updateRecyclingStatus()
in APPPATH\Controllers\Sys.php on line 1701.
 1 [internal function]: CodeIgniter\Debug\Exceptions->shutdownHandler()
