CRITICAL - 2023-10-19 02:57:23 --> Call to undefined function form_open_multipart()
in APPPATH\Views\sys\content_addEwaste.php on line 35.
 1 SYSTEMPATH\View\View.php(224): include()
 2 SYSTEMPATH\View\View.php(227): CodeIgniter\View\View->CodeIgniter\View\{closure}()
 3 SYSTEMPATH\Common.php(1176): CodeIgniter\View\View->render('sys/content_addEwaste', [], true)
 4 APPPATH\Controllers\Sys.php(49): view('sys/content_addEwaste')
 5 SYSTEMPATH\CodeIgniter.php(932): App\Controllers\Sys->thank_you()
 6 SYSTEMPATH\CodeIgniter.php(497): CodeIgniter\CodeIgniter->runController(Object(App\Controllers\Sys))
 7 SYSTEMPATH\CodeIgniter.php(366): CodeIgniter\CodeIgniter->handleRequest(null, Object(Config\Cache), false)
 8 FCPATH\index.php(67): CodeIgniter\CodeIgniter->run()
CRITICAL - 2023-10-19 02:58:01 --> Call to undefined function form_open_multipart()
in APPPATH\Views\sys\content_addEwaste.php on line 35.
 1 SYSTEMPATH\View\View.php(224): include()
 2 SYSTEMPATH\View\View.php(227): CodeIgniter\View\View->CodeIgniter\View\{closure}()
 3 SYSTEMPATH\Common.php(1176): CodeIgniter\View\View->render('sys/content_addEwaste', [], true)
 4 APPPATH\Controllers\Sys.php(49): view('sys/content_addEwaste')
 5 SYSTEMPATH\CodeIgniter.php(932): App\Controllers\Sys->thank_you()
 6 SYSTEMPATH\CodeIgniter.php(497): CodeIgniter\CodeIgniter->runController(Object(App\Controllers\Sys))
 7 SYSTEMPATH\CodeIgniter.php(366): CodeIgniter\CodeIgniter->handleRequest(null, Object(Config\Cache), false)
 8 FCPATH\index.php(67): CodeIgniter\CodeIgniter->run()
CRITICAL - 2023-10-19 02:59:56 --> Call to undefined function form_open_multipart()
in APPPATH\Views\sys\content_addEwaste.php on line 35.
 1 SYSTEMPATH\View\View.php(224): include()
 2 SYSTEMPATH\View\View.php(227): CodeIgniter\View\View->CodeIgniter\View\{closure}()
 3 SYSTEMPATH\Common.php(1176): CodeIgniter\View\View->render('sys/content_addEwaste', [], true)
 4 APPPATH\Controllers\Sys.php(49): view('sys/content_addEwaste')
 5 SYSTEMPATH\CodeIgniter.php(932): App\Controllers\Sys->thank_you()
 6 SYSTEMPATH\CodeIgniter.php(497): CodeIgniter\CodeIgniter->runController(Object(App\Controllers\Sys))
 7 SYSTEMPATH\CodeIgniter.php(366): CodeIgniter\CodeIgniter->handleRequest(null, Object(Config\Cache), false)
 8 FCPATH\index.php(67): CodeIgniter\CodeIgniter->run()
CRITICAL - 2023-10-19 03:00:25 --> Call to undefined function form_open_multipart()
in APPPATH\Views\sys\content_addEwaste.php on line 35.
 1 SYSTEMPATH\View\View.php(224): include()
 2 SYSTEMPATH\View\View.php(227): CodeIgniter\View\View->CodeIgniter\View\{closure}()
 3 SYSTEMPATH\Common.php(1176): CodeIgniter\View\View->render('sys/content_addEwaste', [], true)
 4 APPPATH\Controllers\Sys.php(49): view('sys/content_addEwaste')
 5 SYSTEMPATH\CodeIgniter.php(932): App\Controllers\Sys->thank_you()
 6 SYSTEMPATH\CodeIgniter.php(497): CodeIgniter\CodeIgniter->runController(Object(App\Controllers\Sys))
 7 SYSTEMPATH\CodeIgniter.php(366): CodeIgniter\CodeIgniter->handleRequest(null, Object(Config\Cache), false)
 8 FCPATH\index.php(67): CodeIgniter\CodeIgniter->run()
CRITICAL - 2023-10-19 03:01:43 --> Invalid file: "web/footer.php"
in SYSTEMPATH\Exceptions\FrameworkException.php on line 33.
 1 SYSTEMPATH\View\View.php(212): CodeIgniter\Exceptions\FrameworkException::forInvalidFile('web/footer.php')
 2 SYSTEMPATH\Common.php(1176): CodeIgniter\View\View->render('web/footer', [], true)
 3 APPPATH\Controllers\Sys.php(50): view('web/footer')
 4 SYSTEMPATH\CodeIgniter.php(932): App\Controllers\Sys->thank_you()
 5 SYSTEMPATH\CodeIgniter.php(497): CodeIgniter\CodeIgniter->runController(Object(App\Controllers\Sys))
 6 SYSTEMPATH\CodeIgniter.php(366): CodeIgniter\CodeIgniter->handleRequest(null, Object(Config\Cache), false)
 7 FCPATH\index.php(67): CodeIgniter\CodeIgniter->run()
CRITICAL - 2023-10-19 03:05:02 --> Call to undefined function form_open_multipart()
in APPPATH\Views\sys\content_addEwaste.php on line 35.
 1 SYSTEMPATH\View\View.php(224): include()
 2 SYSTEMPATH\View\View.php(227): CodeIgniter\View\View->CodeIgniter\View\{closure}()
 3 SYSTEMPATH\Common.php(1176): CodeIgniter\View\View->render('sys/content_addEwaste', [], true)
 4 APPPATH\Controllers\Sys.php(49): view('sys/content_addEwaste')
 5 SYSTEMPATH\CodeIgniter.php(932): App\Controllers\Sys->thank_you()
 6 SYSTEMPATH\CodeIgniter.php(497): CodeIgniter\CodeIgniter->runController(Object(App\Controllers\Sys))
 7 SYSTEMPATH\CodeIgniter.php(366): CodeIgniter\CodeIgniter->handleRequest(null, Object(Config\Cache), false)
 8 FCPATH\index.php(67): CodeIgniter\CodeIgniter->run()
CRITICAL - 2023-10-19 03:14:54 --> syntax error, unexpected token "echo"
in APPPATH\Controllers\Sys.php on line 48.
 1 SYSTEMPATH\Router\Router.php(510): CodeIgniter\Router\AutoRouter->getRoute('/sys/thank_you', 'get')
 2 SYSTEMPATH\Router\Router.php(208): CodeIgniter\Router\Router->autoRoute('/sys/thank_you')
 3 SYSTEMPATH\CodeIgniter.php(813): CodeIgniter\Router\Router->handle('/sys/thank_you')
 4 SYSTEMPATH\CodeIgniter.php(447): CodeIgniter\CodeIgniter->tryToRouteIt(Object(CodeIgniter\Router\RouteCollection))
 5 SYSTEMPATH\CodeIgniter.php(366): CodeIgniter\CodeIgniter->handleRequest(null, Object(Config\Cache), false)
 6 FCPATH\index.php(67): CodeIgniter\CodeIgniter->run()
ERROR - 2023-10-19 15:44:55 --> mysqli_sql_exception: Column 'UserId' cannot be null in C:\xampp\htdocs\ewms\system\Database\MySQLi\Connection.php:295
Stack trace:
#0 C:\xampp\htdocs\ewms\system\Database\MySQLi\Connection.php(295): mysqli->query('INSERT INTO `ew...', 0)
#1 C:\xampp\htdocs\ewms\system\Database\BaseConnection.php(692): CodeIgniter\Database\MySQLi\Connection->execute('INSERT INTO `ew...')
#2 C:\xampp\htdocs\ewms\system\Database\BaseConnection.php(606): CodeIgniter\Database\BaseConnection->simpleQuery('INSERT INTO `ew...')
#3 C:\xampp\htdocs\ewms\system\Database\BaseBuilder.php(2309): CodeIgniter\Database\BaseConnection->query('INSERT INTO `ew...', Array, false)
#4 C:\xampp\htdocs\ewms\system\Model.php(330): CodeIgniter\Database\BaseBuilder->insert()
#5 C:\xampp\htdocs\ewms\system\BaseModel.php(782): CodeIgniter\Model->doInsert(Array)
#6 C:\xampp\htdocs\ewms\system\Model.php(730): CodeIgniter\BaseModel->insert(Array, false)
#7 C:\xampp\htdocs\ewms\system\BaseModel.php(692): CodeIgniter\Model->insert(Array, false)
#8 C:\xampp\htdocs\ewms\app\Controllers\Sys.php(100): CodeIgniter\BaseModel->save(Array)
#9 C:\xampp\htdocs\ewms\system\CodeIgniter.php(932): App\Controllers\Sys->submitEwaste()
#10 C:\xampp\htdocs\ewms\system\CodeIgniter.php(497): CodeIgniter\CodeIgniter->runController(Object(App\Controllers\Sys))
#11 C:\xampp\htdocs\ewms\system\CodeIgniter.php(366): CodeIgniter\CodeIgniter->handleRequest(NULL, Object(Config\Cache), false)
#12 C:\xampp\htdocs\ewms\index.php(67): CodeIgniter\CodeIgniter->run()
#13 {main}
CRITICAL - 2023-10-19 15:44:55 --> Column 'UserId' cannot be null
in SYSTEMPATH\Database\MySQLi\Connection.php on line 295.
 1 SYSTEMPATH\Database\MySQLi\Connection.php(295): mysqli->query('INSERT INTO `ewaste_listings` (`UserId`, `item_title`, `item_name`, `item_type`, `item_description`, `item_image`, `item_status`, `date_added`, `contact_number`) VALUES (NULL, \'sony\', \'sony1\', \'sonyy1\', \'hhhh\', \'1697730295_fc0386ffac8cdfdff04f.jpg\', \'Pending Pickup\', \'2023-10-19\', \'0777888999\')', 0)
 2 SYSTEMPATH\Database\BaseConnection.php(692): CodeIgniter\Database\MySQLi\Connection->execute('INSERT INTO `ewaste_listings` (`UserId`, `item_title`, `item_name`, `item_type`, `item_description`, `item_image`, `item_status`, `date_added`, `contact_number`) VALUES (NULL, \'sony\', \'sony1\', \'sonyy1\', \'hhhh\', \'1697730295_fc0386ffac8cdfdff04f.jpg\', \'Pending Pickup\', \'2023-10-19\', \'0777888999\')')
 3 SYSTEMPATH\Database\BaseConnection.php(606): CodeIgniter\Database\BaseConnection->simpleQuery('INSERT INTO `ewaste_listings` (`UserId`, `item_title`, `item_name`, `item_type`, `item_description`, `item_image`, `item_status`, `date_added`, `contact_number`) VALUES (NULL, \'sony\', \'sony1\', \'sonyy1\', \'hhhh\', \'1697730295_fc0386ffac8cdfdff04f.jpg\', \'Pending Pickup\', \'2023-10-19\', \'0777888999\')')
 4 SYSTEMPATH\Database\BaseBuilder.php(2309): CodeIgniter\Database\BaseConnection->query('INSERT INTO `ewaste_listings` (`UserId`, `item_title`, `item_name`, `item_type`, `item_description`, `item_image`, `item_status`, `date_added`, `contact_number`) VALUES (:UserId:, :item_title:, :item_name:, :item_type:, :item_description:, :item_image:, :item_status:, :date_added:, :contact_number:)', [...], false)
 5 SYSTEMPATH\Model.php(330): CodeIgniter\Database\BaseBuilder->insert()
 6 SYSTEMPATH\BaseModel.php(782): CodeIgniter\Model->doInsert([...])
 7 SYSTEMPATH\Model.php(730): CodeIgniter\BaseModel->insert([...], false)
 8 SYSTEMPATH\BaseModel.php(692): CodeIgniter\Model->insert([...], false)
 9 APPPATH\Controllers\Sys.php(100): CodeIgniter\BaseModel->save([...])
10 SYSTEMPATH\CodeIgniter.php(932): App\Controllers\Sys->submitEwaste()
11 SYSTEMPATH\CodeIgniter.php(497): CodeIgniter\CodeIgniter->runController(Object(App\Controllers\Sys))
12 SYSTEMPATH\CodeIgniter.php(366): CodeIgniter\CodeIgniter->handleRequest(null, Object(Config\Cache), false)
13 FCPATH\index.php(67): CodeIgniter\CodeIgniter->run()
ERROR - 2023-10-19 15:57:57 --> mysqli_sql_exception: Column 'UserId' cannot be null in C:\xampp\htdocs\ewms\system\Database\MySQLi\Connection.php:295
Stack trace:
#0 C:\xampp\htdocs\ewms\system\Database\MySQLi\Connection.php(295): mysqli->query('INSERT INTO `ew...', 0)
#1 C:\xampp\htdocs\ewms\system\Database\BaseConnection.php(692): CodeIgniter\Database\MySQLi\Connection->execute('INSERT INTO `ew...')
#2 C:\xampp\htdocs\ewms\system\Database\BaseConnection.php(606): CodeIgniter\Database\BaseConnection->simpleQuery('INSERT INTO `ew...')
#3 C:\xampp\htdocs\ewms\system\Database\BaseBuilder.php(2309): CodeIgniter\Database\BaseConnection->query('INSERT INTO `ew...', Array, false)
#4 C:\xampp\htdocs\ewms\system\Model.php(330): CodeIgniter\Database\BaseBuilder->insert()
#5 C:\xampp\htdocs\ewms\system\BaseModel.php(782): CodeIgniter\Model->doInsert(Array)
#6 C:\xampp\htdocs\ewms\system\Model.php(730): CodeIgniter\BaseModel->insert(Array, false)
#7 C:\xampp\htdocs\ewms\system\BaseModel.php(692): CodeIgniter\Model->insert(Array, false)
#8 C:\xampp\htdocs\ewms\app\Controllers\Sys.php(114): CodeIgniter\BaseModel->save(Array)
#9 C:\xampp\htdocs\ewms\system\CodeIgniter.php(932): App\Controllers\Sys->submitEwaste()
#10 C:\xampp\htdocs\ewms\system\CodeIgniter.php(497): CodeIgniter\CodeIgniter->runController(Object(App\Controllers\Sys))
#11 C:\xampp\htdocs\ewms\system\CodeIgniter.php(366): CodeIgniter\CodeIgniter->handleRequest(NULL, Object(Config\Cache), false)
#12 C:\xampp\htdocs\ewms\index.php(67): CodeIgniter\CodeIgniter->run()
#13 {main}
CRITICAL - 2023-10-19 15:57:57 --> Column 'UserId' cannot be null
in SYSTEMPATH\Database\MySQLi\Connection.php on line 295.
 1 SYSTEMPATH\Database\MySQLi\Connection.php(295): mysqli->query('INSERT INTO `ewaste_listings` (`UserId`, `item_title`, `item_name`, `item_type`, `item_description`, `item_image`, `quantity`, `weight`, `weight_unit`, `price_option`, `amount`, `pickup_location`, `google_location`, `contact_name`, `contact_number`, `item_status`, `date_added`) VALUES (NULL, \'sony\', \'sony1\', \'sonyy1\', \'hhhh\', \'1697731077_dad8a468576d92edc998.jpg\', \'1\', \'1\', \'kg\', \'expected\', \'100\', \'hhhhh\', \'https://ikman.lk\', \'kamal\', \'0777888999\', \'Pending Pickup\', \'2023-10-19\')', 0)
 2 SYSTEMPATH\Database\BaseConnection.php(692): CodeIgniter\Database\MySQLi\Connection->execute('INSERT INTO `ewaste_listings` (`UserId`, `item_title`, `item_name`, `item_type`, `item_description`, `item_image`, `quantity`, `weight`, `weight_unit`, `price_option`, `amount`, `pickup_location`, `google_location`, `contact_name`, `contact_number`, `item_status`, `date_added`) VALUES (NULL, \'sony\', \'sony1\', \'sonyy1\', \'hhhh\', \'1697731077_dad8a468576d92edc998.jpg\', \'1\', \'1\', \'kg\', \'expected\', \'100\', \'hhhhh\', \'https://ikman.lk\', \'kamal\', \'0777888999\', \'Pending Pickup\', \'2023-10-19\')')
 3 SYSTEMPATH\Database\BaseConnection.php(606): CodeIgniter\Database\BaseConnection->simpleQuery('INSERT INTO `ewaste_listings` (`UserId`, `item_title`, `item_name`, `item_type`, `item_description`, `item_image`, `quantity`, `weight`, `weight_unit`, `price_option`, `amount`, `pickup_location`, `google_location`, `contact_name`, `contact_number`, `item_status`, `date_added`) VALUES (NULL, \'sony\', \'sony1\', \'sonyy1\', \'hhhh\', \'1697731077_dad8a468576d92edc998.jpg\', \'1\', \'1\', \'kg\', \'expected\', \'100\', \'hhhhh\', \'https://ikman.lk\', \'kamal\', \'0777888999\', \'Pending Pickup\', \'2023-10-19\')')
 4 SYSTEMPATH\Database\BaseBuilder.php(2309): CodeIgniter\Database\BaseConnection->query('INSERT INTO `ewaste_listings` (`UserId`, `item_title`, `item_name`, `item_type`, `item_description`, `item_image`, `quantity`, `weight`, `weight_unit`, `price_option`, `amount`, `pickup_location`, `google_location`, `contact_name`, `contact_number`, `item_status`, `date_added`) VALUES (:UserId:, :item_title:, :item_name:, :item_type:, :item_description:, :item_image:, :quantity:, :weight:, :weight_unit:, :price_option:, :amount:, :pickup_location:, :google_location:, :contact_name:, :contact_number:, :item_status:, :date_added:)', [...], false)
 5 SYSTEMPATH\Model.php(330): CodeIgniter\Database\BaseBuilder->insert()
 6 SYSTEMPATH\BaseModel.php(782): CodeIgniter\Model->doInsert([...])
 7 SYSTEMPATH\Model.php(730): CodeIgniter\BaseModel->insert([...], false)
 8 SYSTEMPATH\BaseModel.php(692): CodeIgniter\Model->insert([...], false)
 9 APPPATH\Controllers\Sys.php(114): CodeIgniter\BaseModel->save([...])
10 SYSTEMPATH\CodeIgniter.php(932): App\Controllers\Sys->submitEwaste()
11 SYSTEMPATH\CodeIgniter.php(497): CodeIgniter\CodeIgniter->runController(Object(App\Controllers\Sys))
12 SYSTEMPATH\CodeIgniter.php(366): CodeIgniter\CodeIgniter->handleRequest(null, Object(Config\Cache), false)
13 FCPATH\index.php(67): CodeIgniter\CodeIgniter->run()
ERROR - 2023-10-19 15:58:03 --> mysqli_sql_exception: Column 'UserId' cannot be null in C:\xampp\htdocs\ewms\system\Database\MySQLi\Connection.php:295
Stack trace:
#0 C:\xampp\htdocs\ewms\system\Database\MySQLi\Connection.php(295): mysqli->query('INSERT INTO `ew...', 0)
#1 C:\xampp\htdocs\ewms\system\Database\BaseConnection.php(692): CodeIgniter\Database\MySQLi\Connection->execute('INSERT INTO `ew...')
#2 C:\xampp\htdocs\ewms\system\Database\BaseConnection.php(606): CodeIgniter\Database\BaseConnection->simpleQuery('INSERT INTO `ew...')
#3 C:\xampp\htdocs\ewms\system\Database\BaseBuilder.php(2309): CodeIgniter\Database\BaseConnection->query('INSERT INTO `ew...', Array, false)
#4 C:\xampp\htdocs\ewms\system\Model.php(330): CodeIgniter\Database\BaseBuilder->insert()
#5 C:\xampp\htdocs\ewms\system\BaseModel.php(782): CodeIgniter\Model->doInsert(Array)
#6 C:\xampp\htdocs\ewms\system\Model.php(730): CodeIgniter\BaseModel->insert(Array, false)
#7 C:\xampp\htdocs\ewms\system\BaseModel.php(692): CodeIgniter\Model->insert(Array, false)
#8 C:\xampp\htdocs\ewms\app\Controllers\Sys.php(114): CodeIgniter\BaseModel->save(Array)
#9 C:\xampp\htdocs\ewms\system\CodeIgniter.php(932): App\Controllers\Sys->submitEwaste()
#10 C:\xampp\htdocs\ewms\system\CodeIgniter.php(497): CodeIgniter\CodeIgniter->runController(Object(App\Controllers\Sys))
#11 C:\xampp\htdocs\ewms\system\CodeIgniter.php(366): CodeIgniter\CodeIgniter->handleRequest(NULL, Object(Config\Cache), false)
#12 C:\xampp\htdocs\ewms\index.php(67): CodeIgniter\CodeIgniter->run()
#13 {main}
CRITICAL - 2023-10-19 15:58:03 --> Column 'UserId' cannot be null
in SYSTEMPATH\Database\MySQLi\Connection.php on line 295.
 1 SYSTEMPATH\Database\MySQLi\Connection.php(295): mysqli->query('INSERT INTO `ewaste_listings` (`UserId`, `item_title`, `item_name`, `item_type`, `item_description`, `item_image`, `quantity`, `weight`, `weight_unit`, `price_option`, `amount`, `pickup_location`, `google_location`, `contact_name`, `contact_number`, `item_status`, `date_added`) VALUES (NULL, \'sony\', \'sony1\', \'sonyy1\', \'hhhh\', \'1697731083_459c56b557c02c8e8b7a.jpg\', \'1\', \'1\', \'kg\', \'expected\', \'100\', \'hhhhh\', \'https://ikman.lk\', \'kamal\', \'0777888999\', \'Pending Pickup\', \'2023-10-19\')', 0)
 2 SYSTEMPATH\Database\BaseConnection.php(692): CodeIgniter\Database\MySQLi\Connection->execute('INSERT INTO `ewaste_listings` (`UserId`, `item_title`, `item_name`, `item_type`, `item_description`, `item_image`, `quantity`, `weight`, `weight_unit`, `price_option`, `amount`, `pickup_location`, `google_location`, `contact_name`, `contact_number`, `item_status`, `date_added`) VALUES (NULL, \'sony\', \'sony1\', \'sonyy1\', \'hhhh\', \'1697731083_459c56b557c02c8e8b7a.jpg\', \'1\', \'1\', \'kg\', \'expected\', \'100\', \'hhhhh\', \'https://ikman.lk\', \'kamal\', \'0777888999\', \'Pending Pickup\', \'2023-10-19\')')
 3 SYSTEMPATH\Database\BaseConnection.php(606): CodeIgniter\Database\BaseConnection->simpleQuery('INSERT INTO `ewaste_listings` (`UserId`, `item_title`, `item_name`, `item_type`, `item_description`, `item_image`, `quantity`, `weight`, `weight_unit`, `price_option`, `amount`, `pickup_location`, `google_location`, `contact_name`, `contact_number`, `item_status`, `date_added`) VALUES (NULL, \'sony\', \'sony1\', \'sonyy1\', \'hhhh\', \'1697731083_459c56b557c02c8e8b7a.jpg\', \'1\', \'1\', \'kg\', \'expected\', \'100\', \'hhhhh\', \'https://ikman.lk\', \'kamal\', \'0777888999\', \'Pending Pickup\', \'2023-10-19\')')
 4 SYSTEMPATH\Database\BaseBuilder.php(2309): CodeIgniter\Database\BaseConnection->query('INSERT INTO `ewaste_listings` (`UserId`, `item_title`, `item_name`, `item_type`, `item_description`, `item_image`, `quantity`, `weight`, `weight_unit`, `price_option`, `amount`, `pickup_location`, `google_location`, `contact_name`, `contact_number`, `item_status`, `date_added`) VALUES (:UserId:, :item_title:, :item_name:, :item_type:, :item_description:, :item_image:, :quantity:, :weight:, :weight_unit:, :price_option:, :amount:, :pickup_location:, :google_location:, :contact_name:, :contact_number:, :item_status:, :date_added:)', [...], false)
 5 SYSTEMPATH\Model.php(330): CodeIgniter\Database\BaseBuilder->insert()
 6 SYSTEMPATH\BaseModel.php(782): CodeIgniter\Model->doInsert([...])
 7 SYSTEMPATH\Model.php(730): CodeIgniter\BaseModel->insert([...], false)
 8 SYSTEMPATH\BaseModel.php(692): CodeIgniter\Model->insert([...], false)
 9 APPPATH\Controllers\Sys.php(114): CodeIgniter\BaseModel->save([...])
10 SYSTEMPATH\CodeIgniter.php(932): App\Controllers\Sys->submitEwaste()
11 SYSTEMPATH\CodeIgniter.php(497): CodeIgniter\CodeIgniter->runController(Object(App\Controllers\Sys))
12 SYSTEMPATH\CodeIgniter.php(366): CodeIgniter\CodeIgniter->handleRequest(null, Object(Config\Cache), false)
13 FCPATH\index.php(67): CodeIgniter\CodeIgniter->run()
ERROR - 2023-10-19 15:58:12 --> mysqli_sql_exception: Column 'UserId' cannot be null in C:\xampp\htdocs\ewms\system\Database\MySQLi\Connection.php:295
Stack trace:
#0 C:\xampp\htdocs\ewms\system\Database\MySQLi\Connection.php(295): mysqli->query('INSERT INTO `ew...', 0)
#1 C:\xampp\htdocs\ewms\system\Database\BaseConnection.php(692): CodeIgniter\Database\MySQLi\Connection->execute('INSERT INTO `ew...')
#2 C:\xampp\htdocs\ewms\system\Database\BaseConnection.php(606): CodeIgniter\Database\BaseConnection->simpleQuery('INSERT INTO `ew...')
#3 C:\xampp\htdocs\ewms\system\Database\BaseBuilder.php(2309): CodeIgniter\Database\BaseConnection->query('INSERT INTO `ew...', Array, false)
#4 C:\xampp\htdocs\ewms\system\Model.php(330): CodeIgniter\Database\BaseBuilder->insert()
#5 C:\xampp\htdocs\ewms\system\BaseModel.php(782): CodeIgniter\Model->doInsert(Array)
#6 C:\xampp\htdocs\ewms\system\Model.php(730): CodeIgniter\BaseModel->insert(Array, false)
#7 C:\xampp\htdocs\ewms\system\BaseModel.php(692): CodeIgniter\Model->insert(Array, false)
#8 C:\xampp\htdocs\ewms\app\Controllers\Sys.php(114): CodeIgniter\BaseModel->save(Array)
#9 C:\xampp\htdocs\ewms\system\CodeIgniter.php(932): App\Controllers\Sys->submitEwaste()
#10 C:\xampp\htdocs\ewms\system\CodeIgniter.php(497): CodeIgniter\CodeIgniter->runController(Object(App\Controllers\Sys))
#11 C:\xampp\htdocs\ewms\system\CodeIgniter.php(366): CodeIgniter\CodeIgniter->handleRequest(NULL, Object(Config\Cache), false)
#12 C:\xampp\htdocs\ewms\index.php(67): CodeIgniter\CodeIgniter->run()
#13 {main}
CRITICAL - 2023-10-19 15:58:12 --> Column 'UserId' cannot be null
in SYSTEMPATH\Database\MySQLi\Connection.php on line 295.
 1 SYSTEMPATH\Database\MySQLi\Connection.php(295): mysqli->query('INSERT INTO `ewaste_listings` (`UserId`, `item_title`, `item_name`, `item_type`, `item_description`, `item_image`, `quantity`, `weight`, `weight_unit`, `price_option`, `amount`, `pickup_location`, `google_location`, `contact_name`, `contact_number`, `item_status`, `date_added`) VALUES (NULL, \'sony\', \'sony1\', \'sonyy1\', \'hhhh\', \'1697731092_b9b28f171fb5c90bead1.jpg\', \'1\', \'1\', \'kg\', \'expected\', \'100\', \'hhhhh\', \'https://ikman.lk\', \'kamal\', \'0777888999\', \'Pending Pickup\', \'2023-10-19\')', 0)
 2 SYSTEMPATH\Database\BaseConnection.php(692): CodeIgniter\Database\MySQLi\Connection->execute('INSERT INTO `ewaste_listings` (`UserId`, `item_title`, `item_name`, `item_type`, `item_description`, `item_image`, `quantity`, `weight`, `weight_unit`, `price_option`, `amount`, `pickup_location`, `google_location`, `contact_name`, `contact_number`, `item_status`, `date_added`) VALUES (NULL, \'sony\', \'sony1\', \'sonyy1\', \'hhhh\', \'1697731092_b9b28f171fb5c90bead1.jpg\', \'1\', \'1\', \'kg\', \'expected\', \'100\', \'hhhhh\', \'https://ikman.lk\', \'kamal\', \'0777888999\', \'Pending Pickup\', \'2023-10-19\')')
 3 SYSTEMPATH\Database\BaseConnection.php(606): CodeIgniter\Database\BaseConnection->simpleQuery('INSERT INTO `ewaste_listings` (`UserId`, `item_title`, `item_name`, `item_type`, `item_description`, `item_image`, `quantity`, `weight`, `weight_unit`, `price_option`, `amount`, `pickup_location`, `google_location`, `contact_name`, `contact_number`, `item_status`, `date_added`) VALUES (NULL, \'sony\', \'sony1\', \'sonyy1\', \'hhhh\', \'1697731092_b9b28f171fb5c90bead1.jpg\', \'1\', \'1\', \'kg\', \'expected\', \'100\', \'hhhhh\', \'https://ikman.lk\', \'kamal\', \'0777888999\', \'Pending Pickup\', \'2023-10-19\')')
 4 SYSTEMPATH\Database\BaseBuilder.php(2309): CodeIgniter\Database\BaseConnection->query('INSERT INTO `ewaste_listings` (`UserId`, `item_title`, `item_name`, `item_type`, `item_description`, `item_image`, `quantity`, `weight`, `weight_unit`, `price_option`, `amount`, `pickup_location`, `google_location`, `contact_name`, `contact_number`, `item_status`, `date_added`) VALUES (:UserId:, :item_title:, :item_name:, :item_type:, :item_description:, :item_image:, :quantity:, :weight:, :weight_unit:, :price_option:, :amount:, :pickup_location:, :google_location:, :contact_name:, :contact_number:, :item_status:, :date_added:)', [...], false)
 5 SYSTEMPATH\Model.php(330): CodeIgniter\Database\BaseBuilder->insert()
 6 SYSTEMPATH\BaseModel.php(782): CodeIgniter\Model->doInsert([...])
 7 SYSTEMPATH\Model.php(730): CodeIgniter\BaseModel->insert([...], false)
 8 SYSTEMPATH\BaseModel.php(692): CodeIgniter\Model->insert([...], false)
 9 APPPATH\Controllers\Sys.php(114): CodeIgniter\BaseModel->save([...])
10 SYSTEMPATH\CodeIgniter.php(932): App\Controllers\Sys->submitEwaste()
11 SYSTEMPATH\CodeIgniter.php(497): CodeIgniter\CodeIgniter->runController(Object(App\Controllers\Sys))
12 SYSTEMPATH\CodeIgniter.php(366): CodeIgniter\CodeIgniter->handleRequest(null, Object(Config\Cache), false)
13 FCPATH\index.php(67): CodeIgniter\CodeIgniter->run()
ERROR - 2023-10-19 16:14:24 --> mysqli_sql_exception: Column 'UserId' cannot be null in C:\xampp\htdocs\ewms\system\Database\MySQLi\Connection.php:295
Stack trace:
#0 C:\xampp\htdocs\ewms\system\Database\MySQLi\Connection.php(295): mysqli->query('INSERT INTO `ew...', 0)
#1 C:\xampp\htdocs\ewms\system\Database\BaseConnection.php(692): CodeIgniter\Database\MySQLi\Connection->execute('INSERT INTO `ew...')
#2 C:\xampp\htdocs\ewms\system\Database\BaseConnection.php(606): CodeIgniter\Database\BaseConnection->simpleQuery('INSERT INTO `ew...')
#3 C:\xampp\htdocs\ewms\system\Database\BaseBuilder.php(2309): CodeIgniter\Database\BaseConnection->query('INSERT INTO `ew...', Array, false)
#4 C:\xampp\htdocs\ewms\system\Model.php(330): CodeIgniter\Database\BaseBuilder->insert()
#5 C:\xampp\htdocs\ewms\system\BaseModel.php(782): CodeIgniter\Model->doInsert(Array)
#6 C:\xampp\htdocs\ewms\system\Model.php(730): CodeIgniter\BaseModel->insert(Array, false)
#7 C:\xampp\htdocs\ewms\system\BaseModel.php(692): CodeIgniter\Model->insert(Array, false)
#8 C:\xampp\htdocs\ewms\app\Controllers\Sys.php(114): CodeIgniter\BaseModel->save(Array)
#9 C:\xampp\htdocs\ewms\system\CodeIgniter.php(932): App\Controllers\Sys->submitEwaste()
#10 C:\xampp\htdocs\ewms\system\CodeIgniter.php(497): CodeIgniter\CodeIgniter->runController(Object(App\Controllers\Sys))
#11 C:\xampp\htdocs\ewms\system\CodeIgniter.php(366): CodeIgniter\CodeIgniter->handleRequest(NULL, Object(Config\Cache), false)
#12 C:\xampp\htdocs\ewms\index.php(67): CodeIgniter\CodeIgniter->run()
#13 {main}
CRITICAL - 2023-10-19 16:14:24 --> Column 'UserId' cannot be null
in SYSTEMPATH\Database\MySQLi\Connection.php on line 295.
 1 SYSTEMPATH\Database\MySQLi\Connection.php(295): mysqli->query('INSERT INTO `ewaste_listings` (`UserId`, `item_title`, `item_name`, `item_type`, `item_description`, `item_image`, `quantity`, `weight`, `weight_unit`, `price_option`, `amount`, `pickup_location`, `google_location`, `contact_name`, `contact_number`, `item_status`, `date_added`) VALUES (NULL, \'sony\', \'sony1\', \'sonyy1\', \'kkkk\', \'1697732064_1561d9e9fdf8c1293be4.jpg\', \'1\', \'1\', \'kg\', \'expected\', \'100\', \'kkkk\', \'https://ikman.lk\', \'kamal\', \'0777888999\', \'Pending Pickup\', \'2023-10-19\')', 0)
 2 SYSTEMPATH\Database\BaseConnection.php(692): CodeIgniter\Database\MySQLi\Connection->execute('INSERT INTO `ewaste_listings` (`UserId`, `item_title`, `item_name`, `item_type`, `item_description`, `item_image`, `quantity`, `weight`, `weight_unit`, `price_option`, `amount`, `pickup_location`, `google_location`, `contact_name`, `contact_number`, `item_status`, `date_added`) VALUES (NULL, \'sony\', \'sony1\', \'sonyy1\', \'kkkk\', \'1697732064_1561d9e9fdf8c1293be4.jpg\', \'1\', \'1\', \'kg\', \'expected\', \'100\', \'kkkk\', \'https://ikman.lk\', \'kamal\', \'0777888999\', \'Pending Pickup\', \'2023-10-19\')')
 3 SYSTEMPATH\Database\BaseConnection.php(606): CodeIgniter\Database\BaseConnection->simpleQuery('INSERT INTO `ewaste_listings` (`UserId`, `item_title`, `item_name`, `item_type`, `item_description`, `item_image`, `quantity`, `weight`, `weight_unit`, `price_option`, `amount`, `pickup_location`, `google_location`, `contact_name`, `contact_number`, `item_status`, `date_added`) VALUES (NULL, \'sony\', \'sony1\', \'sonyy1\', \'kkkk\', \'1697732064_1561d9e9fdf8c1293be4.jpg\', \'1\', \'1\', \'kg\', \'expected\', \'100\', \'kkkk\', \'https://ikman.lk\', \'kamal\', \'0777888999\', \'Pending Pickup\', \'2023-10-19\')')
 4 SYSTEMPATH\Database\BaseBuilder.php(2309): CodeIgniter\Database\BaseConnection->query('INSERT INTO `ewaste_listings` (`UserId`, `item_title`, `item_name`, `item_type`, `item_description`, `item_image`, `quantity`, `weight`, `weight_unit`, `price_option`, `amount`, `pickup_location`, `google_location`, `contact_name`, `contact_number`, `item_status`, `date_added`) VALUES (:UserId:, :item_title:, :item_name:, :item_type:, :item_description:, :item_image:, :quantity:, :weight:, :weight_unit:, :price_option:, :amount:, :pickup_location:, :google_location:, :contact_name:, :contact_number:, :item_status:, :date_added:)', [...], false)
 5 SYSTEMPATH\Model.php(330): CodeIgniter\Database\BaseBuilder->insert()
 6 SYSTEMPATH\BaseModel.php(782): CodeIgniter\Model->doInsert([...])
 7 SYSTEMPATH\Model.php(730): CodeIgniter\BaseModel->insert([...], false)
 8 SYSTEMPATH\BaseModel.php(692): CodeIgniter\Model->insert([...], false)
 9 APPPATH\Controllers\Sys.php(114): CodeIgniter\BaseModel->save([...])
10 SYSTEMPATH\CodeIgniter.php(932): App\Controllers\Sys->submitEwaste()
11 SYSTEMPATH\CodeIgniter.php(497): CodeIgniter\CodeIgniter->runController(Object(App\Controllers\Sys))
12 SYSTEMPATH\CodeIgniter.php(366): CodeIgniter\CodeIgniter->handleRequest(null, Object(Config\Cache), false)
13 FCPATH\index.php(67): CodeIgniter\CodeIgniter->run()
