CRITICAL - 2024-02-25 12:08:29 --> Trying to access array offset on value of type null
in APPPATH\Views\sys\ViewOneSet.php on line 6.
 1 APPPATH\Views\sys\ViewOneSet.php(6): CodeIgniter\Debug\Exceptions->errorHandler(2, 'Trying to access array offset on value of type null', 'C:\\xampp\\htdocs\\ewms\\app\\Views\\sys\\ViewOneSet.php', 6)
 2 SYSTEMPATH\View\View.php(224): include('C:\\xampp\\htdocs\\ewms\\app\\Views\\sys\\ViewOneSet.php')
 3 SYSTEMPATH\View\View.php(227): CodeIgniter\View\View->CodeIgniter\View\{closure}()
 4 SYSTEMPATH\Common.php(1176): CodeIgniter\View\View->render('sys/ViewOneSet', [], true)
 5 APPPATH\Controllers\Sys.php(796): view('sys/ViewOneSet', [...])
 6 SYSTEMPATH\CodeIgniter.php(932): App\Controllers\Sys->viewListingSetItems('1708257122')
 7 SYSTEMPATH\CodeIgniter.php(497): CodeIgniter\CodeIgniter->runController(Object(App\Controllers\Sys))
 8 SYSTEMPATH\CodeIgniter.php(366): CodeIgniter\CodeIgniter->handleRequest(null, Object(Config\Cache), false)
 9 FCPATH\index.php(67): CodeIgniter\CodeIgniter->run()
CRITICAL - 2024-02-25 12:08:29 --> Trying to access array offset on value of type null
in APPPATH\Views\sys\ViewOneSet.php on line 6.
 1 APPPATH\Views\sys\ViewOneSet.php(6): CodeIgniter\Debug\Exceptions->errorHandler(2, 'Trying to access array offset on value of type null', 'C:\\xampp\\htdocs\\ewms\\app\\Views\\sys\\ViewOneSet.php', 6)
 2 SYSTEMPATH\View\View.php(224): include('C:\\xampp\\htdocs\\ewms\\app\\Views\\sys\\ViewOneSet.php')
 3 SYSTEMPATH\View\View.php(227): CodeIgniter\View\View->CodeIgniter\View\{closure}()
 4 SYSTEMPATH\Common.php(1176): CodeIgniter\View\View->render('sys/ViewOneSet', [], true)
 5 APPPATH\Controllers\Sys.php(796): view('sys/ViewOneSet', [...])
 6 SYSTEMPATH\CodeIgniter.php(932): App\Controllers\Sys->viewListingSetItems('assets', 'img', 'messages-1.jpg')
 7 SYSTEMPATH\CodeIgniter.php(497): CodeIgniter\CodeIgniter->runController(Object(App\Controllers\Sys))
 8 SYSTEMPATH\CodeIgniter.php(366): CodeIgniter\CodeIgniter->handleRequest(null, Object(Config\Cache), false)
 9 FCPATH\index.php(67): CodeIgniter\CodeIgniter->run()
CRITICAL - 2024-02-25 12:08:29 --> Trying to access array offset on value of type null
in APPPATH\Views\sys\ViewOneSet.php on line 6.
 1 APPPATH\Views\sys\ViewOneSet.php(6): CodeIgniter\Debug\Exceptions->errorHandler(2, 'Trying to access array offset on value of type null', 'C:\\xampp\\htdocs\\ewms\\app\\Views\\sys\\ViewOneSet.php', 6)
 2 SYSTEMPATH\View\View.php(224): include('C:\\xampp\\htdocs\\ewms\\app\\Views\\sys\\ViewOneSet.php')
 3 SYSTEMPATH\View\View.php(227): CodeIgniter\View\View->CodeIgniter\View\{closure}()
 4 SYSTEMPATH\Common.php(1176): CodeIgniter\View\View->render('sys/ViewOneSet', [], true)
 5 APPPATH\Controllers\Sys.php(796): view('sys/ViewOneSet', [...])
 6 SYSTEMPATH\CodeIgniter.php(932): App\Controllers\Sys->viewListingSetItems('assets', 'img', 'messages-2.jpg')
 7 SYSTEMPATH\CodeIgniter.php(497): CodeIgniter\CodeIgniter->runController(Object(App\Controllers\Sys))
 8 SYSTEMPATH\CodeIgniter.php(366): CodeIgniter\CodeIgniter->handleRequest(null, Object(Config\Cache), false)
 9 FCPATH\index.php(67): CodeIgniter\CodeIgniter->run()
CRITICAL - 2024-02-25 12:08:30 --> Trying to access array offset on value of type null
in APPPATH\Views\sys\ViewOneSet.php on line 6.
 1 APPPATH\Views\sys\ViewOneSet.php(6): CodeIgniter\Debug\Exceptions->errorHandler(2, 'Trying to access array offset on value of type null', 'C:\\xampp\\htdocs\\ewms\\app\\Views\\sys\\ViewOneSet.php', 6)
 2 SYSTEMPATH\View\View.php(224): include('C:\\xampp\\htdocs\\ewms\\app\\Views\\sys\\ViewOneSet.php')
 3 SYSTEMPATH\View\View.php(227): CodeIgniter\View\View->CodeIgniter\View\{closure}()
 4 SYSTEMPATH\Common.php(1176): CodeIgniter\View\View->render('sys/ViewOneSet', [], true)
 5 APPPATH\Controllers\Sys.php(796): view('sys/ViewOneSet', [...])
 6 SYSTEMPATH\CodeIgniter.php(932): App\Controllers\Sys->viewListingSetItems('assets', 'img', 'messages-3.jpg')
 7 SYSTEMPATH\CodeIgniter.php(497): CodeIgniter\CodeIgniter->runController(Object(App\Controllers\Sys))
 8 SYSTEMPATH\CodeIgniter.php(366): CodeIgniter\CodeIgniter->handleRequest(null, Object(Config\Cache), false)
 9 FCPATH\index.php(67): CodeIgniter\CodeIgniter->run()
CRITICAL - 2024-02-25 12:08:39 --> Trying to access array offset on value of type null
in APPPATH\Views\sys\ViewOneSet.php on line 6.
 1 APPPATH\Views\sys\ViewOneSet.php(6): CodeIgniter\Debug\Exceptions->errorHandler(2, 'Trying to access array offset on value of type null', 'C:\\xampp\\htdocs\\ewms\\app\\Views\\sys\\ViewOneSet.php', 6)
 2 SYSTEMPATH\View\View.php(224): include('C:\\xampp\\htdocs\\ewms\\app\\Views\\sys\\ViewOneSet.php')
 3 SYSTEMPATH\View\View.php(227): CodeIgniter\View\View->CodeIgniter\View\{closure}()
 4 SYSTEMPATH\Common.php(1176): CodeIgniter\View\View->render('sys/ViewOneSet', [], true)
 5 APPPATH\Controllers\Sys.php(796): view('sys/ViewOneSet', [...])
 6 SYSTEMPATH\CodeIgniter.php(932): App\Controllers\Sys->viewListingSetItems('1708257122')
 7 SYSTEMPATH\CodeIgniter.php(497): CodeIgniter\CodeIgniter->runController(Object(App\Controllers\Sys))
 8 SYSTEMPATH\CodeIgniter.php(366): CodeIgniter\CodeIgniter->handleRequest(null, Object(Config\Cache), false)
 9 FCPATH\index.php(67): CodeIgniter\CodeIgniter->run()
CRITICAL - 2024-02-25 12:08:39 --> Trying to access array offset on value of type null
in APPPATH\Views\sys\ViewOneSet.php on line 6.
 1 APPPATH\Views\sys\ViewOneSet.php(6): CodeIgniter\Debug\Exceptions->errorHandler(2, 'Trying to access array offset on value of type null', 'C:\\xampp\\htdocs\\ewms\\app\\Views\\sys\\ViewOneSet.php', 6)
 2 SYSTEMPATH\View\View.php(224): include('C:\\xampp\\htdocs\\ewms\\app\\Views\\sys\\ViewOneSet.php')
 3 SYSTEMPATH\View\View.php(227): CodeIgniter\View\View->CodeIgniter\View\{closure}()
 4 SYSTEMPATH\Common.php(1176): CodeIgniter\View\View->render('sys/ViewOneSet', [], true)
 5 APPPATH\Controllers\Sys.php(796): view('sys/ViewOneSet', [...])
 6 SYSTEMPATH\CodeIgniter.php(932): App\Controllers\Sys->viewListingSetItems('assets', 'img', 'messages-2.jpg')
 7 SYSTEMPATH\CodeIgniter.php(497): CodeIgniter\CodeIgniter->runController(Object(App\Controllers\Sys))
 8 SYSTEMPATH\CodeIgniter.php(366): CodeIgniter\CodeIgniter->handleRequest(null, Object(Config\Cache), false)
 9 FCPATH\index.php(67): CodeIgniter\CodeIgniter->run()
CRITICAL - 2024-02-25 12:08:39 --> Trying to access array offset on value of type null
in APPPATH\Views\sys\ViewOneSet.php on line 6.
 1 APPPATH\Views\sys\ViewOneSet.php(6): CodeIgniter\Debug\Exceptions->errorHandler(2, 'Trying to access array offset on value of type null', 'C:\\xampp\\htdocs\\ewms\\app\\Views\\sys\\ViewOneSet.php', 6)
 2 SYSTEMPATH\View\View.php(224): include('C:\\xampp\\htdocs\\ewms\\app\\Views\\sys\\ViewOneSet.php')
 3 SYSTEMPATH\View\View.php(227): CodeIgniter\View\View->CodeIgniter\View\{closure}()
 4 SYSTEMPATH\Common.php(1176): CodeIgniter\View\View->render('sys/ViewOneSet', [], true)
 5 APPPATH\Controllers\Sys.php(796): view('sys/ViewOneSet', [...])
 6 SYSTEMPATH\CodeIgniter.php(932): App\Controllers\Sys->viewListingSetItems('assets', 'img', 'messages-1.jpg')
 7 SYSTEMPATH\CodeIgniter.php(497): CodeIgniter\CodeIgniter->runController(Object(App\Controllers\Sys))
 8 SYSTEMPATH\CodeIgniter.php(366): CodeIgniter\CodeIgniter->handleRequest(null, Object(Config\Cache), false)
 9 FCPATH\index.php(67): CodeIgniter\CodeIgniter->run()
CRITICAL - 2024-02-25 12:08:39 --> Trying to access array offset on value of type null
in APPPATH\Views\sys\ViewOneSet.php on line 6.
 1 APPPATH\Views\sys\ViewOneSet.php(6): CodeIgniter\Debug\Exceptions->errorHandler(2, 'Trying to access array offset on value of type null', 'C:\\xampp\\htdocs\\ewms\\app\\Views\\sys\\ViewOneSet.php', 6)
 2 SYSTEMPATH\View\View.php(224): include('C:\\xampp\\htdocs\\ewms\\app\\Views\\sys\\ViewOneSet.php')
 3 SYSTEMPATH\View\View.php(227): CodeIgniter\View\View->CodeIgniter\View\{closure}()
 4 SYSTEMPATH\Common.php(1176): CodeIgniter\View\View->render('sys/ViewOneSet', [], true)
 5 APPPATH\Controllers\Sys.php(796): view('sys/ViewOneSet', [...])
 6 SYSTEMPATH\CodeIgniter.php(932): App\Controllers\Sys->viewListingSetItems('assets', 'img', 'messages-3.jpg')
 7 SYSTEMPATH\CodeIgniter.php(497): CodeIgniter\CodeIgniter->runController(Object(App\Controllers\Sys))
 8 SYSTEMPATH\CodeIgniter.php(366): CodeIgniter\CodeIgniter->handleRequest(null, Object(Config\Cache), false)
 9 FCPATH\index.php(67): CodeIgniter\CodeIgniter->run()
CRITICAL - 2024-02-25 12:08:45 --> Trying to access array offset on value of type null
in APPPATH\Views\sys\ViewOneSet.php on line 6.
 1 APPPATH\Views\sys\ViewOneSet.php(6): CodeIgniter\Debug\Exceptions->errorHandler(2, 'Trying to access array offset on value of type null', 'C:\\xampp\\htdocs\\ewms\\app\\Views\\sys\\ViewOneSet.php', 6)
 2 SYSTEMPATH\View\View.php(224): include('C:\\xampp\\htdocs\\ewms\\app\\Views\\sys\\ViewOneSet.php')
 3 SYSTEMPATH\View\View.php(227): CodeIgniter\View\View->CodeIgniter\View\{closure}()
 4 SYSTEMPATH\Common.php(1176): CodeIgniter\View\View->render('sys/ViewOneSet', [], true)
 5 APPPATH\Controllers\Sys.php(796): view('sys/ViewOneSet', [...])
 6 SYSTEMPATH\CodeIgniter.php(932): App\Controllers\Sys->viewListingSetItems('1708257122')
 7 SYSTEMPATH\CodeIgniter.php(497): CodeIgniter\CodeIgniter->runController(Object(App\Controllers\Sys))
 8 SYSTEMPATH\CodeIgniter.php(366): CodeIgniter\CodeIgniter->handleRequest(null, Object(Config\Cache), false)
 9 FCPATH\index.php(67): CodeIgniter\CodeIgniter->run()
CRITICAL - 2024-02-25 12:08:45 --> Trying to access array offset on value of type null
in APPPATH\Views\sys\ViewOneSet.php on line 6.
 1 APPPATH\Views\sys\ViewOneSet.php(6): CodeIgniter\Debug\Exceptions->errorHandler(2, 'Trying to access array offset on value of type null', 'C:\\xampp\\htdocs\\ewms\\app\\Views\\sys\\ViewOneSet.php', 6)
 2 SYSTEMPATH\View\View.php(224): include('C:\\xampp\\htdocs\\ewms\\app\\Views\\sys\\ViewOneSet.php')
 3 SYSTEMPATH\View\View.php(227): CodeIgniter\View\View->CodeIgniter\View\{closure}()
 4 SYSTEMPATH\Common.php(1176): CodeIgniter\View\View->render('sys/ViewOneSet', [], true)
 5 APPPATH\Controllers\Sys.php(796): view('sys/ViewOneSet', [...])
 6 SYSTEMPATH\CodeIgniter.php(932): App\Controllers\Sys->viewListingSetItems('assets', 'img', 'messages-1.jpg')
 7 SYSTEMPATH\CodeIgniter.php(497): CodeIgniter\CodeIgniter->runController(Object(App\Controllers\Sys))
 8 SYSTEMPATH\CodeIgniter.php(366): CodeIgniter\CodeIgniter->handleRequest(null, Object(Config\Cache), false)
 9 FCPATH\index.php(67): CodeIgniter\CodeIgniter->run()
CRITICAL - 2024-02-25 12:08:45 --> Trying to access array offset on value of type null
in APPPATH\Views\sys\ViewOneSet.php on line 6.
 1 APPPATH\Views\sys\ViewOneSet.php(6): CodeIgniter\Debug\Exceptions->errorHandler(2, 'Trying to access array offset on value of type null', 'C:\\xampp\\htdocs\\ewms\\app\\Views\\sys\\ViewOneSet.php', 6)
 2 SYSTEMPATH\View\View.php(224): include('C:\\xampp\\htdocs\\ewms\\app\\Views\\sys\\ViewOneSet.php')
 3 SYSTEMPATH\View\View.php(227): CodeIgniter\View\View->CodeIgniter\View\{closure}()
 4 SYSTEMPATH\Common.php(1176): CodeIgniter\View\View->render('sys/ViewOneSet', [], true)
 5 APPPATH\Controllers\Sys.php(796): view('sys/ViewOneSet', [...])
 6 SYSTEMPATH\CodeIgniter.php(932): App\Controllers\Sys->viewListingSetItems('assets', 'img', 'messages-2.jpg')
 7 SYSTEMPATH\CodeIgniter.php(497): CodeIgniter\CodeIgniter->runController(Object(App\Controllers\Sys))
 8 SYSTEMPATH\CodeIgniter.php(366): CodeIgniter\CodeIgniter->handleRequest(null, Object(Config\Cache), false)
 9 FCPATH\index.php(67): CodeIgniter\CodeIgniter->run()
CRITICAL - 2024-02-25 12:08:45 --> Trying to access array offset on value of type null
in APPPATH\Views\sys\ViewOneSet.php on line 6.
 1 APPPATH\Views\sys\ViewOneSet.php(6): CodeIgniter\Debug\Exceptions->errorHandler(2, 'Trying to access array offset on value of type null', 'C:\\xampp\\htdocs\\ewms\\app\\Views\\sys\\ViewOneSet.php', 6)
 2 SYSTEMPATH\View\View.php(224): include('C:\\xampp\\htdocs\\ewms\\app\\Views\\sys\\ViewOneSet.php')
 3 SYSTEMPATH\View\View.php(227): CodeIgniter\View\View->CodeIgniter\View\{closure}()
 4 SYSTEMPATH\Common.php(1176): CodeIgniter\View\View->render('sys/ViewOneSet', [], true)
 5 APPPATH\Controllers\Sys.php(796): view('sys/ViewOneSet', [...])
 6 SYSTEMPATH\CodeIgniter.php(932): App\Controllers\Sys->viewListingSetItems('assets', 'img', 'messages-3.jpg')
 7 SYSTEMPATH\CodeIgniter.php(497): CodeIgniter\CodeIgniter->runController(Object(App\Controllers\Sys))
 8 SYSTEMPATH\CodeIgniter.php(366): CodeIgniter\CodeIgniter->handleRequest(null, Object(Config\Cache), false)
 9 FCPATH\index.php(67): CodeIgniter\CodeIgniter->run()
CRITICAL - 2024-02-25 12:08:51 --> Trying to access array offset on value of type null
in APPPATH\Views\sys\ViewOneSet.php on line 6.
 1 APPPATH\Views\sys\ViewOneSet.php(6): CodeIgniter\Debug\Exceptions->errorHandler(2, 'Trying to access array offset on value of type null', 'C:\\xampp\\htdocs\\ewms\\app\\Views\\sys\\ViewOneSet.php', 6)
 2 SYSTEMPATH\View\View.php(224): include('C:\\xampp\\htdocs\\ewms\\app\\Views\\sys\\ViewOneSet.php')
 3 SYSTEMPATH\View\View.php(227): CodeIgniter\View\View->CodeIgniter\View\{closure}()
 4 SYSTEMPATH\Common.php(1176): CodeIgniter\View\View->render('sys/ViewOneSet', [], true)
 5 APPPATH\Controllers\Sys.php(796): view('sys/ViewOneSet', [...])
 6 SYSTEMPATH\CodeIgniter.php(932): App\Controllers\Sys->viewListingSetItems('assets', 'img', 'messages-2.jpg')
 7 SYSTEMPATH\CodeIgniter.php(497): CodeIgniter\CodeIgniter->runController(Object(App\Controllers\Sys))
 8 SYSTEMPATH\CodeIgniter.php(366): CodeIgniter\CodeIgniter->handleRequest(null, Object(Config\Cache), false)
 9 FCPATH\index.php(67): CodeIgniter\CodeIgniter->run()
CRITICAL - 2024-02-25 12:08:51 --> Trying to access array offset on value of type null
in APPPATH\Views\sys\ViewOneSet.php on line 6.
 1 APPPATH\Views\sys\ViewOneSet.php(6): CodeIgniter\Debug\Exceptions->errorHandler(2, 'Trying to access array offset on value of type null', 'C:\\xampp\\htdocs\\ewms\\app\\Views\\sys\\ViewOneSet.php', 6)
 2 SYSTEMPATH\View\View.php(224): include('C:\\xampp\\htdocs\\ewms\\app\\Views\\sys\\ViewOneSet.php')
 3 SYSTEMPATH\View\View.php(227): CodeIgniter\View\View->CodeIgniter\View\{closure}()
 4 SYSTEMPATH\Common.php(1176): CodeIgniter\View\View->render('sys/ViewOneSet', [], true)
 5 APPPATH\Controllers\Sys.php(796): view('sys/ViewOneSet', [...])
 6 SYSTEMPATH\CodeIgniter.php(932): App\Controllers\Sys->viewListingSetItems('assets', 'img', 'messages-1.jpg')
 7 SYSTEMPATH\CodeIgniter.php(497): CodeIgniter\CodeIgniter->runController(Object(App\Controllers\Sys))
 8 SYSTEMPATH\CodeIgniter.php(366): CodeIgniter\CodeIgniter->handleRequest(null, Object(Config\Cache), false)
 9 FCPATH\index.php(67): CodeIgniter\CodeIgniter->run()
CRITICAL - 2024-02-25 12:08:51 --> Trying to access array offset on value of type null
in APPPATH\Views\sys\ViewOneSet.php on line 6.
 1 APPPATH\Views\sys\ViewOneSet.php(6): CodeIgniter\Debug\Exceptions->errorHandler(2, 'Trying to access array offset on value of type null', 'C:\\xampp\\htdocs\\ewms\\app\\Views\\sys\\ViewOneSet.php', 6)
 2 SYSTEMPATH\View\View.php(224): include('C:\\xampp\\htdocs\\ewms\\app\\Views\\sys\\ViewOneSet.php')
 3 SYSTEMPATH\View\View.php(227): CodeIgniter\View\View->CodeIgniter\View\{closure}()
 4 SYSTEMPATH\Common.php(1176): CodeIgniter\View\View->render('sys/ViewOneSet', [], true)
 5 APPPATH\Controllers\Sys.php(796): view('sys/ViewOneSet', [...])
 6 SYSTEMPATH\CodeIgniter.php(932): App\Controllers\Sys->viewListingSetItems('assets', 'img', 'messages-3.jpg')
 7 SYSTEMPATH\CodeIgniter.php(497): CodeIgniter\CodeIgniter->runController(Object(App\Controllers\Sys))
 8 SYSTEMPATH\CodeIgniter.php(366): CodeIgniter\CodeIgniter->handleRequest(null, Object(Config\Cache), false)
 9 FCPATH\index.php(67): CodeIgniter\CodeIgniter->run()
CRITICAL - 2024-02-25 12:09:00 --> Trying to access array offset on value of type null
in APPPATH\Views\sys\ViewOneSet.php on line 6.
 1 APPPATH\Views\sys\ViewOneSet.php(6): CodeIgniter\Debug\Exceptions->errorHandler(2, 'Trying to access array offset on value of type null', 'C:\\xampp\\htdocs\\ewms\\app\\Views\\sys\\ViewOneSet.php', 6)
 2 SYSTEMPATH\View\View.php(224): include('C:\\xampp\\htdocs\\ewms\\app\\Views\\sys\\ViewOneSet.php')
 3 SYSTEMPATH\View\View.php(227): CodeIgniter\View\View->CodeIgniter\View\{closure}()
 4 SYSTEMPATH\Common.php(1176): CodeIgniter\View\View->render('sys/ViewOneSet', [], true)
 5 APPPATH\Controllers\Sys.php(796): view('sys/ViewOneSet', [...])
 6 SYSTEMPATH\CodeIgniter.php(932): App\Controllers\Sys->viewListingSetItems('assets', 'img', 'messages-2.jpg')
 7 SYSTEMPATH\CodeIgniter.php(497): CodeIgniter\CodeIgniter->runController(Object(App\Controllers\Sys))
 8 SYSTEMPATH\CodeIgniter.php(366): CodeIgniter\CodeIgniter->handleRequest(null, Object(Config\Cache), false)
 9 FCPATH\index.php(67): CodeIgniter\CodeIgniter->run()
CRITICAL - 2024-02-25 12:09:00 --> Trying to access array offset on value of type null
in APPPATH\Views\sys\ViewOneSet.php on line 6.
 1 APPPATH\Views\sys\ViewOneSet.php(6): CodeIgniter\Debug\Exceptions->errorHandler(2, 'Trying to access array offset on value of type null', 'C:\\xampp\\htdocs\\ewms\\app\\Views\\sys\\ViewOneSet.php', 6)
 2 SYSTEMPATH\View\View.php(224): include('C:\\xampp\\htdocs\\ewms\\app\\Views\\sys\\ViewOneSet.php')
 3 SYSTEMPATH\View\View.php(227): CodeIgniter\View\View->CodeIgniter\View\{closure}()
 4 SYSTEMPATH\Common.php(1176): CodeIgniter\View\View->render('sys/ViewOneSet', [], true)
 5 APPPATH\Controllers\Sys.php(796): view('sys/ViewOneSet', [...])
 6 SYSTEMPATH\CodeIgniter.php(932): App\Controllers\Sys->viewListingSetItems('assets', 'img', 'messages-1.jpg')
 7 SYSTEMPATH\CodeIgniter.php(497): CodeIgniter\CodeIgniter->runController(Object(App\Controllers\Sys))
 8 SYSTEMPATH\CodeIgniter.php(366): CodeIgniter\CodeIgniter->handleRequest(null, Object(Config\Cache), false)
 9 FCPATH\index.php(67): CodeIgniter\CodeIgniter->run()
CRITICAL - 2024-02-25 12:09:00 --> Trying to access array offset on value of type null
in APPPATH\Views\sys\ViewOneSet.php on line 6.
 1 APPPATH\Views\sys\ViewOneSet.php(6): CodeIgniter\Debug\Exceptions->errorHandler(2, 'Trying to access array offset on value of type null', 'C:\\xampp\\htdocs\\ewms\\app\\Views\\sys\\ViewOneSet.php', 6)
 2 SYSTEMPATH\View\View.php(224): include('C:\\xampp\\htdocs\\ewms\\app\\Views\\sys\\ViewOneSet.php')
 3 SYSTEMPATH\View\View.php(227): CodeIgniter\View\View->CodeIgniter\View\{closure}()
 4 SYSTEMPATH\Common.php(1176): CodeIgniter\View\View->render('sys/ViewOneSet', [], true)
 5 APPPATH\Controllers\Sys.php(796): view('sys/ViewOneSet', [...])
 6 SYSTEMPATH\CodeIgniter.php(932): App\Controllers\Sys->viewListingSetItems('assets', 'img', 'messages-3.jpg')
 7 SYSTEMPATH\CodeIgniter.php(497): CodeIgniter\CodeIgniter->runController(Object(App\Controllers\Sys))
 8 SYSTEMPATH\CodeIgniter.php(366): CodeIgniter\CodeIgniter->handleRequest(null, Object(Config\Cache), false)
 9 FCPATH\index.php(67): CodeIgniter\CodeIgniter->run()
CRITICAL - 2024-02-25 12:09:08 --> Trying to access array offset on value of type null
in APPPATH\Views\sys\ViewOneSet.php on line 6.
 1 APPPATH\Views\sys\ViewOneSet.php(6): CodeIgniter\Debug\Exceptions->errorHandler(2, 'Trying to access array offset on value of type null', 'C:\\xampp\\htdocs\\ewms\\app\\Views\\sys\\ViewOneSet.php', 6)
 2 SYSTEMPATH\View\View.php(224): include('C:\\xampp\\htdocs\\ewms\\app\\Views\\sys\\ViewOneSet.php')
 3 SYSTEMPATH\View\View.php(227): CodeIgniter\View\View->CodeIgniter\View\{closure}()
 4 SYSTEMPATH\Common.php(1176): CodeIgniter\View\View->render('sys/ViewOneSet', [], true)
 5 APPPATH\Controllers\Sys.php(796): view('sys/ViewOneSet', [...])
 6 SYSTEMPATH\CodeIgniter.php(932): App\Controllers\Sys->viewListingSetItems('assets', 'img', 'messages-1.jpg')
 7 SYSTEMPATH\CodeIgniter.php(497): CodeIgniter\CodeIgniter->runController(Object(App\Controllers\Sys))
 8 SYSTEMPATH\CodeIgniter.php(366): CodeIgniter\CodeIgniter->handleRequest(null, Object(Config\Cache), false)
 9 FCPATH\index.php(67): CodeIgniter\CodeIgniter->run()
CRITICAL - 2024-02-25 12:09:08 --> Trying to access array offset on value of type null
in APPPATH\Views\sys\ViewOneSet.php on line 6.
 1 APPPATH\Views\sys\ViewOneSet.php(6): CodeIgniter\Debug\Exceptions->errorHandler(2, 'Trying to access array offset on value of type null', 'C:\\xampp\\htdocs\\ewms\\app\\Views\\sys\\ViewOneSet.php', 6)
 2 SYSTEMPATH\View\View.php(224): include('C:\\xampp\\htdocs\\ewms\\app\\Views\\sys\\ViewOneSet.php')
 3 SYSTEMPATH\View\View.php(227): CodeIgniter\View\View->CodeIgniter\View\{closure}()
 4 SYSTEMPATH\Common.php(1176): CodeIgniter\View\View->render('sys/ViewOneSet', [], true)
 5 APPPATH\Controllers\Sys.php(796): view('sys/ViewOneSet', [...])
 6 SYSTEMPATH\CodeIgniter.php(932): App\Controllers\Sys->viewListingSetItems('assets', 'img', 'messages-3.jpg')
 7 SYSTEMPATH\CodeIgniter.php(497): CodeIgniter\CodeIgniter->runController(Object(App\Controllers\Sys))
 8 SYSTEMPATH\CodeIgniter.php(366): CodeIgniter\CodeIgniter->handleRequest(null, Object(Config\Cache), false)
 9 FCPATH\index.php(67): CodeIgniter\CodeIgniter->run()
CRITICAL - 2024-02-25 12:09:08 --> Trying to access array offset on value of type null
in APPPATH\Views\sys\ViewOneSet.php on line 6.
 1 APPPATH\Views\sys\ViewOneSet.php(6): CodeIgniter\Debug\Exceptions->errorHandler(2, 'Trying to access array offset on value of type null', 'C:\\xampp\\htdocs\\ewms\\app\\Views\\sys\\ViewOneSet.php', 6)
 2 SYSTEMPATH\View\View.php(224): include('C:\\xampp\\htdocs\\ewms\\app\\Views\\sys\\ViewOneSet.php')
 3 SYSTEMPATH\View\View.php(227): CodeIgniter\View\View->CodeIgniter\View\{closure}()
 4 SYSTEMPATH\Common.php(1176): CodeIgniter\View\View->render('sys/ViewOneSet', [], true)
 5 APPPATH\Controllers\Sys.php(796): view('sys/ViewOneSet', [...])
 6 SYSTEMPATH\CodeIgniter.php(932): App\Controllers\Sys->viewListingSetItems('assets', 'img', 'messages-2.jpg')
 7 SYSTEMPATH\CodeIgniter.php(497): CodeIgniter\CodeIgniter->runController(Object(App\Controllers\Sys))
 8 SYSTEMPATH\CodeIgniter.php(366): CodeIgniter\CodeIgniter->handleRequest(null, Object(Config\Cache), false)
 9 FCPATH\index.php(67): CodeIgniter\CodeIgniter->run()
CRITICAL - 2024-02-25 12:09:15 --> Trying to access array offset on value of type null
in APPPATH\Views\sys\ViewOneSet.php on line 6.
 1 APPPATH\Views\sys\ViewOneSet.php(6): CodeIgniter\Debug\Exceptions->errorHandler(2, 'Trying to access array offset on value of type null', 'C:\\xampp\\htdocs\\ewms\\app\\Views\\sys\\ViewOneSet.php', 6)
 2 SYSTEMPATH\View\View.php(224): include('C:\\xampp\\htdocs\\ewms\\app\\Views\\sys\\ViewOneSet.php')
 3 SYSTEMPATH\View\View.php(227): CodeIgniter\View\View->CodeIgniter\View\{closure}()
 4 SYSTEMPATH\Common.php(1176): CodeIgniter\View\View->render('sys/ViewOneSet', [], true)
 5 APPPATH\Controllers\Sys.php(796): view('sys/ViewOneSet', [...])
 6 SYSTEMPATH\CodeIgniter.php(932): App\Controllers\Sys->viewListingSetItems('assets', 'img', 'messages-1.jpg')
 7 SYSTEMPATH\CodeIgniter.php(497): CodeIgniter\CodeIgniter->runController(Object(App\Controllers\Sys))
 8 SYSTEMPATH\CodeIgniter.php(366): CodeIgniter\CodeIgniter->handleRequest(null, Object(Config\Cache), false)
 9 FCPATH\index.php(67): CodeIgniter\CodeIgniter->run()
CRITICAL - 2024-02-25 12:09:15 --> Trying to access array offset on value of type null
in APPPATH\Views\sys\ViewOneSet.php on line 6.
 1 APPPATH\Views\sys\ViewOneSet.php(6): CodeIgniter\Debug\Exceptions->errorHandler(2, 'Trying to access array offset on value of type null', 'C:\\xampp\\htdocs\\ewms\\app\\Views\\sys\\ViewOneSet.php', 6)
 2 SYSTEMPATH\View\View.php(224): include('C:\\xampp\\htdocs\\ewms\\app\\Views\\sys\\ViewOneSet.php')
 3 SYSTEMPATH\View\View.php(227): CodeIgniter\View\View->CodeIgniter\View\{closure}()
 4 SYSTEMPATH\Common.php(1176): CodeIgniter\View\View->render('sys/ViewOneSet', [], true)
 5 APPPATH\Controllers\Sys.php(796): view('sys/ViewOneSet', [...])
 6 SYSTEMPATH\CodeIgniter.php(932): App\Controllers\Sys->viewListingSetItems('assets', 'img', 'messages-2.jpg')
 7 SYSTEMPATH\CodeIgniter.php(497): CodeIgniter\CodeIgniter->runController(Object(App\Controllers\Sys))
 8 SYSTEMPATH\CodeIgniter.php(366): CodeIgniter\CodeIgniter->handleRequest(null, Object(Config\Cache), false)
 9 FCPATH\index.php(67): CodeIgniter\CodeIgniter->run()
CRITICAL - 2024-02-25 12:09:15 --> Trying to access array offset on value of type null
in APPPATH\Views\sys\ViewOneSet.php on line 6.
 1 APPPATH\Views\sys\ViewOneSet.php(6): CodeIgniter\Debug\Exceptions->errorHandler(2, 'Trying to access array offset on value of type null', 'C:\\xampp\\htdocs\\ewms\\app\\Views\\sys\\ViewOneSet.php', 6)
 2 SYSTEMPATH\View\View.php(224): include('C:\\xampp\\htdocs\\ewms\\app\\Views\\sys\\ViewOneSet.php')
 3 SYSTEMPATH\View\View.php(227): CodeIgniter\View\View->CodeIgniter\View\{closure}()
 4 SYSTEMPATH\Common.php(1176): CodeIgniter\View\View->render('sys/ViewOneSet', [], true)
 5 APPPATH\Controllers\Sys.php(796): view('sys/ViewOneSet', [...])
 6 SYSTEMPATH\CodeIgniter.php(932): App\Controllers\Sys->viewListingSetItems('assets', 'img', 'messages-3.jpg')
 7 SYSTEMPATH\CodeIgniter.php(497): CodeIgniter\CodeIgniter->runController(Object(App\Controllers\Sys))
 8 SYSTEMPATH\CodeIgniter.php(366): CodeIgniter\CodeIgniter->handleRequest(null, Object(Config\Cache), false)
 9 FCPATH\index.php(67): CodeIgniter\CodeIgniter->run()
CRITICAL - 2024-02-25 12:09:19 --> Trying to access array offset on value of type null
in APPPATH\Views\sys\ViewOneSet.php on line 6.
 1 APPPATH\Views\sys\ViewOneSet.php(6): CodeIgniter\Debug\Exceptions->errorHandler(2, 'Trying to access array offset on value of type null', 'C:\\xampp\\htdocs\\ewms\\app\\Views\\sys\\ViewOneSet.php', 6)
 2 SYSTEMPATH\View\View.php(224): include('C:\\xampp\\htdocs\\ewms\\app\\Views\\sys\\ViewOneSet.php')
 3 SYSTEMPATH\View\View.php(227): CodeIgniter\View\View->CodeIgniter\View\{closure}()
 4 SYSTEMPATH\Common.php(1176): CodeIgniter\View\View->render('sys/ViewOneSet', [], true)
 5 APPPATH\Controllers\Sys.php(796): view('sys/ViewOneSet', [...])
 6 SYSTEMPATH\CodeIgniter.php(932): App\Controllers\Sys->viewListingSetItems('assets', 'img', 'messages-2.jpg')
 7 SYSTEMPATH\CodeIgniter.php(497): CodeIgniter\CodeIgniter->runController(Object(App\Controllers\Sys))
 8 SYSTEMPATH\CodeIgniter.php(366): CodeIgniter\CodeIgniter->handleRequest(null, Object(Config\Cache), false)
 9 FCPATH\index.php(67): CodeIgniter\CodeIgniter->run()
CRITICAL - 2024-02-25 12:09:19 --> Trying to access array offset on value of type null
in APPPATH\Views\sys\ViewOneSet.php on line 6.
 1 APPPATH\Views\sys\ViewOneSet.php(6): CodeIgniter\Debug\Exceptions->errorHandler(2, 'Trying to access array offset on value of type null', 'C:\\xampp\\htdocs\\ewms\\app\\Views\\sys\\ViewOneSet.php', 6)
 2 SYSTEMPATH\View\View.php(224): include('C:\\xampp\\htdocs\\ewms\\app\\Views\\sys\\ViewOneSet.php')
 3 SYSTEMPATH\View\View.php(227): CodeIgniter\View\View->CodeIgniter\View\{closure}()
 4 SYSTEMPATH\Common.php(1176): CodeIgniter\View\View->render('sys/ViewOneSet', [], true)
 5 APPPATH\Controllers\Sys.php(796): view('sys/ViewOneSet', [...])
 6 SYSTEMPATH\CodeIgniter.php(932): App\Controllers\Sys->viewListingSetItems('assets', 'img', 'messages-1.jpg')
 7 SYSTEMPATH\CodeIgniter.php(497): CodeIgniter\CodeIgniter->runController(Object(App\Controllers\Sys))
 8 SYSTEMPATH\CodeIgniter.php(366): CodeIgniter\CodeIgniter->handleRequest(null, Object(Config\Cache), false)
 9 FCPATH\index.php(67): CodeIgniter\CodeIgniter->run()
CRITICAL - 2024-02-25 12:09:19 --> Trying to access array offset on value of type null
in APPPATH\Views\sys\ViewOneSet.php on line 6.
 1 APPPATH\Views\sys\ViewOneSet.php(6): CodeIgniter\Debug\Exceptions->errorHandler(2, 'Trying to access array offset on value of type null', 'C:\\xampp\\htdocs\\ewms\\app\\Views\\sys\\ViewOneSet.php', 6)
 2 SYSTEMPATH\View\View.php(224): include('C:\\xampp\\htdocs\\ewms\\app\\Views\\sys\\ViewOneSet.php')
 3 SYSTEMPATH\View\View.php(227): CodeIgniter\View\View->CodeIgniter\View\{closure}()
 4 SYSTEMPATH\Common.php(1176): CodeIgniter\View\View->render('sys/ViewOneSet', [], true)
 5 APPPATH\Controllers\Sys.php(796): view('sys/ViewOneSet', [...])
 6 SYSTEMPATH\CodeIgniter.php(932): App\Controllers\Sys->viewListingSetItems('assets', 'img', 'messages-3.jpg')
 7 SYSTEMPATH\CodeIgniter.php(497): CodeIgniter\CodeIgniter->runController(Object(App\Controllers\Sys))
 8 SYSTEMPATH\CodeIgniter.php(366): CodeIgniter\CodeIgniter->handleRequest(null, Object(Config\Cache), false)
 9 FCPATH\index.php(67): CodeIgniter\CodeIgniter->run()
CRITICAL - 2024-02-25 12:09:22 --> Trying to access array offset on value of type null
in APPPATH\Views\sys\ViewOneSet.php on line 6.
 1 APPPATH\Views\sys\ViewOneSet.php(6): CodeIgniter\Debug\Exceptions->errorHandler(2, 'Trying to access array offset on value of type null', 'C:\\xampp\\htdocs\\ewms\\app\\Views\\sys\\ViewOneSet.php', 6)
 2 SYSTEMPATH\View\View.php(224): include('C:\\xampp\\htdocs\\ewms\\app\\Views\\sys\\ViewOneSet.php')
 3 SYSTEMPATH\View\View.php(227): CodeIgniter\View\View->CodeIgniter\View\{closure}()
 4 SYSTEMPATH\Common.php(1176): CodeIgniter\View\View->render('sys/ViewOneSet', [], true)
 5 APPPATH\Controllers\Sys.php(796): view('sys/ViewOneSet', [...])
 6 SYSTEMPATH\CodeIgniter.php(932): App\Controllers\Sys->viewListingSetItems('assets', 'img', 'messages-2.jpg')
 7 SYSTEMPATH\CodeIgniter.php(497): CodeIgniter\CodeIgniter->runController(Object(App\Controllers\Sys))
 8 SYSTEMPATH\CodeIgniter.php(366): CodeIgniter\CodeIgniter->handleRequest(null, Object(Config\Cache), false)
 9 FCPATH\index.php(67): CodeIgniter\CodeIgniter->run()
CRITICAL - 2024-02-25 12:09:22 --> Trying to access array offset on value of type null
in APPPATH\Views\sys\ViewOneSet.php on line 6.
 1 APPPATH\Views\sys\ViewOneSet.php(6): CodeIgniter\Debug\Exceptions->errorHandler(2, 'Trying to access array offset on value of type null', 'C:\\xampp\\htdocs\\ewms\\app\\Views\\sys\\ViewOneSet.php', 6)
 2 SYSTEMPATH\View\View.php(224): include('C:\\xampp\\htdocs\\ewms\\app\\Views\\sys\\ViewOneSet.php')
 3 SYSTEMPATH\View\View.php(227): CodeIgniter\View\View->CodeIgniter\View\{closure}()
 4 SYSTEMPATH\Common.php(1176): CodeIgniter\View\View->render('sys/ViewOneSet', [], true)
 5 APPPATH\Controllers\Sys.php(796): view('sys/ViewOneSet', [...])
 6 SYSTEMPATH\CodeIgniter.php(932): App\Controllers\Sys->viewListingSetItems('assets', 'img', 'messages-1.jpg')
 7 SYSTEMPATH\CodeIgniter.php(497): CodeIgniter\CodeIgniter->runController(Object(App\Controllers\Sys))
 8 SYSTEMPATH\CodeIgniter.php(366): CodeIgniter\CodeIgniter->handleRequest(null, Object(Config\Cache), false)
 9 FCPATH\index.php(67): CodeIgniter\CodeIgniter->run()
CRITICAL - 2024-02-25 12:09:22 --> Trying to access array offset on value of type null
in APPPATH\Views\sys\ViewOneSet.php on line 6.
 1 APPPATH\Views\sys\ViewOneSet.php(6): CodeIgniter\Debug\Exceptions->errorHandler(2, 'Trying to access array offset on value of type null', 'C:\\xampp\\htdocs\\ewms\\app\\Views\\sys\\ViewOneSet.php', 6)
 2 SYSTEMPATH\View\View.php(224): include('C:\\xampp\\htdocs\\ewms\\app\\Views\\sys\\ViewOneSet.php')
 3 SYSTEMPATH\View\View.php(227): CodeIgniter\View\View->CodeIgniter\View\{closure}()
 4 SYSTEMPATH\Common.php(1176): CodeIgniter\View\View->render('sys/ViewOneSet', [], true)
 5 APPPATH\Controllers\Sys.php(796): view('sys/ViewOneSet', [...])
 6 SYSTEMPATH\CodeIgniter.php(932): App\Controllers\Sys->viewListingSetItems('assets', 'img', 'messages-3.jpg')
 7 SYSTEMPATH\CodeIgniter.php(497): CodeIgniter\CodeIgniter->runController(Object(App\Controllers\Sys))
 8 SYSTEMPATH\CodeIgniter.php(366): CodeIgniter\CodeIgniter->handleRequest(null, Object(Config\Cache), false)
 9 FCPATH\index.php(67): CodeIgniter\CodeIgniter->run()
CRITICAL - 2024-02-25 12:09:25 --> Trying to access array offset on value of type null
in APPPATH\Views\sys\ViewOneSet.php on line 6.
 1 APPPATH\Views\sys\ViewOneSet.php(6): CodeIgniter\Debug\Exceptions->errorHandler(2, 'Trying to access array offset on value of type null', 'C:\\xampp\\htdocs\\ewms\\app\\Views\\sys\\ViewOneSet.php', 6)
 2 SYSTEMPATH\View\View.php(224): include('C:\\xampp\\htdocs\\ewms\\app\\Views\\sys\\ViewOneSet.php')
 3 SYSTEMPATH\View\View.php(227): CodeIgniter\View\View->CodeIgniter\View\{closure}()
 4 SYSTEMPATH\Common.php(1176): CodeIgniter\View\View->render('sys/ViewOneSet', [], true)
 5 APPPATH\Controllers\Sys.php(796): view('sys/ViewOneSet', [...])
 6 SYSTEMPATH\CodeIgniter.php(932): App\Controllers\Sys->viewListingSetItems('assets', 'img', 'messages-1.jpg')
 7 SYSTEMPATH\CodeIgniter.php(497): CodeIgniter\CodeIgniter->runController(Object(App\Controllers\Sys))
 8 SYSTEMPATH\CodeIgniter.php(366): CodeIgniter\CodeIgniter->handleRequest(null, Object(Config\Cache), false)
 9 FCPATH\index.php(67): CodeIgniter\CodeIgniter->run()
CRITICAL - 2024-02-25 12:09:25 --> Trying to access array offset on value of type null
in APPPATH\Views\sys\ViewOneSet.php on line 6.
 1 APPPATH\Views\sys\ViewOneSet.php(6): CodeIgniter\Debug\Exceptions->errorHandler(2, 'Trying to access array offset on value of type null', 'C:\\xampp\\htdocs\\ewms\\app\\Views\\sys\\ViewOneSet.php', 6)
 2 SYSTEMPATH\View\View.php(224): include('C:\\xampp\\htdocs\\ewms\\app\\Views\\sys\\ViewOneSet.php')
 3 SYSTEMPATH\View\View.php(227): CodeIgniter\View\View->CodeIgniter\View\{closure}()
 4 SYSTEMPATH\Common.php(1176): CodeIgniter\View\View->render('sys/ViewOneSet', [], true)
 5 APPPATH\Controllers\Sys.php(796): view('sys/ViewOneSet', [...])
 6 SYSTEMPATH\CodeIgniter.php(932): App\Controllers\Sys->viewListingSetItems('assets', 'img', 'messages-2.jpg')
 7 SYSTEMPATH\CodeIgniter.php(497): CodeIgniter\CodeIgniter->runController(Object(App\Controllers\Sys))
 8 SYSTEMPATH\CodeIgniter.php(366): CodeIgniter\CodeIgniter->handleRequest(null, Object(Config\Cache), false)
 9 FCPATH\index.php(67): CodeIgniter\CodeIgniter->run()
CRITICAL - 2024-02-25 12:09:25 --> Trying to access array offset on value of type null
in APPPATH\Views\sys\ViewOneSet.php on line 6.
 1 APPPATH\Views\sys\ViewOneSet.php(6): CodeIgniter\Debug\Exceptions->errorHandler(2, 'Trying to access array offset on value of type null', 'C:\\xampp\\htdocs\\ewms\\app\\Views\\sys\\ViewOneSet.php', 6)
 2 SYSTEMPATH\View\View.php(224): include('C:\\xampp\\htdocs\\ewms\\app\\Views\\sys\\ViewOneSet.php')
 3 SYSTEMPATH\View\View.php(227): CodeIgniter\View\View->CodeIgniter\View\{closure}()
 4 SYSTEMPATH\Common.php(1176): CodeIgniter\View\View->render('sys/ViewOneSet', [], true)
 5 APPPATH\Controllers\Sys.php(796): view('sys/ViewOneSet', [...])
 6 SYSTEMPATH\CodeIgniter.php(932): App\Controllers\Sys->viewListingSetItems('assets', 'img', 'messages-3.jpg')
 7 SYSTEMPATH\CodeIgniter.php(497): CodeIgniter\CodeIgniter->runController(Object(App\Controllers\Sys))
 8 SYSTEMPATH\CodeIgniter.php(366): CodeIgniter\CodeIgniter->handleRequest(null, Object(Config\Cache), false)
 9 FCPATH\index.php(67): CodeIgniter\CodeIgniter->run()
CRITICAL - 2024-02-25 12:09:30 --> Trying to access array offset on value of type null
in APPPATH\Views\sys\ViewOneSet.php on line 6.
 1 APPPATH\Views\sys\ViewOneSet.php(6): CodeIgniter\Debug\Exceptions->errorHandler(2, 'Trying to access array offset on value of type null', 'C:\\xampp\\htdocs\\ewms\\app\\Views\\sys\\ViewOneSet.php', 6)
 2 SYSTEMPATH\View\View.php(224): include('C:\\xampp\\htdocs\\ewms\\app\\Views\\sys\\ViewOneSet.php')
 3 SYSTEMPATH\View\View.php(227): CodeIgniter\View\View->CodeIgniter\View\{closure}()
 4 SYSTEMPATH\Common.php(1176): CodeIgniter\View\View->render('sys/ViewOneSet', [], true)
 5 APPPATH\Controllers\Sys.php(796): view('sys/ViewOneSet', [...])
 6 SYSTEMPATH\CodeIgniter.php(932): App\Controllers\Sys->viewListingSetItems('assets', 'img', 'messages-1.jpg')
 7 SYSTEMPATH\CodeIgniter.php(497): CodeIgniter\CodeIgniter->runController(Object(App\Controllers\Sys))
 8 SYSTEMPATH\CodeIgniter.php(366): CodeIgniter\CodeIgniter->handleRequest(null, Object(Config\Cache), false)
 9 FCPATH\index.php(67): CodeIgniter\CodeIgniter->run()
CRITICAL - 2024-02-25 12:09:30 --> Trying to access array offset on value of type null
in APPPATH\Views\sys\ViewOneSet.php on line 6.
 1 APPPATH\Views\sys\ViewOneSet.php(6): CodeIgniter\Debug\Exceptions->errorHandler(2, 'Trying to access array offset on value of type null', 'C:\\xampp\\htdocs\\ewms\\app\\Views\\sys\\ViewOneSet.php', 6)
 2 SYSTEMPATH\View\View.php(224): include('C:\\xampp\\htdocs\\ewms\\app\\Views\\sys\\ViewOneSet.php')
 3 SYSTEMPATH\View\View.php(227): CodeIgniter\View\View->CodeIgniter\View\{closure}()
 4 SYSTEMPATH\Common.php(1176): CodeIgniter\View\View->render('sys/ViewOneSet', [], true)
 5 APPPATH\Controllers\Sys.php(796): view('sys/ViewOneSet', [...])
 6 SYSTEMPATH\CodeIgniter.php(932): App\Controllers\Sys->viewListingSetItems('assets', 'img', 'messages-3.jpg')
 7 SYSTEMPATH\CodeIgniter.php(497): CodeIgniter\CodeIgniter->runController(Object(App\Controllers\Sys))
 8 SYSTEMPATH\CodeIgniter.php(366): CodeIgniter\CodeIgniter->handleRequest(null, Object(Config\Cache), false)
 9 FCPATH\index.php(67): CodeIgniter\CodeIgniter->run()
CRITICAL - 2024-02-25 12:09:30 --> Trying to access array offset on value of type null
in APPPATH\Views\sys\ViewOneSet.php on line 6.
 1 APPPATH\Views\sys\ViewOneSet.php(6): CodeIgniter\Debug\Exceptions->errorHandler(2, 'Trying to access array offset on value of type null', 'C:\\xampp\\htdocs\\ewms\\app\\Views\\sys\\ViewOneSet.php', 6)
 2 SYSTEMPATH\View\View.php(224): include('C:\\xampp\\htdocs\\ewms\\app\\Views\\sys\\ViewOneSet.php')
 3 SYSTEMPATH\View\View.php(227): CodeIgniter\View\View->CodeIgniter\View\{closure}()
 4 SYSTEMPATH\Common.php(1176): CodeIgniter\View\View->render('sys/ViewOneSet', [], true)
 5 APPPATH\Controllers\Sys.php(796): view('sys/ViewOneSet', [...])
 6 SYSTEMPATH\CodeIgniter.php(932): App\Controllers\Sys->viewListingSetItems('assets', 'img', 'messages-2.jpg')
 7 SYSTEMPATH\CodeIgniter.php(497): CodeIgniter\CodeIgniter->runController(Object(App\Controllers\Sys))
 8 SYSTEMPATH\CodeIgniter.php(366): CodeIgniter\CodeIgniter->handleRequest(null, Object(Config\Cache), false)
 9 FCPATH\index.php(67): CodeIgniter\CodeIgniter->run()
CRITICAL - 2024-02-25 12:11:33 --> Trying to access array offset on value of type null
in APPPATH\Views\sys\ViewOneSet.php on line 6.
 1 APPPATH\Views\sys\ViewOneSet.php(6): CodeIgniter\Debug\Exceptions->errorHandler(2, 'Trying to access array offset on value of type null', 'C:\\xampp\\htdocs\\ewms\\app\\Views\\sys\\ViewOneSet.php', 6)
 2 SYSTEMPATH\View\View.php(224): include('C:\\xampp\\htdocs\\ewms\\app\\Views\\sys\\ViewOneSet.php')
 3 SYSTEMPATH\View\View.php(227): CodeIgniter\View\View->CodeIgniter\View\{closure}()
 4 SYSTEMPATH\Common.php(1176): CodeIgniter\View\View->render('sys/ViewOneSet', [], true)
 5 APPPATH\Controllers\Sys.php(796): view('sys/ViewOneSet', [...])
 6 SYSTEMPATH\CodeIgniter.php(932): App\Controllers\Sys->viewListingSetItems('assets', 'img', 'messages-1.jpg')
 7 SYSTEMPATH\CodeIgniter.php(497): CodeIgniter\CodeIgniter->runController(Object(App\Controllers\Sys))
 8 SYSTEMPATH\CodeIgniter.php(366): CodeIgniter\CodeIgniter->handleRequest(null, Object(Config\Cache), false)
 9 FCPATH\index.php(67): CodeIgniter\CodeIgniter->run()
CRITICAL - 2024-02-25 12:11:33 --> Trying to access array offset on value of type null
in APPPATH\Views\sys\ViewOneSet.php on line 6.
 1 APPPATH\Views\sys\ViewOneSet.php(6): CodeIgniter\Debug\Exceptions->errorHandler(2, 'Trying to access array offset on value of type null', 'C:\\xampp\\htdocs\\ewms\\app\\Views\\sys\\ViewOneSet.php', 6)
 2 SYSTEMPATH\View\View.php(224): include('C:\\xampp\\htdocs\\ewms\\app\\Views\\sys\\ViewOneSet.php')
 3 SYSTEMPATH\View\View.php(227): CodeIgniter\View\View->CodeIgniter\View\{closure}()
 4 SYSTEMPATH\Common.php(1176): CodeIgniter\View\View->render('sys/ViewOneSet', [], true)
 5 APPPATH\Controllers\Sys.php(796): view('sys/ViewOneSet', [...])
 6 SYSTEMPATH\CodeIgniter.php(932): App\Controllers\Sys->viewListingSetItems('assets', 'img', 'messages-3.jpg')
 7 SYSTEMPATH\CodeIgniter.php(497): CodeIgniter\CodeIgniter->runController(Object(App\Controllers\Sys))
 8 SYSTEMPATH\CodeIgniter.php(366): CodeIgniter\CodeIgniter->handleRequest(null, Object(Config\Cache), false)
 9 FCPATH\index.php(67): CodeIgniter\CodeIgniter->run()
CRITICAL - 2024-02-25 12:11:33 --> Trying to access array offset on value of type null
in APPPATH\Views\sys\ViewOneSet.php on line 6.
 1 APPPATH\Views\sys\ViewOneSet.php(6): CodeIgniter\Debug\Exceptions->errorHandler(2, 'Trying to access array offset on value of type null', 'C:\\xampp\\htdocs\\ewms\\app\\Views\\sys\\ViewOneSet.php', 6)
 2 SYSTEMPATH\View\View.php(224): include('C:\\xampp\\htdocs\\ewms\\app\\Views\\sys\\ViewOneSet.php')
 3 SYSTEMPATH\View\View.php(227): CodeIgniter\View\View->CodeIgniter\View\{closure}()
 4 SYSTEMPATH\Common.php(1176): CodeIgniter\View\View->render('sys/ViewOneSet', [], true)
 5 APPPATH\Controllers\Sys.php(796): view('sys/ViewOneSet', [...])
 6 SYSTEMPATH\CodeIgniter.php(932): App\Controllers\Sys->viewListingSetItems('assets', 'img', 'messages-2.jpg')
 7 SYSTEMPATH\CodeIgniter.php(497): CodeIgniter\CodeIgniter->runController(Object(App\Controllers\Sys))
 8 SYSTEMPATH\CodeIgniter.php(366): CodeIgniter\CodeIgniter->handleRequest(null, Object(Config\Cache), false)
 9 FCPATH\index.php(67): CodeIgniter\CodeIgniter->run()
CRITICAL - 2024-02-25 12:12:18 --> Trying to access array offset on value of type null
in APPPATH\Views\sys\ViewOneSet.php on line 6.
 1 APPPATH\Views\sys\ViewOneSet.php(6): CodeIgniter\Debug\Exceptions->errorHandler(2, 'Trying to access array offset on value of type null', 'C:\\xampp\\htdocs\\ewms\\app\\Views\\sys\\ViewOneSet.php', 6)
 2 SYSTEMPATH\View\View.php(224): include('C:\\xampp\\htdocs\\ewms\\app\\Views\\sys\\ViewOneSet.php')
 3 SYSTEMPATH\View\View.php(227): CodeIgniter\View\View->CodeIgniter\View\{closure}()
 4 SYSTEMPATH\Common.php(1176): CodeIgniter\View\View->render('sys/ViewOneSet', [], true)
 5 APPPATH\Controllers\Sys.php(796): view('sys/ViewOneSet', [...])
 6 SYSTEMPATH\CodeIgniter.php(932): App\Controllers\Sys->viewListingSetItems('1708257122')
 7 SYSTEMPATH\CodeIgniter.php(497): CodeIgniter\CodeIgniter->runController(Object(App\Controllers\Sys))
 8 SYSTEMPATH\CodeIgniter.php(366): CodeIgniter\CodeIgniter->handleRequest(null, Object(Config\Cache), false)
 9 FCPATH\index.php(67): CodeIgniter\CodeIgniter->run()
CRITICAL - 2024-02-25 12:12:18 --> Trying to access array offset on value of type null
in APPPATH\Views\sys\ViewOneSet.php on line 6.
 1 APPPATH\Views\sys\ViewOneSet.php(6): CodeIgniter\Debug\Exceptions->errorHandler(2, 'Trying to access array offset on value of type null', 'C:\\xampp\\htdocs\\ewms\\app\\Views\\sys\\ViewOneSet.php', 6)
 2 SYSTEMPATH\View\View.php(224): include('C:\\xampp\\htdocs\\ewms\\app\\Views\\sys\\ViewOneSet.php')
 3 SYSTEMPATH\View\View.php(227): CodeIgniter\View\View->CodeIgniter\View\{closure}()
 4 SYSTEMPATH\Common.php(1176): CodeIgniter\View\View->render('sys/ViewOneSet', [], true)
 5 APPPATH\Controllers\Sys.php(796): view('sys/ViewOneSet', [...])
 6 SYSTEMPATH\CodeIgniter.php(932): App\Controllers\Sys->viewListingSetItems('assets', 'img', 'messages-3.jpg')
 7 SYSTEMPATH\CodeIgniter.php(497): CodeIgniter\CodeIgniter->runController(Object(App\Controllers\Sys))
 8 SYSTEMPATH\CodeIgniter.php(366): CodeIgniter\CodeIgniter->handleRequest(null, Object(Config\Cache), false)
 9 FCPATH\index.php(67): CodeIgniter\CodeIgniter->run()
CRITICAL - 2024-02-25 12:12:18 --> Trying to access array offset on value of type null
in APPPATH\Views\sys\ViewOneSet.php on line 6.
 1 APPPATH\Views\sys\ViewOneSet.php(6): CodeIgniter\Debug\Exceptions->errorHandler(2, 'Trying to access array offset on value of type null', 'C:\\xampp\\htdocs\\ewms\\app\\Views\\sys\\ViewOneSet.php', 6)
 2 SYSTEMPATH\View\View.php(224): include('C:\\xampp\\htdocs\\ewms\\app\\Views\\sys\\ViewOneSet.php')
 3 SYSTEMPATH\View\View.php(227): CodeIgniter\View\View->CodeIgniter\View\{closure}()
 4 SYSTEMPATH\Common.php(1176): CodeIgniter\View\View->render('sys/ViewOneSet', [], true)
 5 APPPATH\Controllers\Sys.php(796): view('sys/ViewOneSet', [...])
 6 SYSTEMPATH\CodeIgniter.php(932): App\Controllers\Sys->viewListingSetItems('assets', 'img', 'messages-1.jpg')
 7 SYSTEMPATH\CodeIgniter.php(497): CodeIgniter\CodeIgniter->runController(Object(App\Controllers\Sys))
 8 SYSTEMPATH\CodeIgniter.php(366): CodeIgniter\CodeIgniter->handleRequest(null, Object(Config\Cache), false)
 9 FCPATH\index.php(67): CodeIgniter\CodeIgniter->run()
CRITICAL - 2024-02-25 12:12:18 --> Trying to access array offset on value of type null
in APPPATH\Views\sys\ViewOneSet.php on line 6.
 1 APPPATH\Views\sys\ViewOneSet.php(6): CodeIgniter\Debug\Exceptions->errorHandler(2, 'Trying to access array offset on value of type null', 'C:\\xampp\\htdocs\\ewms\\app\\Views\\sys\\ViewOneSet.php', 6)
 2 SYSTEMPATH\View\View.php(224): include('C:\\xampp\\htdocs\\ewms\\app\\Views\\sys\\ViewOneSet.php')
 3 SYSTEMPATH\View\View.php(227): CodeIgniter\View\View->CodeIgniter\View\{closure}()
 4 SYSTEMPATH\Common.php(1176): CodeIgniter\View\View->render('sys/ViewOneSet', [], true)
 5 APPPATH\Controllers\Sys.php(796): view('sys/ViewOneSet', [...])
 6 SYSTEMPATH\CodeIgniter.php(932): App\Controllers\Sys->viewListingSetItems('assets', 'img', 'messages-2.jpg')
 7 SYSTEMPATH\CodeIgniter.php(497): CodeIgniter\CodeIgniter->runController(Object(App\Controllers\Sys))
 8 SYSTEMPATH\CodeIgniter.php(366): CodeIgniter\CodeIgniter->handleRequest(null, Object(Config\Cache), false)
 9 FCPATH\index.php(67): CodeIgniter\CodeIgniter->run()
CRITICAL - 2024-02-25 12:12:33 --> Trying to access array offset on value of type null
in APPPATH\Views\sys\ViewOneSet.php on line 6.
 1 APPPATH\Views\sys\ViewOneSet.php(6): CodeIgniter\Debug\Exceptions->errorHandler(2, 'Trying to access array offset on value of type null', 'C:\\xampp\\htdocs\\ewms\\app\\Views\\sys\\ViewOneSet.php', 6)
 2 SYSTEMPATH\View\View.php(224): include('C:\\xampp\\htdocs\\ewms\\app\\Views\\sys\\ViewOneSet.php')
 3 SYSTEMPATH\View\View.php(227): CodeIgniter\View\View->CodeIgniter\View\{closure}()
 4 SYSTEMPATH\Common.php(1176): CodeIgniter\View\View->render('sys/ViewOneSet', [], true)
 5 APPPATH\Controllers\Sys.php(796): view('sys/ViewOneSet', [...])
 6 SYSTEMPATH\CodeIgniter.php(932): App\Controllers\Sys->viewListingSetItems('1708257122')
 7 SYSTEMPATH\CodeIgniter.php(497): CodeIgniter\CodeIgniter->runController(Object(App\Controllers\Sys))
 8 SYSTEMPATH\CodeIgniter.php(366): CodeIgniter\CodeIgniter->handleRequest(null, Object(Config\Cache), false)
 9 FCPATH\index.php(67): CodeIgniter\CodeIgniter->run()
CRITICAL - 2024-02-25 12:12:33 --> Trying to access array offset on value of type null
in APPPATH\Views\sys\ViewOneSet.php on line 6.
 1 APPPATH\Views\sys\ViewOneSet.php(6): CodeIgniter\Debug\Exceptions->errorHandler(2, 'Trying to access array offset on value of type null', 'C:\\xampp\\htdocs\\ewms\\app\\Views\\sys\\ViewOneSet.php', 6)
 2 SYSTEMPATH\View\View.php(224): include('C:\\xampp\\htdocs\\ewms\\app\\Views\\sys\\ViewOneSet.php')
 3 SYSTEMPATH\View\View.php(227): CodeIgniter\View\View->CodeIgniter\View\{closure}()
 4 SYSTEMPATH\Common.php(1176): CodeIgniter\View\View->render('sys/ViewOneSet', [], true)
 5 APPPATH\Controllers\Sys.php(796): view('sys/ViewOneSet', [...])
 6 SYSTEMPATH\CodeIgniter.php(932): App\Controllers\Sys->viewListingSetItems('assets', 'img', 'messages-2.jpg')
 7 SYSTEMPATH\CodeIgniter.php(497): CodeIgniter\CodeIgniter->runController(Object(App\Controllers\Sys))
 8 SYSTEMPATH\CodeIgniter.php(366): CodeIgniter\CodeIgniter->handleRequest(null, Object(Config\Cache), false)
 9 FCPATH\index.php(67): CodeIgniter\CodeIgniter->run()
CRITICAL - 2024-02-25 12:12:33 --> Trying to access array offset on value of type null
in APPPATH\Views\sys\ViewOneSet.php on line 6.
 1 APPPATH\Views\sys\ViewOneSet.php(6): CodeIgniter\Debug\Exceptions->errorHandler(2, 'Trying to access array offset on value of type null', 'C:\\xampp\\htdocs\\ewms\\app\\Views\\sys\\ViewOneSet.php', 6)
 2 SYSTEMPATH\View\View.php(224): include('C:\\xampp\\htdocs\\ewms\\app\\Views\\sys\\ViewOneSet.php')
 3 SYSTEMPATH\View\View.php(227): CodeIgniter\View\View->CodeIgniter\View\{closure}()
 4 SYSTEMPATH\Common.php(1176): CodeIgniter\View\View->render('sys/ViewOneSet', [], true)
 5 APPPATH\Controllers\Sys.php(796): view('sys/ViewOneSet', [...])
 6 SYSTEMPATH\CodeIgniter.php(932): App\Controllers\Sys->viewListingSetItems('assets', 'img', 'messages-1.jpg')
 7 SYSTEMPATH\CodeIgniter.php(497): CodeIgniter\CodeIgniter->runController(Object(App\Controllers\Sys))
 8 SYSTEMPATH\CodeIgniter.php(366): CodeIgniter\CodeIgniter->handleRequest(null, Object(Config\Cache), false)
 9 FCPATH\index.php(67): CodeIgniter\CodeIgniter->run()
CRITICAL - 2024-02-25 12:12:33 --> Trying to access array offset on value of type null
in APPPATH\Views\sys\ViewOneSet.php on line 6.
 1 APPPATH\Views\sys\ViewOneSet.php(6): CodeIgniter\Debug\Exceptions->errorHandler(2, 'Trying to access array offset on value of type null', 'C:\\xampp\\htdocs\\ewms\\app\\Views\\sys\\ViewOneSet.php', 6)
 2 SYSTEMPATH\View\View.php(224): include('C:\\xampp\\htdocs\\ewms\\app\\Views\\sys\\ViewOneSet.php')
 3 SYSTEMPATH\View\View.php(227): CodeIgniter\View\View->CodeIgniter\View\{closure}()
 4 SYSTEMPATH\Common.php(1176): CodeIgniter\View\View->render('sys/ViewOneSet', [], true)
 5 APPPATH\Controllers\Sys.php(796): view('sys/ViewOneSet', [...])
 6 SYSTEMPATH\CodeIgniter.php(932): App\Controllers\Sys->viewListingSetItems('assets', 'img', 'messages-3.jpg')
 7 SYSTEMPATH\CodeIgniter.php(497): CodeIgniter\CodeIgniter->runController(Object(App\Controllers\Sys))
 8 SYSTEMPATH\CodeIgniter.php(366): CodeIgniter\CodeIgniter->handleRequest(null, Object(Config\Cache), false)
 9 FCPATH\index.php(67): CodeIgniter\CodeIgniter->run()
CRITICAL - 2024-02-25 12:23:23 --> Trying to access array offset on value of type null
in APPPATH\Views\sys\ViewOneSet.php on line 6.
 1 APPPATH\Views\sys\ViewOneSet.php(6): CodeIgniter\Debug\Exceptions->errorHandler(2, 'Trying to access array offset on value of type null', 'C:\\xampp\\htdocs\\ewms\\app\\Views\\sys\\ViewOneSet.php', 6)
 2 SYSTEMPATH\View\View.php(224): include('C:\\xampp\\htdocs\\ewms\\app\\Views\\sys\\ViewOneSet.php')
 3 SYSTEMPATH\View\View.php(227): CodeIgniter\View\View->CodeIgniter\View\{closure}()
 4 SYSTEMPATH\Common.php(1176): CodeIgniter\View\View->render('sys/ViewOneSet', [], true)
 5 APPPATH\Controllers\Sys.php(796): view('sys/ViewOneSet', [...])
 6 SYSTEMPATH\CodeIgniter.php(932): App\Controllers\Sys->viewListingSetItems('1708257122')
 7 SYSTEMPATH\CodeIgniter.php(497): CodeIgniter\CodeIgniter->runController(Object(App\Controllers\Sys))
 8 SYSTEMPATH\CodeIgniter.php(366): CodeIgniter\CodeIgniter->handleRequest(null, Object(Config\Cache), false)
 9 FCPATH\index.php(67): CodeIgniter\CodeIgniter->run()
CRITICAL - 2024-02-25 12:23:23 --> Trying to access array offset on value of type null
in APPPATH\Views\sys\ViewOneSet.php on line 6.
 1 APPPATH\Views\sys\ViewOneSet.php(6): CodeIgniter\Debug\Exceptions->errorHandler(2, 'Trying to access array offset on value of type null', 'C:\\xampp\\htdocs\\ewms\\app\\Views\\sys\\ViewOneSet.php', 6)
 2 SYSTEMPATH\View\View.php(224): include('C:\\xampp\\htdocs\\ewms\\app\\Views\\sys\\ViewOneSet.php')
 3 SYSTEMPATH\View\View.php(227): CodeIgniter\View\View->CodeIgniter\View\{closure}()
 4 SYSTEMPATH\Common.php(1176): CodeIgniter\View\View->render('sys/ViewOneSet', [], true)
 5 APPPATH\Controllers\Sys.php(796): view('sys/ViewOneSet', [...])
 6 SYSTEMPATH\CodeIgniter.php(932): App\Controllers\Sys->viewListingSetItems('assets', 'img', 'messages-1.jpg')
 7 SYSTEMPATH\CodeIgniter.php(497): CodeIgniter\CodeIgniter->runController(Object(App\Controllers\Sys))
 8 SYSTEMPATH\CodeIgniter.php(366): CodeIgniter\CodeIgniter->handleRequest(null, Object(Config\Cache), false)
 9 FCPATH\index.php(67): CodeIgniter\CodeIgniter->run()
CRITICAL - 2024-02-25 12:23:23 --> Trying to access array offset on value of type null
in APPPATH\Views\sys\ViewOneSet.php on line 6.
 1 APPPATH\Views\sys\ViewOneSet.php(6): CodeIgniter\Debug\Exceptions->errorHandler(2, 'Trying to access array offset on value of type null', 'C:\\xampp\\htdocs\\ewms\\app\\Views\\sys\\ViewOneSet.php', 6)
 2 SYSTEMPATH\View\View.php(224): include('C:\\xampp\\htdocs\\ewms\\app\\Views\\sys\\ViewOneSet.php')
 3 SYSTEMPATH\View\View.php(227): CodeIgniter\View\View->CodeIgniter\View\{closure}()
 4 SYSTEMPATH\Common.php(1176): CodeIgniter\View\View->render('sys/ViewOneSet', [], true)
 5 APPPATH\Controllers\Sys.php(796): view('sys/ViewOneSet', [...])
 6 SYSTEMPATH\CodeIgniter.php(932): App\Controllers\Sys->viewListingSetItems('assets', 'img', 'messages-2.jpg')
 7 SYSTEMPATH\CodeIgniter.php(497): CodeIgniter\CodeIgniter->runController(Object(App\Controllers\Sys))
 8 SYSTEMPATH\CodeIgniter.php(366): CodeIgniter\CodeIgniter->handleRequest(null, Object(Config\Cache), false)
 9 FCPATH\index.php(67): CodeIgniter\CodeIgniter->run()
CRITICAL - 2024-02-25 12:23:23 --> Trying to access array offset on value of type null
in APPPATH\Views\sys\ViewOneSet.php on line 6.
 1 APPPATH\Views\sys\ViewOneSet.php(6): CodeIgniter\Debug\Exceptions->errorHandler(2, 'Trying to access array offset on value of type null', 'C:\\xampp\\htdocs\\ewms\\app\\Views\\sys\\ViewOneSet.php', 6)
 2 SYSTEMPATH\View\View.php(224): include('C:\\xampp\\htdocs\\ewms\\app\\Views\\sys\\ViewOneSet.php')
 3 SYSTEMPATH\View\View.php(227): CodeIgniter\View\View->CodeIgniter\View\{closure}()
 4 SYSTEMPATH\Common.php(1176): CodeIgniter\View\View->render('sys/ViewOneSet', [], true)
 5 APPPATH\Controllers\Sys.php(796): view('sys/ViewOneSet', [...])
 6 SYSTEMPATH\CodeIgniter.php(932): App\Controllers\Sys->viewListingSetItems('assets', 'img', 'messages-3.jpg')
 7 SYSTEMPATH\CodeIgniter.php(497): CodeIgniter\CodeIgniter->runController(Object(App\Controllers\Sys))
 8 SYSTEMPATH\CodeIgniter.php(366): CodeIgniter\CodeIgniter->handleRequest(null, Object(Config\Cache), false)
 9 FCPATH\index.php(67): CodeIgniter\CodeIgniter->run()
CRITICAL - 2024-02-25 12:25:27 --> Trying to access array offset on value of type null
in APPPATH\Views\sys\ViewOneSet.php on line 6.
 1 APPPATH\Views\sys\ViewOneSet.php(6): CodeIgniter\Debug\Exceptions->errorHandler(2, 'Trying to access array offset on value of type null', 'C:\\xampp\\htdocs\\ewms\\app\\Views\\sys\\ViewOneSet.php', 6)
 2 SYSTEMPATH\View\View.php(224): include('C:\\xampp\\htdocs\\ewms\\app\\Views\\sys\\ViewOneSet.php')
 3 SYSTEMPATH\View\View.php(227): CodeIgniter\View\View->CodeIgniter\View\{closure}()
 4 SYSTEMPATH\Common.php(1176): CodeIgniter\View\View->render('sys/ViewOneSet', [], true)
 5 APPPATH\Controllers\Sys.php(796): view('sys/ViewOneSet', [...])
 6 SYSTEMPATH\CodeIgniter.php(932): App\Controllers\Sys->viewListingSetItems('1708257147')
 7 SYSTEMPATH\CodeIgniter.php(497): CodeIgniter\CodeIgniter->runController(Object(App\Controllers\Sys))
 8 SYSTEMPATH\CodeIgniter.php(366): CodeIgniter\CodeIgniter->handleRequest(null, Object(Config\Cache), false)
 9 FCPATH\index.php(67): CodeIgniter\CodeIgniter->run()
CRITICAL - 2024-02-25 12:25:27 --> Trying to access array offset on value of type null
in APPPATH\Views\sys\ViewOneSet.php on line 6.
 1 APPPATH\Views\sys\ViewOneSet.php(6): CodeIgniter\Debug\Exceptions->errorHandler(2, 'Trying to access array offset on value of type null', 'C:\\xampp\\htdocs\\ewms\\app\\Views\\sys\\ViewOneSet.php', 6)
 2 SYSTEMPATH\View\View.php(224): include('C:\\xampp\\htdocs\\ewms\\app\\Views\\sys\\ViewOneSet.php')
 3 SYSTEMPATH\View\View.php(227): CodeIgniter\View\View->CodeIgniter\View\{closure}()
 4 SYSTEMPATH\Common.php(1176): CodeIgniter\View\View->render('sys/ViewOneSet', [], true)
 5 APPPATH\Controllers\Sys.php(796): view('sys/ViewOneSet', [...])
 6 SYSTEMPATH\CodeIgniter.php(932): App\Controllers\Sys->viewListingSetItems('assets', 'img', 'messages-1.jpg')
 7 SYSTEMPATH\CodeIgniter.php(497): CodeIgniter\CodeIgniter->runController(Object(App\Controllers\Sys))
 8 SYSTEMPATH\CodeIgniter.php(366): CodeIgniter\CodeIgniter->handleRequest(null, Object(Config\Cache), false)
 9 FCPATH\index.php(67): CodeIgniter\CodeIgniter->run()
CRITICAL - 2024-02-25 12:25:27 --> Trying to access array offset on value of type null
in APPPATH\Views\sys\ViewOneSet.php on line 6.
 1 APPPATH\Views\sys\ViewOneSet.php(6): CodeIgniter\Debug\Exceptions->errorHandler(2, 'Trying to access array offset on value of type null', 'C:\\xampp\\htdocs\\ewms\\app\\Views\\sys\\ViewOneSet.php', 6)
 2 SYSTEMPATH\View\View.php(224): include('C:\\xampp\\htdocs\\ewms\\app\\Views\\sys\\ViewOneSet.php')
 3 SYSTEMPATH\View\View.php(227): CodeIgniter\View\View->CodeIgniter\View\{closure}()
 4 SYSTEMPATH\Common.php(1176): CodeIgniter\View\View->render('sys/ViewOneSet', [], true)
 5 APPPATH\Controllers\Sys.php(796): view('sys/ViewOneSet', [...])
 6 SYSTEMPATH\CodeIgniter.php(932): App\Controllers\Sys->viewListingSetItems('assets', 'img', 'messages-2.jpg')
 7 SYSTEMPATH\CodeIgniter.php(497): CodeIgniter\CodeIgniter->runController(Object(App\Controllers\Sys))
 8 SYSTEMPATH\CodeIgniter.php(366): CodeIgniter\CodeIgniter->handleRequest(null, Object(Config\Cache), false)
 9 FCPATH\index.php(67): CodeIgniter\CodeIgniter->run()
CRITICAL - 2024-02-25 12:25:27 --> Trying to access array offset on value of type null
in APPPATH\Views\sys\ViewOneSet.php on line 6.
 1 APPPATH\Views\sys\ViewOneSet.php(6): CodeIgniter\Debug\Exceptions->errorHandler(2, 'Trying to access array offset on value of type null', 'C:\\xampp\\htdocs\\ewms\\app\\Views\\sys\\ViewOneSet.php', 6)
 2 SYSTEMPATH\View\View.php(224): include('C:\\xampp\\htdocs\\ewms\\app\\Views\\sys\\ViewOneSet.php')
 3 SYSTEMPATH\View\View.php(227): CodeIgniter\View\View->CodeIgniter\View\{closure}()
 4 SYSTEMPATH\Common.php(1176): CodeIgniter\View\View->render('sys/ViewOneSet', [], true)
 5 APPPATH\Controllers\Sys.php(796): view('sys/ViewOneSet', [...])
 6 SYSTEMPATH\CodeIgniter.php(932): App\Controllers\Sys->viewListingSetItems('assets', 'img', 'messages-3.jpg')
 7 SYSTEMPATH\CodeIgniter.php(497): CodeIgniter\CodeIgniter->runController(Object(App\Controllers\Sys))
 8 SYSTEMPATH\CodeIgniter.php(366): CodeIgniter\CodeIgniter->handleRequest(null, Object(Config\Cache), false)
 9 FCPATH\index.php(67): CodeIgniter\CodeIgniter->run()
CRITICAL - 2024-02-25 12:34:35 --> Trying to access array offset on value of type null
in APPPATH\Views\sys\ViewOneSet.php on line 6.
 1 APPPATH\Views\sys\ViewOneSet.php(6): CodeIgniter\Debug\Exceptions->errorHandler(2, 'Trying to access array offset on value of type null', 'C:\\xampp\\htdocs\\ewms\\app\\Views\\sys\\ViewOneSet.php', 6)
 2 SYSTEMPATH\View\View.php(224): include('C:\\xampp\\htdocs\\ewms\\app\\Views\\sys\\ViewOneSet.php')
 3 SYSTEMPATH\View\View.php(227): CodeIgniter\View\View->CodeIgniter\View\{closure}()
 4 SYSTEMPATH\Common.php(1176): CodeIgniter\View\View->render('sys/ViewOneSet', [], true)
 5 APPPATH\Controllers\Sys.php(796): view('sys/ViewOneSet', [...])
 6 SYSTEMPATH\CodeIgniter.php(932): App\Controllers\Sys->viewListingSetItems('1708257147')
 7 SYSTEMPATH\CodeIgniter.php(497): CodeIgniter\CodeIgniter->runController(Object(App\Controllers\Sys))
 8 SYSTEMPATH\CodeIgniter.php(366): CodeIgniter\CodeIgniter->handleRequest(null, Object(Config\Cache), false)
 9 FCPATH\index.php(67): CodeIgniter\CodeIgniter->run()
CRITICAL - 2024-02-25 12:34:35 --> Trying to access array offset on value of type null
in APPPATH\Views\sys\ViewOneSet.php on line 6.
 1 APPPATH\Views\sys\ViewOneSet.php(6): CodeIgniter\Debug\Exceptions->errorHandler(2, 'Trying to access array offset on value of type null', 'C:\\xampp\\htdocs\\ewms\\app\\Views\\sys\\ViewOneSet.php', 6)
 2 SYSTEMPATH\View\View.php(224): include('C:\\xampp\\htdocs\\ewms\\app\\Views\\sys\\ViewOneSet.php')
 3 SYSTEMPATH\View\View.php(227): CodeIgniter\View\View->CodeIgniter\View\{closure}()
 4 SYSTEMPATH\Common.php(1176): CodeIgniter\View\View->render('sys/ViewOneSet', [], true)
 5 APPPATH\Controllers\Sys.php(796): view('sys/ViewOneSet', [...])
 6 SYSTEMPATH\CodeIgniter.php(932): App\Controllers\Sys->viewListingSetItems('assets', 'img', 'messages-1.jpg')
 7 SYSTEMPATH\CodeIgniter.php(497): CodeIgniter\CodeIgniter->runController(Object(App\Controllers\Sys))
 8 SYSTEMPATH\CodeIgniter.php(366): CodeIgniter\CodeIgniter->handleRequest(null, Object(Config\Cache), false)
 9 FCPATH\index.php(67): CodeIgniter\CodeIgniter->run()
CRITICAL - 2024-02-25 12:34:35 --> Trying to access array offset on value of type null
in APPPATH\Views\sys\ViewOneSet.php on line 6.
 1 APPPATH\Views\sys\ViewOneSet.php(6): CodeIgniter\Debug\Exceptions->errorHandler(2, 'Trying to access array offset on value of type null', 'C:\\xampp\\htdocs\\ewms\\app\\Views\\sys\\ViewOneSet.php', 6)
 2 SYSTEMPATH\View\View.php(224): include('C:\\xampp\\htdocs\\ewms\\app\\Views\\sys\\ViewOneSet.php')
 3 SYSTEMPATH\View\View.php(227): CodeIgniter\View\View->CodeIgniter\View\{closure}()
 4 SYSTEMPATH\Common.php(1176): CodeIgniter\View\View->render('sys/ViewOneSet', [], true)
 5 APPPATH\Controllers\Sys.php(796): view('sys/ViewOneSet', [...])
 6 SYSTEMPATH\CodeIgniter.php(932): App\Controllers\Sys->viewListingSetItems('assets', 'img', 'messages-2.jpg')
 7 SYSTEMPATH\CodeIgniter.php(497): CodeIgniter\CodeIgniter->runController(Object(App\Controllers\Sys))
 8 SYSTEMPATH\CodeIgniter.php(366): CodeIgniter\CodeIgniter->handleRequest(null, Object(Config\Cache), false)
 9 FCPATH\index.php(67): CodeIgniter\CodeIgniter->run()
CRITICAL - 2024-02-25 12:34:35 --> Trying to access array offset on value of type null
in APPPATH\Views\sys\ViewOneSet.php on line 6.
 1 APPPATH\Views\sys\ViewOneSet.php(6): CodeIgniter\Debug\Exceptions->errorHandler(2, 'Trying to access array offset on value of type null', 'C:\\xampp\\htdocs\\ewms\\app\\Views\\sys\\ViewOneSet.php', 6)
 2 SYSTEMPATH\View\View.php(224): include('C:\\xampp\\htdocs\\ewms\\app\\Views\\sys\\ViewOneSet.php')
 3 SYSTEMPATH\View\View.php(227): CodeIgniter\View\View->CodeIgniter\View\{closure}()
 4 SYSTEMPATH\Common.php(1176): CodeIgniter\View\View->render('sys/ViewOneSet', [], true)
 5 APPPATH\Controllers\Sys.php(796): view('sys/ViewOneSet', [...])
 6 SYSTEMPATH\CodeIgniter.php(932): App\Controllers\Sys->viewListingSetItems('assets', 'img', 'messages-3.jpg')
 7 SYSTEMPATH\CodeIgniter.php(497): CodeIgniter\CodeIgniter->runController(Object(App\Controllers\Sys))
 8 SYSTEMPATH\CodeIgniter.php(366): CodeIgniter\CodeIgniter->handleRequest(null, Object(Config\Cache), false)
 9 FCPATH\index.php(67): CodeIgniter\CodeIgniter->run()
CRITICAL - 2024-02-25 12:35:37 --> Trying to access array offset on value of type null
in APPPATH\Views\sys\ViewOneSet.php on line 6.
 1 APPPATH\Views\sys\ViewOneSet.php(6): CodeIgniter\Debug\Exceptions->errorHandler(2, 'Trying to access array offset on value of type null', 'C:\\xampp\\htdocs\\ewms\\app\\Views\\sys\\ViewOneSet.php', 6)
 2 SYSTEMPATH\View\View.php(224): include('C:\\xampp\\htdocs\\ewms\\app\\Views\\sys\\ViewOneSet.php')
 3 SYSTEMPATH\View\View.php(227): CodeIgniter\View\View->CodeIgniter\View\{closure}()
 4 SYSTEMPATH\Common.php(1176): CodeIgniter\View\View->render('sys/ViewOneSet', [], true)
 5 APPPATH\Controllers\Sys.php(796): view('sys/ViewOneSet', [...])
 6 SYSTEMPATH\CodeIgniter.php(932): App\Controllers\Sys->viewListingSetItems('1708257147')
 7 SYSTEMPATH\CodeIgniter.php(497): CodeIgniter\CodeIgniter->runController(Object(App\Controllers\Sys))
 8 SYSTEMPATH\CodeIgniter.php(366): CodeIgniter\CodeIgniter->handleRequest(null, Object(Config\Cache), false)
 9 FCPATH\index.php(67): CodeIgniter\CodeIgniter->run()
CRITICAL - 2024-02-25 12:35:37 --> Trying to access array offset on value of type null
in APPPATH\Views\sys\ViewOneSet.php on line 6.
 1 APPPATH\Views\sys\ViewOneSet.php(6): CodeIgniter\Debug\Exceptions->errorHandler(2, 'Trying to access array offset on value of type null', 'C:\\xampp\\htdocs\\ewms\\app\\Views\\sys\\ViewOneSet.php', 6)
 2 SYSTEMPATH\View\View.php(224): include('C:\\xampp\\htdocs\\ewms\\app\\Views\\sys\\ViewOneSet.php')
 3 SYSTEMPATH\View\View.php(227): CodeIgniter\View\View->CodeIgniter\View\{closure}()
 4 SYSTEMPATH\Common.php(1176): CodeIgniter\View\View->render('sys/ViewOneSet', [], true)
 5 APPPATH\Controllers\Sys.php(796): view('sys/ViewOneSet', [...])
 6 SYSTEMPATH\CodeIgniter.php(932): App\Controllers\Sys->viewListingSetItems('assets', 'img', 'messages-1.jpg')
 7 SYSTEMPATH\CodeIgniter.php(497): CodeIgniter\CodeIgniter->runController(Object(App\Controllers\Sys))
 8 SYSTEMPATH\CodeIgniter.php(366): CodeIgniter\CodeIgniter->handleRequest(null, Object(Config\Cache), false)
 9 FCPATH\index.php(67): CodeIgniter\CodeIgniter->run()
CRITICAL - 2024-02-25 12:35:37 --> Trying to access array offset on value of type null
in APPPATH\Views\sys\ViewOneSet.php on line 6.
 1 APPPATH\Views\sys\ViewOneSet.php(6): CodeIgniter\Debug\Exceptions->errorHandler(2, 'Trying to access array offset on value of type null', 'C:\\xampp\\htdocs\\ewms\\app\\Views\\sys\\ViewOneSet.php', 6)
 2 SYSTEMPATH\View\View.php(224): include('C:\\xampp\\htdocs\\ewms\\app\\Views\\sys\\ViewOneSet.php')
 3 SYSTEMPATH\View\View.php(227): CodeIgniter\View\View->CodeIgniter\View\{closure}()
 4 SYSTEMPATH\Common.php(1176): CodeIgniter\View\View->render('sys/ViewOneSet', [], true)
 5 APPPATH\Controllers\Sys.php(796): view('sys/ViewOneSet', [...])
 6 SYSTEMPATH\CodeIgniter.php(932): App\Controllers\Sys->viewListingSetItems('assets', 'img', 'messages-2.jpg')
 7 SYSTEMPATH\CodeIgniter.php(497): CodeIgniter\CodeIgniter->runController(Object(App\Controllers\Sys))
 8 SYSTEMPATH\CodeIgniter.php(366): CodeIgniter\CodeIgniter->handleRequest(null, Object(Config\Cache), false)
 9 FCPATH\index.php(67): CodeIgniter\CodeIgniter->run()
CRITICAL - 2024-02-25 12:35:37 --> Trying to access array offset on value of type null
in APPPATH\Views\sys\ViewOneSet.php on line 6.
 1 APPPATH\Views\sys\ViewOneSet.php(6): CodeIgniter\Debug\Exceptions->errorHandler(2, 'Trying to access array offset on value of type null', 'C:\\xampp\\htdocs\\ewms\\app\\Views\\sys\\ViewOneSet.php', 6)
 2 SYSTEMPATH\View\View.php(224): include('C:\\xampp\\htdocs\\ewms\\app\\Views\\sys\\ViewOneSet.php')
 3 SYSTEMPATH\View\View.php(227): CodeIgniter\View\View->CodeIgniter\View\{closure}()
 4 SYSTEMPATH\Common.php(1176): CodeIgniter\View\View->render('sys/ViewOneSet', [], true)
 5 APPPATH\Controllers\Sys.php(796): view('sys/ViewOneSet', [...])
 6 SYSTEMPATH\CodeIgniter.php(932): App\Controllers\Sys->viewListingSetItems('assets', 'img', 'messages-3.jpg')
 7 SYSTEMPATH\CodeIgniter.php(497): CodeIgniter\CodeIgniter->runController(Object(App\Controllers\Sys))
 8 SYSTEMPATH\CodeIgniter.php(366): CodeIgniter\CodeIgniter->handleRequest(null, Object(Config\Cache), false)
 9 FCPATH\index.php(67): CodeIgniter\CodeIgniter->run()
CRITICAL - 2024-02-25 12:35:38 --> Trying to access array offset on value of type null
in APPPATH\Views\sys\ViewOneSet.php on line 6.
 1 APPPATH\Views\sys\ViewOneSet.php(6): CodeIgniter\Debug\Exceptions->errorHandler(2, 'Trying to access array offset on value of type null', 'C:\\xampp\\htdocs\\ewms\\app\\Views\\sys\\ViewOneSet.php', 6)
 2 SYSTEMPATH\View\View.php(224): include('C:\\xampp\\htdocs\\ewms\\app\\Views\\sys\\ViewOneSet.php')
 3 SYSTEMPATH\View\View.php(227): CodeIgniter\View\View->CodeIgniter\View\{closure}()
 4 SYSTEMPATH\Common.php(1176): CodeIgniter\View\View->render('sys/ViewOneSet', [], true)
 5 APPPATH\Controllers\Sys.php(796): view('sys/ViewOneSet', [...])
 6 SYSTEMPATH\CodeIgniter.php(932): App\Controllers\Sys->viewListingSetItems('1708257147')
 7 SYSTEMPATH\CodeIgniter.php(497): CodeIgniter\CodeIgniter->runController(Object(App\Controllers\Sys))
 8 SYSTEMPATH\CodeIgniter.php(366): CodeIgniter\CodeIgniter->handleRequest(null, Object(Config\Cache), false)
 9 FCPATH\index.php(67): CodeIgniter\CodeIgniter->run()
CRITICAL - 2024-02-25 12:35:38 --> Trying to access array offset on value of type null
in APPPATH\Views\sys\ViewOneSet.php on line 6.
 1 APPPATH\Views\sys\ViewOneSet.php(6): CodeIgniter\Debug\Exceptions->errorHandler(2, 'Trying to access array offset on value of type null', 'C:\\xampp\\htdocs\\ewms\\app\\Views\\sys\\ViewOneSet.php', 6)
 2 SYSTEMPATH\View\View.php(224): include('C:\\xampp\\htdocs\\ewms\\app\\Views\\sys\\ViewOneSet.php')
 3 SYSTEMPATH\View\View.php(227): CodeIgniter\View\View->CodeIgniter\View\{closure}()
 4 SYSTEMPATH\Common.php(1176): CodeIgniter\View\View->render('sys/ViewOneSet', [], true)
 5 APPPATH\Controllers\Sys.php(796): view('sys/ViewOneSet', [...])
 6 SYSTEMPATH\CodeIgniter.php(932): App\Controllers\Sys->viewListingSetItems('assets', 'img', 'messages-1.jpg')
 7 SYSTEMPATH\CodeIgniter.php(497): CodeIgniter\CodeIgniter->runController(Object(App\Controllers\Sys))
 8 SYSTEMPATH\CodeIgniter.php(366): CodeIgniter\CodeIgniter->handleRequest(null, Object(Config\Cache), false)
 9 FCPATH\index.php(67): CodeIgniter\CodeIgniter->run()
CRITICAL - 2024-02-25 12:35:38 --> Trying to access array offset on value of type null
in APPPATH\Views\sys\ViewOneSet.php on line 6.
 1 APPPATH\Views\sys\ViewOneSet.php(6): CodeIgniter\Debug\Exceptions->errorHandler(2, 'Trying to access array offset on value of type null', 'C:\\xampp\\htdocs\\ewms\\app\\Views\\sys\\ViewOneSet.php', 6)
 2 SYSTEMPATH\View\View.php(224): include('C:\\xampp\\htdocs\\ewms\\app\\Views\\sys\\ViewOneSet.php')
 3 SYSTEMPATH\View\View.php(227): CodeIgniter\View\View->CodeIgniter\View\{closure}()
 4 SYSTEMPATH\Common.php(1176): CodeIgniter\View\View->render('sys/ViewOneSet', [], true)
 5 APPPATH\Controllers\Sys.php(796): view('sys/ViewOneSet', [...])
 6 SYSTEMPATH\CodeIgniter.php(932): App\Controllers\Sys->viewListingSetItems('assets', 'img', 'messages-2.jpg')
 7 SYSTEMPATH\CodeIgniter.php(497): CodeIgniter\CodeIgniter->runController(Object(App\Controllers\Sys))
 8 SYSTEMPATH\CodeIgniter.php(366): CodeIgniter\CodeIgniter->handleRequest(null, Object(Config\Cache), false)
 9 FCPATH\index.php(67): CodeIgniter\CodeIgniter->run()
CRITICAL - 2024-02-25 12:35:38 --> Trying to access array offset on value of type null
in APPPATH\Views\sys\ViewOneSet.php on line 6.
 1 APPPATH\Views\sys\ViewOneSet.php(6): CodeIgniter\Debug\Exceptions->errorHandler(2, 'Trying to access array offset on value of type null', 'C:\\xampp\\htdocs\\ewms\\app\\Views\\sys\\ViewOneSet.php', 6)
 2 SYSTEMPATH\View\View.php(224): include('C:\\xampp\\htdocs\\ewms\\app\\Views\\sys\\ViewOneSet.php')
 3 SYSTEMPATH\View\View.php(227): CodeIgniter\View\View->CodeIgniter\View\{closure}()
 4 SYSTEMPATH\Common.php(1176): CodeIgniter\View\View->render('sys/ViewOneSet', [], true)
 5 APPPATH\Controllers\Sys.php(796): view('sys/ViewOneSet', [...])
 6 SYSTEMPATH\CodeIgniter.php(932): App\Controllers\Sys->viewListingSetItems('assets', 'img', 'messages-3.jpg')
 7 SYSTEMPATH\CodeIgniter.php(497): CodeIgniter\CodeIgniter->runController(Object(App\Controllers\Sys))
 8 SYSTEMPATH\CodeIgniter.php(366): CodeIgniter\CodeIgniter->handleRequest(null, Object(Config\Cache), false)
 9 FCPATH\index.php(67): CodeIgniter\CodeIgniter->run()
CRITICAL - 2024-02-25 12:35:40 --> Trying to access array offset on value of type null
in APPPATH\Views\sys\ViewOneSet.php on line 6.
 1 APPPATH\Views\sys\ViewOneSet.php(6): CodeIgniter\Debug\Exceptions->errorHandler(2, 'Trying to access array offset on value of type null', 'C:\\xampp\\htdocs\\ewms\\app\\Views\\sys\\ViewOneSet.php', 6)
 2 SYSTEMPATH\View\View.php(224): include('C:\\xampp\\htdocs\\ewms\\app\\Views\\sys\\ViewOneSet.php')
 3 SYSTEMPATH\View\View.php(227): CodeIgniter\View\View->CodeIgniter\View\{closure}()
 4 SYSTEMPATH\Common.php(1176): CodeIgniter\View\View->render('sys/ViewOneSet', [], true)
 5 APPPATH\Controllers\Sys.php(796): view('sys/ViewOneSet', [...])
 6 SYSTEMPATH\CodeIgniter.php(932): App\Controllers\Sys->viewListingSetItems('dashboard_ewr.html')
 7 SYSTEMPATH\CodeIgniter.php(497): CodeIgniter\CodeIgniter->runController(Object(App\Controllers\Sys))
 8 SYSTEMPATH\CodeIgniter.php(366): CodeIgniter\CodeIgniter->handleRequest(null, Object(Config\Cache), false)
 9 FCPATH\index.php(67): CodeIgniter\CodeIgniter->run()
CRITICAL - 2024-02-25 12:35:40 --> Trying to access array offset on value of type null
in APPPATH\Views\sys\ViewOneSet.php on line 6.
 1 APPPATH\Views\sys\ViewOneSet.php(6): CodeIgniter\Debug\Exceptions->errorHandler(2, 'Trying to access array offset on value of type null', 'C:\\xampp\\htdocs\\ewms\\app\\Views\\sys\\ViewOneSet.php', 6)
 2 SYSTEMPATH\View\View.php(224): include('C:\\xampp\\htdocs\\ewms\\app\\Views\\sys\\ViewOneSet.php')
 3 SYSTEMPATH\View\View.php(227): CodeIgniter\View\View->CodeIgniter\View\{closure}()
 4 SYSTEMPATH\Common.php(1176): CodeIgniter\View\View->render('sys/ViewOneSet', [], true)
 5 APPPATH\Controllers\Sys.php(796): view('sys/ViewOneSet', [...])
 6 SYSTEMPATH\CodeIgniter.php(932): App\Controllers\Sys->viewListingSetItems('assets', 'img', 'messages-2.jpg')
 7 SYSTEMPATH\CodeIgniter.php(497): CodeIgniter\CodeIgniter->runController(Object(App\Controllers\Sys))
 8 SYSTEMPATH\CodeIgniter.php(366): CodeIgniter\CodeIgniter->handleRequest(null, Object(Config\Cache), false)
 9 FCPATH\index.php(67): CodeIgniter\CodeIgniter->run()
CRITICAL - 2024-02-25 12:35:40 --> Trying to access array offset on value of type null
in APPPATH\Views\sys\ViewOneSet.php on line 6.
 1 APPPATH\Views\sys\ViewOneSet.php(6): CodeIgniter\Debug\Exceptions->errorHandler(2, 'Trying to access array offset on value of type null', 'C:\\xampp\\htdocs\\ewms\\app\\Views\\sys\\ViewOneSet.php', 6)
 2 SYSTEMPATH\View\View.php(224): include('C:\\xampp\\htdocs\\ewms\\app\\Views\\sys\\ViewOneSet.php')
 3 SYSTEMPATH\View\View.php(227): CodeIgniter\View\View->CodeIgniter\View\{closure}()
 4 SYSTEMPATH\Common.php(1176): CodeIgniter\View\View->render('sys/ViewOneSet', [], true)
 5 APPPATH\Controllers\Sys.php(796): view('sys/ViewOneSet', [...])
 6 SYSTEMPATH\CodeIgniter.php(932): App\Controllers\Sys->viewListingSetItems('assets', 'img', 'messages-1.jpg')
 7 SYSTEMPATH\CodeIgniter.php(497): CodeIgniter\CodeIgniter->runController(Object(App\Controllers\Sys))
 8 SYSTEMPATH\CodeIgniter.php(366): CodeIgniter\CodeIgniter->handleRequest(null, Object(Config\Cache), false)
 9 FCPATH\index.php(67): CodeIgniter\CodeIgniter->run()
CRITICAL - 2024-02-25 12:35:40 --> Trying to access array offset on value of type null
in APPPATH\Views\sys\ViewOneSet.php on line 6.
 1 APPPATH\Views\sys\ViewOneSet.php(6): CodeIgniter\Debug\Exceptions->errorHandler(2, 'Trying to access array offset on value of type null', 'C:\\xampp\\htdocs\\ewms\\app\\Views\\sys\\ViewOneSet.php', 6)
 2 SYSTEMPATH\View\View.php(224): include('C:\\xampp\\htdocs\\ewms\\app\\Views\\sys\\ViewOneSet.php')
 3 SYSTEMPATH\View\View.php(227): CodeIgniter\View\View->CodeIgniter\View\{closure}()
 4 SYSTEMPATH\Common.php(1176): CodeIgniter\View\View->render('sys/ViewOneSet', [], true)
 5 APPPATH\Controllers\Sys.php(796): view('sys/ViewOneSet', [...])
 6 SYSTEMPATH\CodeIgniter.php(932): App\Controllers\Sys->viewListingSetItems('assets', 'img', 'messages-3.jpg')
 7 SYSTEMPATH\CodeIgniter.php(497): CodeIgniter\CodeIgniter->runController(Object(App\Controllers\Sys))
 8 SYSTEMPATH\CodeIgniter.php(366): CodeIgniter\CodeIgniter->handleRequest(null, Object(Config\Cache), false)
 9 FCPATH\index.php(67): CodeIgniter\CodeIgniter->run()
CRITICAL - 2024-02-25 12:35:41 --> Trying to access array offset on value of type null
in APPPATH\Views\sys\ViewOneSet.php on line 6.
 1 APPPATH\Views\sys\ViewOneSet.php(6): CodeIgniter\Debug\Exceptions->errorHandler(2, 'Trying to access array offset on value of type null', 'C:\\xampp\\htdocs\\ewms\\app\\Views\\sys\\ViewOneSet.php', 6)
 2 SYSTEMPATH\View\View.php(224): include('C:\\xampp\\htdocs\\ewms\\app\\Views\\sys\\ViewOneSet.php')
 3 SYSTEMPATH\View\View.php(227): CodeIgniter\View\View->CodeIgniter\View\{closure}()
 4 SYSTEMPATH\Common.php(1176): CodeIgniter\View\View->render('sys/ViewOneSet', [], true)
 5 APPPATH\Controllers\Sys.php(796): view('sys/ViewOneSet', [...])
 6 SYSTEMPATH\CodeIgniter.php(932): App\Controllers\Sys->viewListingSetItems('dashboard_ewr.html')
 7 SYSTEMPATH\CodeIgniter.php(497): CodeIgniter\CodeIgniter->runController(Object(App\Controllers\Sys))
 8 SYSTEMPATH\CodeIgniter.php(366): CodeIgniter\CodeIgniter->handleRequest(null, Object(Config\Cache), false)
 9 FCPATH\index.php(67): CodeIgniter\CodeIgniter->run()
CRITICAL - 2024-02-25 12:35:41 --> Trying to access array offset on value of type null
in APPPATH\Views\sys\ViewOneSet.php on line 6.
 1 APPPATH\Views\sys\ViewOneSet.php(6): CodeIgniter\Debug\Exceptions->errorHandler(2, 'Trying to access array offset on value of type null', 'C:\\xampp\\htdocs\\ewms\\app\\Views\\sys\\ViewOneSet.php', 6)
 2 SYSTEMPATH\View\View.php(224): include('C:\\xampp\\htdocs\\ewms\\app\\Views\\sys\\ViewOneSet.php')
 3 SYSTEMPATH\View\View.php(227): CodeIgniter\View\View->CodeIgniter\View\{closure}()
 4 SYSTEMPATH\Common.php(1176): CodeIgniter\View\View->render('sys/ViewOneSet', [], true)
 5 APPPATH\Controllers\Sys.php(796): view('sys/ViewOneSet', [...])
 6 SYSTEMPATH\CodeIgniter.php(932): App\Controllers\Sys->viewListingSetItems('assets', 'img', 'messages-1.jpg')
 7 SYSTEMPATH\CodeIgniter.php(497): CodeIgniter\CodeIgniter->runController(Object(App\Controllers\Sys))
 8 SYSTEMPATH\CodeIgniter.php(366): CodeIgniter\CodeIgniter->handleRequest(null, Object(Config\Cache), false)
 9 FCPATH\index.php(67): CodeIgniter\CodeIgniter->run()
CRITICAL - 2024-02-25 12:35:41 --> Trying to access array offset on value of type null
in APPPATH\Views\sys\ViewOneSet.php on line 6.
 1 APPPATH\Views\sys\ViewOneSet.php(6): CodeIgniter\Debug\Exceptions->errorHandler(2, 'Trying to access array offset on value of type null', 'C:\\xampp\\htdocs\\ewms\\app\\Views\\sys\\ViewOneSet.php', 6)
 2 SYSTEMPATH\View\View.php(224): include('C:\\xampp\\htdocs\\ewms\\app\\Views\\sys\\ViewOneSet.php')
 3 SYSTEMPATH\View\View.php(227): CodeIgniter\View\View->CodeIgniter\View\{closure}()
 4 SYSTEMPATH\Common.php(1176): CodeIgniter\View\View->render('sys/ViewOneSet', [], true)
 5 APPPATH\Controllers\Sys.php(796): view('sys/ViewOneSet', [...])
 6 SYSTEMPATH\CodeIgniter.php(932): App\Controllers\Sys->viewListingSetItems('assets', 'img', 'messages-2.jpg')
 7 SYSTEMPATH\CodeIgniter.php(497): CodeIgniter\CodeIgniter->runController(Object(App\Controllers\Sys))
 8 SYSTEMPATH\CodeIgniter.php(366): CodeIgniter\CodeIgniter->handleRequest(null, Object(Config\Cache), false)
 9 FCPATH\index.php(67): CodeIgniter\CodeIgniter->run()
CRITICAL - 2024-02-25 12:35:41 --> Trying to access array offset on value of type null
in APPPATH\Views\sys\ViewOneSet.php on line 6.
 1 APPPATH\Views\sys\ViewOneSet.php(6): CodeIgniter\Debug\Exceptions->errorHandler(2, 'Trying to access array offset on value of type null', 'C:\\xampp\\htdocs\\ewms\\app\\Views\\sys\\ViewOneSet.php', 6)
 2 SYSTEMPATH\View\View.php(224): include('C:\\xampp\\htdocs\\ewms\\app\\Views\\sys\\ViewOneSet.php')
 3 SYSTEMPATH\View\View.php(227): CodeIgniter\View\View->CodeIgniter\View\{closure}()
 4 SYSTEMPATH\Common.php(1176): CodeIgniter\View\View->render('sys/ViewOneSet', [], true)
 5 APPPATH\Controllers\Sys.php(796): view('sys/ViewOneSet', [...])
 6 SYSTEMPATH\CodeIgniter.php(932): App\Controllers\Sys->viewListingSetItems('assets', 'img', 'messages-3.jpg')
 7 SYSTEMPATH\CodeIgniter.php(497): CodeIgniter\CodeIgniter->runController(Object(App\Controllers\Sys))
 8 SYSTEMPATH\CodeIgniter.php(366): CodeIgniter\CodeIgniter->handleRequest(null, Object(Config\Cache), false)
 9 FCPATH\index.php(67): CodeIgniter\CodeIgniter->run()
CRITICAL - 2024-02-25 12:35:45 --> Trying to access array offset on value of type null
in APPPATH\Views\sys\ViewOneSet.php on line 6.
 1 APPPATH\Views\sys\ViewOneSet.php(6): CodeIgniter\Debug\Exceptions->errorHandler(2, 'Trying to access array offset on value of type null', 'C:\\xampp\\htdocs\\ewms\\app\\Views\\sys\\ViewOneSet.php', 6)
 2 SYSTEMPATH\View\View.php(224): include('C:\\xampp\\htdocs\\ewms\\app\\Views\\sys\\ViewOneSet.php')
 3 SYSTEMPATH\View\View.php(227): CodeIgniter\View\View->CodeIgniter\View\{closure}()
 4 SYSTEMPATH\Common.php(1176): CodeIgniter\View\View->render('sys/ViewOneSet', [], true)
 5 APPPATH\Controllers\Sys.php(796): view('sys/ViewOneSet', [...])
 6 SYSTEMPATH\CodeIgniter.php(932): App\Controllers\Sys->viewListingSetItems('1708257147')
 7 SYSTEMPATH\CodeIgniter.php(497): CodeIgniter\CodeIgniter->runController(Object(App\Controllers\Sys))
 8 SYSTEMPATH\CodeIgniter.php(366): CodeIgniter\CodeIgniter->handleRequest(null, Object(Config\Cache), false)
 9 FCPATH\index.php(67): CodeIgniter\CodeIgniter->run()
CRITICAL - 2024-02-25 12:35:45 --> Trying to access array offset on value of type null
in APPPATH\Views\sys\ViewOneSet.php on line 6.
 1 APPPATH\Views\sys\ViewOneSet.php(6): CodeIgniter\Debug\Exceptions->errorHandler(2, 'Trying to access array offset on value of type null', 'C:\\xampp\\htdocs\\ewms\\app\\Views\\sys\\ViewOneSet.php', 6)
 2 SYSTEMPATH\View\View.php(224): include('C:\\xampp\\htdocs\\ewms\\app\\Views\\sys\\ViewOneSet.php')
 3 SYSTEMPATH\View\View.php(227): CodeIgniter\View\View->CodeIgniter\View\{closure}()
 4 SYSTEMPATH\Common.php(1176): CodeIgniter\View\View->render('sys/ViewOneSet', [], true)
 5 APPPATH\Controllers\Sys.php(796): view('sys/ViewOneSet', [...])
 6 SYSTEMPATH\CodeIgniter.php(932): App\Controllers\Sys->viewListingSetItems('assets', 'img', 'messages-1.jpg')
 7 SYSTEMPATH\CodeIgniter.php(497): CodeIgniter\CodeIgniter->runController(Object(App\Controllers\Sys))
 8 SYSTEMPATH\CodeIgniter.php(366): CodeIgniter\CodeIgniter->handleRequest(null, Object(Config\Cache), false)
 9 FCPATH\index.php(67): CodeIgniter\CodeIgniter->run()
CRITICAL - 2024-02-25 12:35:45 --> Trying to access array offset on value of type null
in APPPATH\Views\sys\ViewOneSet.php on line 6.
 1 APPPATH\Views\sys\ViewOneSet.php(6): CodeIgniter\Debug\Exceptions->errorHandler(2, 'Trying to access array offset on value of type null', 'C:\\xampp\\htdocs\\ewms\\app\\Views\\sys\\ViewOneSet.php', 6)
 2 SYSTEMPATH\View\View.php(224): include('C:\\xampp\\htdocs\\ewms\\app\\Views\\sys\\ViewOneSet.php')
 3 SYSTEMPATH\View\View.php(227): CodeIgniter\View\View->CodeIgniter\View\{closure}()
 4 SYSTEMPATH\Common.php(1176): CodeIgniter\View\View->render('sys/ViewOneSet', [], true)
 5 APPPATH\Controllers\Sys.php(796): view('sys/ViewOneSet', [...])
 6 SYSTEMPATH\CodeIgniter.php(932): App\Controllers\Sys->viewListingSetItems('assets', 'img', 'messages-2.jpg')
 7 SYSTEMPATH\CodeIgniter.php(497): CodeIgniter\CodeIgniter->runController(Object(App\Controllers\Sys))
 8 SYSTEMPATH\CodeIgniter.php(366): CodeIgniter\CodeIgniter->handleRequest(null, Object(Config\Cache), false)
 9 FCPATH\index.php(67): CodeIgniter\CodeIgniter->run()
CRITICAL - 2024-02-25 12:35:45 --> Trying to access array offset on value of type null
in APPPATH\Views\sys\ViewOneSet.php on line 6.
 1 APPPATH\Views\sys\ViewOneSet.php(6): CodeIgniter\Debug\Exceptions->errorHandler(2, 'Trying to access array offset on value of type null', 'C:\\xampp\\htdocs\\ewms\\app\\Views\\sys\\ViewOneSet.php', 6)
 2 SYSTEMPATH\View\View.php(224): include('C:\\xampp\\htdocs\\ewms\\app\\Views\\sys\\ViewOneSet.php')
 3 SYSTEMPATH\View\View.php(227): CodeIgniter\View\View->CodeIgniter\View\{closure}()
 4 SYSTEMPATH\Common.php(1176): CodeIgniter\View\View->render('sys/ViewOneSet', [], true)
 5 APPPATH\Controllers\Sys.php(796): view('sys/ViewOneSet', [...])
 6 SYSTEMPATH\CodeIgniter.php(932): App\Controllers\Sys->viewListingSetItems('assets', 'img', 'messages-3.jpg')
 7 SYSTEMPATH\CodeIgniter.php(497): CodeIgniter\CodeIgniter->runController(Object(App\Controllers\Sys))
 8 SYSTEMPATH\CodeIgniter.php(366): CodeIgniter\CodeIgniter->handleRequest(null, Object(Config\Cache), false)
 9 FCPATH\index.php(67): CodeIgniter\CodeIgniter->run()
