CRITICAL - 2024-04-23 03:48:11 --> syntax error, unexpected variable "$result", expecting "function" or "const"
in APPPATH\Models\EwasteListModel.php on line 71.
 1 SYSTEMPATH\Autoloader\Autoloader.php(291): CodeIgniter\Autoloader\Autoloader->includeFile('C:\\xampp\\htdocs\\emslk\\app\\Models\\EwasteListModel.php')
 2 SYSTEMPATH\Autoloader\Autoloader.php(269): CodeIgniter\Autoloader\Autoloader->loadInNamespace('App\\Models\\EwasteListModel')
 3 APPPATH\Controllers\Sys.php(32): CodeIgniter\Autoloader\Autoloader->loadClass('App\\Models\\EwasteListModel')
 4 SYSTEMPATH\CodeIgniter.php(932): App\Controllers\Sys->dashboard()
 5 SYSTEMPATH\CodeIgniter.php(497): CodeIgniter\CodeIgniter->runController(Object(App\Controllers\Sys))
 6 SYSTEMPATH\CodeIgniter.php(366): CodeIgniter\CodeIgniter->handleRequest(null, Object(Config\Cache), false)
 7 FCPATH\index.php(67): CodeIgniter\CodeIgniter->run()
ERROR - 2024-04-23 04:16:29 --> mysqli_sql_exception: You have an error in your SQL syntax; check the manual that corresponds to your MariaDB server version for the right syntax to use near 'b.bid_id
            FROM 
                ewaste_listings e
            L...' at line 4 in C:\xampp\htdocs\emslk\system\Database\MySQLi\Connection.php:295
Stack trace:
#0 C:\xampp\htdocs\emslk\system\Database\MySQLi\Connection.php(295): mysqli->query('\r\n            S...', 0)
#1 C:\xampp\htdocs\emslk\system\Database\BaseConnection.php(692): CodeIgniter\Database\MySQLi\Connection->execute('\r\n            S...')
#2 C:\xampp\htdocs\emslk\system\Database\BaseConnection.php(606): CodeIgniter\Database\BaseConnection->simpleQuery('\r\n            S...')
#3 C:\xampp\htdocs\emslk\system\Model.php(832): CodeIgniter\Database\BaseConnection->query('\r\n            S...')
#4 C:\xampp\htdocs\emslk\app\Models\EwasteListModel.php(43): CodeIgniter\Model->__call('query', Array)
#5 C:\xampp\htdocs\emslk\app\Controllers\Sys.php(37): App\Models\EwasteListModel->getColDash('58')
#6 C:\xampp\htdocs\emslk\system\CodeIgniter.php(932): App\Controllers\Sys->dashboard()
#7 C:\xampp\htdocs\emslk\system\CodeIgniter.php(497): CodeIgniter\CodeIgniter->runController(Object(App\Controllers\Sys))
#8 C:\xampp\htdocs\emslk\system\CodeIgniter.php(366): CodeIgniter\CodeIgniter->handleRequest(NULL, Object(Config\Cache), false)
#9 C:\xampp\htdocs\emslk\index.php(67): CodeIgniter\CodeIgniter->run()
#10 {main}
CRITICAL - 2024-04-23 04:16:29 --> You have an error in your SQL syntax; check the manual that corresponds to your MariaDB server version for the right syntax to use near 'b.bid_id
            FROM 
                ewaste_listings e
            L...' at line 4
in SYSTEMPATH\Database\MySQLi\Connection.php on line 295.
 1 SYSTEMPATH\Database\MySQLi\Connection.php(295): mysqli->query('
            SELECT 
                e.*, 
                 IF(bids.UserId = \'58\', bids.bid_status_c, NULL) AS bid_status_c
                b.bid_id
            FROM 
                ewaste_listings e
            LEFT JOIN 
                bids b ON e.item_id = b.item_id
            WHERE 
                b.UserId = \'58\' Or item_status_g = \'\'
                
            GROUP BY 
                e.item_id;
        ', 0)
 2 SYSTEMPATH\Database\BaseConnection.php(692): CodeIgniter\Database\MySQLi\Connection->execute('
            SELECT 
                e.*, 
                 IF(bids.UserId = \'58\', bids.bid_status_c, NULL) AS bid_status_c
                b.bid_id
            FROM 
                ewaste_listings e
            LEFT JOIN 
                bids b ON e.item_id = b.item_id
            WHERE 
                b.UserId = \'58\' Or item_status_g = \'\'
                
            GROUP BY 
                e.item_id;
        ')
 3 SYSTEMPATH\Database\BaseConnection.php(606): CodeIgniter\Database\BaseConnection->simpleQuery('
            SELECT 
                e.*, 
                 IF(bids.UserId = \'58\', bids.bid_status_c, NULL) AS bid_status_c
                b.bid_id
            FROM 
                ewaste_listings e
            LEFT JOIN 
                bids b ON e.item_id = b.item_id
            WHERE 
                b.UserId = \'58\' Or item_status_g = \'\'
                
            GROUP BY 
                e.item_id;
        ')
 4 SYSTEMPATH\Model.php(832): CodeIgniter\Database\BaseConnection->query('
            SELECT 
                e.*, 
                 IF(bids.UserId = \'58\', bids.bid_status_c, NULL) AS bid_status_c
                b.bid_id
            FROM 
                ewaste_listings e
            LEFT JOIN 
                bids b ON e.item_id = b.item_id
            WHERE 
                b.UserId = \'58\' Or item_status_g = \'\'
                
            GROUP BY 
                e.item_id;
        ')
 5 APPPATH\Models\EwasteListModel.php(43): CodeIgniter\Model->__call('query', [...])
 6 APPPATH\Controllers\Sys.php(37): App\Models\EwasteListModel->getColDash('58')
 7 SYSTEMPATH\CodeIgniter.php(932): App\Controllers\Sys->dashboard()
 8 SYSTEMPATH\CodeIgniter.php(497): CodeIgniter\CodeIgniter->runController(Object(App\Controllers\Sys))
 9 SYSTEMPATH\CodeIgniter.php(366): CodeIgniter\CodeIgniter->handleRequest(null, Object(Config\Cache), false)
10 FCPATH\index.php(67): CodeIgniter\CodeIgniter->run()
ERROR - 2024-04-23 04:17:09 --> mysqli_sql_exception: You have an error in your SQL syntax; check the manual that corresponds to your MariaDB server version for the right syntax to use near 'b.bid_id
            FROM 
                ewaste_listings e
            L...' at line 4 in C:\xampp\htdocs\emslk\system\Database\MySQLi\Connection.php:295
Stack trace:
#0 C:\xampp\htdocs\emslk\system\Database\MySQLi\Connection.php(295): mysqli->query('\r\n            S...', 0)
#1 C:\xampp\htdocs\emslk\system\Database\BaseConnection.php(692): CodeIgniter\Database\MySQLi\Connection->execute('\r\n            S...')
#2 C:\xampp\htdocs\emslk\system\Database\BaseConnection.php(606): CodeIgniter\Database\BaseConnection->simpleQuery('\r\n            S...')
#3 C:\xampp\htdocs\emslk\system\Model.php(832): CodeIgniter\Database\BaseConnection->query('\r\n            S...')
#4 C:\xampp\htdocs\emslk\app\Models\EwasteListModel.php(43): CodeIgniter\Model->__call('query', Array)
#5 C:\xampp\htdocs\emslk\app\Controllers\Sys.php(37): App\Models\EwasteListModel->getColDash('58')
#6 C:\xampp\htdocs\emslk\system\CodeIgniter.php(932): App\Controllers\Sys->dashboard()
#7 C:\xampp\htdocs\emslk\system\CodeIgniter.php(497): CodeIgniter\CodeIgniter->runController(Object(App\Controllers\Sys))
#8 C:\xampp\htdocs\emslk\system\CodeIgniter.php(366): CodeIgniter\CodeIgniter->handleRequest(NULL, Object(Config\Cache), false)
#9 C:\xampp\htdocs\emslk\index.php(67): CodeIgniter\CodeIgniter->run()
#10 {main}
CRITICAL - 2024-04-23 04:17:09 --> You have an error in your SQL syntax; check the manual that corresponds to your MariaDB server version for the right syntax to use near 'b.bid_id
            FROM 
                ewaste_listings e
            L...' at line 4
in SYSTEMPATH\Database\MySQLi\Connection.php on line 295.
 1 SYSTEMPATH\Database\MySQLi\Connection.php(295): mysqli->query('
            SELECT 
                e.*, 
                 IF(bids.UserId = \'58\', bids.bid_status_c, NULL) AS bid_status_c
                b.bid_id
            FROM 
                ewaste_listings e
            LEFT JOIN 
                bids b ON e.item_id = b.item_id
            WHERE 
                b.UserId = \'58\' Or item_status_g = \'Accepted\'
                
            GROUP BY 
                e.item_id;
        ', 0)
 2 SYSTEMPATH\Database\BaseConnection.php(692): CodeIgniter\Database\MySQLi\Connection->execute('
            SELECT 
                e.*, 
                 IF(bids.UserId = \'58\', bids.bid_status_c, NULL) AS bid_status_c
                b.bid_id
            FROM 
                ewaste_listings e
            LEFT JOIN 
                bids b ON e.item_id = b.item_id
            WHERE 
                b.UserId = \'58\' Or item_status_g = \'Accepted\'
                
            GROUP BY 
                e.item_id;
        ')
 3 SYSTEMPATH\Database\BaseConnection.php(606): CodeIgniter\Database\BaseConnection->simpleQuery('
            SELECT 
                e.*, 
                 IF(bids.UserId = \'58\', bids.bid_status_c, NULL) AS bid_status_c
                b.bid_id
            FROM 
                ewaste_listings e
            LEFT JOIN 
                bids b ON e.item_id = b.item_id
            WHERE 
                b.UserId = \'58\' Or item_status_g = \'Accepted\'
                
            GROUP BY 
                e.item_id;
        ')
 4 SYSTEMPATH\Model.php(832): CodeIgniter\Database\BaseConnection->query('
            SELECT 
                e.*, 
                 IF(bids.UserId = \'58\', bids.bid_status_c, NULL) AS bid_status_c
                b.bid_id
            FROM 
                ewaste_listings e
            LEFT JOIN 
                bids b ON e.item_id = b.item_id
            WHERE 
                b.UserId = \'58\' Or item_status_g = \'Accepted\'
                
            GROUP BY 
                e.item_id;
        ')
 5 APPPATH\Models\EwasteListModel.php(43): CodeIgniter\Model->__call('query', [...])
 6 APPPATH\Controllers\Sys.php(37): App\Models\EwasteListModel->getColDash('58')
 7 SYSTEMPATH\CodeIgniter.php(932): App\Controllers\Sys->dashboard()
 8 SYSTEMPATH\CodeIgniter.php(497): CodeIgniter\CodeIgniter->runController(Object(App\Controllers\Sys))
 9 SYSTEMPATH\CodeIgniter.php(366): CodeIgniter\CodeIgniter->handleRequest(null, Object(Config\Cache), false)
10 FCPATH\index.php(67): CodeIgniter\CodeIgniter->run()
CRITICAL - 2024-04-23 09:05:41 --> Undefined variable $listings
in APPPATH\Views\sys\get_all_bids.php on line 38.
 1 APPPATH\Views\sys\get_all_bids.php(38): CodeIgniter\Debug\Exceptions->errorHandler(2, 'Undefined variable $listings', 'C:\\xampp\\htdocs\\emslk\\app\\Views\\sys\\get_all_bids.php', 38)
 2 SYSTEMPATH\View\View.php(224): include('C:\\xampp\\htdocs\\emslk\\app\\Views\\sys\\get_all_bids.php')
 3 SYSTEMPATH\View\View.php(227): CodeIgniter\View\View->CodeIgniter\View\{closure}()
 4 SYSTEMPATH\Common.php(1176): CodeIgniter\View\View->render('sys/get_all_bids', [], true)
 5 APPPATH\Controllers\Sys.php(87): view('sys/get_all_bids')
 6 SYSTEMPATH\CodeIgniter.php(932): App\Controllers\Sys->getAllBidList()
 7 SYSTEMPATH\CodeIgniter.php(497): CodeIgniter\CodeIgniter->runController(Object(App\Controllers\Sys))
 8 SYSTEMPATH\CodeIgniter.php(366): CodeIgniter\CodeIgniter->handleRequest(null, Object(Config\Cache), false)
 9 FCPATH\index.php(67): CodeIgniter\CodeIgniter->run()
CRITICAL - 2024-04-23 09:29:29 --> Undefined variable $sql
in APPPATH\Models\EwasteListModel.php on line 177.
 1 APPPATH\Models\EwasteListModel.php(177): CodeIgniter\Debug\Exceptions->errorHandler(2, 'Undefined variable $sql', 'C:\\xampp\\htdocs\\emslk\\app\\Models\\EwasteListModel.php', 177)
 2 APPPATH\Controllers\Sys.php(82): App\Models\EwasteListModel->getAllBidList('58', null)
 3 SYSTEMPATH\CodeIgniter.php(932): App\Controllers\Sys->getAllBidList()
 4 SYSTEMPATH\CodeIgniter.php(497): CodeIgniter\CodeIgniter->runController(Object(App\Controllers\Sys))
 5 SYSTEMPATH\CodeIgniter.php(366): CodeIgniter\CodeIgniter->handleRequest(null, Object(Config\Cache), false)
 6 FCPATH\index.php(67): CodeIgniter\CodeIgniter->run()
CRITICAL - 2024-04-23 09:30:50 --> Undefined variable $sql
in APPPATH\Models\EwasteListModel.php on line 195.
 1 APPPATH\Models\EwasteListModel.php(195): CodeIgniter\Debug\Exceptions->errorHandler(2, 'Undefined variable $sql', 'C:\\xampp\\htdocs\\emslk\\app\\Models\\EwasteListModel.php', 195)
 2 APPPATH\Controllers\Sys.php(82): App\Models\EwasteListModel->getAllBidList('58', null)
 3 SYSTEMPATH\CodeIgniter.php(932): App\Controllers\Sys->getAllBidList()
 4 SYSTEMPATH\CodeIgniter.php(497): CodeIgniter\CodeIgniter->runController(Object(App\Controllers\Sys))
 5 SYSTEMPATH\CodeIgniter.php(366): CodeIgniter\CodeIgniter->handleRequest(null, Object(Config\Cache), false)
 6 FCPATH\index.php(67): CodeIgniter\CodeIgniter->run()
CRITICAL - 2024-04-23 09:31:09 --> Call to undefined function form_open()
in APPPATH\Views\sys\get_all_bids.php on line 26.
 1 SYSTEMPATH\View\View.php(224): include()
 2 SYSTEMPATH\View\View.php(227): CodeIgniter\View\View->CodeIgniter\View\{closure}()
 3 SYSTEMPATH\Common.php(1176): CodeIgniter\View\View->render('sys/get_all_bids', [], true)
 4 APPPATH\Controllers\Sys.php(88): view('sys/get_all_bids', [...])
 5 SYSTEMPATH\CodeIgniter.php(932): App\Controllers\Sys->getAllBidList()
 6 SYSTEMPATH\CodeIgniter.php(497): CodeIgniter\CodeIgniter->runController(Object(App\Controllers\Sys))
 7 SYSTEMPATH\CodeIgniter.php(366): CodeIgniter\CodeIgniter->handleRequest(null, Object(Config\Cache), false)
 8 FCPATH\index.php(67): CodeIgniter\CodeIgniter->run()
