CRITICAL - 2024-05-02 03:28:32 --> Undefined variable $ListingSet
in APPPATH\Views\sys\view_SetEwc.php on line 19.
 1 APPPATH\Views\sys\view_SetEwc.php(19): CodeIgniter\Debug\Exceptions->errorHandler(2, 'Undefined variable $ListingSet', 'C:\\xampp\\htdocs\\emslk\\app\\Views\\sys\\view_SetEwc.php', 19)
 2 SYSTEMPATH\View\View.php(224): include('C:\\xampp\\htdocs\\emslk\\app\\Views\\sys\\view_SetEwc.php')
 3 SYSTEMPATH\View\View.php(227): CodeIgniter\View\View->CodeIgniter\View\{closure}()
 4 SYSTEMPATH\Common.php(1176): CodeIgniter\View\View->render('sys/view_SetEwc', [], true)
 5 APPPATH\Controllers\Sys.php(1584): view('sys/view_SetEwc', [...])
 6 SYSTEMPATH\CodeIgniter.php(932): App\Controllers\Sys->viewEwcListings()
 7 SYSTEMPATH\CodeIgniter.php(497): CodeIgniter\CodeIgniter->runController(Object(App\Controllers\Sys))
 8 SYSTEMPATH\CodeIgniter.php(366): CodeIgniter\CodeIgniter->handleRequest(null, Object(Config\Cache), false)
 9 FCPATH\index.php(67): CodeIgniter\CodeIgniter->run()
CRITICAL - 2024-05-02 03:28:56 --> Undefined variable $ListingSet
in APPPATH\Views\sys\view_SetEwc.php on line 19.
 1 APPPATH\Views\sys\view_SetEwc.php(19): CodeIgniter\Debug\Exceptions->errorHandler(2, 'Undefined variable $ListingSet', 'C:\\xampp\\htdocs\\emslk\\app\\Views\\sys\\view_SetEwc.php', 19)
 2 SYSTEMPATH\View\View.php(224): include('C:\\xampp\\htdocs\\emslk\\app\\Views\\sys\\view_SetEwc.php')
 3 SYSTEMPATH\View\View.php(227): CodeIgniter\View\View->CodeIgniter\View\{closure}()
 4 SYSTEMPATH\Common.php(1176): CodeIgniter\View\View->render('sys/view_SetEwc', [], true)
 5 APPPATH\Controllers\Sys.php(1584): view('sys/view_SetEwc', [...])
 6 SYSTEMPATH\CodeIgniter.php(932): App\Controllers\Sys->viewEwcListings()
 7 SYSTEMPATH\CodeIgniter.php(497): CodeIgniter\CodeIgniter->runController(Object(App\Controllers\Sys))
 8 SYSTEMPATH\CodeIgniter.php(366): CodeIgniter\CodeIgniter->handleRequest(null, Object(Config\Cache), false)
 9 FCPATH\index.php(67): CodeIgniter\CodeIgniter->run()
CRITICAL - 2024-05-02 03:29:02 --> Undefined variable $ListingSet
in APPPATH\Views\sys\view_SetEwc.php on line 19.
 1 APPPATH\Views\sys\view_SetEwc.php(19): CodeIgniter\Debug\Exceptions->errorHandler(2, 'Undefined variable $ListingSet', 'C:\\xampp\\htdocs\\emslk\\app\\Views\\sys\\view_SetEwc.php', 19)
 2 SYSTEMPATH\View\View.php(224): include('C:\\xampp\\htdocs\\emslk\\app\\Views\\sys\\view_SetEwc.php')
 3 SYSTEMPATH\View\View.php(227): CodeIgniter\View\View->CodeIgniter\View\{closure}()
 4 SYSTEMPATH\Common.php(1176): CodeIgniter\View\View->render('sys/view_SetEwc', [], true)
 5 APPPATH\Controllers\Sys.php(1584): view('sys/view_SetEwc', [...])
 6 SYSTEMPATH\CodeIgniter.php(932): App\Controllers\Sys->viewEwcListings()
 7 SYSTEMPATH\CodeIgniter.php(497): CodeIgniter\CodeIgniter->runController(Object(App\Controllers\Sys))
 8 SYSTEMPATH\CodeIgniter.php(366): CodeIgniter\CodeIgniter->handleRequest(null, Object(Config\Cache), false)
 9 FCPATH\index.php(67): CodeIgniter\CodeIgniter->run()
CRITICAL - 2024-05-02 03:29:04 --> Undefined variable $ListingSet
in APPPATH\Views\sys\view_SetEwc.php on line 19.
 1 APPPATH\Views\sys\view_SetEwc.php(19): CodeIgniter\Debug\Exceptions->errorHandler(2, 'Undefined variable $ListingSet', 'C:\\xampp\\htdocs\\emslk\\app\\Views\\sys\\view_SetEwc.php', 19)
 2 SYSTEMPATH\View\View.php(224): include('C:\\xampp\\htdocs\\emslk\\app\\Views\\sys\\view_SetEwc.php')
 3 SYSTEMPATH\View\View.php(227): CodeIgniter\View\View->CodeIgniter\View\{closure}()
 4 SYSTEMPATH\Common.php(1176): CodeIgniter\View\View->render('sys/view_SetEwc', [], true)
 5 APPPATH\Controllers\Sys.php(1584): view('sys/view_SetEwc', [...])
 6 SYSTEMPATH\CodeIgniter.php(932): App\Controllers\Sys->viewEwcListings()
 7 SYSTEMPATH\CodeIgniter.php(497): CodeIgniter\CodeIgniter->runController(Object(App\Controllers\Sys))
 8 SYSTEMPATH\CodeIgniter.php(366): CodeIgniter\CodeIgniter->handleRequest(null, Object(Config\Cache), false)
 9 FCPATH\index.php(67): CodeIgniter\CodeIgniter->run()
CRITICAL - 2024-05-02 03:32:06 --> Undefined variable $ListingSet
in APPPATH\Views\sys\view_SetEwc.php on line 19.
 1 APPPATH\Views\sys\view_SetEwc.php(19): CodeIgniter\Debug\Exceptions->errorHandler(2, 'Undefined variable $ListingSet', 'C:\\xampp\\htdocs\\emslk\\app\\Views\\sys\\view_SetEwc.php', 19)
 2 SYSTEMPATH\View\View.php(224): include('C:\\xampp\\htdocs\\emslk\\app\\Views\\sys\\view_SetEwc.php')
 3 SYSTEMPATH\View\View.php(227): CodeIgniter\View\View->CodeIgniter\View\{closure}()
 4 SYSTEMPATH\Common.php(1176): CodeIgniter\View\View->render('sys/view_SetEwc', [], true)
 5 APPPATH\Controllers\Sys.php(1584): view('sys/view_SetEwc', [...])
 6 SYSTEMPATH\CodeIgniter.php(932): App\Controllers\Sys->viewEwcListings()
 7 SYSTEMPATH\CodeIgniter.php(497): CodeIgniter\CodeIgniter->runController(Object(App\Controllers\Sys))
 8 SYSTEMPATH\CodeIgniter.php(366): CodeIgniter\CodeIgniter->handleRequest(null, Object(Config\Cache), false)
 9 FCPATH\index.php(67): CodeIgniter\CodeIgniter->run()
CRITICAL - 2024-05-02 03:32:22 --> Undefined variable $ListingSet
in APPPATH\Views\sys\view_SetEwc.php on line 19.
 1 APPPATH\Views\sys\view_SetEwc.php(19): CodeIgniter\Debug\Exceptions->errorHandler(2, 'Undefined variable $ListingSet', 'C:\\xampp\\htdocs\\emslk\\app\\Views\\sys\\view_SetEwc.php', 19)
 2 SYSTEMPATH\View\View.php(224): include('C:\\xampp\\htdocs\\emslk\\app\\Views\\sys\\view_SetEwc.php')
 3 SYSTEMPATH\View\View.php(227): CodeIgniter\View\View->CodeIgniter\View\{closure}()
 4 SYSTEMPATH\Common.php(1176): CodeIgniter\View\View->render('sys/view_SetEwc', [], true)
 5 APPPATH\Controllers\Sys.php(1584): view('sys/view_SetEwc', [...])
 6 SYSTEMPATH\CodeIgniter.php(932): App\Controllers\Sys->viewEwcListings()
 7 SYSTEMPATH\CodeIgniter.php(497): CodeIgniter\CodeIgniter->runController(Object(App\Controllers\Sys))
 8 SYSTEMPATH\CodeIgniter.php(366): CodeIgniter\CodeIgniter->handleRequest(null, Object(Config\Cache), false)
 9 FCPATH\index.php(67): CodeIgniter\CodeIgniter->run()
CRITICAL - 2024-05-02 03:33:21 --> Undefined variable $ListingSet
in APPPATH\Views\sys\view_SetEwc.php on line 19.
 1 APPPATH\Views\sys\view_SetEwc.php(19): CodeIgniter\Debug\Exceptions->errorHandler(2, 'Undefined variable $ListingSet', 'C:\\xampp\\htdocs\\emslk\\app\\Views\\sys\\view_SetEwc.php', 19)
 2 SYSTEMPATH\View\View.php(224): include('C:\\xampp\\htdocs\\emslk\\app\\Views\\sys\\view_SetEwc.php')
 3 SYSTEMPATH\View\View.php(227): CodeIgniter\View\View->CodeIgniter\View\{closure}()
 4 SYSTEMPATH\Common.php(1176): CodeIgniter\View\View->render('sys/view_SetEwc', [], true)
 5 APPPATH\Controllers\Sys.php(1582): view('sys/view_SetEwc', [...])
 6 SYSTEMPATH\CodeIgniter.php(932): App\Controllers\Sys->viewEwcListings()
 7 SYSTEMPATH\CodeIgniter.php(497): CodeIgniter\CodeIgniter->runController(Object(App\Controllers\Sys))
 8 SYSTEMPATH\CodeIgniter.php(366): CodeIgniter\CodeIgniter->handleRequest(null, Object(Config\Cache), false)
 9 FCPATH\index.php(67): CodeIgniter\CodeIgniter->run()
CRITICAL - 2024-05-02 03:33:22 --> Undefined variable $ListingSet
in APPPATH\Views\sys\view_SetEwc.php on line 19.
 1 APPPATH\Views\sys\view_SetEwc.php(19): CodeIgniter\Debug\Exceptions->errorHandler(2, 'Undefined variable $ListingSet', 'C:\\xampp\\htdocs\\emslk\\app\\Views\\sys\\view_SetEwc.php', 19)
 2 SYSTEMPATH\View\View.php(224): include('C:\\xampp\\htdocs\\emslk\\app\\Views\\sys\\view_SetEwc.php')
 3 SYSTEMPATH\View\View.php(227): CodeIgniter\View\View->CodeIgniter\View\{closure}()
 4 SYSTEMPATH\Common.php(1176): CodeIgniter\View\View->render('sys/view_SetEwc', [], true)
 5 APPPATH\Controllers\Sys.php(1582): view('sys/view_SetEwc', [...])
 6 SYSTEMPATH\CodeIgniter.php(932): App\Controllers\Sys->viewEwcListings()
 7 SYSTEMPATH\CodeIgniter.php(497): CodeIgniter\CodeIgniter->runController(Object(App\Controllers\Sys))
 8 SYSTEMPATH\CodeIgniter.php(366): CodeIgniter\CodeIgniter->handleRequest(null, Object(Config\Cache), false)
 9 FCPATH\index.php(67): CodeIgniter\CodeIgniter->run()
CRITICAL - 2024-05-02 03:33:24 --> Undefined variable $ListingSet
in APPPATH\Views\sys\view_SetEwc.php on line 19.
 1 APPPATH\Views\sys\view_SetEwc.php(19): CodeIgniter\Debug\Exceptions->errorHandler(2, 'Undefined variable $ListingSet', 'C:\\xampp\\htdocs\\emslk\\app\\Views\\sys\\view_SetEwc.php', 19)
 2 SYSTEMPATH\View\View.php(224): include('C:\\xampp\\htdocs\\emslk\\app\\Views\\sys\\view_SetEwc.php')
 3 SYSTEMPATH\View\View.php(227): CodeIgniter\View\View->CodeIgniter\View\{closure}()
 4 SYSTEMPATH\Common.php(1176): CodeIgniter\View\View->render('sys/view_SetEwc', [], true)
 5 APPPATH\Controllers\Sys.php(1582): view('sys/view_SetEwc', [...])
 6 SYSTEMPATH\CodeIgniter.php(932): App\Controllers\Sys->viewEwcListings()
 7 SYSTEMPATH\CodeIgniter.php(497): CodeIgniter\CodeIgniter->runController(Object(App\Controllers\Sys))
 8 SYSTEMPATH\CodeIgniter.php(366): CodeIgniter\CodeIgniter->handleRequest(null, Object(Config\Cache), false)
 9 FCPATH\index.php(67): CodeIgniter\CodeIgniter->run()
CRITICAL - 2024-05-02 03:35:50 --> Undefined variable $ListingSet
in APPPATH\Views\sys\view_SetEwc.php on line 19.
 1 APPPATH\Views\sys\view_SetEwc.php(19): CodeIgniter\Debug\Exceptions->errorHandler(2, 'Undefined variable $ListingSet', 'C:\\xampp\\htdocs\\emslk\\app\\Views\\sys\\view_SetEwc.php', 19)
 2 SYSTEMPATH\View\View.php(224): include('C:\\xampp\\htdocs\\emslk\\app\\Views\\sys\\view_SetEwc.php')
 3 SYSTEMPATH\View\View.php(227): CodeIgniter\View\View->CodeIgniter\View\{closure}()
 4 SYSTEMPATH\Common.php(1176): CodeIgniter\View\View->render('sys/view_SetEwc', [], true)
 5 APPPATH\Controllers\Sys.php(1582): view('sys/view_SetEwc', [...])
 6 SYSTEMPATH\CodeIgniter.php(932): App\Controllers\Sys->viewEwcListings()
 7 SYSTEMPATH\CodeIgniter.php(497): CodeIgniter\CodeIgniter->runController(Object(App\Controllers\Sys))
 8 SYSTEMPATH\CodeIgniter.php(366): CodeIgniter\CodeIgniter->handleRequest(null, Object(Config\Cache), false)
 9 FCPATH\index.php(67): CodeIgniter\CodeIgniter->run()
CRITICAL - 2024-05-02 03:35:53 --> Undefined variable $ListingSet
in APPPATH\Views\sys\view_SetEwc.php on line 19.
 1 APPPATH\Views\sys\view_SetEwc.php(19): CodeIgniter\Debug\Exceptions->errorHandler(2, 'Undefined variable $ListingSet', 'C:\\xampp\\htdocs\\emslk\\app\\Views\\sys\\view_SetEwc.php', 19)
 2 SYSTEMPATH\View\View.php(224): include('C:\\xampp\\htdocs\\emslk\\app\\Views\\sys\\view_SetEwc.php')
 3 SYSTEMPATH\View\View.php(227): CodeIgniter\View\View->CodeIgniter\View\{closure}()
 4 SYSTEMPATH\Common.php(1176): CodeIgniter\View\View->render('sys/view_SetEwc', [], true)
 5 APPPATH\Controllers\Sys.php(1582): view('sys/view_SetEwc', [...])
 6 SYSTEMPATH\CodeIgniter.php(932): App\Controllers\Sys->viewEwcListings()
 7 SYSTEMPATH\CodeIgniter.php(497): CodeIgniter\CodeIgniter->runController(Object(App\Controllers\Sys))
 8 SYSTEMPATH\CodeIgniter.php(366): CodeIgniter\CodeIgniter->handleRequest(null, Object(Config\Cache), false)
 9 FCPATH\index.php(67): CodeIgniter\CodeIgniter->run()
CRITICAL - 2024-05-02 03:36:00 --> Undefined variable $ListingSet
in APPPATH\Views\sys\view_SetEwc.php on line 19.
 1 APPPATH\Views\sys\view_SetEwc.php(19): CodeIgniter\Debug\Exceptions->errorHandler(2, 'Undefined variable $ListingSet', 'C:\\xampp\\htdocs\\emslk\\app\\Views\\sys\\view_SetEwc.php', 19)
 2 SYSTEMPATH\View\View.php(224): include('C:\\xampp\\htdocs\\emslk\\app\\Views\\sys\\view_SetEwc.php')
 3 SYSTEMPATH\View\View.php(227): CodeIgniter\View\View->CodeIgniter\View\{closure}()
 4 SYSTEMPATH\Common.php(1176): CodeIgniter\View\View->render('sys/view_SetEwc', [], true)
 5 APPPATH\Controllers\Sys.php(1582): view('sys/view_SetEwc', [...])
 6 SYSTEMPATH\CodeIgniter.php(932): App\Controllers\Sys->viewEwcListings()
 7 SYSTEMPATH\CodeIgniter.php(497): CodeIgniter\CodeIgniter->runController(Object(App\Controllers\Sys))
 8 SYSTEMPATH\CodeIgniter.php(366): CodeIgniter\CodeIgniter->handleRequest(null, Object(Config\Cache), false)
 9 FCPATH\index.php(67): CodeIgniter\CodeIgniter->run()
CRITICAL - 2024-05-02 03:36:15 --> Undefined variable $ListingSet
in APPPATH\Views\sys\view_SetEwc.php on line 19.
 1 APPPATH\Views\sys\view_SetEwc.php(19): CodeIgniter\Debug\Exceptions->errorHandler(2, 'Undefined variable $ListingSet', 'C:\\xampp\\htdocs\\emslk\\app\\Views\\sys\\view_SetEwc.php', 19)
 2 SYSTEMPATH\View\View.php(224): include('C:\\xampp\\htdocs\\emslk\\app\\Views\\sys\\view_SetEwc.php')
 3 SYSTEMPATH\View\View.php(227): CodeIgniter\View\View->CodeIgniter\View\{closure}()
 4 SYSTEMPATH\Common.php(1176): CodeIgniter\View\View->render('sys/view_SetEwc', [], true)
 5 APPPATH\Controllers\Sys.php(1582): view('sys/view_SetEwc', [...])
 6 SYSTEMPATH\CodeIgniter.php(932): App\Controllers\Sys->viewEwcListings()
 7 SYSTEMPATH\CodeIgniter.php(497): CodeIgniter\CodeIgniter->runController(Object(App\Controllers\Sys))
 8 SYSTEMPATH\CodeIgniter.php(366): CodeIgniter\CodeIgniter->handleRequest(null, Object(Config\Cache), false)
 9 FCPATH\index.php(67): CodeIgniter\CodeIgniter->run()
CRITICAL - 2024-05-02 08:38:09 --> Undefined array key "pending_requests"
in APPPATH\Views\sys\view_SetEwc.php on line 48.
 1 APPPATH\Views\sys\view_SetEwc.php(48): CodeIgniter\Debug\Exceptions->errorHandler(2, 'Undefined array key "pending_requests"', 'C:\\xampp\\htdocs\\emslk\\app\\Views\\sys\\view_SetEwc.php', 48)
 2 SYSTEMPATH\View\View.php(224): include('C:\\xampp\\htdocs\\emslk\\app\\Views\\sys\\view_SetEwc.php')
 3 SYSTEMPATH\View\View.php(227): CodeIgniter\View\View->CodeIgniter\View\{closure}()
 4 SYSTEMPATH\Common.php(1176): CodeIgniter\View\View->render('sys/view_SetEwc', [], true)
 5 APPPATH\Controllers\Sys.php(1601): view('sys/view_SetEwc', [...])
 6 SYSTEMPATH\CodeIgniter.php(932): App\Controllers\Sys->viewListingSetItemsEwc('1711108127')
 7 SYSTEMPATH\CodeIgniter.php(497): CodeIgniter\CodeIgniter->runController(Object(App\Controllers\Sys))
 8 SYSTEMPATH\CodeIgniter.php(366): CodeIgniter\CodeIgniter->handleRequest(null, Object(Config\Cache), false)
 9 FCPATH\index.php(67): CodeIgniter\CodeIgniter->run()
CRITICAL - 2024-05-02 08:43:20 --> Call to a member function where() on null
in APPPATH\Controllers\Sys.php on line 1591.
 1 SYSTEMPATH\CodeIgniter.php(932): App\Controllers\Sys->viewListingSetItemsEwc('1714285836')
 2 SYSTEMPATH\CodeIgniter.php(497): CodeIgniter\CodeIgniter->runController(Object(App\Controllers\Sys))
 3 SYSTEMPATH\CodeIgniter.php(366): CodeIgniter\CodeIgniter->handleRequest(null, Object(Config\Cache), false)
 4 FCPATH\index.php(67): CodeIgniter\CodeIgniter->run()
CRITICAL - 2024-05-02 08:45:45 --> Trying to access array offset on value of type null
in APPPATH\Views\sys\view_SetEwc.php on line 19.
 1 APPPATH\Views\sys\view_SetEwc.php(19): CodeIgniter\Debug\Exceptions->errorHandler(2, 'Trying to access array offset on value of type null', 'C:\\xampp\\htdocs\\emslk\\app\\Views\\sys\\view_SetEwc.php', 19)
 2 SYSTEMPATH\View\View.php(224): include('C:\\xampp\\htdocs\\emslk\\app\\Views\\sys\\view_SetEwc.php')
 3 SYSTEMPATH\View\View.php(227): CodeIgniter\View\View->CodeIgniter\View\{closure}()
 4 SYSTEMPATH\Common.php(1176): CodeIgniter\View\View->render('sys/view_SetEwc', [], true)
 5 APPPATH\Controllers\Sys.php(1598): view('sys/view_SetEwc', [...])
 6 SYSTEMPATH\CodeIgniter.php(932): App\Controllers\Sys->viewListingSetItemsEwc('1714285836')
 7 SYSTEMPATH\CodeIgniter.php(497): CodeIgniter\CodeIgniter->runController(Object(App\Controllers\Sys))
 8 SYSTEMPATH\CodeIgniter.php(366): CodeIgniter\CodeIgniter->handleRequest(null, Object(Config\Cache), false)
 9 FCPATH\index.php(67): CodeIgniter\CodeIgniter->run()
CRITICAL - 2024-05-02 08:48:13 --> Trying to access array offset on value of type null
in APPPATH\Views\sys\view_SetEwc.php on line 19.
 1 APPPATH\Views\sys\view_SetEwc.php(19): CodeIgniter\Debug\Exceptions->errorHandler(2, 'Trying to access array offset on value of type null', 'C:\\xampp\\htdocs\\emslk\\app\\Views\\sys\\view_SetEwc.php', 19)
 2 SYSTEMPATH\View\View.php(224): include('C:\\xampp\\htdocs\\emslk\\app\\Views\\sys\\view_SetEwc.php')
 3 SYSTEMPATH\View\View.php(227): CodeIgniter\View\View->CodeIgniter\View\{closure}()
 4 SYSTEMPATH\Common.php(1176): CodeIgniter\View\View->render('sys/view_SetEwc', [], true)
 5 APPPATH\Controllers\Sys.php(1598): view('sys/view_SetEwc', [...])
 6 SYSTEMPATH\CodeIgniter.php(932): App\Controllers\Sys->viewListingSetItemsEwc('1714285836')
 7 SYSTEMPATH\CodeIgniter.php(497): CodeIgniter\CodeIgniter->runController(Object(App\Controllers\Sys))
 8 SYSTEMPATH\CodeIgniter.php(366): CodeIgniter\CodeIgniter->handleRequest(null, Object(Config\Cache), false)
 9 FCPATH\index.php(67): CodeIgniter\CodeIgniter->run()
CRITICAL - 2024-05-02 08:56:27 --> Undefined variable $listingSetId
in APPPATH\Models\EwcListingsModel.php on line 49.
 1 APPPATH\Models\EwcListingsModel.php(49): CodeIgniter\Debug\Exceptions->errorHandler(2, 'Undefined variable $listingSetId', 'C:\\xampp\\htdocs\\emslk\\app\\Models\\EwcListingsModel.php', 49)
 2 APPPATH\Controllers\Sys.php(1591): App\Models\EwcListingsModel->getListingsToEwcSet('59', '1714285836')
 3 SYSTEMPATH\CodeIgniter.php(932): App\Controllers\Sys->viewListingSetItemsEwc('1714285836')
 4 SYSTEMPATH\CodeIgniter.php(497): CodeIgniter\CodeIgniter->runController(Object(App\Controllers\Sys))
 5 SYSTEMPATH\CodeIgniter.php(366): CodeIgniter\CodeIgniter->handleRequest(null, Object(Config\Cache), false)
 6 FCPATH\index.php(67): CodeIgniter\CodeIgniter->run()
CRITICAL - 2024-05-02 08:58:38 --> Undefined array key "ewc_listing_id"
in APPPATH\Views\sys\view_SetEwc.php on line 19.
 1 APPPATH\Views\sys\view_SetEwc.php(19): CodeIgniter\Debug\Exceptions->errorHandler(2, 'Undefined array key "ewc_listing_id"', 'C:\\xampp\\htdocs\\emslk\\app\\Views\\sys\\view_SetEwc.php', 19)
 2 SYSTEMPATH\View\View.php(224): include('C:\\xampp\\htdocs\\emslk\\app\\Views\\sys\\view_SetEwc.php')
 3 SYSTEMPATH\View\View.php(227): CodeIgniter\View\View->CodeIgniter\View\{closure}()
 4 SYSTEMPATH\Common.php(1176): CodeIgniter\View\View->render('sys/view_SetEwc', [], true)
 5 APPPATH\Controllers\Sys.php(1599): view('sys/view_SetEwc', [...])
 6 SYSTEMPATH\CodeIgniter.php(932): App\Controllers\Sys->viewListingSetItemsEwc('1714285836')
 7 SYSTEMPATH\CodeIgniter.php(497): CodeIgniter\CodeIgniter->runController(Object(App\Controllers\Sys))
 8 SYSTEMPATH\CodeIgniter.php(366): CodeIgniter\CodeIgniter->handleRequest(null, Object(Config\Cache), false)
 9 FCPATH\index.php(67): CodeIgniter\CodeIgniter->run()
CRITICAL - 2024-05-02 09:03:33 --> Undefined array key "ewc_listing_id"
in APPPATH\Views\sys\view_SetEwc.php on line 19.
 1 APPPATH\Views\sys\view_SetEwc.php(19): CodeIgniter\Debug\Exceptions->errorHandler(2, 'Undefined array key "ewc_listing_id"', 'C:\\xampp\\htdocs\\emslk\\app\\Views\\sys\\view_SetEwc.php', 19)
 2 SYSTEMPATH\View\View.php(224): include('C:\\xampp\\htdocs\\emslk\\app\\Views\\sys\\view_SetEwc.php')
 3 SYSTEMPATH\View\View.php(227): CodeIgniter\View\View->CodeIgniter\View\{closure}()
 4 SYSTEMPATH\Common.php(1176): CodeIgniter\View\View->render('sys/view_SetEwc', [], true)
 5 APPPATH\Controllers\Sys.php(1599): view('sys/view_SetEwc', [...])
 6 SYSTEMPATH\CodeIgniter.php(932): App\Controllers\Sys->viewListingSetItemsEwc('1714285836')
 7 SYSTEMPATH\CodeIgniter.php(497): CodeIgniter\CodeIgniter->runController(Object(App\Controllers\Sys))
 8 SYSTEMPATH\CodeIgniter.php(366): CodeIgniter\CodeIgniter->handleRequest(null, Object(Config\Cache), false)
 9 FCPATH\index.php(67): CodeIgniter\CodeIgniter->run()
CRITICAL - 2024-05-02 09:06:08 --> Undefined array key "ewc_listing_id"
in APPPATH\Views\sys\view_SetEwc.php on line 19.
 1 APPPATH\Views\sys\view_SetEwc.php(19): CodeIgniter\Debug\Exceptions->errorHandler(2, 'Undefined array key "ewc_listing_id"', 'C:\\xampp\\htdocs\\emslk\\app\\Views\\sys\\view_SetEwc.php', 19)
 2 SYSTEMPATH\View\View.php(224): include('C:\\xampp\\htdocs\\emslk\\app\\Views\\sys\\view_SetEwc.php')
 3 SYSTEMPATH\View\View.php(227): CodeIgniter\View\View->CodeIgniter\View\{closure}()
 4 SYSTEMPATH\Common.php(1176): CodeIgniter\View\View->render('sys/view_SetEwc', [], true)
 5 APPPATH\Controllers\Sys.php(1599): view('sys/view_SetEwc', [...])
 6 SYSTEMPATH\CodeIgniter.php(932): App\Controllers\Sys->viewListingSetItemsEwc('1714285836')
 7 SYSTEMPATH\CodeIgniter.php(497): CodeIgniter\CodeIgniter->runController(Object(App\Controllers\Sys))
 8 SYSTEMPATH\CodeIgniter.php(366): CodeIgniter\CodeIgniter->handleRequest(null, Object(Config\Cache), false)
 9 FCPATH\index.php(67): CodeIgniter\CodeIgniter->run()
CRITICAL - 2024-05-02 09:07:14 --> Undefined array key "ewc_listing_id"
in APPPATH\Views\sys\view_SetEwc.php on line 19.
 1 APPPATH\Views\sys\view_SetEwc.php(19): CodeIgniter\Debug\Exceptions->errorHandler(2, 'Undefined array key "ewc_listing_id"', 'C:\\xampp\\htdocs\\emslk\\app\\Views\\sys\\view_SetEwc.php', 19)
 2 SYSTEMPATH\View\View.php(224): include('C:\\xampp\\htdocs\\emslk\\app\\Views\\sys\\view_SetEwc.php')
 3 SYSTEMPATH\View\View.php(227): CodeIgniter\View\View->CodeIgniter\View\{closure}()
 4 SYSTEMPATH\Common.php(1176): CodeIgniter\View\View->render('sys/view_SetEwc', [], true)
 5 APPPATH\Controllers\Sys.php(1599): view('sys/view_SetEwc', [...])
 6 SYSTEMPATH\CodeIgniter.php(932): App\Controllers\Sys->viewListingSetItemsEwc('1714285836')
 7 SYSTEMPATH\CodeIgniter.php(497): CodeIgniter\CodeIgniter->runController(Object(App\Controllers\Sys))
 8 SYSTEMPATH\CodeIgniter.php(366): CodeIgniter\CodeIgniter->handleRequest(null, Object(Config\Cache), false)
 9 FCPATH\index.php(67): CodeIgniter\CodeIgniter->run()
CRITICAL - 2024-05-02 09:07:15 --> Undefined array key "ewc_listing_id"
in APPPATH\Views\sys\view_SetEwc.php on line 19.
 1 APPPATH\Views\sys\view_SetEwc.php(19): CodeIgniter\Debug\Exceptions->errorHandler(2, 'Undefined array key "ewc_listing_id"', 'C:\\xampp\\htdocs\\emslk\\app\\Views\\sys\\view_SetEwc.php', 19)
 2 SYSTEMPATH\View\View.php(224): include('C:\\xampp\\htdocs\\emslk\\app\\Views\\sys\\view_SetEwc.php')
 3 SYSTEMPATH\View\View.php(227): CodeIgniter\View\View->CodeIgniter\View\{closure}()
 4 SYSTEMPATH\Common.php(1176): CodeIgniter\View\View->render('sys/view_SetEwc', [], true)
 5 APPPATH\Controllers\Sys.php(1599): view('sys/view_SetEwc', [...])
 6 SYSTEMPATH\CodeIgniter.php(932): App\Controllers\Sys->viewListingSetItemsEwc('1714285836')
 7 SYSTEMPATH\CodeIgniter.php(497): CodeIgniter\CodeIgniter->runController(Object(App\Controllers\Sys))
 8 SYSTEMPATH\CodeIgniter.php(366): CodeIgniter\CodeIgniter->handleRequest(null, Object(Config\Cache), false)
 9 FCPATH\index.php(67): CodeIgniter\CodeIgniter->run()
CRITICAL - 2024-05-02 09:07:16 --> Undefined array key "ewc_listing_id"
in APPPATH\Views\sys\view_SetEwc.php on line 19.
 1 APPPATH\Views\sys\view_SetEwc.php(19): CodeIgniter\Debug\Exceptions->errorHandler(2, 'Undefined array key "ewc_listing_id"', 'C:\\xampp\\htdocs\\emslk\\app\\Views\\sys\\view_SetEwc.php', 19)
 2 SYSTEMPATH\View\View.php(224): include('C:\\xampp\\htdocs\\emslk\\app\\Views\\sys\\view_SetEwc.php')
 3 SYSTEMPATH\View\View.php(227): CodeIgniter\View\View->CodeIgniter\View\{closure}()
 4 SYSTEMPATH\Common.php(1176): CodeIgniter\View\View->render('sys/view_SetEwc', [], true)
 5 APPPATH\Controllers\Sys.php(1599): view('sys/view_SetEwc', [...])
 6 SYSTEMPATH\CodeIgniter.php(932): App\Controllers\Sys->viewListingSetItemsEwc('1714285836')
 7 SYSTEMPATH\CodeIgniter.php(497): CodeIgniter\CodeIgniter->runController(Object(App\Controllers\Sys))
 8 SYSTEMPATH\CodeIgniter.php(366): CodeIgniter\CodeIgniter->handleRequest(null, Object(Config\Cache), false)
 9 FCPATH\index.php(67): CodeIgniter\CodeIgniter->run()
CRITICAL - 2024-05-02 09:07:17 --> Undefined array key "ewc_listing_id"
in APPPATH\Views\sys\view_SetEwc.php on line 19.
 1 APPPATH\Views\sys\view_SetEwc.php(19): CodeIgniter\Debug\Exceptions->errorHandler(2, 'Undefined array key "ewc_listing_id"', 'C:\\xampp\\htdocs\\emslk\\app\\Views\\sys\\view_SetEwc.php', 19)
 2 SYSTEMPATH\View\View.php(224): include('C:\\xampp\\htdocs\\emslk\\app\\Views\\sys\\view_SetEwc.php')
 3 SYSTEMPATH\View\View.php(227): CodeIgniter\View\View->CodeIgniter\View\{closure}()
 4 SYSTEMPATH\Common.php(1176): CodeIgniter\View\View->render('sys/view_SetEwc', [], true)
 5 APPPATH\Controllers\Sys.php(1599): view('sys/view_SetEwc', [...])
 6 SYSTEMPATH\CodeIgniter.php(932): App\Controllers\Sys->viewListingSetItemsEwc('1714285836')
 7 SYSTEMPATH\CodeIgniter.php(497): CodeIgniter\CodeIgniter->runController(Object(App\Controllers\Sys))
 8 SYSTEMPATH\CodeIgniter.php(366): CodeIgniter\CodeIgniter->handleRequest(null, Object(Config\Cache), false)
 9 FCPATH\index.php(67): CodeIgniter\CodeIgniter->run()
CRITICAL - 2024-05-02 09:07:18 --> Undefined array key "ewc_listing_id"
in APPPATH\Views\sys\view_SetEwc.php on line 19.
 1 APPPATH\Views\sys\view_SetEwc.php(19): CodeIgniter\Debug\Exceptions->errorHandler(2, 'Undefined array key "ewc_listing_id"', 'C:\\xampp\\htdocs\\emslk\\app\\Views\\sys\\view_SetEwc.php', 19)
 2 SYSTEMPATH\View\View.php(224): include('C:\\xampp\\htdocs\\emslk\\app\\Views\\sys\\view_SetEwc.php')
 3 SYSTEMPATH\View\View.php(227): CodeIgniter\View\View->CodeIgniter\View\{closure}()
 4 SYSTEMPATH\Common.php(1176): CodeIgniter\View\View->render('sys/view_SetEwc', [], true)
 5 APPPATH\Controllers\Sys.php(1599): view('sys/view_SetEwc', [...])
 6 SYSTEMPATH\CodeIgniter.php(932): App\Controllers\Sys->viewListingSetItemsEwc('1714285836')
 7 SYSTEMPATH\CodeIgniter.php(497): CodeIgniter\CodeIgniter->runController(Object(App\Controllers\Sys))
 8 SYSTEMPATH\CodeIgniter.php(366): CodeIgniter\CodeIgniter->handleRequest(null, Object(Config\Cache), false)
 9 FCPATH\index.php(67): CodeIgniter\CodeIgniter->run()
CRITICAL - 2024-05-02 09:07:18 --> Undefined array key "ewc_listing_id"
in APPPATH\Views\sys\view_SetEwc.php on line 19.
 1 APPPATH\Views\sys\view_SetEwc.php(19): CodeIgniter\Debug\Exceptions->errorHandler(2, 'Undefined array key "ewc_listing_id"', 'C:\\xampp\\htdocs\\emslk\\app\\Views\\sys\\view_SetEwc.php', 19)
 2 SYSTEMPATH\View\View.php(224): include('C:\\xampp\\htdocs\\emslk\\app\\Views\\sys\\view_SetEwc.php')
 3 SYSTEMPATH\View\View.php(227): CodeIgniter\View\View->CodeIgniter\View\{closure}()
 4 SYSTEMPATH\Common.php(1176): CodeIgniter\View\View->render('sys/view_SetEwc', [], true)
 5 APPPATH\Controllers\Sys.php(1599): view('sys/view_SetEwc', [...])
 6 SYSTEMPATH\CodeIgniter.php(932): App\Controllers\Sys->viewListingSetItemsEwc('1714285836')
 7 SYSTEMPATH\CodeIgniter.php(497): CodeIgniter\CodeIgniter->runController(Object(App\Controllers\Sys))
 8 SYSTEMPATH\CodeIgniter.php(366): CodeIgniter\CodeIgniter->handleRequest(null, Object(Config\Cache), false)
 9 FCPATH\index.php(67): CodeIgniter\CodeIgniter->run()
CRITICAL - 2024-05-02 09:08:21 --> Undefined array key "pending_requests"
in APPPATH\Views\sys\view_SetEwc.php on line 48.
 1 APPPATH\Views\sys\view_SetEwc.php(48): CodeIgniter\Debug\Exceptions->errorHandler(2, 'Undefined array key "pending_requests"', 'C:\\xampp\\htdocs\\emslk\\app\\Views\\sys\\view_SetEwc.php', 48)
 2 SYSTEMPATH\View\View.php(224): include('C:\\xampp\\htdocs\\emslk\\app\\Views\\sys\\view_SetEwc.php')
 3 SYSTEMPATH\View\View.php(227): CodeIgniter\View\View->CodeIgniter\View\{closure}()
 4 SYSTEMPATH\Common.php(1176): CodeIgniter\View\View->render('sys/view_SetEwc', [], true)
 5 APPPATH\Controllers\Sys.php(1601): view('sys/view_SetEwc', [...])
 6 SYSTEMPATH\CodeIgniter.php(932): App\Controllers\Sys->viewListingSetItemsEwc('1714285836')
 7 SYSTEMPATH\CodeIgniter.php(497): CodeIgniter\CodeIgniter->runController(Object(App\Controllers\Sys))
 8 SYSTEMPATH\CodeIgniter.php(366): CodeIgniter\CodeIgniter->handleRequest(null, Object(Config\Cache), false)
 9 FCPATH\index.php(67): CodeIgniter\CodeIgniter->run()
CRITICAL - 2024-05-02 09:24:28 --> Undefined array key "ewc_listing_id"
in APPPATH\Views\sys\view_SetEwc.php on line 19.
 1 APPPATH\Views\sys\view_SetEwc.php(19): CodeIgniter\Debug\Exceptions->errorHandler(2, 'Undefined array key "ewc_listing_id"', 'C:\\xampp\\htdocs\\emslk\\app\\Views\\sys\\view_SetEwc.php', 19)
 2 SYSTEMPATH\View\View.php(224): include('C:\\xampp\\htdocs\\emslk\\app\\Views\\sys\\view_SetEwc.php')
 3 SYSTEMPATH\View\View.php(227): CodeIgniter\View\View->CodeIgniter\View\{closure}()
 4 SYSTEMPATH\Common.php(1176): CodeIgniter\View\View->render('sys/view_SetEwc', [], true)
 5 APPPATH\Controllers\Sys.php(1597): view('sys/view_SetEwc', [...])
 6 SYSTEMPATH\CodeIgniter.php(932): App\Controllers\Sys->viewListingSetItemsEwc('1714285836')
 7 SYSTEMPATH\CodeIgniter.php(497): CodeIgniter\CodeIgniter->runController(Object(App\Controllers\Sys))
 8 SYSTEMPATH\CodeIgniter.php(366): CodeIgniter\CodeIgniter->handleRequest(null, Object(Config\Cache), false)
 9 FCPATH\index.php(67): CodeIgniter\CodeIgniter->run()
CRITICAL - 2024-05-02 09:26:49 --> Undefined array key "ewc_listing_id"
in APPPATH\Views\sys\view_SetEwc.php on line 19.
 1 APPPATH\Views\sys\view_SetEwc.php(19): CodeIgniter\Debug\Exceptions->errorHandler(2, 'Undefined array key "ewc_listing_id"', 'C:\\xampp\\htdocs\\emslk\\app\\Views\\sys\\view_SetEwc.php', 19)
 2 SYSTEMPATH\View\View.php(224): include('C:\\xampp\\htdocs\\emslk\\app\\Views\\sys\\view_SetEwc.php')
 3 SYSTEMPATH\View\View.php(227): CodeIgniter\View\View->CodeIgniter\View\{closure}()
 4 SYSTEMPATH\Common.php(1176): CodeIgniter\View\View->render('sys/view_SetEwc', [], true)
 5 APPPATH\Controllers\Sys.php(1597): view('sys/view_SetEwc', [...])
 6 SYSTEMPATH\CodeIgniter.php(932): App\Controllers\Sys->viewListingSetItemsEwc('1714285836')
 7 SYSTEMPATH\CodeIgniter.php(497): CodeIgniter\CodeIgniter->runController(Object(App\Controllers\Sys))
 8 SYSTEMPATH\CodeIgniter.php(366): CodeIgniter\CodeIgniter->handleRequest(null, Object(Config\Cache), false)
 9 FCPATH\index.php(67): CodeIgniter\CodeIgniter->run()
CRITICAL - 2024-05-02 09:32:48 --> Undefined array key "ewc_listing_id"
in APPPATH\Views\sys\view_SetEwc.php on line 19.
 1 APPPATH\Views\sys\view_SetEwc.php(19): CodeIgniter\Debug\Exceptions->errorHandler(2, 'Undefined array key "ewc_listing_id"', 'C:\\xampp\\htdocs\\emslk\\app\\Views\\sys\\view_SetEwc.php', 19)
 2 SYSTEMPATH\View\View.php(224): include('C:\\xampp\\htdocs\\emslk\\app\\Views\\sys\\view_SetEwc.php')
 3 SYSTEMPATH\View\View.php(227): CodeIgniter\View\View->CodeIgniter\View\{closure}()
 4 SYSTEMPATH\Common.php(1176): CodeIgniter\View\View->render('sys/view_SetEwc', [], true)
 5 APPPATH\Controllers\Sys.php(1597): view('sys/view_SetEwc', [...])
 6 SYSTEMPATH\CodeIgniter.php(932): App\Controllers\Sys->viewListingSetItemsEwc('1714285836')
 7 SYSTEMPATH\CodeIgniter.php(497): CodeIgniter\CodeIgniter->runController(Object(App\Controllers\Sys))
 8 SYSTEMPATH\CodeIgniter.php(366): CodeIgniter\CodeIgniter->handleRequest(null, Object(Config\Cache), false)
 9 FCPATH\index.php(67): CodeIgniter\CodeIgniter->run()
CRITICAL - 2024-05-02 09:33:03 --> Undefined array key "ewc_listing_id"
in APPPATH\Views\sys\view_SetEwc.php on line 19.
 1 APPPATH\Views\sys\view_SetEwc.php(19): CodeIgniter\Debug\Exceptions->errorHandler(2, 'Undefined array key "ewc_listing_id"', 'C:\\xampp\\htdocs\\emslk\\app\\Views\\sys\\view_SetEwc.php', 19)
 2 SYSTEMPATH\View\View.php(224): include('C:\\xampp\\htdocs\\emslk\\app\\Views\\sys\\view_SetEwc.php')
 3 SYSTEMPATH\View\View.php(227): CodeIgniter\View\View->CodeIgniter\View\{closure}()
 4 SYSTEMPATH\Common.php(1176): CodeIgniter\View\View->render('sys/view_SetEwc', [], true)
 5 APPPATH\Controllers\Sys.php(1597): view('sys/view_SetEwc', [...])
 6 SYSTEMPATH\CodeIgniter.php(932): App\Controllers\Sys->viewListingSetItemsEwc('1714285836')
 7 SYSTEMPATH\CodeIgniter.php(497): CodeIgniter\CodeIgniter->runController(Object(App\Controllers\Sys))
 8 SYSTEMPATH\CodeIgniter.php(366): CodeIgniter\CodeIgniter->handleRequest(null, Object(Config\Cache), false)
 9 FCPATH\index.php(67): CodeIgniter\CodeIgniter->run()
CRITICAL - 2024-05-02 09:34:53 --> Undefined array key "ewc_listing_id"
in APPPATH\Views\sys\view_SetEwc.php on line 19.
 1 APPPATH\Views\sys\view_SetEwc.php(19): CodeIgniter\Debug\Exceptions->errorHandler(2, 'Undefined array key "ewc_listing_id"', 'C:\\xampp\\htdocs\\emslk\\app\\Views\\sys\\view_SetEwc.php', 19)
 2 SYSTEMPATH\View\View.php(224): include('C:\\xampp\\htdocs\\emslk\\app\\Views\\sys\\view_SetEwc.php')
 3 SYSTEMPATH\View\View.php(227): CodeIgniter\View\View->CodeIgniter\View\{closure}()
 4 SYSTEMPATH\Common.php(1176): CodeIgniter\View\View->render('sys/view_SetEwc', [], true)
 5 APPPATH\Controllers\Sys.php(1597): view('sys/view_SetEwc', [...])
 6 SYSTEMPATH\CodeIgniter.php(932): App\Controllers\Sys->viewListingSetItemsEwc('1714285836')
 7 SYSTEMPATH\CodeIgniter.php(497): CodeIgniter\CodeIgniter->runController(Object(App\Controllers\Sys))
 8 SYSTEMPATH\CodeIgniter.php(366): CodeIgniter\CodeIgniter->handleRequest(null, Object(Config\Cache), false)
 9 FCPATH\index.php(67): CodeIgniter\CodeIgniter->run()
CRITICAL - 2024-05-02 09:40:06 --> Undefined array key 0
in APPPATH\Views\sys\view_SetEwc.php on line 26.
 1 APPPATH\Views\sys\view_SetEwc.php(26): CodeIgniter\Debug\Exceptions->errorHandler(2, 'Undefined array key 0', 'C:\\xampp\\htdocs\\emslk\\app\\Views\\sys\\view_SetEwc.php', 26)
 2 SYSTEMPATH\View\View.php(224): include('C:\\xampp\\htdocs\\emslk\\app\\Views\\sys\\view_SetEwc.php')
 3 SYSTEMPATH\View\View.php(227): CodeIgniter\View\View->CodeIgniter\View\{closure}()
 4 SYSTEMPATH\Common.php(1176): CodeIgniter\View\View->render('sys/view_SetEwc', [], true)
 5 APPPATH\Controllers\Sys.php(1597): view('sys/view_SetEwc', [...])
 6 SYSTEMPATH\CodeIgniter.php(932): App\Controllers\Sys->viewListingSetItemsEwc('1714285836')
 7 SYSTEMPATH\CodeIgniter.php(497): CodeIgniter\CodeIgniter->runController(Object(App\Controllers\Sys))
 8 SYSTEMPATH\CodeIgniter.php(366): CodeIgniter\CodeIgniter->handleRequest(null, Object(Config\Cache), false)
 9 FCPATH\index.php(67): CodeIgniter\CodeIgniter->run()
CRITICAL - 2024-05-02 09:43:28 --> Undefined array key 0
in APPPATH\Views\sys\view_SetEwc.php on line 26.
 1 APPPATH\Views\sys\view_SetEwc.php(26): CodeIgniter\Debug\Exceptions->errorHandler(2, 'Undefined array key 0', 'C:\\xampp\\htdocs\\emslk\\app\\Views\\sys\\view_SetEwc.php', 26)
 2 SYSTEMPATH\View\View.php(224): include('C:\\xampp\\htdocs\\emslk\\app\\Views\\sys\\view_SetEwc.php')
 3 SYSTEMPATH\View\View.php(227): CodeIgniter\View\View->CodeIgniter\View\{closure}()
 4 SYSTEMPATH\Common.php(1176): CodeIgniter\View\View->render('sys/view_SetEwc', [], true)
 5 APPPATH\Controllers\Sys.php(1597): view('sys/view_SetEwc', [...])
 6 SYSTEMPATH\CodeIgniter.php(932): App\Controllers\Sys->viewListingSetItemsEwc('1714285836')
 7 SYSTEMPATH\CodeIgniter.php(497): CodeIgniter\CodeIgniter->runController(Object(App\Controllers\Sys))
 8 SYSTEMPATH\CodeIgniter.php(366): CodeIgniter\CodeIgniter->handleRequest(null, Object(Config\Cache), false)
 9 FCPATH\index.php(67): CodeIgniter\CodeIgniter->run()
