CRITICAL - 2024-02-17 07:24:07 --> syntax error, unexpected token "echo", expecting "function" or "const"
in APPPATH\Controllers\Sys.php on line 572.
 1 SYSTEMPATH\Router\Router.php(510): CodeIgniter\Router\AutoRouter->getRoute('/sys/collectItem/8', 'get')
 2 SYSTEMPATH\Router\Router.php(208): CodeIgniter\Router\Router->autoRoute('/sys/collectItem/8')
 3 SYSTEMPATH\CodeIgniter.php(813): CodeIgniter\Router\Router->handle('/sys/collectItem/8')
 4 SYSTEMPATH\CodeIgniter.php(447): CodeIgniter\CodeIgniter->tryToRouteIt(Object(CodeIgniter\Router\RouteCollection))
 5 SYSTEMPATH\CodeIgniter.php(366): CodeIgniter\CodeIgniter->handleRequest(null, Object(Config\Cache), false)
 6 FCPATH\index.php(67): CodeIgniter\CodeIgniter->run()
CRITICAL - 2024-02-17 07:24:24 --> syntax error, unexpected token "echo", expecting "function" or "const"
in APPPATH\Controllers\Sys.php on line 572.
 1 SYSTEMPATH\Router\Router.php(510): CodeIgniter\Router\AutoRouter->getRoute('/sys/dashboard', 'get')
 2 SYSTEMPATH\Router\Router.php(208): CodeIgniter\Router\Router->autoRoute('/sys/dashboard')
 3 SYSTEMPATH\CodeIgniter.php(813): CodeIgniter\Router\Router->handle('/sys/dashboard')
 4 SYSTEMPATH\CodeIgniter.php(447): CodeIgniter\CodeIgniter->tryToRouteIt(Object(CodeIgniter\Router\RouteCollection))
 5 SYSTEMPATH\CodeIgniter.php(366): CodeIgniter\CodeIgniter->handleRequest(null, Object(Config\Cache), false)
 6 FCPATH\index.php(67): CodeIgniter\CodeIgniter->run()
CRITICAL - 2024-02-17 07:29:06 --> Trying to access array offset on value of type null
in APPPATH\Views\sys\detailed_view.php on line 21.
 1 APPPATH\Views\sys\detailed_view.php(21): CodeIgniter\Debug\Exceptions->errorHandler(2, 'Trying to access array offset on value of type null', 'C:\\xampp\\htdocs\\ewms\\app\\Views\\sys\\detailed_view.php', 21)
 2 SYSTEMPATH\View\View.php(224): include('C:\\xampp\\htdocs\\ewms\\app\\Views\\sys\\detailed_view.php')
 3 SYSTEMPATH\View\View.php(227): CodeIgniter\View\View->CodeIgniter\View\{closure}()
 4 SYSTEMPATH\Common.php(1176): CodeIgniter\View\View->render('sys/detailed_view', [], true)
 5 APPPATH\Controllers\Sys.php(209): view('sys/detailed_view', [...])
 6 SYSTEMPATH\CodeIgniter.php(932): App\Controllers\Sys->detailedView('assets', 'img', 'messages-1.jpg')
 7 SYSTEMPATH\CodeIgniter.php(497): CodeIgniter\CodeIgniter->runController(Object(App\Controllers\Sys))
 8 SYSTEMPATH\CodeIgniter.php(366): CodeIgniter\CodeIgniter->handleRequest(null, Object(Config\Cache), false)
 9 FCPATH\index.php(67): CodeIgniter\CodeIgniter->run()
CRITICAL - 2024-02-17 07:29:06 --> Trying to access array offset on value of type null
in APPPATH\Views\sys\detailed_view.php on line 21.
 1 APPPATH\Views\sys\detailed_view.php(21): CodeIgniter\Debug\Exceptions->errorHandler(2, 'Trying to access array offset on value of type null', 'C:\\xampp\\htdocs\\ewms\\app\\Views\\sys\\detailed_view.php', 21)
 2 SYSTEMPATH\View\View.php(224): include('C:\\xampp\\htdocs\\ewms\\app\\Views\\sys\\detailed_view.php')
 3 SYSTEMPATH\View\View.php(227): CodeIgniter\View\View->CodeIgniter\View\{closure}()
 4 SYSTEMPATH\Common.php(1176): CodeIgniter\View\View->render('sys/detailed_view', [], true)
 5 APPPATH\Controllers\Sys.php(209): view('sys/detailed_view', [...])
 6 SYSTEMPATH\CodeIgniter.php(932): App\Controllers\Sys->detailedView('assets', 'img', 'messages-2.jpg')
 7 SYSTEMPATH\CodeIgniter.php(497): CodeIgniter\CodeIgniter->runController(Object(App\Controllers\Sys))
 8 SYSTEMPATH\CodeIgniter.php(366): CodeIgniter\CodeIgniter->handleRequest(null, Object(Config\Cache), false)
 9 FCPATH\index.php(67): CodeIgniter\CodeIgniter->run()
CRITICAL - 2024-02-17 07:29:06 --> Trying to access array offset on value of type null
in APPPATH\Views\sys\detailed_view.php on line 21.
 1 APPPATH\Views\sys\detailed_view.php(21): CodeIgniter\Debug\Exceptions->errorHandler(2, 'Trying to access array offset on value of type null', 'C:\\xampp\\htdocs\\ewms\\app\\Views\\sys\\detailed_view.php', 21)
 2 SYSTEMPATH\View\View.php(224): include('C:\\xampp\\htdocs\\ewms\\app\\Views\\sys\\detailed_view.php')
 3 SYSTEMPATH\View\View.php(227): CodeIgniter\View\View->CodeIgniter\View\{closure}()
 4 SYSTEMPATH\Common.php(1176): CodeIgniter\View\View->render('sys/detailed_view', [], true)
 5 APPPATH\Controllers\Sys.php(209): view('sys/detailed_view', [...])
 6 SYSTEMPATH\CodeIgniter.php(932): App\Controllers\Sys->detailedView('assets', 'img', 'messages-3.jpg')
 7 SYSTEMPATH\CodeIgniter.php(497): CodeIgniter\CodeIgniter->runController(Object(App\Controllers\Sys))
 8 SYSTEMPATH\CodeIgniter.php(366): CodeIgniter\CodeIgniter->handleRequest(null, Object(Config\Cache), false)
 9 FCPATH\index.php(67): CodeIgniter\CodeIgniter->run()
CRITICAL - 2024-02-17 08:13:22 --> Class "App\Models\EwcInventoryModel" not found
in APPPATH\Controllers\Sys.php on line 512.
 1 SYSTEMPATH\CodeIgniter.php(932): App\Controllers\Sys->submitInventoryUpdate()
 2 SYSTEMPATH\CodeIgniter.php(497): CodeIgniter\CodeIgniter->runController(Object(App\Controllers\Sys))
 3 SYSTEMPATH\CodeIgniter.php(366): CodeIgniter\CodeIgniter->handleRequest(null, Object(Config\Cache), false)
 4 FCPATH\index.php(67): CodeIgniter\CodeIgniter->run()
CRITICAL - 2024-02-17 08:14:30 --> Class "App\Models\EwcInventoryModel" not found
in APPPATH\Controllers\Sys.php on line 512.
 1 SYSTEMPATH\CodeIgniter.php(932): App\Controllers\Sys->submitInventoryUpdate()
 2 SYSTEMPATH\CodeIgniter.php(497): CodeIgniter\CodeIgniter->runController(Object(App\Controllers\Sys))
 3 SYSTEMPATH\CodeIgniter.php(366): CodeIgniter\CodeIgniter->handleRequest(null, Object(Config\Cache), false)
 4 FCPATH\index.php(67): CodeIgniter\CodeIgniter->run()
CRITICAL - 2024-02-17 08:27:38 --> Undefined variable $item
in APPPATH\Views\sys\alteration_form.php on line 12.
 1 APPPATH\Views\sys\alteration_form.php(12): CodeIgniter\Debug\Exceptions->errorHandler(2, 'Undefined variable $item', 'C:\\xampp\\htdocs\\ewms\\app\\Views\\sys\\alteration_form.php', 12)
 2 SYSTEMPATH\View\View.php(224): include('C:\\xampp\\htdocs\\ewms\\app\\Views\\sys\\alteration_form.php')
 3 SYSTEMPATH\View\View.php(227): CodeIgniter\View\View->CodeIgniter\View\{closure}()
 4 SYSTEMPATH\Common.php(1176): CodeIgniter\View\View->render('sys/alteration_form', [], true)
 5 APPPATH\Controllers\Sys.php(569): view('sys/alteration_form', [...])
 6 SYSTEMPATH\CodeIgniter.php(932): App\Controllers\Sys->submitInventoryUpdate()
 7 SYSTEMPATH\CodeIgniter.php(497): CodeIgniter\CodeIgniter->runController(Object(App\Controllers\Sys))
 8 SYSTEMPATH\CodeIgniter.php(366): CodeIgniter\CodeIgniter->handleRequest(null, Object(Config\Cache), false)
 9 FCPATH\index.php(67): CodeIgniter\CodeIgniter->run()
CRITICAL - 2024-02-17 08:27:46 --> Undefined variable $item
in APPPATH\Views\sys\alteration_form.php on line 12.
 1 APPPATH\Views\sys\alteration_form.php(12): CodeIgniter\Debug\Exceptions->errorHandler(2, 'Undefined variable $item', 'C:\\xampp\\htdocs\\ewms\\app\\Views\\sys\\alteration_form.php', 12)
 2 SYSTEMPATH\View\View.php(224): include('C:\\xampp\\htdocs\\ewms\\app\\Views\\sys\\alteration_form.php')
 3 SYSTEMPATH\View\View.php(227): CodeIgniter\View\View->CodeIgniter\View\{closure}()
 4 SYSTEMPATH\Common.php(1176): CodeIgniter\View\View->render('sys/alteration_form', [], true)
 5 APPPATH\Controllers\Sys.php(569): view('sys/alteration_form', [...])
 6 SYSTEMPATH\CodeIgniter.php(932): App\Controllers\Sys->submitInventoryUpdate()
 7 SYSTEMPATH\CodeIgniter.php(497): CodeIgniter\CodeIgniter->runController(Object(App\Controllers\Sys))
 8 SYSTEMPATH\CodeIgniter.php(366): CodeIgniter\CodeIgniter->handleRequest(null, Object(Config\Cache), false)
 9 FCPATH\index.php(67): CodeIgniter\CodeIgniter->run()
CRITICAL - 2024-02-17 11:33:44 --> Invalid file: "sys/dashboard.php"
in SYSTEMPATH\Exceptions\FrameworkException.php on line 33.
 1 SYSTEMPATH\View\View.php(212): CodeIgniter\Exceptions\FrameworkException::forInvalidFile('sys/dashboard.php')
 2 SYSTEMPATH\Common.php(1176): CodeIgniter\View\View->render('sys/dashboard', [], true)
 3 APPPATH\Controllers\Sys.php(770): view('sys/dashboard', [...])
 4 SYSTEMPATH\CodeIgniter.php(932): App\Controllers\Sys->displayEwrBiddingForm('assets', 'img', 'messages-2.jpg')
 5 SYSTEMPATH\CodeIgniter.php(497): CodeIgniter\CodeIgniter->runController(Object(App\Controllers\Sys))
 6 SYSTEMPATH\CodeIgniter.php(366): CodeIgniter\CodeIgniter->handleRequest(null, Object(Config\Cache), false)
 7 FCPATH\index.php(67): CodeIgniter\CodeIgniter->run()
CRITICAL - 2024-02-17 11:33:44 --> Invalid file: "sys/dashboard.php"
in SYSTEMPATH\Exceptions\FrameworkException.php on line 33.
 1 SYSTEMPATH\View\View.php(212): CodeIgniter\Exceptions\FrameworkException::forInvalidFile('sys/dashboard.php')
 2 SYSTEMPATH\Common.php(1176): CodeIgniter\View\View->render('sys/dashboard', [], true)
 3 APPPATH\Controllers\Sys.php(770): view('sys/dashboard', [...])
 4 SYSTEMPATH\CodeIgniter.php(932): App\Controllers\Sys->displayEwrBiddingForm('assets', 'img', 'messages-3.jpg')
 5 SYSTEMPATH\CodeIgniter.php(497): CodeIgniter\CodeIgniter->runController(Object(App\Controllers\Sys))
 6 SYSTEMPATH\CodeIgniter.php(366): CodeIgniter\CodeIgniter->handleRequest(null, Object(Config\Cache), false)
 7 FCPATH\index.php(67): CodeIgniter\CodeIgniter->run()
CRITICAL - 2024-02-17 11:33:44 --> Invalid file: "sys/dashboard.php"
in SYSTEMPATH\Exceptions\FrameworkException.php on line 33.
 1 SYSTEMPATH\View\View.php(212): CodeIgniter\Exceptions\FrameworkException::forInvalidFile('sys/dashboard.php')
 2 SYSTEMPATH\Common.php(1176): CodeIgniter\View\View->render('sys/dashboard', [], true)
 3 APPPATH\Controllers\Sys.php(770): view('sys/dashboard', [...])
 4 SYSTEMPATH\CodeIgniter.php(932): App\Controllers\Sys->displayEwrBiddingForm('assets', 'img', 'messages-1.jpg')
 5 SYSTEMPATH\CodeIgniter.php(497): CodeIgniter\CodeIgniter->runController(Object(App\Controllers\Sys))
 6 SYSTEMPATH\CodeIgniter.php(366): CodeIgniter\CodeIgniter->handleRequest(null, Object(Config\Cache), false)
 7 FCPATH\index.php(67): CodeIgniter\CodeIgniter->run()
CRITICAL - 2024-02-17 11:33:59 --> Invalid file: "sys/dashboard.php"
in SYSTEMPATH\Exceptions\FrameworkException.php on line 33.
 1 SYSTEMPATH\View\View.php(212): CodeIgniter\Exceptions\FrameworkException::forInvalidFile('sys/dashboard.php')
 2 SYSTEMPATH\Common.php(1176): CodeIgniter\View\View->render('sys/dashboard', [], true)
 3 APPPATH\Controllers\Sys.php(770): view('sys/dashboard', [...])
 4 SYSTEMPATH\CodeIgniter.php(932): App\Controllers\Sys->displayEwrBiddingForm('assets', 'img', 'messages-2.jpg')
 5 SYSTEMPATH\CodeIgniter.php(497): CodeIgniter\CodeIgniter->runController(Object(App\Controllers\Sys))
 6 SYSTEMPATH\CodeIgniter.php(366): CodeIgniter\CodeIgniter->handleRequest(null, Object(Config\Cache), false)
 7 FCPATH\index.php(67): CodeIgniter\CodeIgniter->run()
CRITICAL - 2024-02-17 11:33:59 --> Invalid file: "sys/dashboard.php"
in SYSTEMPATH\Exceptions\FrameworkException.php on line 33.
 1 SYSTEMPATH\View\View.php(212): CodeIgniter\Exceptions\FrameworkException::forInvalidFile('sys/dashboard.php')
 2 SYSTEMPATH\Common.php(1176): CodeIgniter\View\View->render('sys/dashboard', [], true)
 3 APPPATH\Controllers\Sys.php(770): view('sys/dashboard', [...])
 4 SYSTEMPATH\CodeIgniter.php(932): App\Controllers\Sys->displayEwrBiddingForm('assets', 'img', 'messages-1.jpg')
 5 SYSTEMPATH\CodeIgniter.php(497): CodeIgniter\CodeIgniter->runController(Object(App\Controllers\Sys))
 6 SYSTEMPATH\CodeIgniter.php(366): CodeIgniter\CodeIgniter->handleRequest(null, Object(Config\Cache), false)
 7 FCPATH\index.php(67): CodeIgniter\CodeIgniter->run()
CRITICAL - 2024-02-17 11:33:59 --> Invalid file: "sys/dashboard.php"
in SYSTEMPATH\Exceptions\FrameworkException.php on line 33.
 1 SYSTEMPATH\View\View.php(212): CodeIgniter\Exceptions\FrameworkException::forInvalidFile('sys/dashboard.php')
 2 SYSTEMPATH\Common.php(1176): CodeIgniter\View\View->render('sys/dashboard', [], true)
 3 APPPATH\Controllers\Sys.php(770): view('sys/dashboard', [...])
 4 SYSTEMPATH\CodeIgniter.php(932): App\Controllers\Sys->displayEwrBiddingForm('assets', 'img', 'messages-3.jpg')
 5 SYSTEMPATH\CodeIgniter.php(497): CodeIgniter\CodeIgniter->runController(Object(App\Controllers\Sys))
 6 SYSTEMPATH\CodeIgniter.php(366): CodeIgniter\CodeIgniter->handleRequest(null, Object(Config\Cache), false)
 7 FCPATH\index.php(67): CodeIgniter\CodeIgniter->run()
CRITICAL - 2024-02-17 12:20:54 --> Trying to access array offset on value of type null
in APPPATH\Controllers\Sys.php on line 1102.
 1 APPPATH\Controllers\Sys.php(1102): CodeIgniter\Debug\Exceptions->errorHandler(2, 'Trying to access array offset on value of type null', 'C:\\xampp\\htdocs\\ewms\\app\\Controllers\\Sys.php', 1102)
 2 SYSTEMPATH\CodeIgniter.php(932): App\Controllers\Sys->viewBidsewc('assets', 'img', 'messages-1.jpg')
 3 SYSTEMPATH\CodeIgniter.php(497): CodeIgniter\CodeIgniter->runController(Object(App\Controllers\Sys))
 4 SYSTEMPATH\CodeIgniter.php(366): CodeIgniter\CodeIgniter->handleRequest(null, Object(Config\Cache), false)
 5 FCPATH\index.php(67): CodeIgniter\CodeIgniter->run()
CRITICAL - 2024-02-17 12:20:54 --> Trying to access array offset on value of type null
in APPPATH\Controllers\Sys.php on line 1102.
 1 APPPATH\Controllers\Sys.php(1102): CodeIgniter\Debug\Exceptions->errorHandler(2, 'Trying to access array offset on value of type null', 'C:\\xampp\\htdocs\\ewms\\app\\Controllers\\Sys.php', 1102)
 2 SYSTEMPATH\CodeIgniter.php(932): App\Controllers\Sys->viewBidsewc('assets', 'img', 'messages-2.jpg')
 3 SYSTEMPATH\CodeIgniter.php(497): CodeIgniter\CodeIgniter->runController(Object(App\Controllers\Sys))
 4 SYSTEMPATH\CodeIgniter.php(366): CodeIgniter\CodeIgniter->handleRequest(null, Object(Config\Cache), false)
 5 FCPATH\index.php(67): CodeIgniter\CodeIgniter->run()
CRITICAL - 2024-02-17 12:20:54 --> Trying to access array offset on value of type null
in APPPATH\Controllers\Sys.php on line 1102.
 1 APPPATH\Controllers\Sys.php(1102): CodeIgniter\Debug\Exceptions->errorHandler(2, 'Trying to access array offset on value of type null', 'C:\\xampp\\htdocs\\ewms\\app\\Controllers\\Sys.php', 1102)
 2 SYSTEMPATH\CodeIgniter.php(932): App\Controllers\Sys->viewBidsewc('assets', 'img', 'messages-3.jpg')
 3 SYSTEMPATH\CodeIgniter.php(497): CodeIgniter\CodeIgniter->runController(Object(App\Controllers\Sys))
 4 SYSTEMPATH\CodeIgniter.php(366): CodeIgniter\CodeIgniter->handleRequest(null, Object(Config\Cache), false)
 5 FCPATH\index.php(67): CodeIgniter\CodeIgniter->run()
CRITICAL - 2024-02-17 19:01:42 --> Trying to access array offset on value of type null
in APPPATH\Views\sys\detailed_view.php on line 21.
 1 APPPATH\Views\sys\detailed_view.php(21): CodeIgniter\Debug\Exceptions->errorHandler(2, 'Trying to access array offset on value of type null', 'C:\\xampp\\htdocs\\ewms\\app\\Views\\sys\\detailed_view.php', 21)
 2 SYSTEMPATH\View\View.php(224): include('C:\\xampp\\htdocs\\ewms\\app\\Views\\sys\\detailed_view.php')
 3 SYSTEMPATH\View\View.php(227): CodeIgniter\View\View->CodeIgniter\View\{closure}()
 4 SYSTEMPATH\Common.php(1176): CodeIgniter\View\View->render('sys/detailed_view', [], true)
 5 APPPATH\Controllers\Sys.php(209): view('sys/detailed_view', [...])
 6 SYSTEMPATH\CodeIgniter.php(932): App\Controllers\Sys->detailedView('assets', 'img', 'messages-1.jpg')
 7 SYSTEMPATH\CodeIgniter.php(497): CodeIgniter\CodeIgniter->runController(Object(App\Controllers\Sys))
 8 SYSTEMPATH\CodeIgniter.php(366): CodeIgniter\CodeIgniter->handleRequest(null, Object(Config\Cache), false)
 9 FCPATH\index.php(67): CodeIgniter\CodeIgniter->run()
CRITICAL - 2024-02-17 19:01:42 --> Trying to access array offset on value of type null
in APPPATH\Views\sys\detailed_view.php on line 21.
 1 APPPATH\Views\sys\detailed_view.php(21): CodeIgniter\Debug\Exceptions->errorHandler(2, 'Trying to access array offset on value of type null', 'C:\\xampp\\htdocs\\ewms\\app\\Views\\sys\\detailed_view.php', 21)
 2 SYSTEMPATH\View\View.php(224): include('C:\\xampp\\htdocs\\ewms\\app\\Views\\sys\\detailed_view.php')
 3 SYSTEMPATH\View\View.php(227): CodeIgniter\View\View->CodeIgniter\View\{closure}()
 4 SYSTEMPATH\Common.php(1176): CodeIgniter\View\View->render('sys/detailed_view', [], true)
 5 APPPATH\Controllers\Sys.php(209): view('sys/detailed_view', [...])
 6 SYSTEMPATH\CodeIgniter.php(932): App\Controllers\Sys->detailedView('assets', 'img', 'messages-2.jpg')
 7 SYSTEMPATH\CodeIgniter.php(497): CodeIgniter\CodeIgniter->runController(Object(App\Controllers\Sys))
 8 SYSTEMPATH\CodeIgniter.php(366): CodeIgniter\CodeIgniter->handleRequest(null, Object(Config\Cache), false)
 9 FCPATH\index.php(67): CodeIgniter\CodeIgniter->run()
CRITICAL - 2024-02-17 19:01:42 --> Trying to access array offset on value of type null
in APPPATH\Views\sys\detailed_view.php on line 21.
 1 APPPATH\Views\sys\detailed_view.php(21): CodeIgniter\Debug\Exceptions->errorHandler(2, 'Trying to access array offset on value of type null', 'C:\\xampp\\htdocs\\ewms\\app\\Views\\sys\\detailed_view.php', 21)
 2 SYSTEMPATH\View\View.php(224): include('C:\\xampp\\htdocs\\ewms\\app\\Views\\sys\\detailed_view.php')
 3 SYSTEMPATH\View\View.php(227): CodeIgniter\View\View->CodeIgniter\View\{closure}()
 4 SYSTEMPATH\Common.php(1176): CodeIgniter\View\View->render('sys/detailed_view', [], true)
 5 APPPATH\Controllers\Sys.php(209): view('sys/detailed_view', [...])
 6 SYSTEMPATH\CodeIgniter.php(932): App\Controllers\Sys->detailedView('assets', 'img', 'messages-3.jpg')
 7 SYSTEMPATH\CodeIgniter.php(497): CodeIgniter\CodeIgniter->runController(Object(App\Controllers\Sys))
 8 SYSTEMPATH\CodeIgniter.php(366): CodeIgniter\CodeIgniter->handleRequest(null, Object(Config\Cache), false)
 9 FCPATH\index.php(67): CodeIgniter\CodeIgniter->run()
CRITICAL - 2024-02-17 19:01:52 --> Trying to access array offset on value of type null
in APPPATH\Views\sys\detailed_view.php on line 21.
 1 APPPATH\Views\sys\detailed_view.php(21): CodeIgniter\Debug\Exceptions->errorHandler(2, 'Trying to access array offset on value of type null', 'C:\\xampp\\htdocs\\ewms\\app\\Views\\sys\\detailed_view.php', 21)
 2 SYSTEMPATH\View\View.php(224): include('C:\\xampp\\htdocs\\ewms\\app\\Views\\sys\\detailed_view.php')
 3 SYSTEMPATH\View\View.php(227): CodeIgniter\View\View->CodeIgniter\View\{closure}()
 4 SYSTEMPATH\Common.php(1176): CodeIgniter\View\View->render('sys/detailed_view', [], true)
 5 APPPATH\Controllers\Sys.php(209): view('sys/detailed_view', [...])
 6 SYSTEMPATH\CodeIgniter.php(932): App\Controllers\Sys->detailedView('assets', 'img', 'messages-2.jpg')
 7 SYSTEMPATH\CodeIgniter.php(497): CodeIgniter\CodeIgniter->runController(Object(App\Controllers\Sys))
 8 SYSTEMPATH\CodeIgniter.php(366): CodeIgniter\CodeIgniter->handleRequest(null, Object(Config\Cache), false)
 9 FCPATH\index.php(67): CodeIgniter\CodeIgniter->run()
CRITICAL - 2024-02-17 19:01:52 --> Trying to access array offset on value of type null
in APPPATH\Views\sys\detailed_view.php on line 21.
 1 APPPATH\Views\sys\detailed_view.php(21): CodeIgniter\Debug\Exceptions->errorHandler(2, 'Trying to access array offset on value of type null', 'C:\\xampp\\htdocs\\ewms\\app\\Views\\sys\\detailed_view.php', 21)
 2 SYSTEMPATH\View\View.php(224): include('C:\\xampp\\htdocs\\ewms\\app\\Views\\sys\\detailed_view.php')
 3 SYSTEMPATH\View\View.php(227): CodeIgniter\View\View->CodeIgniter\View\{closure}()
 4 SYSTEMPATH\Common.php(1176): CodeIgniter\View\View->render('sys/detailed_view', [], true)
 5 APPPATH\Controllers\Sys.php(209): view('sys/detailed_view', [...])
 6 SYSTEMPATH\CodeIgniter.php(932): App\Controllers\Sys->detailedView('assets', 'img', 'messages-1.jpg')
 7 SYSTEMPATH\CodeIgniter.php(497): CodeIgniter\CodeIgniter->runController(Object(App\Controllers\Sys))
 8 SYSTEMPATH\CodeIgniter.php(366): CodeIgniter\CodeIgniter->handleRequest(null, Object(Config\Cache), false)
 9 FCPATH\index.php(67): CodeIgniter\CodeIgniter->run()
CRITICAL - 2024-02-17 19:01:52 --> Trying to access array offset on value of type null
in APPPATH\Views\sys\detailed_view.php on line 21.
 1 APPPATH\Views\sys\detailed_view.php(21): CodeIgniter\Debug\Exceptions->errorHandler(2, 'Trying to access array offset on value of type null', 'C:\\xampp\\htdocs\\ewms\\app\\Views\\sys\\detailed_view.php', 21)
 2 SYSTEMPATH\View\View.php(224): include('C:\\xampp\\htdocs\\ewms\\app\\Views\\sys\\detailed_view.php')
 3 SYSTEMPATH\View\View.php(227): CodeIgniter\View\View->CodeIgniter\View\{closure}()
 4 SYSTEMPATH\Common.php(1176): CodeIgniter\View\View->render('sys/detailed_view', [], true)
 5 APPPATH\Controllers\Sys.php(209): view('sys/detailed_view', [...])
 6 SYSTEMPATH\CodeIgniter.php(932): App\Controllers\Sys->detailedView('assets', 'img', 'messages-3.jpg')
 7 SYSTEMPATH\CodeIgniter.php(497): CodeIgniter\CodeIgniter->runController(Object(App\Controllers\Sys))
 8 SYSTEMPATH\CodeIgniter.php(366): CodeIgniter\CodeIgniter->handleRequest(null, Object(Config\Cache), false)
 9 FCPATH\index.php(67): CodeIgniter\CodeIgniter->run()
CRITICAL - 2024-02-17 19:28:42 --> Invalid file: "sys/menu_.php"
in SYSTEMPATH\Exceptions\FrameworkException.php on line 33.
 1 SYSTEMPATH\View\View.php(212): CodeIgniter\Exceptions\FrameworkException::forInvalidFile('sys/menu_.php')
 2 SYSTEMPATH\Common.php(1176): CodeIgniter\View\View->render('sys/menu_', [], true)
 3 APPPATH\Controllers\Sys.php(778): view('sys/menu_')
 4 SYSTEMPATH\CodeIgniter.php(932): App\Controllers\Sys->displayEwrBiddingForm('2')
 5 SYSTEMPATH\CodeIgniter.php(497): CodeIgniter\CodeIgniter->runController(Object(App\Controllers\Sys))
 6 SYSTEMPATH\CodeIgniter.php(366): CodeIgniter\CodeIgniter->handleRequest(null, Object(Config\Cache), false)
 7 FCPATH\index.php(67): CodeIgniter\CodeIgniter->run()
CRITICAL - 2024-02-17 19:28:42 --> Invalid file: "sys/dashboard.php"
in SYSTEMPATH\Exceptions\FrameworkException.php on line 33.
 1 SYSTEMPATH\View\View.php(212): CodeIgniter\Exceptions\FrameworkException::forInvalidFile('sys/dashboard.php')
 2 SYSTEMPATH\Common.php(1176): CodeIgniter\View\View->render('sys/dashboard', [], true)
 3 APPPATH\Controllers\Sys.php(770): view('sys/dashboard', [...])
 4 SYSTEMPATH\CodeIgniter.php(932): App\Controllers\Sys->displayEwrBiddingForm('assets', 'img', 'messages-1.jpg')
 5 SYSTEMPATH\CodeIgniter.php(497): CodeIgniter\CodeIgniter->runController(Object(App\Controllers\Sys))
 6 SYSTEMPATH\CodeIgniter.php(366): CodeIgniter\CodeIgniter->handleRequest(null, Object(Config\Cache), false)
 7 FCPATH\index.php(67): CodeIgniter\CodeIgniter->run()
CRITICAL - 2024-02-17 19:28:42 --> Invalid file: "sys/dashboard.php"
in SYSTEMPATH\Exceptions\FrameworkException.php on line 33.
 1 SYSTEMPATH\View\View.php(212): CodeIgniter\Exceptions\FrameworkException::forInvalidFile('sys/dashboard.php')
 2 SYSTEMPATH\Common.php(1176): CodeIgniter\View\View->render('sys/dashboard', [], true)
 3 APPPATH\Controllers\Sys.php(770): view('sys/dashboard', [...])
 4 SYSTEMPATH\CodeIgniter.php(932): App\Controllers\Sys->displayEwrBiddingForm('assets', 'img', 'messages-2.jpg')
 5 SYSTEMPATH\CodeIgniter.php(497): CodeIgniter\CodeIgniter->runController(Object(App\Controllers\Sys))
 6 SYSTEMPATH\CodeIgniter.php(366): CodeIgniter\CodeIgniter->handleRequest(null, Object(Config\Cache), false)
 7 FCPATH\index.php(67): CodeIgniter\CodeIgniter->run()
CRITICAL - 2024-02-17 19:28:42 --> Invalid file: "sys/dashboard.php"
in SYSTEMPATH\Exceptions\FrameworkException.php on line 33.
 1 SYSTEMPATH\View\View.php(212): CodeIgniter\Exceptions\FrameworkException::forInvalidFile('sys/dashboard.php')
 2 SYSTEMPATH\Common.php(1176): CodeIgniter\View\View->render('sys/dashboard', [], true)
 3 APPPATH\Controllers\Sys.php(770): view('sys/dashboard', [...])
 4 SYSTEMPATH\CodeIgniter.php(932): App\Controllers\Sys->displayEwrBiddingForm('assets', 'img', 'messages-3.jpg')
 5 SYSTEMPATH\CodeIgniter.php(497): CodeIgniter\CodeIgniter->runController(Object(App\Controllers\Sys))
 6 SYSTEMPATH\CodeIgniter.php(366): CodeIgniter\CodeIgniter->handleRequest(null, Object(Config\Cache), false)
 7 FCPATH\index.php(67): CodeIgniter\CodeIgniter->run()
CRITICAL - 2024-02-17 19:29:50 --> Invalid file: "sys/dashboard.php"
in SYSTEMPATH\Exceptions\FrameworkException.php on line 33.
 1 SYSTEMPATH\View\View.php(212): CodeIgniter\Exceptions\FrameworkException::forInvalidFile('sys/dashboard.php')
 2 SYSTEMPATH\Common.php(1176): CodeIgniter\View\View->render('sys/dashboard', [], true)
 3 APPPATH\Controllers\Sys.php(770): view('sys/dashboard', [...])
 4 SYSTEMPATH\CodeIgniter.php(932): App\Controllers\Sys->displayEwrBiddingForm('assets', 'img', 'messages-2.jpg')
 5 SYSTEMPATH\CodeIgniter.php(497): CodeIgniter\CodeIgniter->runController(Object(App\Controllers\Sys))
 6 SYSTEMPATH\CodeIgniter.php(366): CodeIgniter\CodeIgniter->handleRequest(null, Object(Config\Cache), false)
 7 FCPATH\index.php(67): CodeIgniter\CodeIgniter->run()
CRITICAL - 2024-02-17 19:29:50 --> Invalid file: "sys/dashboard.php"
in SYSTEMPATH\Exceptions\FrameworkException.php on line 33.
 1 SYSTEMPATH\View\View.php(212): CodeIgniter\Exceptions\FrameworkException::forInvalidFile('sys/dashboard.php')
 2 SYSTEMPATH\Common.php(1176): CodeIgniter\View\View->render('sys/dashboard', [], true)
 3 APPPATH\Controllers\Sys.php(770): view('sys/dashboard', [...])
 4 SYSTEMPATH\CodeIgniter.php(932): App\Controllers\Sys->displayEwrBiddingForm('assets', 'img', 'messages-1.jpg')
 5 SYSTEMPATH\CodeIgniter.php(497): CodeIgniter\CodeIgniter->runController(Object(App\Controllers\Sys))
 6 SYSTEMPATH\CodeIgniter.php(366): CodeIgniter\CodeIgniter->handleRequest(null, Object(Config\Cache), false)
 7 FCPATH\index.php(67): CodeIgniter\CodeIgniter->run()
CRITICAL - 2024-02-17 19:29:50 --> Invalid file: "sys/dashboard.php"
in SYSTEMPATH\Exceptions\FrameworkException.php on line 33.
 1 SYSTEMPATH\View\View.php(212): CodeIgniter\Exceptions\FrameworkException::forInvalidFile('sys/dashboard.php')
 2 SYSTEMPATH\Common.php(1176): CodeIgniter\View\View->render('sys/dashboard', [], true)
 3 APPPATH\Controllers\Sys.php(770): view('sys/dashboard', [...])
 4 SYSTEMPATH\CodeIgniter.php(932): App\Controllers\Sys->displayEwrBiddingForm('assets', 'img', 'messages-3.jpg')
 5 SYSTEMPATH\CodeIgniter.php(497): CodeIgniter\CodeIgniter->runController(Object(App\Controllers\Sys))
 6 SYSTEMPATH\CodeIgniter.php(366): CodeIgniter\CodeIgniter->handleRequest(null, Object(Config\Cache), false)
 7 FCPATH\index.php(67): CodeIgniter\CodeIgniter->run()
CRITICAL - 2024-02-17 20:31:52 --> Trying to access array offset on value of type null
in APPPATH\Views\sys\detailed_view.php on line 21.
 1 APPPATH\Views\sys\detailed_view.php(21): CodeIgniter\Debug\Exceptions->errorHandler(2, 'Trying to access array offset on value of type null', 'C:\\xampp\\htdocs\\ewms\\app\\Views\\sys\\detailed_view.php', 21)
 2 SYSTEMPATH\View\View.php(224): include('C:\\xampp\\htdocs\\ewms\\app\\Views\\sys\\detailed_view.php')
 3 SYSTEMPATH\View\View.php(227): CodeIgniter\View\View->CodeIgniter\View\{closure}()
 4 SYSTEMPATH\Common.php(1176): CodeIgniter\View\View->render('sys/detailed_view', [], true)
 5 APPPATH\Controllers\Sys.php(209): view('sys/detailed_view', [...])
 6 SYSTEMPATH\CodeIgniter.php(932): App\Controllers\Sys->detailedView('assets', 'img', 'messages-1.jpg')
 7 SYSTEMPATH\CodeIgniter.php(497): CodeIgniter\CodeIgniter->runController(Object(App\Controllers\Sys))
 8 SYSTEMPATH\CodeIgniter.php(366): CodeIgniter\CodeIgniter->handleRequest(null, Object(Config\Cache), false)
 9 FCPATH\index.php(67): CodeIgniter\CodeIgniter->run()
CRITICAL - 2024-02-17 20:31:52 --> Trying to access array offset on value of type null
in APPPATH\Views\sys\detailed_view.php on line 21.
 1 APPPATH\Views\sys\detailed_view.php(21): CodeIgniter\Debug\Exceptions->errorHandler(2, 'Trying to access array offset on value of type null', 'C:\\xampp\\htdocs\\ewms\\app\\Views\\sys\\detailed_view.php', 21)
 2 SYSTEMPATH\View\View.php(224): include('C:\\xampp\\htdocs\\ewms\\app\\Views\\sys\\detailed_view.php')
 3 SYSTEMPATH\View\View.php(227): CodeIgniter\View\View->CodeIgniter\View\{closure}()
 4 SYSTEMPATH\Common.php(1176): CodeIgniter\View\View->render('sys/detailed_view', [], true)
 5 APPPATH\Controllers\Sys.php(209): view('sys/detailed_view', [...])
 6 SYSTEMPATH\CodeIgniter.php(932): App\Controllers\Sys->detailedView('assets', 'img', 'messages-3.jpg')
 7 SYSTEMPATH\CodeIgniter.php(497): CodeIgniter\CodeIgniter->runController(Object(App\Controllers\Sys))
 8 SYSTEMPATH\CodeIgniter.php(366): CodeIgniter\CodeIgniter->handleRequest(null, Object(Config\Cache), false)
 9 FCPATH\index.php(67): CodeIgniter\CodeIgniter->run()
CRITICAL - 2024-02-17 20:31:52 --> Trying to access array offset on value of type null
in APPPATH\Views\sys\detailed_view.php on line 21.
 1 APPPATH\Views\sys\detailed_view.php(21): CodeIgniter\Debug\Exceptions->errorHandler(2, 'Trying to access array offset on value of type null', 'C:\\xampp\\htdocs\\ewms\\app\\Views\\sys\\detailed_view.php', 21)
 2 SYSTEMPATH\View\View.php(224): include('C:\\xampp\\htdocs\\ewms\\app\\Views\\sys\\detailed_view.php')
 3 SYSTEMPATH\View\View.php(227): CodeIgniter\View\View->CodeIgniter\View\{closure}()
 4 SYSTEMPATH\Common.php(1176): CodeIgniter\View\View->render('sys/detailed_view', [], true)
 5 APPPATH\Controllers\Sys.php(209): view('sys/detailed_view', [...])
 6 SYSTEMPATH\CodeIgniter.php(932): App\Controllers\Sys->detailedView('assets', 'img', 'messages-2.jpg')
 7 SYSTEMPATH\CodeIgniter.php(497): CodeIgniter\CodeIgniter->runController(Object(App\Controllers\Sys))
 8 SYSTEMPATH\CodeIgniter.php(366): CodeIgniter\CodeIgniter->handleRequest(null, Object(Config\Cache), false)
 9 FCPATH\index.php(67): CodeIgniter\CodeIgniter->run()
CRITICAL - 2024-02-17 21:20:44 --> Invalid file: "sys/dashboard.php"
in SYSTEMPATH\Exceptions\FrameworkException.php on line 33.
 1 SYSTEMPATH\View\View.php(212): CodeIgniter\Exceptions\FrameworkException::forInvalidFile('sys/dashboard.php')
 2 SYSTEMPATH\Common.php(1176): CodeIgniter\View\View->render('sys/dashboard', [], true)
 3 APPPATH\Controllers\Sys.php(734): view('sys/dashboard', [...])
 4 SYSTEMPATH\CodeIgniter.php(932): App\Controllers\Sys->unpublishInventoryItem('assets', 'img', 'messages-3.jpg')
 5 SYSTEMPATH\CodeIgniter.php(497): CodeIgniter\CodeIgniter->runController(Object(App\Controllers\Sys))
 6 SYSTEMPATH\CodeIgniter.php(366): CodeIgniter\CodeIgniter->handleRequest(null, Object(Config\Cache), false)
 7 FCPATH\index.php(67): CodeIgniter\CodeIgniter->run()
CRITICAL - 2024-02-17 21:20:44 --> Invalid file: "sys/dashboard.php"
in SYSTEMPATH\Exceptions\FrameworkException.php on line 33.
 1 SYSTEMPATH\View\View.php(212): CodeIgniter\Exceptions\FrameworkException::forInvalidFile('sys/dashboard.php')
 2 SYSTEMPATH\Common.php(1176): CodeIgniter\View\View->render('sys/dashboard', [], true)
 3 APPPATH\Controllers\Sys.php(734): view('sys/dashboard', [...])
 4 SYSTEMPATH\CodeIgniter.php(932): App\Controllers\Sys->unpublishInventoryItem('assets', 'img', 'messages-1.jpg')
 5 SYSTEMPATH\CodeIgniter.php(497): CodeIgniter\CodeIgniter->runController(Object(App\Controllers\Sys))
 6 SYSTEMPATH\CodeIgniter.php(366): CodeIgniter\CodeIgniter->handleRequest(null, Object(Config\Cache), false)
 7 FCPATH\index.php(67): CodeIgniter\CodeIgniter->run()
CRITICAL - 2024-02-17 21:20:44 --> Invalid file: "sys/dashboard.php"
in SYSTEMPATH\Exceptions\FrameworkException.php on line 33.
 1 SYSTEMPATH\View\View.php(212): CodeIgniter\Exceptions\FrameworkException::forInvalidFile('sys/dashboard.php')
 2 SYSTEMPATH\Common.php(1176): CodeIgniter\View\View->render('sys/dashboard', [], true)
 3 APPPATH\Controllers\Sys.php(734): view('sys/dashboard', [...])
 4 SYSTEMPATH\CodeIgniter.php(932): App\Controllers\Sys->unpublishInventoryItem('assets', 'img', 'messages-2.jpg')
 5 SYSTEMPATH\CodeIgniter.php(497): CodeIgniter\CodeIgniter->runController(Object(App\Controllers\Sys))
 6 SYSTEMPATH\CodeIgniter.php(366): CodeIgniter\CodeIgniter->handleRequest(null, Object(Config\Cache), false)
 7 FCPATH\index.php(67): CodeIgniter\CodeIgniter->run()
CRITICAL - 2024-02-17 21:20:54 --> Invalid file: "sys/dashboard.php"
in SYSTEMPATH\Exceptions\FrameworkException.php on line 33.
 1 SYSTEMPATH\View\View.php(212): CodeIgniter\Exceptions\FrameworkException::forInvalidFile('sys/dashboard.php')
 2 SYSTEMPATH\Common.php(1176): CodeIgniter\View\View->render('sys/dashboard', [], true)
 3 APPPATH\Controllers\Sys.php(734): view('sys/dashboard', [...])
 4 SYSTEMPATH\CodeIgniter.php(932): App\Controllers\Sys->unpublishInventoryItem('assets', 'img', 'messages-1.jpg')
 5 SYSTEMPATH\CodeIgniter.php(497): CodeIgniter\CodeIgniter->runController(Object(App\Controllers\Sys))
 6 SYSTEMPATH\CodeIgniter.php(366): CodeIgniter\CodeIgniter->handleRequest(null, Object(Config\Cache), false)
 7 FCPATH\index.php(67): CodeIgniter\CodeIgniter->run()
CRITICAL - 2024-02-17 21:20:54 --> Invalid file: "sys/dashboard.php"
in SYSTEMPATH\Exceptions\FrameworkException.php on line 33.
 1 SYSTEMPATH\View\View.php(212): CodeIgniter\Exceptions\FrameworkException::forInvalidFile('sys/dashboard.php')
 2 SYSTEMPATH\Common.php(1176): CodeIgniter\View\View->render('sys/dashboard', [], true)
 3 APPPATH\Controllers\Sys.php(734): view('sys/dashboard', [...])
 4 SYSTEMPATH\CodeIgniter.php(932): App\Controllers\Sys->unpublishInventoryItem('assets', 'img', 'messages-3.jpg')
 5 SYSTEMPATH\CodeIgniter.php(497): CodeIgniter\CodeIgniter->runController(Object(App\Controllers\Sys))
 6 SYSTEMPATH\CodeIgniter.php(366): CodeIgniter\CodeIgniter->handleRequest(null, Object(Config\Cache), false)
 7 FCPATH\index.php(67): CodeIgniter\CodeIgniter->run()
CRITICAL - 2024-02-17 21:20:55 --> Invalid file: "sys/dashboard.php"
in SYSTEMPATH\Exceptions\FrameworkException.php on line 33.
 1 SYSTEMPATH\View\View.php(212): CodeIgniter\Exceptions\FrameworkException::forInvalidFile('sys/dashboard.php')
 2 SYSTEMPATH\Common.php(1176): CodeIgniter\View\View->render('sys/dashboard', [], true)
 3 APPPATH\Controllers\Sys.php(734): view('sys/dashboard', [...])
 4 SYSTEMPATH\CodeIgniter.php(932): App\Controllers\Sys->unpublishInventoryItem('assets', 'img', 'messages-2.jpg')
 5 SYSTEMPATH\CodeIgniter.php(497): CodeIgniter\CodeIgniter->runController(Object(App\Controllers\Sys))
 6 SYSTEMPATH\CodeIgniter.php(366): CodeIgniter\CodeIgniter->handleRequest(null, Object(Config\Cache), false)
 7 FCPATH\index.php(67): CodeIgniter\CodeIgniter->run()
CRITICAL - 2024-02-17 21:24:40 --> Invalid file: "sys/dashboard.php"
in SYSTEMPATH\Exceptions\FrameworkException.php on line 33.
 1 SYSTEMPATH\View\View.php(212): CodeIgniter\Exceptions\FrameworkException::forInvalidFile('sys/dashboard.php')
 2 SYSTEMPATH\Common.php(1176): CodeIgniter\View\View->render('sys/dashboard', [], true)
 3 APPPATH\Controllers\Sys.php(734): view('sys/dashboard', [...])
 4 SYSTEMPATH\CodeIgniter.php(932): App\Controllers\Sys->unpublishInventoryItem('assets', 'img', 'messages-1.jpg')
 5 SYSTEMPATH\CodeIgniter.php(497): CodeIgniter\CodeIgniter->runController(Object(App\Controllers\Sys))
 6 SYSTEMPATH\CodeIgniter.php(366): CodeIgniter\CodeIgniter->handleRequest(null, Object(Config\Cache), false)
 7 FCPATH\index.php(67): CodeIgniter\CodeIgniter->run()
CRITICAL - 2024-02-17 21:24:41 --> Invalid file: "sys/dashboard.php"
in SYSTEMPATH\Exceptions\FrameworkException.php on line 33.
 1 SYSTEMPATH\View\View.php(212): CodeIgniter\Exceptions\FrameworkException::forInvalidFile('sys/dashboard.php')
 2 SYSTEMPATH\Common.php(1176): CodeIgniter\View\View->render('sys/dashboard', [], true)
 3 APPPATH\Controllers\Sys.php(734): view('sys/dashboard', [...])
 4 SYSTEMPATH\CodeIgniter.php(932): App\Controllers\Sys->unpublishInventoryItem('assets', 'img', 'messages-2.jpg')
 5 SYSTEMPATH\CodeIgniter.php(497): CodeIgniter\CodeIgniter->runController(Object(App\Controllers\Sys))
 6 SYSTEMPATH\CodeIgniter.php(366): CodeIgniter\CodeIgniter->handleRequest(null, Object(Config\Cache), false)
 7 FCPATH\index.php(67): CodeIgniter\CodeIgniter->run()
CRITICAL - 2024-02-17 21:24:41 --> Invalid file: "sys/dashboard.php"
in SYSTEMPATH\Exceptions\FrameworkException.php on line 33.
 1 SYSTEMPATH\View\View.php(212): CodeIgniter\Exceptions\FrameworkException::forInvalidFile('sys/dashboard.php')
 2 SYSTEMPATH\Common.php(1176): CodeIgniter\View\View->render('sys/dashboard', [], true)
 3 APPPATH\Controllers\Sys.php(734): view('sys/dashboard', [...])
 4 SYSTEMPATH\CodeIgniter.php(932): App\Controllers\Sys->unpublishInventoryItem('assets', 'img', 'messages-3.jpg')
 5 SYSTEMPATH\CodeIgniter.php(497): CodeIgniter\CodeIgniter->runController(Object(App\Controllers\Sys))
 6 SYSTEMPATH\CodeIgniter.php(366): CodeIgniter\CodeIgniter->handleRequest(null, Object(Config\Cache), false)
 7 FCPATH\index.php(67): CodeIgniter\CodeIgniter->run()
CRITICAL - 2024-02-17 21:50:06 --> Invalid file: "sys/dashboard.php"
in SYSTEMPATH\Exceptions\FrameworkException.php on line 33.
 1 SYSTEMPATH\View\View.php(212): CodeIgniter\Exceptions\FrameworkException::forInvalidFile('sys/dashboard.php')
 2 SYSTEMPATH\Common.php(1176): CodeIgniter\View\View->render('sys/dashboard', [], true)
 3 APPPATH\Controllers\Sys.php(734): view('sys/dashboard', [...])
 4 SYSTEMPATH\CodeIgniter.php(932): App\Controllers\Sys->unpublishInventoryItem('assets', 'img', 'messages-1.jpg')
 5 SYSTEMPATH\CodeIgniter.php(497): CodeIgniter\CodeIgniter->runController(Object(App\Controllers\Sys))
 6 SYSTEMPATH\CodeIgniter.php(366): CodeIgniter\CodeIgniter->handleRequest(null, Object(Config\Cache), false)
 7 FCPATH\index.php(67): CodeIgniter\CodeIgniter->run()
CRITICAL - 2024-02-17 21:50:06 --> Invalid file: "sys/dashboard.php"
in SYSTEMPATH\Exceptions\FrameworkException.php on line 33.
 1 SYSTEMPATH\View\View.php(212): CodeIgniter\Exceptions\FrameworkException::forInvalidFile('sys/dashboard.php')
 2 SYSTEMPATH\Common.php(1176): CodeIgniter\View\View->render('sys/dashboard', [], true)
 3 APPPATH\Controllers\Sys.php(734): view('sys/dashboard', [...])
 4 SYSTEMPATH\CodeIgniter.php(932): App\Controllers\Sys->unpublishInventoryItem('assets', 'img', 'messages-3.jpg')
 5 SYSTEMPATH\CodeIgniter.php(497): CodeIgniter\CodeIgniter->runController(Object(App\Controllers\Sys))
 6 SYSTEMPATH\CodeIgniter.php(366): CodeIgniter\CodeIgniter->handleRequest(null, Object(Config\Cache), false)
 7 FCPATH\index.php(67): CodeIgniter\CodeIgniter->run()
CRITICAL - 2024-02-17 21:50:06 --> Invalid file: "sys/dashboard.php"
in SYSTEMPATH\Exceptions\FrameworkException.php on line 33.
 1 SYSTEMPATH\View\View.php(212): CodeIgniter\Exceptions\FrameworkException::forInvalidFile('sys/dashboard.php')
 2 SYSTEMPATH\Common.php(1176): CodeIgniter\View\View->render('sys/dashboard', [], true)
 3 APPPATH\Controllers\Sys.php(734): view('sys/dashboard', [...])
 4 SYSTEMPATH\CodeIgniter.php(932): App\Controllers\Sys->unpublishInventoryItem('assets', 'img', 'messages-2.jpg')
 5 SYSTEMPATH\CodeIgniter.php(497): CodeIgniter\CodeIgniter->runController(Object(App\Controllers\Sys))
 6 SYSTEMPATH\CodeIgniter.php(366): CodeIgniter\CodeIgniter->handleRequest(null, Object(Config\Cache), false)
 7 FCPATH\index.php(67): CodeIgniter\CodeIgniter->run()
CRITICAL - 2024-02-17 21:53:23 --> Invalid file: "sys/dashboard.php"
in SYSTEMPATH\Exceptions\FrameworkException.php on line 33.
 1 SYSTEMPATH\View\View.php(212): CodeIgniter\Exceptions\FrameworkException::forInvalidFile('sys/dashboard.php')
 2 SYSTEMPATH\Common.php(1176): CodeIgniter\View\View->render('sys/dashboard', [], true)
 3 APPPATH\Controllers\Sys.php(734): view('sys/dashboard', [...])
 4 SYSTEMPATH\CodeIgniter.php(932): App\Controllers\Sys->unpublishInventoryItem('assets', 'img', 'messages-1.jpg')
 5 SYSTEMPATH\CodeIgniter.php(497): CodeIgniter\CodeIgniter->runController(Object(App\Controllers\Sys))
 6 SYSTEMPATH\CodeIgniter.php(366): CodeIgniter\CodeIgniter->handleRequest(null, Object(Config\Cache), false)
 7 FCPATH\index.php(67): CodeIgniter\CodeIgniter->run()
CRITICAL - 2024-02-17 21:53:23 --> Invalid file: "sys/dashboard.php"
in SYSTEMPATH\Exceptions\FrameworkException.php on line 33.
 1 SYSTEMPATH\View\View.php(212): CodeIgniter\Exceptions\FrameworkException::forInvalidFile('sys/dashboard.php')
 2 SYSTEMPATH\Common.php(1176): CodeIgniter\View\View->render('sys/dashboard', [], true)
 3 APPPATH\Controllers\Sys.php(734): view('sys/dashboard', [...])
 4 SYSTEMPATH\CodeIgniter.php(932): App\Controllers\Sys->unpublishInventoryItem('assets', 'img', 'messages-2.jpg')
 5 SYSTEMPATH\CodeIgniter.php(497): CodeIgniter\CodeIgniter->runController(Object(App\Controllers\Sys))
 6 SYSTEMPATH\CodeIgniter.php(366): CodeIgniter\CodeIgniter->handleRequest(null, Object(Config\Cache), false)
 7 FCPATH\index.php(67): CodeIgniter\CodeIgniter->run()
CRITICAL - 2024-02-17 21:53:23 --> Invalid file: "sys/dashboard.php"
in SYSTEMPATH\Exceptions\FrameworkException.php on line 33.
 1 SYSTEMPATH\View\View.php(212): CodeIgniter\Exceptions\FrameworkException::forInvalidFile('sys/dashboard.php')
 2 SYSTEMPATH\Common.php(1176): CodeIgniter\View\View->render('sys/dashboard', [], true)
 3 APPPATH\Controllers\Sys.php(734): view('sys/dashboard', [...])
 4 SYSTEMPATH\CodeIgniter.php(932): App\Controllers\Sys->unpublishInventoryItem('assets', 'img', 'messages-3.jpg')
 5 SYSTEMPATH\CodeIgniter.php(497): CodeIgniter\CodeIgniter->runController(Object(App\Controllers\Sys))
 6 SYSTEMPATH\CodeIgniter.php(366): CodeIgniter\CodeIgniter->handleRequest(null, Object(Config\Cache), false)
 7 FCPATH\index.php(67): CodeIgniter\CodeIgniter->run()
CRITICAL - 2024-02-17 22:32:22 --> Invalid file: "sys/dashboard.php"
in SYSTEMPATH\Exceptions\FrameworkException.php on line 33.
 1 SYSTEMPATH\View\View.php(212): CodeIgniter\Exceptions\FrameworkException::forInvalidFile('sys/dashboard.php')
 2 SYSTEMPATH\Common.php(1176): CodeIgniter\View\View->render('sys/dashboard', [], true)
 3 APPPATH\Controllers\Sys.php(734): view('sys/dashboard', [...])
 4 SYSTEMPATH\CodeIgniter.php(932): App\Controllers\Sys->unpublishInventoryItem('assets', 'img', 'messages-1.jpg')
 5 SYSTEMPATH\CodeIgniter.php(497): CodeIgniter\CodeIgniter->runController(Object(App\Controllers\Sys))
 6 SYSTEMPATH\CodeIgniter.php(366): CodeIgniter\CodeIgniter->handleRequest(null, Object(Config\Cache), false)
 7 FCPATH\index.php(67): CodeIgniter\CodeIgniter->run()
CRITICAL - 2024-02-17 22:32:22 --> Invalid file: "sys/dashboard.php"
in SYSTEMPATH\Exceptions\FrameworkException.php on line 33.
 1 SYSTEMPATH\View\View.php(212): CodeIgniter\Exceptions\FrameworkException::forInvalidFile('sys/dashboard.php')
 2 SYSTEMPATH\Common.php(1176): CodeIgniter\View\View->render('sys/dashboard', [], true)
 3 APPPATH\Controllers\Sys.php(734): view('sys/dashboard', [...])
 4 SYSTEMPATH\CodeIgniter.php(932): App\Controllers\Sys->unpublishInventoryItem('assets', 'img', 'messages-2.jpg')
 5 SYSTEMPATH\CodeIgniter.php(497): CodeIgniter\CodeIgniter->runController(Object(App\Controllers\Sys))
 6 SYSTEMPATH\CodeIgniter.php(366): CodeIgniter\CodeIgniter->handleRequest(null, Object(Config\Cache), false)
 7 FCPATH\index.php(67): CodeIgniter\CodeIgniter->run()
CRITICAL - 2024-02-17 22:32:22 --> Invalid file: "sys/dashboard.php"
in SYSTEMPATH\Exceptions\FrameworkException.php on line 33.
 1 SYSTEMPATH\View\View.php(212): CodeIgniter\Exceptions\FrameworkException::forInvalidFile('sys/dashboard.php')
 2 SYSTEMPATH\Common.php(1176): CodeIgniter\View\View->render('sys/dashboard', [], true)
 3 APPPATH\Controllers\Sys.php(734): view('sys/dashboard', [...])
 4 SYSTEMPATH\CodeIgniter.php(932): App\Controllers\Sys->unpublishInventoryItem('assets', 'img', 'messages-3.jpg')
 5 SYSTEMPATH\CodeIgniter.php(497): CodeIgniter\CodeIgniter->runController(Object(App\Controllers\Sys))
 6 SYSTEMPATH\CodeIgniter.php(366): CodeIgniter\CodeIgniter->handleRequest(null, Object(Config\Cache), false)
 7 FCPATH\index.php(67): CodeIgniter\CodeIgniter->run()
CRITICAL - 2024-02-17 22:39:08 --> Invalid file: "sys/dashboard.php"
in SYSTEMPATH\Exceptions\FrameworkException.php on line 33.
 1 SYSTEMPATH\View\View.php(212): CodeIgniter\Exceptions\FrameworkException::forInvalidFile('sys/dashboard.php')
 2 SYSTEMPATH\Common.php(1176): CodeIgniter\View\View->render('sys/dashboard', [], true)
 3 APPPATH\Controllers\Sys.php(734): view('sys/dashboard', [...])
 4 SYSTEMPATH\CodeIgniter.php(932): App\Controllers\Sys->unpublishInventoryItem('assets', 'img', 'messages-1.jpg')
 5 SYSTEMPATH\CodeIgniter.php(497): CodeIgniter\CodeIgniter->runController(Object(App\Controllers\Sys))
 6 SYSTEMPATH\CodeIgniter.php(366): CodeIgniter\CodeIgniter->handleRequest(null, Object(Config\Cache), false)
 7 FCPATH\index.php(67): CodeIgniter\CodeIgniter->run()
CRITICAL - 2024-02-17 22:39:08 --> Invalid file: "sys/dashboard.php"
in SYSTEMPATH\Exceptions\FrameworkException.php on line 33.
 1 SYSTEMPATH\View\View.php(212): CodeIgniter\Exceptions\FrameworkException::forInvalidFile('sys/dashboard.php')
 2 SYSTEMPATH\Common.php(1176): CodeIgniter\View\View->render('sys/dashboard', [], true)
 3 APPPATH\Controllers\Sys.php(734): view('sys/dashboard', [...])
 4 SYSTEMPATH\CodeIgniter.php(932): App\Controllers\Sys->unpublishInventoryItem('assets', 'img', 'messages-2.jpg')
 5 SYSTEMPATH\CodeIgniter.php(497): CodeIgniter\CodeIgniter->runController(Object(App\Controllers\Sys))
 6 SYSTEMPATH\CodeIgniter.php(366): CodeIgniter\CodeIgniter->handleRequest(null, Object(Config\Cache), false)
 7 FCPATH\index.php(67): CodeIgniter\CodeIgniter->run()
CRITICAL - 2024-02-17 22:39:08 --> Invalid file: "sys/dashboard.php"
in SYSTEMPATH\Exceptions\FrameworkException.php on line 33.
 1 SYSTEMPATH\View\View.php(212): CodeIgniter\Exceptions\FrameworkException::forInvalidFile('sys/dashboard.php')
 2 SYSTEMPATH\Common.php(1176): CodeIgniter\View\View->render('sys/dashboard', [], true)
 3 APPPATH\Controllers\Sys.php(734): view('sys/dashboard', [...])
 4 SYSTEMPATH\CodeIgniter.php(932): App\Controllers\Sys->unpublishInventoryItem('assets', 'img', 'messages-3.jpg')
 5 SYSTEMPATH\CodeIgniter.php(497): CodeIgniter\CodeIgniter->runController(Object(App\Controllers\Sys))
 6 SYSTEMPATH\CodeIgniter.php(366): CodeIgniter\CodeIgniter->handleRequest(null, Object(Config\Cache), false)
 7 FCPATH\index.php(67): CodeIgniter\CodeIgniter->run()
CRITICAL - 2024-02-17 22:39:44 --> Invalid file: "sys/dashboard.php"
in SYSTEMPATH\Exceptions\FrameworkException.php on line 33.
 1 SYSTEMPATH\View\View.php(212): CodeIgniter\Exceptions\FrameworkException::forInvalidFile('sys/dashboard.php')
 2 SYSTEMPATH\Common.php(1176): CodeIgniter\View\View->render('sys/dashboard', [], true)
 3 APPPATH\Controllers\Sys.php(734): view('sys/dashboard', [...])
 4 SYSTEMPATH\CodeIgniter.php(932): App\Controllers\Sys->unpublishInventoryItem('assets', 'img', 'messages-2.jpg')
 5 SYSTEMPATH\CodeIgniter.php(497): CodeIgniter\CodeIgniter->runController(Object(App\Controllers\Sys))
 6 SYSTEMPATH\CodeIgniter.php(366): CodeIgniter\CodeIgniter->handleRequest(null, Object(Config\Cache), false)
 7 FCPATH\index.php(67): CodeIgniter\CodeIgniter->run()
CRITICAL - 2024-02-17 22:39:44 --> Invalid file: "sys/dashboard.php"
in SYSTEMPATH\Exceptions\FrameworkException.php on line 33.
 1 SYSTEMPATH\View\View.php(212): CodeIgniter\Exceptions\FrameworkException::forInvalidFile('sys/dashboard.php')
 2 SYSTEMPATH\Common.php(1176): CodeIgniter\View\View->render('sys/dashboard', [], true)
 3 APPPATH\Controllers\Sys.php(734): view('sys/dashboard', [...])
 4 SYSTEMPATH\CodeIgniter.php(932): App\Controllers\Sys->unpublishInventoryItem('assets', 'img', 'messages-1.jpg')
 5 SYSTEMPATH\CodeIgniter.php(497): CodeIgniter\CodeIgniter->runController(Object(App\Controllers\Sys))
 6 SYSTEMPATH\CodeIgniter.php(366): CodeIgniter\CodeIgniter->handleRequest(null, Object(Config\Cache), false)
 7 FCPATH\index.php(67): CodeIgniter\CodeIgniter->run()
CRITICAL - 2024-02-17 22:39:45 --> Invalid file: "sys/dashboard.php"
in SYSTEMPATH\Exceptions\FrameworkException.php on line 33.
 1 SYSTEMPATH\View\View.php(212): CodeIgniter\Exceptions\FrameworkException::forInvalidFile('sys/dashboard.php')
 2 SYSTEMPATH\Common.php(1176): CodeIgniter\View\View->render('sys/dashboard', [], true)
 3 APPPATH\Controllers\Sys.php(734): view('sys/dashboard', [...])
 4 SYSTEMPATH\CodeIgniter.php(932): App\Controllers\Sys->unpublishInventoryItem('assets', 'img', 'messages-3.jpg')
 5 SYSTEMPATH\CodeIgniter.php(497): CodeIgniter\CodeIgniter->runController(Object(App\Controllers\Sys))
 6 SYSTEMPATH\CodeIgniter.php(366): CodeIgniter\CodeIgniter->handleRequest(null, Object(Config\Cache), false)
 7 FCPATH\index.php(67): CodeIgniter\CodeIgniter->run()
CRITICAL - 2024-02-17 22:41:10 --> Invalid file: "sys/dashboard.php"
in SYSTEMPATH\Exceptions\FrameworkException.php on line 33.
 1 SYSTEMPATH\View\View.php(212): CodeIgniter\Exceptions\FrameworkException::forInvalidFile('sys/dashboard.php')
 2 SYSTEMPATH\Common.php(1176): CodeIgniter\View\View->render('sys/dashboard', [], true)
 3 APPPATH\Controllers\Sys.php(734): view('sys/dashboard', [...])
 4 SYSTEMPATH\CodeIgniter.php(932): App\Controllers\Sys->unpublishInventoryItem('assets', 'img', 'messages-2.jpg')
 5 SYSTEMPATH\CodeIgniter.php(497): CodeIgniter\CodeIgniter->runController(Object(App\Controllers\Sys))
 6 SYSTEMPATH\CodeIgniter.php(366): CodeIgniter\CodeIgniter->handleRequest(null, Object(Config\Cache), false)
 7 FCPATH\index.php(67): CodeIgniter\CodeIgniter->run()
CRITICAL - 2024-02-17 22:41:10 --> Invalid file: "sys/dashboard.php"
in SYSTEMPATH\Exceptions\FrameworkException.php on line 33.
 1 SYSTEMPATH\View\View.php(212): CodeIgniter\Exceptions\FrameworkException::forInvalidFile('sys/dashboard.php')
 2 SYSTEMPATH\Common.php(1176): CodeIgniter\View\View->render('sys/dashboard', [], true)
 3 APPPATH\Controllers\Sys.php(734): view('sys/dashboard', [...])
 4 SYSTEMPATH\CodeIgniter.php(932): App\Controllers\Sys->unpublishInventoryItem('assets', 'img', 'messages-3.jpg')
 5 SYSTEMPATH\CodeIgniter.php(497): CodeIgniter\CodeIgniter->runController(Object(App\Controllers\Sys))
 6 SYSTEMPATH\CodeIgniter.php(366): CodeIgniter\CodeIgniter->handleRequest(null, Object(Config\Cache), false)
 7 FCPATH\index.php(67): CodeIgniter\CodeIgniter->run()
CRITICAL - 2024-02-17 22:41:10 --> Invalid file: "sys/dashboard.php"
in SYSTEMPATH\Exceptions\FrameworkException.php on line 33.
 1 SYSTEMPATH\View\View.php(212): CodeIgniter\Exceptions\FrameworkException::forInvalidFile('sys/dashboard.php')
 2 SYSTEMPATH\Common.php(1176): CodeIgniter\View\View->render('sys/dashboard', [], true)
 3 APPPATH\Controllers\Sys.php(734): view('sys/dashboard', [...])
 4 SYSTEMPATH\CodeIgniter.php(932): App\Controllers\Sys->unpublishInventoryItem('assets', 'img', 'messages-1.jpg')
 5 SYSTEMPATH\CodeIgniter.php(497): CodeIgniter\CodeIgniter->runController(Object(App\Controllers\Sys))
 6 SYSTEMPATH\CodeIgniter.php(366): CodeIgniter\CodeIgniter->handleRequest(null, Object(Config\Cache), false)
 7 FCPATH\index.php(67): CodeIgniter\CodeIgniter->run()
CRITICAL - 2024-02-17 22:58:36 --> Invalid file: "sys/dashboard.php"
in SYSTEMPATH\Exceptions\FrameworkException.php on line 33.
 1 SYSTEMPATH\View\View.php(212): CodeIgniter\Exceptions\FrameworkException::forInvalidFile('sys/dashboard.php')
 2 SYSTEMPATH\Common.php(1176): CodeIgniter\View\View->render('sys/dashboard', [], true)
 3 APPPATH\Controllers\Sys.php(734): view('sys/dashboard', [...])
 4 SYSTEMPATH\CodeIgniter.php(932): App\Controllers\Sys->unpublishInventoryItem('assets', 'img', 'messages-2.jpg')
 5 SYSTEMPATH\CodeIgniter.php(497): CodeIgniter\CodeIgniter->runController(Object(App\Controllers\Sys))
 6 SYSTEMPATH\CodeIgniter.php(366): CodeIgniter\CodeIgniter->handleRequest(null, Object(Config\Cache), false)
 7 FCPATH\index.php(67): CodeIgniter\CodeIgniter->run()
CRITICAL - 2024-02-17 22:58:36 --> Invalid file: "sys/dashboard.php"
in SYSTEMPATH\Exceptions\FrameworkException.php on line 33.
 1 SYSTEMPATH\View\View.php(212): CodeIgniter\Exceptions\FrameworkException::forInvalidFile('sys/dashboard.php')
 2 SYSTEMPATH\Common.php(1176): CodeIgniter\View\View->render('sys/dashboard', [], true)
 3 APPPATH\Controllers\Sys.php(734): view('sys/dashboard', [...])
 4 SYSTEMPATH\CodeIgniter.php(932): App\Controllers\Sys->unpublishInventoryItem('assets', 'img', 'messages-1.jpg')
 5 SYSTEMPATH\CodeIgniter.php(497): CodeIgniter\CodeIgniter->runController(Object(App\Controllers\Sys))
 6 SYSTEMPATH\CodeIgniter.php(366): CodeIgniter\CodeIgniter->handleRequest(null, Object(Config\Cache), false)
 7 FCPATH\index.php(67): CodeIgniter\CodeIgniter->run()
CRITICAL - 2024-02-17 22:58:37 --> Invalid file: "sys/dashboard.php"
in SYSTEMPATH\Exceptions\FrameworkException.php on line 33.
 1 SYSTEMPATH\View\View.php(212): CodeIgniter\Exceptions\FrameworkException::forInvalidFile('sys/dashboard.php')
 2 SYSTEMPATH\Common.php(1176): CodeIgniter\View\View->render('sys/dashboard', [], true)
 3 APPPATH\Controllers\Sys.php(734): view('sys/dashboard', [...])
 4 SYSTEMPATH\CodeIgniter.php(932): App\Controllers\Sys->unpublishInventoryItem('assets', 'img', 'messages-3.jpg')
 5 SYSTEMPATH\CodeIgniter.php(497): CodeIgniter\CodeIgniter->runController(Object(App\Controllers\Sys))
 6 SYSTEMPATH\CodeIgniter.php(366): CodeIgniter\CodeIgniter->handleRequest(null, Object(Config\Cache), false)
 7 FCPATH\index.php(67): CodeIgniter\CodeIgniter->run()
CRITICAL - 2024-02-17 23:11:07 --> Invalid file: "sys/dashboard.php"
in SYSTEMPATH\Exceptions\FrameworkException.php on line 33.
 1 SYSTEMPATH\View\View.php(212): CodeIgniter\Exceptions\FrameworkException::forInvalidFile('sys/dashboard.php')
 2 SYSTEMPATH\Common.php(1176): CodeIgniter\View\View->render('sys/dashboard', [], true)
 3 APPPATH\Controllers\Sys.php(734): view('sys/dashboard', [...])
 4 SYSTEMPATH\CodeIgniter.php(932): App\Controllers\Sys->unpublishInventoryItem('assets', 'img', 'messages-1.jpg')
 5 SYSTEMPATH\CodeIgniter.php(497): CodeIgniter\CodeIgniter->runController(Object(App\Controllers\Sys))
 6 SYSTEMPATH\CodeIgniter.php(366): CodeIgniter\CodeIgniter->handleRequest(null, Object(Config\Cache), false)
 7 FCPATH\index.php(67): CodeIgniter\CodeIgniter->run()
CRITICAL - 2024-02-17 23:11:07 --> Invalid file: "sys/dashboard.php"
in SYSTEMPATH\Exceptions\FrameworkException.php on line 33.
 1 SYSTEMPATH\View\View.php(212): CodeIgniter\Exceptions\FrameworkException::forInvalidFile('sys/dashboard.php')
 2 SYSTEMPATH\Common.php(1176): CodeIgniter\View\View->render('sys/dashboard', [], true)
 3 APPPATH\Controllers\Sys.php(734): view('sys/dashboard', [...])
 4 SYSTEMPATH\CodeIgniter.php(932): App\Controllers\Sys->unpublishInventoryItem('assets', 'img', 'messages-3.jpg')
 5 SYSTEMPATH\CodeIgniter.php(497): CodeIgniter\CodeIgniter->runController(Object(App\Controllers\Sys))
 6 SYSTEMPATH\CodeIgniter.php(366): CodeIgniter\CodeIgniter->handleRequest(null, Object(Config\Cache), false)
 7 FCPATH\index.php(67): CodeIgniter\CodeIgniter->run()
CRITICAL - 2024-02-17 23:11:07 --> Invalid file: "sys/dashboard.php"
in SYSTEMPATH\Exceptions\FrameworkException.php on line 33.
 1 SYSTEMPATH\View\View.php(212): CodeIgniter\Exceptions\FrameworkException::forInvalidFile('sys/dashboard.php')
 2 SYSTEMPATH\Common.php(1176): CodeIgniter\View\View->render('sys/dashboard', [], true)
 3 APPPATH\Controllers\Sys.php(734): view('sys/dashboard', [...])
 4 SYSTEMPATH\CodeIgniter.php(932): App\Controllers\Sys->unpublishInventoryItem('assets', 'img', 'messages-2.jpg')
 5 SYSTEMPATH\CodeIgniter.php(497): CodeIgniter\CodeIgniter->runController(Object(App\Controllers\Sys))
 6 SYSTEMPATH\CodeIgniter.php(366): CodeIgniter\CodeIgniter->handleRequest(null, Object(Config\Cache), false)
 7 FCPATH\index.php(67): CodeIgniter\CodeIgniter->run()
CRITICAL - 2024-02-17 23:13:21 --> Invalid file: "sys/dashboard.php"
in SYSTEMPATH\Exceptions\FrameworkException.php on line 33.
 1 SYSTEMPATH\View\View.php(212): CodeIgniter\Exceptions\FrameworkException::forInvalidFile('sys/dashboard.php')
 2 SYSTEMPATH\Common.php(1176): CodeIgniter\View\View->render('sys/dashboard', [], true)
 3 APPPATH\Controllers\Sys.php(734): view('sys/dashboard', [...])
 4 SYSTEMPATH\CodeIgniter.php(932): App\Controllers\Sys->unpublishInventoryItem('assets', 'img', 'messages-2.jpg')
 5 SYSTEMPATH\CodeIgniter.php(497): CodeIgniter\CodeIgniter->runController(Object(App\Controllers\Sys))
 6 SYSTEMPATH\CodeIgniter.php(366): CodeIgniter\CodeIgniter->handleRequest(null, Object(Config\Cache), false)
 7 FCPATH\index.php(67): CodeIgniter\CodeIgniter->run()
CRITICAL - 2024-02-17 23:13:21 --> Invalid file: "sys/dashboard.php"
in SYSTEMPATH\Exceptions\FrameworkException.php on line 33.
 1 SYSTEMPATH\View\View.php(212): CodeIgniter\Exceptions\FrameworkException::forInvalidFile('sys/dashboard.php')
 2 SYSTEMPATH\Common.php(1176): CodeIgniter\View\View->render('sys/dashboard', [], true)
 3 APPPATH\Controllers\Sys.php(734): view('sys/dashboard', [...])
 4 SYSTEMPATH\CodeIgniter.php(932): App\Controllers\Sys->unpublishInventoryItem('assets', 'img', 'messages-1.jpg')
 5 SYSTEMPATH\CodeIgniter.php(497): CodeIgniter\CodeIgniter->runController(Object(App\Controllers\Sys))
 6 SYSTEMPATH\CodeIgniter.php(366): CodeIgniter\CodeIgniter->handleRequest(null, Object(Config\Cache), false)
 7 FCPATH\index.php(67): CodeIgniter\CodeIgniter->run()
CRITICAL - 2024-02-17 23:13:21 --> Invalid file: "sys/dashboard.php"
in SYSTEMPATH\Exceptions\FrameworkException.php on line 33.
 1 SYSTEMPATH\View\View.php(212): CodeIgniter\Exceptions\FrameworkException::forInvalidFile('sys/dashboard.php')
 2 SYSTEMPATH\Common.php(1176): CodeIgniter\View\View->render('sys/dashboard', [], true)
 3 APPPATH\Controllers\Sys.php(734): view('sys/dashboard', [...])
 4 SYSTEMPATH\CodeIgniter.php(932): App\Controllers\Sys->unpublishInventoryItem('assets', 'img', 'messages-3.jpg')
 5 SYSTEMPATH\CodeIgniter.php(497): CodeIgniter\CodeIgniter->runController(Object(App\Controllers\Sys))
 6 SYSTEMPATH\CodeIgniter.php(366): CodeIgniter\CodeIgniter->handleRequest(null, Object(Config\Cache), false)
 7 FCPATH\index.php(67): CodeIgniter\CodeIgniter->run()
CRITICAL - 2024-02-17 23:36:13 --> Invalid file: "sys/dashboard.php"
in SYSTEMPATH\Exceptions\FrameworkException.php on line 33.
 1 SYSTEMPATH\View\View.php(212): CodeIgniter\Exceptions\FrameworkException::forInvalidFile('sys/dashboard.php')
 2 SYSTEMPATH\Common.php(1176): CodeIgniter\View\View->render('sys/dashboard', [], true)
 3 APPPATH\Controllers\Sys.php(734): view('sys/dashboard', [...])
 4 SYSTEMPATH\CodeIgniter.php(932): App\Controllers\Sys->unpublishInventoryItem('assets', 'img', 'messages-1.jpg')
 5 SYSTEMPATH\CodeIgniter.php(497): CodeIgniter\CodeIgniter->runController(Object(App\Controllers\Sys))
 6 SYSTEMPATH\CodeIgniter.php(366): CodeIgniter\CodeIgniter->handleRequest(null, Object(Config\Cache), false)
 7 FCPATH\index.php(67): CodeIgniter\CodeIgniter->run()
CRITICAL - 2024-02-17 23:36:13 --> Invalid file: "sys/dashboard.php"
in SYSTEMPATH\Exceptions\FrameworkException.php on line 33.
 1 SYSTEMPATH\View\View.php(212): CodeIgniter\Exceptions\FrameworkException::forInvalidFile('sys/dashboard.php')
 2 SYSTEMPATH\Common.php(1176): CodeIgniter\View\View->render('sys/dashboard', [], true)
 3 APPPATH\Controllers\Sys.php(734): view('sys/dashboard', [...])
 4 SYSTEMPATH\CodeIgniter.php(932): App\Controllers\Sys->unpublishInventoryItem('assets', 'img', 'messages-2.jpg')
 5 SYSTEMPATH\CodeIgniter.php(497): CodeIgniter\CodeIgniter->runController(Object(App\Controllers\Sys))
 6 SYSTEMPATH\CodeIgniter.php(366): CodeIgniter\CodeIgniter->handleRequest(null, Object(Config\Cache), false)
 7 FCPATH\index.php(67): CodeIgniter\CodeIgniter->run()
CRITICAL - 2024-02-17 23:36:13 --> Invalid file: "sys/dashboard.php"
in SYSTEMPATH\Exceptions\FrameworkException.php on line 33.
 1 SYSTEMPATH\View\View.php(212): CodeIgniter\Exceptions\FrameworkException::forInvalidFile('sys/dashboard.php')
 2 SYSTEMPATH\Common.php(1176): CodeIgniter\View\View->render('sys/dashboard', [], true)
 3 APPPATH\Controllers\Sys.php(734): view('sys/dashboard', [...])
 4 SYSTEMPATH\CodeIgniter.php(932): App\Controllers\Sys->unpublishInventoryItem('assets', 'img', 'messages-3.jpg')
 5 SYSTEMPATH\CodeIgniter.php(497): CodeIgniter\CodeIgniter->runController(Object(App\Controllers\Sys))
 6 SYSTEMPATH\CodeIgniter.php(366): CodeIgniter\CodeIgniter->handleRequest(null, Object(Config\Cache), false)
 7 FCPATH\index.php(67): CodeIgniter\CodeIgniter->run()
CRITICAL - 2024-02-17 23:36:30 --> Invalid file: "sys/dashboard.php"
in SYSTEMPATH\Exceptions\FrameworkException.php on line 33.
 1 SYSTEMPATH\View\View.php(212): CodeIgniter\Exceptions\FrameworkException::forInvalidFile('sys/dashboard.php')
 2 SYSTEMPATH\Common.php(1176): CodeIgniter\View\View->render('sys/dashboard', [], true)
 3 APPPATH\Controllers\Sys.php(734): view('sys/dashboard', [...])
 4 SYSTEMPATH\CodeIgniter.php(932): App\Controllers\Sys->unpublishInventoryItem('assets', 'img', 'messages-2.jpg')
 5 SYSTEMPATH\CodeIgniter.php(497): CodeIgniter\CodeIgniter->runController(Object(App\Controllers\Sys))
 6 SYSTEMPATH\CodeIgniter.php(366): CodeIgniter\CodeIgniter->handleRequest(null, Object(Config\Cache), false)
 7 FCPATH\index.php(67): CodeIgniter\CodeIgniter->run()
CRITICAL - 2024-02-17 23:36:30 --> Invalid file: "sys/dashboard.php"
in SYSTEMPATH\Exceptions\FrameworkException.php on line 33.
 1 SYSTEMPATH\View\View.php(212): CodeIgniter\Exceptions\FrameworkException::forInvalidFile('sys/dashboard.php')
 2 SYSTEMPATH\Common.php(1176): CodeIgniter\View\View->render('sys/dashboard', [], true)
 3 APPPATH\Controllers\Sys.php(734): view('sys/dashboard', [...])
 4 SYSTEMPATH\CodeIgniter.php(932): App\Controllers\Sys->unpublishInventoryItem('assets', 'img', 'messages-1.jpg')
 5 SYSTEMPATH\CodeIgniter.php(497): CodeIgniter\CodeIgniter->runController(Object(App\Controllers\Sys))
 6 SYSTEMPATH\CodeIgniter.php(366): CodeIgniter\CodeIgniter->handleRequest(null, Object(Config\Cache), false)
 7 FCPATH\index.php(67): CodeIgniter\CodeIgniter->run()
CRITICAL - 2024-02-17 23:36:30 --> Invalid file: "sys/dashboard.php"
in SYSTEMPATH\Exceptions\FrameworkException.php on line 33.
 1 SYSTEMPATH\View\View.php(212): CodeIgniter\Exceptions\FrameworkException::forInvalidFile('sys/dashboard.php')
 2 SYSTEMPATH\Common.php(1176): CodeIgniter\View\View->render('sys/dashboard', [], true)
 3 APPPATH\Controllers\Sys.php(734): view('sys/dashboard', [...])
 4 SYSTEMPATH\CodeIgniter.php(932): App\Controllers\Sys->unpublishInventoryItem('assets', 'img', 'messages-3.jpg')
 5 SYSTEMPATH\CodeIgniter.php(497): CodeIgniter\CodeIgniter->runController(Object(App\Controllers\Sys))
 6 SYSTEMPATH\CodeIgniter.php(366): CodeIgniter\CodeIgniter->handleRequest(null, Object(Config\Cache), false)
 7 FCPATH\index.php(67): CodeIgniter\CodeIgniter->run()
CRITICAL - 2024-02-17 23:48:57 --> Call to undefined function set_select()
in APPPATH\Views\sys\ewc_inventory.php on line 18.
 1 SYSTEMPATH\View\View.php(224): include()
 2 SYSTEMPATH\View\View.php(227): CodeIgniter\View\View->CodeIgniter\View\{closure}()
 3 SYSTEMPATH\Common.php(1176): CodeIgniter\View\View->render('sys/ewc_inventory', [], true)
 4 APPPATH\Controllers\Sys.php(1153): view('sys/ewc_inventory', [...])
 5 SYSTEMPATH\CodeIgniter.php(932): App\Controllers\Sys->filter()
 6 SYSTEMPATH\CodeIgniter.php(497): CodeIgniter\CodeIgniter->runController(Object(App\Controllers\Sys))
 7 SYSTEMPATH\CodeIgniter.php(366): CodeIgniter\CodeIgniter->handleRequest(null, Object(Config\Cache), false)
 8 FCPATH\index.php(67): CodeIgniter\CodeIgniter->run()
CRITICAL - 2024-02-17 23:49:29 --> Call to undefined function set_select()
in APPPATH\Views\sys\ewc_inventory.php on line 18.
 1 SYSTEMPATH\View\View.php(224): include()
 2 SYSTEMPATH\View\View.php(227): CodeIgniter\View\View->CodeIgniter\View\{closure}()
 3 SYSTEMPATH\Common.php(1176): CodeIgniter\View\View->render('sys/ewc_inventory', [], true)
 4 APPPATH\Controllers\Sys.php(1153): view('sys/ewc_inventory', [...])
 5 SYSTEMPATH\CodeIgniter.php(932): App\Controllers\Sys->filter()
 6 SYSTEMPATH\CodeIgniter.php(497): CodeIgniter\CodeIgniter->runController(Object(App\Controllers\Sys))
 7 SYSTEMPATH\CodeIgniter.php(366): CodeIgniter\CodeIgniter->handleRequest(null, Object(Config\Cache), false)
 8 FCPATH\index.php(67): CodeIgniter\CodeIgniter->run()
