CRITICAL - 2024-02-24 04:27:34 --> Trying to access array offset on value of type null
in APPPATH\Views\sys\detailed_view.php on line 21.
 1 APPPATH\Views\sys\detailed_view.php(21): CodeIgniter\Debug\Exceptions->errorHandler(2, 'Trying to access array offset on value of type null', 'C:\\xampp\\htdocs\\ewms\\app\\Views\\sys\\detailed_view.php', 21)
 2 SYSTEMPATH\View\View.php(224): include('C:\\xampp\\htdocs\\ewms\\app\\Views\\sys\\detailed_view.php')
 3 SYSTEMPATH\View\View.php(227): CodeIgniter\View\View->CodeIgniter\View\{closure}()
 4 SYSTEMPATH\Common.php(1176): CodeIgniter\View\View->render('sys/detailed_view', [], true)
 5 APPPATH\Controllers\Sys.php(210): view('sys/detailed_view', [...])
 6 SYSTEMPATH\CodeIgniter.php(932): App\Controllers\Sys->detailedView('assets', 'img', 'messages-2.jpg')
 7 SYSTEMPATH\CodeIgniter.php(497): CodeIgniter\CodeIgniter->runController(Object(App\Controllers\Sys))
 8 SYSTEMPATH\CodeIgniter.php(366): CodeIgniter\CodeIgniter->handleRequest(null, Object(Config\Cache), false)
 9 FCPATH\index.php(67): CodeIgniter\CodeIgniter->run()
CRITICAL - 2024-02-24 04:27:34 --> Trying to access array offset on value of type null
in APPPATH\Views\sys\detailed_view.php on line 21.
 1 APPPATH\Views\sys\detailed_view.php(21): CodeIgniter\Debug\Exceptions->errorHandler(2, 'Trying to access array offset on value of type null', 'C:\\xampp\\htdocs\\ewms\\app\\Views\\sys\\detailed_view.php', 21)
 2 SYSTEMPATH\View\View.php(224): include('C:\\xampp\\htdocs\\ewms\\app\\Views\\sys\\detailed_view.php')
 3 SYSTEMPATH\View\View.php(227): CodeIgniter\View\View->CodeIgniter\View\{closure}()
 4 SYSTEMPATH\Common.php(1176): CodeIgniter\View\View->render('sys/detailed_view', [], true)
 5 APPPATH\Controllers\Sys.php(210): view('sys/detailed_view', [...])
 6 SYSTEMPATH\CodeIgniter.php(932): App\Controllers\Sys->detailedView('assets', 'img', 'messages-1.jpg')
 7 SYSTEMPATH\CodeIgniter.php(497): CodeIgniter\CodeIgniter->runController(Object(App\Controllers\Sys))
 8 SYSTEMPATH\CodeIgniter.php(366): CodeIgniter\CodeIgniter->handleRequest(null, Object(Config\Cache), false)
 9 FCPATH\index.php(67): CodeIgniter\CodeIgniter->run()
CRITICAL - 2024-02-24 04:27:34 --> Trying to access array offset on value of type null
in APPPATH\Views\sys\detailed_view.php on line 21.
 1 APPPATH\Views\sys\detailed_view.php(21): CodeIgniter\Debug\Exceptions->errorHandler(2, 'Trying to access array offset on value of type null', 'C:\\xampp\\htdocs\\ewms\\app\\Views\\sys\\detailed_view.php', 21)
 2 SYSTEMPATH\View\View.php(224): include('C:\\xampp\\htdocs\\ewms\\app\\Views\\sys\\detailed_view.php')
 3 SYSTEMPATH\View\View.php(227): CodeIgniter\View\View->CodeIgniter\View\{closure}()
 4 SYSTEMPATH\Common.php(1176): CodeIgniter\View\View->render('sys/detailed_view', [], true)
 5 APPPATH\Controllers\Sys.php(210): view('sys/detailed_view', [...])
 6 SYSTEMPATH\CodeIgniter.php(932): App\Controllers\Sys->detailedView('assets', 'img', 'messages-3.jpg')
 7 SYSTEMPATH\CodeIgniter.php(497): CodeIgniter\CodeIgniter->runController(Object(App\Controllers\Sys))
 8 SYSTEMPATH\CodeIgniter.php(366): CodeIgniter\CodeIgniter->handleRequest(null, Object(Config\Cache), false)
 9 FCPATH\index.php(67): CodeIgniter\CodeIgniter->run()
CRITICAL - 2024-02-24 07:03:05 --> Undefined variable $groupedListings
in APPPATH\Views\sys\ewc_listings.php on line 60.
 1 APPPATH\Views\sys\ewc_listings.php(60): CodeIgniter\Debug\Exceptions->errorHandler(2, 'Undefined variable $groupedListings', 'C:\\xampp\\htdocs\\ewms\\app\\Views\\sys\\ewc_listings.php', 60)
 2 SYSTEMPATH\View\View.php(224): include('C:\\xampp\\htdocs\\ewms\\app\\Views\\sys\\ewc_listings.php')
 3 SYSTEMPATH\View\View.php(227): CodeIgniter\View\View->CodeIgniter\View\{closure}()
 4 SYSTEMPATH\Common.php(1176): CodeIgniter\View\View->render('sys/ewc_listings', [], true)
 5 APPPATH\Controllers\Sys.php(754): view('sys/ewc_listings', [...])
 6 SYSTEMPATH\CodeIgniter.php(932): App\Controllers\Sys->viewEwcListings()
 7 SYSTEMPATH\CodeIgniter.php(497): CodeIgniter\CodeIgniter->runController(Object(App\Controllers\Sys))
 8 SYSTEMPATH\CodeIgniter.php(366): CodeIgniter\CodeIgniter->handleRequest(null, Object(Config\Cache), false)
 9 FCPATH\index.php(67): CodeIgniter\CodeIgniter->run()
CRITICAL - 2024-02-24 11:35:43 --> Cannot access offset of type string on string
in APPPATH\Views\sys\ViewOneSet.php on line 6.
 1 SYSTEMPATH\View\View.php(224): include()
 2 SYSTEMPATH\View\View.php(227): CodeIgniter\View\View->CodeIgniter\View\{closure}()
 3 SYSTEMPATH\Common.php(1176): CodeIgniter\View\View->render('sys/ViewOneSet', [], true)
 4 APPPATH\Controllers\Sys.php(792): view('sys/ViewOneSet', [...])
 5 SYSTEMPATH\CodeIgniter.php(932): App\Controllers\Sys->viewListingSetItems('1708682897')
 6 SYSTEMPATH\CodeIgniter.php(497): CodeIgniter\CodeIgniter->runController(Object(App\Controllers\Sys))
 7 SYSTEMPATH\CodeIgniter.php(366): CodeIgniter\CodeIgniter->handleRequest(null, Object(Config\Cache), false)
 8 FCPATH\index.php(67): CodeIgniter\CodeIgniter->run()
CRITICAL - 2024-02-24 11:35:44 --> Cannot access offset of type string on string
in APPPATH\Views\sys\ViewOneSet.php on line 6.
 1 SYSTEMPATH\View\View.php(224): include()
 2 SYSTEMPATH\View\View.php(227): CodeIgniter\View\View->CodeIgniter\View\{closure}()
 3 SYSTEMPATH\Common.php(1176): CodeIgniter\View\View->render('sys/ViewOneSet', [], true)
 4 APPPATH\Controllers\Sys.php(792): view('sys/ViewOneSet', [...])
 5 SYSTEMPATH\CodeIgniter.php(932): App\Controllers\Sys->viewListingSetItems('assets', 'img', 'messages-1.jpg')
 6 SYSTEMPATH\CodeIgniter.php(497): CodeIgniter\CodeIgniter->runController(Object(App\Controllers\Sys))
 7 SYSTEMPATH\CodeIgniter.php(366): CodeIgniter\CodeIgniter->handleRequest(null, Object(Config\Cache), false)
 8 FCPATH\index.php(67): CodeIgniter\CodeIgniter->run()
CRITICAL - 2024-02-24 11:35:44 --> Cannot access offset of type string on string
in APPPATH\Views\sys\ViewOneSet.php on line 6.
 1 SYSTEMPATH\View\View.php(224): include()
 2 SYSTEMPATH\View\View.php(227): CodeIgniter\View\View->CodeIgniter\View\{closure}()
 3 SYSTEMPATH\Common.php(1176): CodeIgniter\View\View->render('sys/ViewOneSet', [], true)
 4 APPPATH\Controllers\Sys.php(792): view('sys/ViewOneSet', [...])
 5 SYSTEMPATH\CodeIgniter.php(932): App\Controllers\Sys->viewListingSetItems('assets', 'img', 'messages-2.jpg')
 6 SYSTEMPATH\CodeIgniter.php(497): CodeIgniter\CodeIgniter->runController(Object(App\Controllers\Sys))
 7 SYSTEMPATH\CodeIgniter.php(366): CodeIgniter\CodeIgniter->handleRequest(null, Object(Config\Cache), false)
 8 FCPATH\index.php(67): CodeIgniter\CodeIgniter->run()
CRITICAL - 2024-02-24 11:35:44 --> Cannot access offset of type string on string
in APPPATH\Views\sys\ViewOneSet.php on line 6.
 1 SYSTEMPATH\View\View.php(224): include()
 2 SYSTEMPATH\View\View.php(227): CodeIgniter\View\View->CodeIgniter\View\{closure}()
 3 SYSTEMPATH\Common.php(1176): CodeIgniter\View\View->render('sys/ViewOneSet', [], true)
 4 APPPATH\Controllers\Sys.php(792): view('sys/ViewOneSet', [...])
 5 SYSTEMPATH\CodeIgniter.php(932): App\Controllers\Sys->viewListingSetItems('assets', 'img', 'messages-3.jpg')
 6 SYSTEMPATH\CodeIgniter.php(497): CodeIgniter\CodeIgniter->runController(Object(App\Controllers\Sys))
 7 SYSTEMPATH\CodeIgniter.php(366): CodeIgniter\CodeIgniter->handleRequest(null, Object(Config\Cache), false)
 8 FCPATH\index.php(67): CodeIgniter\CodeIgniter->run()
CRITICAL - 2024-02-24 11:41:16 --> Cannot access offset of type string on string
in APPPATH\Views\sys\ViewOneSet.php on line 6.
 1 SYSTEMPATH\View\View.php(224): include()
 2 SYSTEMPATH\View\View.php(227): CodeIgniter\View\View->CodeIgniter\View\{closure}()
 3 SYSTEMPATH\Common.php(1176): CodeIgniter\View\View->render('sys/ViewOneSet', [], true)
 4 APPPATH\Controllers\Sys.php(792): view('sys/ViewOneSet', [...])
 5 SYSTEMPATH\CodeIgniter.php(932): App\Controllers\Sys->viewListingSetItems('1708682897')
 6 SYSTEMPATH\CodeIgniter.php(497): CodeIgniter\CodeIgniter->runController(Object(App\Controllers\Sys))
 7 SYSTEMPATH\CodeIgniter.php(366): CodeIgniter\CodeIgniter->handleRequest(null, Object(Config\Cache), false)
 8 FCPATH\index.php(67): CodeIgniter\CodeIgniter->run()
CRITICAL - 2024-02-24 11:41:16 --> Cannot access offset of type string on string
in APPPATH\Views\sys\ViewOneSet.php on line 6.
 1 SYSTEMPATH\View\View.php(224): include()
 2 SYSTEMPATH\View\View.php(227): CodeIgniter\View\View->CodeIgniter\View\{closure}()
 3 SYSTEMPATH\Common.php(1176): CodeIgniter\View\View->render('sys/ViewOneSet', [], true)
 4 APPPATH\Controllers\Sys.php(792): view('sys/ViewOneSet', [...])
 5 SYSTEMPATH\CodeIgniter.php(932): App\Controllers\Sys->viewListingSetItems('assets', 'img', 'messages-2.jpg')
 6 SYSTEMPATH\CodeIgniter.php(497): CodeIgniter\CodeIgniter->runController(Object(App\Controllers\Sys))
 7 SYSTEMPATH\CodeIgniter.php(366): CodeIgniter\CodeIgniter->handleRequest(null, Object(Config\Cache), false)
 8 FCPATH\index.php(67): CodeIgniter\CodeIgniter->run()
CRITICAL - 2024-02-24 11:41:16 --> Cannot access offset of type string on string
in APPPATH\Views\sys\ViewOneSet.php on line 6.
 1 SYSTEMPATH\View\View.php(224): include()
 2 SYSTEMPATH\View\View.php(227): CodeIgniter\View\View->CodeIgniter\View\{closure}()
 3 SYSTEMPATH\Common.php(1176): CodeIgniter\View\View->render('sys/ViewOneSet', [], true)
 4 APPPATH\Controllers\Sys.php(792): view('sys/ViewOneSet', [...])
 5 SYSTEMPATH\CodeIgniter.php(932): App\Controllers\Sys->viewListingSetItems('assets', 'img', 'messages-1.jpg')
 6 SYSTEMPATH\CodeIgniter.php(497): CodeIgniter\CodeIgniter->runController(Object(App\Controllers\Sys))
 7 SYSTEMPATH\CodeIgniter.php(366): CodeIgniter\CodeIgniter->handleRequest(null, Object(Config\Cache), false)
 8 FCPATH\index.php(67): CodeIgniter\CodeIgniter->run()
CRITICAL - 2024-02-24 11:41:16 --> Cannot access offset of type string on string
in APPPATH\Views\sys\ViewOneSet.php on line 6.
 1 SYSTEMPATH\View\View.php(224): include()
 2 SYSTEMPATH\View\View.php(227): CodeIgniter\View\View->CodeIgniter\View\{closure}()
 3 SYSTEMPATH\Common.php(1176): CodeIgniter\View\View->render('sys/ViewOneSet', [], true)
 4 APPPATH\Controllers\Sys.php(792): view('sys/ViewOneSet', [...])
 5 SYSTEMPATH\CodeIgniter.php(932): App\Controllers\Sys->viewListingSetItems('assets', 'img', 'messages-3.jpg')
 6 SYSTEMPATH\CodeIgniter.php(497): CodeIgniter\CodeIgniter->runController(Object(App\Controllers\Sys))
 7 SYSTEMPATH\CodeIgniter.php(366): CodeIgniter\CodeIgniter->handleRequest(null, Object(Config\Cache), false)
 8 FCPATH\index.php(67): CodeIgniter\CodeIgniter->run()
CRITICAL - 2024-02-24 11:41:17 --> Cannot access offset of type string on string
in APPPATH\Views\sys\ViewOneSet.php on line 6.
 1 SYSTEMPATH\View\View.php(224): include()
 2 SYSTEMPATH\View\View.php(227): CodeIgniter\View\View->CodeIgniter\View\{closure}()
 3 SYSTEMPATH\Common.php(1176): CodeIgniter\View\View->render('sys/ViewOneSet', [], true)
 4 APPPATH\Controllers\Sys.php(792): view('sys/ViewOneSet', [...])
 5 SYSTEMPATH\CodeIgniter.php(932): App\Controllers\Sys->viewListingSetItems('1708682897')
 6 SYSTEMPATH\CodeIgniter.php(497): CodeIgniter\CodeIgniter->runController(Object(App\Controllers\Sys))
 7 SYSTEMPATH\CodeIgniter.php(366): CodeIgniter\CodeIgniter->handleRequest(null, Object(Config\Cache), false)
 8 FCPATH\index.php(67): CodeIgniter\CodeIgniter->run()
CRITICAL - 2024-02-24 11:41:18 --> Cannot access offset of type string on string
in APPPATH\Views\sys\ViewOneSet.php on line 6.
 1 SYSTEMPATH\View\View.php(224): include()
 2 SYSTEMPATH\View\View.php(227): CodeIgniter\View\View->CodeIgniter\View\{closure}()
 3 SYSTEMPATH\Common.php(1176): CodeIgniter\View\View->render('sys/ViewOneSet', [], true)
 4 APPPATH\Controllers\Sys.php(792): view('sys/ViewOneSet', [...])
 5 SYSTEMPATH\CodeIgniter.php(932): App\Controllers\Sys->viewListingSetItems('assets', 'img', 'messages-1.jpg')
 6 SYSTEMPATH\CodeIgniter.php(497): CodeIgniter\CodeIgniter->runController(Object(App\Controllers\Sys))
 7 SYSTEMPATH\CodeIgniter.php(366): CodeIgniter\CodeIgniter->handleRequest(null, Object(Config\Cache), false)
 8 FCPATH\index.php(67): CodeIgniter\CodeIgniter->run()
CRITICAL - 2024-02-24 11:41:18 --> Cannot access offset of type string on string
in APPPATH\Views\sys\ViewOneSet.php on line 6.
 1 SYSTEMPATH\View\View.php(224): include()
 2 SYSTEMPATH\View\View.php(227): CodeIgniter\View\View->CodeIgniter\View\{closure}()
 3 SYSTEMPATH\Common.php(1176): CodeIgniter\View\View->render('sys/ViewOneSet', [], true)
 4 APPPATH\Controllers\Sys.php(792): view('sys/ViewOneSet', [...])
 5 SYSTEMPATH\CodeIgniter.php(932): App\Controllers\Sys->viewListingSetItems('assets', 'img', 'messages-2.jpg')
 6 SYSTEMPATH\CodeIgniter.php(497): CodeIgniter\CodeIgniter->runController(Object(App\Controllers\Sys))
 7 SYSTEMPATH\CodeIgniter.php(366): CodeIgniter\CodeIgniter->handleRequest(null, Object(Config\Cache), false)
 8 FCPATH\index.php(67): CodeIgniter\CodeIgniter->run()
CRITICAL - 2024-02-24 11:41:18 --> Cannot access offset of type string on string
in APPPATH\Views\sys\ViewOneSet.php on line 6.
 1 SYSTEMPATH\View\View.php(224): include()
 2 SYSTEMPATH\View\View.php(227): CodeIgniter\View\View->CodeIgniter\View\{closure}()
 3 SYSTEMPATH\Common.php(1176): CodeIgniter\View\View->render('sys/ViewOneSet', [], true)
 4 APPPATH\Controllers\Sys.php(792): view('sys/ViewOneSet', [...])
 5 SYSTEMPATH\CodeIgniter.php(932): App\Controllers\Sys->viewListingSetItems('assets', 'img', 'messages-3.jpg')
 6 SYSTEMPATH\CodeIgniter.php(497): CodeIgniter\CodeIgniter->runController(Object(App\Controllers\Sys))
 7 SYSTEMPATH\CodeIgniter.php(366): CodeIgniter\CodeIgniter->handleRequest(null, Object(Config\Cache), false)
 8 FCPATH\index.php(67): CodeIgniter\CodeIgniter->run()
CRITICAL - 2024-02-24 11:41:18 --> Cannot access offset of type string on string
in APPPATH\Views\sys\ViewOneSet.php on line 6.
 1 SYSTEMPATH\View\View.php(224): include()
 2 SYSTEMPATH\View\View.php(227): CodeIgniter\View\View->CodeIgniter\View\{closure}()
 3 SYSTEMPATH\Common.php(1176): CodeIgniter\View\View->render('sys/ViewOneSet', [], true)
 4 APPPATH\Controllers\Sys.php(792): view('sys/ViewOneSet', [...])
 5 SYSTEMPATH\CodeIgniter.php(932): App\Controllers\Sys->viewListingSetItems('1708682897')
 6 SYSTEMPATH\CodeIgniter.php(497): CodeIgniter\CodeIgniter->runController(Object(App\Controllers\Sys))
 7 SYSTEMPATH\CodeIgniter.php(366): CodeIgniter\CodeIgniter->handleRequest(null, Object(Config\Cache), false)
 8 FCPATH\index.php(67): CodeIgniter\CodeIgniter->run()
CRITICAL - 2024-02-24 11:41:19 --> Cannot access offset of type string on string
in APPPATH\Views\sys\ViewOneSet.php on line 6.
 1 SYSTEMPATH\View\View.php(224): include()
 2 SYSTEMPATH\View\View.php(227): CodeIgniter\View\View->CodeIgniter\View\{closure}()
 3 SYSTEMPATH\Common.php(1176): CodeIgniter\View\View->render('sys/ViewOneSet', [], true)
 4 APPPATH\Controllers\Sys.php(792): view('sys/ViewOneSet', [...])
 5 SYSTEMPATH\CodeIgniter.php(932): App\Controllers\Sys->viewListingSetItems('assets', 'img', 'messages-1.jpg')
 6 SYSTEMPATH\CodeIgniter.php(497): CodeIgniter\CodeIgniter->runController(Object(App\Controllers\Sys))
 7 SYSTEMPATH\CodeIgniter.php(366): CodeIgniter\CodeIgniter->handleRequest(null, Object(Config\Cache), false)
 8 FCPATH\index.php(67): CodeIgniter\CodeIgniter->run()
CRITICAL - 2024-02-24 11:41:19 --> Cannot access offset of type string on string
in APPPATH\Views\sys\ViewOneSet.php on line 6.
 1 SYSTEMPATH\View\View.php(224): include()
 2 SYSTEMPATH\View\View.php(227): CodeIgniter\View\View->CodeIgniter\View\{closure}()
 3 SYSTEMPATH\Common.php(1176): CodeIgniter\View\View->render('sys/ViewOneSet', [], true)
 4 APPPATH\Controllers\Sys.php(792): view('sys/ViewOneSet', [...])
 5 SYSTEMPATH\CodeIgniter.php(932): App\Controllers\Sys->viewListingSetItems('assets', 'img', 'messages-2.jpg')
 6 SYSTEMPATH\CodeIgniter.php(497): CodeIgniter\CodeIgniter->runController(Object(App\Controllers\Sys))
 7 SYSTEMPATH\CodeIgniter.php(366): CodeIgniter\CodeIgniter->handleRequest(null, Object(Config\Cache), false)
 8 FCPATH\index.php(67): CodeIgniter\CodeIgniter->run()
CRITICAL - 2024-02-24 11:41:19 --> Cannot access offset of type string on string
in APPPATH\Views\sys\ViewOneSet.php on line 6.
 1 SYSTEMPATH\View\View.php(224): include()
 2 SYSTEMPATH\View\View.php(227): CodeIgniter\View\View->CodeIgniter\View\{closure}()
 3 SYSTEMPATH\Common.php(1176): CodeIgniter\View\View->render('sys/ViewOneSet', [], true)
 4 APPPATH\Controllers\Sys.php(792): view('sys/ViewOneSet', [...])
 5 SYSTEMPATH\CodeIgniter.php(932): App\Controllers\Sys->viewListingSetItems('assets', 'img', 'messages-3.jpg')
 6 SYSTEMPATH\CodeIgniter.php(497): CodeIgniter\CodeIgniter->runController(Object(App\Controllers\Sys))
 7 SYSTEMPATH\CodeIgniter.php(366): CodeIgniter\CodeIgniter->handleRequest(null, Object(Config\Cache), false)
 8 FCPATH\index.php(67): CodeIgniter\CodeIgniter->run()
CRITICAL - 2024-02-24 11:41:19 --> Cannot access offset of type string on string
in APPPATH\Views\sys\ViewOneSet.php on line 6.
 1 SYSTEMPATH\View\View.php(224): include()
 2 SYSTEMPATH\View\View.php(227): CodeIgniter\View\View->CodeIgniter\View\{closure}()
 3 SYSTEMPATH\Common.php(1176): CodeIgniter\View\View->render('sys/ViewOneSet', [], true)
 4 APPPATH\Controllers\Sys.php(792): view('sys/ViewOneSet', [...])
 5 SYSTEMPATH\CodeIgniter.php(932): App\Controllers\Sys->viewListingSetItems('1708682897')
 6 SYSTEMPATH\CodeIgniter.php(497): CodeIgniter\CodeIgniter->runController(Object(App\Controllers\Sys))
 7 SYSTEMPATH\CodeIgniter.php(366): CodeIgniter\CodeIgniter->handleRequest(null, Object(Config\Cache), false)
 8 FCPATH\index.php(67): CodeIgniter\CodeIgniter->run()
CRITICAL - 2024-02-24 11:41:19 --> Cannot access offset of type string on string
in APPPATH\Views\sys\ViewOneSet.php on line 6.
 1 SYSTEMPATH\View\View.php(224): include()
 2 SYSTEMPATH\View\View.php(227): CodeIgniter\View\View->CodeIgniter\View\{closure}()
 3 SYSTEMPATH\Common.php(1176): CodeIgniter\View\View->render('sys/ViewOneSet', [], true)
 4 APPPATH\Controllers\Sys.php(792): view('sys/ViewOneSet', [...])
 5 SYSTEMPATH\CodeIgniter.php(932): App\Controllers\Sys->viewListingSetItems('assets', 'img', 'messages-2.jpg')
 6 SYSTEMPATH\CodeIgniter.php(497): CodeIgniter\CodeIgniter->runController(Object(App\Controllers\Sys))
 7 SYSTEMPATH\CodeIgniter.php(366): CodeIgniter\CodeIgniter->handleRequest(null, Object(Config\Cache), false)
 8 FCPATH\index.php(67): CodeIgniter\CodeIgniter->run()
CRITICAL - 2024-02-24 11:41:19 --> Cannot access offset of type string on string
in APPPATH\Views\sys\ViewOneSet.php on line 6.
 1 SYSTEMPATH\View\View.php(224): include()
 2 SYSTEMPATH\View\View.php(227): CodeIgniter\View\View->CodeIgniter\View\{closure}()
 3 SYSTEMPATH\Common.php(1176): CodeIgniter\View\View->render('sys/ViewOneSet', [], true)
 4 APPPATH\Controllers\Sys.php(792): view('sys/ViewOneSet', [...])
 5 SYSTEMPATH\CodeIgniter.php(932): App\Controllers\Sys->viewListingSetItems('assets', 'img', 'messages-1.jpg')
 6 SYSTEMPATH\CodeIgniter.php(497): CodeIgniter\CodeIgniter->runController(Object(App\Controllers\Sys))
 7 SYSTEMPATH\CodeIgniter.php(366): CodeIgniter\CodeIgniter->handleRequest(null, Object(Config\Cache), false)
 8 FCPATH\index.php(67): CodeIgniter\CodeIgniter->run()
CRITICAL - 2024-02-24 11:41:19 --> Cannot access offset of type string on string
in APPPATH\Views\sys\ViewOneSet.php on line 6.
 1 SYSTEMPATH\View\View.php(224): include()
 2 SYSTEMPATH\View\View.php(227): CodeIgniter\View\View->CodeIgniter\View\{closure}()
 3 SYSTEMPATH\Common.php(1176): CodeIgniter\View\View->render('sys/ViewOneSet', [], true)
 4 APPPATH\Controllers\Sys.php(792): view('sys/ViewOneSet', [...])
 5 SYSTEMPATH\CodeIgniter.php(932): App\Controllers\Sys->viewListingSetItems('assets', 'img', 'messages-3.jpg')
 6 SYSTEMPATH\CodeIgniter.php(497): CodeIgniter\CodeIgniter->runController(Object(App\Controllers\Sys))
 7 SYSTEMPATH\CodeIgniter.php(366): CodeIgniter\CodeIgniter->handleRequest(null, Object(Config\Cache), false)
 8 FCPATH\index.php(67): CodeIgniter\CodeIgniter->run()
CRITICAL - 2024-02-24 11:41:19 --> Cannot access offset of type string on string
in APPPATH\Views\sys\ViewOneSet.php on line 6.
 1 SYSTEMPATH\View\View.php(224): include()
 2 SYSTEMPATH\View\View.php(227): CodeIgniter\View\View->CodeIgniter\View\{closure}()
 3 SYSTEMPATH\Common.php(1176): CodeIgniter\View\View->render('sys/ViewOneSet', [], true)
 4 APPPATH\Controllers\Sys.php(792): view('sys/ViewOneSet', [...])
 5 SYSTEMPATH\CodeIgniter.php(932): App\Controllers\Sys->viewListingSetItems('1708682897')
 6 SYSTEMPATH\CodeIgniter.php(497): CodeIgniter\CodeIgniter->runController(Object(App\Controllers\Sys))
 7 SYSTEMPATH\CodeIgniter.php(366): CodeIgniter\CodeIgniter->handleRequest(null, Object(Config\Cache), false)
 8 FCPATH\index.php(67): CodeIgniter\CodeIgniter->run()
CRITICAL - 2024-02-24 11:41:19 --> Cannot access offset of type string on string
in APPPATH\Views\sys\ViewOneSet.php on line 6.
 1 SYSTEMPATH\View\View.php(224): include()
 2 SYSTEMPATH\View\View.php(227): CodeIgniter\View\View->CodeIgniter\View\{closure}()
 3 SYSTEMPATH\Common.php(1176): CodeIgniter\View\View->render('sys/ViewOneSet', [], true)
 4 APPPATH\Controllers\Sys.php(792): view('sys/ViewOneSet', [...])
 5 SYSTEMPATH\CodeIgniter.php(932): App\Controllers\Sys->viewListingSetItems('assets', 'img', 'messages-1.jpg')
 6 SYSTEMPATH\CodeIgniter.php(497): CodeIgniter\CodeIgniter->runController(Object(App\Controllers\Sys))
 7 SYSTEMPATH\CodeIgniter.php(366): CodeIgniter\CodeIgniter->handleRequest(null, Object(Config\Cache), false)
 8 FCPATH\index.php(67): CodeIgniter\CodeIgniter->run()
CRITICAL - 2024-02-24 11:41:19 --> Cannot access offset of type string on string
in APPPATH\Views\sys\ViewOneSet.php on line 6.
 1 SYSTEMPATH\View\View.php(224): include()
 2 SYSTEMPATH\View\View.php(227): CodeIgniter\View\View->CodeIgniter\View\{closure}()
 3 SYSTEMPATH\Common.php(1176): CodeIgniter\View\View->render('sys/ViewOneSet', [], true)
 4 APPPATH\Controllers\Sys.php(792): view('sys/ViewOneSet', [...])
 5 SYSTEMPATH\CodeIgniter.php(932): App\Controllers\Sys->viewListingSetItems('assets', 'img', 'messages-2.jpg')
 6 SYSTEMPATH\CodeIgniter.php(497): CodeIgniter\CodeIgniter->runController(Object(App\Controllers\Sys))
 7 SYSTEMPATH\CodeIgniter.php(366): CodeIgniter\CodeIgniter->handleRequest(null, Object(Config\Cache), false)
 8 FCPATH\index.php(67): CodeIgniter\CodeIgniter->run()
CRITICAL - 2024-02-24 11:41:19 --> Cannot access offset of type string on string
in APPPATH\Views\sys\ViewOneSet.php on line 6.
 1 SYSTEMPATH\View\View.php(224): include()
 2 SYSTEMPATH\View\View.php(227): CodeIgniter\View\View->CodeIgniter\View\{closure}()
 3 SYSTEMPATH\Common.php(1176): CodeIgniter\View\View->render('sys/ViewOneSet', [], true)
 4 APPPATH\Controllers\Sys.php(792): view('sys/ViewOneSet', [...])
 5 SYSTEMPATH\CodeIgniter.php(932): App\Controllers\Sys->viewListingSetItems('assets', 'img', 'messages-3.jpg')
 6 SYSTEMPATH\CodeIgniter.php(497): CodeIgniter\CodeIgniter->runController(Object(App\Controllers\Sys))
 7 SYSTEMPATH\CodeIgniter.php(366): CodeIgniter\CodeIgniter->handleRequest(null, Object(Config\Cache), false)
 8 FCPATH\index.php(67): CodeIgniter\CodeIgniter->run()
CRITICAL - 2024-02-24 11:41:20 --> Cannot access offset of type string on string
in APPPATH\Views\sys\ViewOneSet.php on line 6.
 1 SYSTEMPATH\View\View.php(224): include()
 2 SYSTEMPATH\View\View.php(227): CodeIgniter\View\View->CodeIgniter\View\{closure}()
 3 SYSTEMPATH\Common.php(1176): CodeIgniter\View\View->render('sys/ViewOneSet', [], true)
 4 APPPATH\Controllers\Sys.php(792): view('sys/ViewOneSet', [...])
 5 SYSTEMPATH\CodeIgniter.php(932): App\Controllers\Sys->viewListingSetItems('1708682897')
 6 SYSTEMPATH\CodeIgniter.php(497): CodeIgniter\CodeIgniter->runController(Object(App\Controllers\Sys))
 7 SYSTEMPATH\CodeIgniter.php(366): CodeIgniter\CodeIgniter->handleRequest(null, Object(Config\Cache), false)
 8 FCPATH\index.php(67): CodeIgniter\CodeIgniter->run()
CRITICAL - 2024-02-24 11:41:20 --> Cannot access offset of type string on string
in APPPATH\Views\sys\ViewOneSet.php on line 6.
 1 SYSTEMPATH\View\View.php(224): include()
 2 SYSTEMPATH\View\View.php(227): CodeIgniter\View\View->CodeIgniter\View\{closure}()
 3 SYSTEMPATH\Common.php(1176): CodeIgniter\View\View->render('sys/ViewOneSet', [], true)
 4 APPPATH\Controllers\Sys.php(792): view('sys/ViewOneSet', [...])
 5 SYSTEMPATH\CodeIgniter.php(932): App\Controllers\Sys->viewListingSetItems('assets', 'img', 'messages-1.jpg')
 6 SYSTEMPATH\CodeIgniter.php(497): CodeIgniter\CodeIgniter->runController(Object(App\Controllers\Sys))
 7 SYSTEMPATH\CodeIgniter.php(366): CodeIgniter\CodeIgniter->handleRequest(null, Object(Config\Cache), false)
 8 FCPATH\index.php(67): CodeIgniter\CodeIgniter->run()
CRITICAL - 2024-02-24 11:41:20 --> Cannot access offset of type string on string
in APPPATH\Views\sys\ViewOneSet.php on line 6.
 1 SYSTEMPATH\View\View.php(224): include()
 2 SYSTEMPATH\View\View.php(227): CodeIgniter\View\View->CodeIgniter\View\{closure}()
 3 SYSTEMPATH\Common.php(1176): CodeIgniter\View\View->render('sys/ViewOneSet', [], true)
 4 APPPATH\Controllers\Sys.php(792): view('sys/ViewOneSet', [...])
 5 SYSTEMPATH\CodeIgniter.php(932): App\Controllers\Sys->viewListingSetItems('assets', 'img', 'messages-2.jpg')
 6 SYSTEMPATH\CodeIgniter.php(497): CodeIgniter\CodeIgniter->runController(Object(App\Controllers\Sys))
 7 SYSTEMPATH\CodeIgniter.php(366): CodeIgniter\CodeIgniter->handleRequest(null, Object(Config\Cache), false)
 8 FCPATH\index.php(67): CodeIgniter\CodeIgniter->run()
CRITICAL - 2024-02-24 11:41:20 --> Cannot access offset of type string on string
in APPPATH\Views\sys\ViewOneSet.php on line 6.
 1 SYSTEMPATH\View\View.php(224): include()
 2 SYSTEMPATH\View\View.php(227): CodeIgniter\View\View->CodeIgniter\View\{closure}()
 3 SYSTEMPATH\Common.php(1176): CodeIgniter\View\View->render('sys/ViewOneSet', [], true)
 4 APPPATH\Controllers\Sys.php(792): view('sys/ViewOneSet', [...])
 5 SYSTEMPATH\CodeIgniter.php(932): App\Controllers\Sys->viewListingSetItems('assets', 'img', 'messages-3.jpg')
 6 SYSTEMPATH\CodeIgniter.php(497): CodeIgniter\CodeIgniter->runController(Object(App\Controllers\Sys))
 7 SYSTEMPATH\CodeIgniter.php(366): CodeIgniter\CodeIgniter->handleRequest(null, Object(Config\Cache), false)
 8 FCPATH\index.php(67): CodeIgniter\CodeIgniter->run()
CRITICAL - 2024-02-24 11:44:04 --> Trying to access array offset on value of type null
in APPPATH\Views\sys\ViewOneSet.php on line 6.
 1 APPPATH\Views\sys\ViewOneSet.php(6): CodeIgniter\Debug\Exceptions->errorHandler(2, 'Trying to access array offset on value of type null', 'C:\\xampp\\htdocs\\ewms\\app\\Views\\sys\\ViewOneSet.php', 6)
 2 SYSTEMPATH\View\View.php(224): include('C:\\xampp\\htdocs\\ewms\\app\\Views\\sys\\ViewOneSet.php')
 3 SYSTEMPATH\View\View.php(227): CodeIgniter\View\View->CodeIgniter\View\{closure}()
 4 SYSTEMPATH\Common.php(1176): CodeIgniter\View\View->render('sys/ViewOneSet', [], true)
 5 APPPATH\Controllers\Sys.php(796): view('sys/ViewOneSet', [...])
 6 SYSTEMPATH\CodeIgniter.php(932): App\Controllers\Sys->viewListingSetItems('assets', 'img', 'messages-1.jpg')
 7 SYSTEMPATH\CodeIgniter.php(497): CodeIgniter\CodeIgniter->runController(Object(App\Controllers\Sys))
 8 SYSTEMPATH\CodeIgniter.php(366): CodeIgniter\CodeIgniter->handleRequest(null, Object(Config\Cache), false)
 9 FCPATH\index.php(67): CodeIgniter\CodeIgniter->run()
CRITICAL - 2024-02-24 11:44:04 --> Trying to access array offset on value of type null
in APPPATH\Views\sys\ViewOneSet.php on line 6.
 1 APPPATH\Views\sys\ViewOneSet.php(6): CodeIgniter\Debug\Exceptions->errorHandler(2, 'Trying to access array offset on value of type null', 'C:\\xampp\\htdocs\\ewms\\app\\Views\\sys\\ViewOneSet.php', 6)
 2 SYSTEMPATH\View\View.php(224): include('C:\\xampp\\htdocs\\ewms\\app\\Views\\sys\\ViewOneSet.php')
 3 SYSTEMPATH\View\View.php(227): CodeIgniter\View\View->CodeIgniter\View\{closure}()
 4 SYSTEMPATH\Common.php(1176): CodeIgniter\View\View->render('sys/ViewOneSet', [], true)
 5 APPPATH\Controllers\Sys.php(796): view('sys/ViewOneSet', [...])
 6 SYSTEMPATH\CodeIgniter.php(932): App\Controllers\Sys->viewListingSetItems('assets', 'img', 'messages-2.jpg')
 7 SYSTEMPATH\CodeIgniter.php(497): CodeIgniter\CodeIgniter->runController(Object(App\Controllers\Sys))
 8 SYSTEMPATH\CodeIgniter.php(366): CodeIgniter\CodeIgniter->handleRequest(null, Object(Config\Cache), false)
 9 FCPATH\index.php(67): CodeIgniter\CodeIgniter->run()
CRITICAL - 2024-02-24 11:44:04 --> Trying to access array offset on value of type null
in APPPATH\Views\sys\ViewOneSet.php on line 6.
 1 APPPATH\Views\sys\ViewOneSet.php(6): CodeIgniter\Debug\Exceptions->errorHandler(2, 'Trying to access array offset on value of type null', 'C:\\xampp\\htdocs\\ewms\\app\\Views\\sys\\ViewOneSet.php', 6)
 2 SYSTEMPATH\View\View.php(224): include('C:\\xampp\\htdocs\\ewms\\app\\Views\\sys\\ViewOneSet.php')
 3 SYSTEMPATH\View\View.php(227): CodeIgniter\View\View->CodeIgniter\View\{closure}()
 4 SYSTEMPATH\Common.php(1176): CodeIgniter\View\View->render('sys/ViewOneSet', [], true)
 5 APPPATH\Controllers\Sys.php(796): view('sys/ViewOneSet', [...])
 6 SYSTEMPATH\CodeIgniter.php(932): App\Controllers\Sys->viewListingSetItems('assets', 'img', 'messages-3.jpg')
 7 SYSTEMPATH\CodeIgniter.php(497): CodeIgniter\CodeIgniter->runController(Object(App\Controllers\Sys))
 8 SYSTEMPATH\CodeIgniter.php(366): CodeIgniter\CodeIgniter->handleRequest(null, Object(Config\Cache), false)
 9 FCPATH\index.php(67): CodeIgniter\CodeIgniter->run()
CRITICAL - 2024-02-24 11:44:40 --> Trying to access array offset on value of type null
in APPPATH\Views\sys\ViewOneSet.php on line 6.
 1 APPPATH\Views\sys\ViewOneSet.php(6): CodeIgniter\Debug\Exceptions->errorHandler(2, 'Trying to access array offset on value of type null', 'C:\\xampp\\htdocs\\ewms\\app\\Views\\sys\\ViewOneSet.php', 6)
 2 SYSTEMPATH\View\View.php(224): include('C:\\xampp\\htdocs\\ewms\\app\\Views\\sys\\ViewOneSet.php')
 3 SYSTEMPATH\View\View.php(227): CodeIgniter\View\View->CodeIgniter\View\{closure}()
 4 SYSTEMPATH\Common.php(1176): CodeIgniter\View\View->render('sys/ViewOneSet', [], true)
 5 APPPATH\Controllers\Sys.php(796): view('sys/ViewOneSet', [...])
 6 SYSTEMPATH\CodeIgniter.php(932): App\Controllers\Sys->viewListingSetItems('assets', 'img', 'messages-2.jpg')
 7 SYSTEMPATH\CodeIgniter.php(497): CodeIgniter\CodeIgniter->runController(Object(App\Controllers\Sys))
 8 SYSTEMPATH\CodeIgniter.php(366): CodeIgniter\CodeIgniter->handleRequest(null, Object(Config\Cache), false)
 9 FCPATH\index.php(67): CodeIgniter\CodeIgniter->run()
CRITICAL - 2024-02-24 11:44:40 --> Trying to access array offset on value of type null
in APPPATH\Views\sys\ViewOneSet.php on line 6.
 1 APPPATH\Views\sys\ViewOneSet.php(6): CodeIgniter\Debug\Exceptions->errorHandler(2, 'Trying to access array offset on value of type null', 'C:\\xampp\\htdocs\\ewms\\app\\Views\\sys\\ViewOneSet.php', 6)
 2 SYSTEMPATH\View\View.php(224): include('C:\\xampp\\htdocs\\ewms\\app\\Views\\sys\\ViewOneSet.php')
 3 SYSTEMPATH\View\View.php(227): CodeIgniter\View\View->CodeIgniter\View\{closure}()
 4 SYSTEMPATH\Common.php(1176): CodeIgniter\View\View->render('sys/ViewOneSet', [], true)
 5 APPPATH\Controllers\Sys.php(796): view('sys/ViewOneSet', [...])
 6 SYSTEMPATH\CodeIgniter.php(932): App\Controllers\Sys->viewListingSetItems('assets', 'img', 'messages-1.jpg')
 7 SYSTEMPATH\CodeIgniter.php(497): CodeIgniter\CodeIgniter->runController(Object(App\Controllers\Sys))
 8 SYSTEMPATH\CodeIgniter.php(366): CodeIgniter\CodeIgniter->handleRequest(null, Object(Config\Cache), false)
 9 FCPATH\index.php(67): CodeIgniter\CodeIgniter->run()
CRITICAL - 2024-02-24 11:44:40 --> Trying to access array offset on value of type null
in APPPATH\Views\sys\ViewOneSet.php on line 6.
 1 APPPATH\Views\sys\ViewOneSet.php(6): CodeIgniter\Debug\Exceptions->errorHandler(2, 'Trying to access array offset on value of type null', 'C:\\xampp\\htdocs\\ewms\\app\\Views\\sys\\ViewOneSet.php', 6)
 2 SYSTEMPATH\View\View.php(224): include('C:\\xampp\\htdocs\\ewms\\app\\Views\\sys\\ViewOneSet.php')
 3 SYSTEMPATH\View\View.php(227): CodeIgniter\View\View->CodeIgniter\View\{closure}()
 4 SYSTEMPATH\Common.php(1176): CodeIgniter\View\View->render('sys/ViewOneSet', [], true)
 5 APPPATH\Controllers\Sys.php(796): view('sys/ViewOneSet', [...])
 6 SYSTEMPATH\CodeIgniter.php(932): App\Controllers\Sys->viewListingSetItems('assets', 'img', 'messages-3.jpg')
 7 SYSTEMPATH\CodeIgniter.php(497): CodeIgniter\CodeIgniter->runController(Object(App\Controllers\Sys))
 8 SYSTEMPATH\CodeIgniter.php(366): CodeIgniter\CodeIgniter->handleRequest(null, Object(Config\Cache), false)
 9 FCPATH\index.php(67): CodeIgniter\CodeIgniter->run()
CRITICAL - 2024-02-24 11:47:26 --> Trying to access array offset on value of type null
in APPPATH\Views\sys\ViewOneSet.php on line 6.
 1 APPPATH\Views\sys\ViewOneSet.php(6): CodeIgniter\Debug\Exceptions->errorHandler(2, 'Trying to access array offset on value of type null', 'C:\\xampp\\htdocs\\ewms\\app\\Views\\sys\\ViewOneSet.php', 6)
 2 SYSTEMPATH\View\View.php(224): include('C:\\xampp\\htdocs\\ewms\\app\\Views\\sys\\ViewOneSet.php')
 3 SYSTEMPATH\View\View.php(227): CodeIgniter\View\View->CodeIgniter\View\{closure}()
 4 SYSTEMPATH\Common.php(1176): CodeIgniter\View\View->render('sys/ViewOneSet', [], true)
 5 APPPATH\Controllers\Sys.php(796): view('sys/ViewOneSet', [...])
 6 SYSTEMPATH\CodeIgniter.php(932): App\Controllers\Sys->viewListingSetItems('assets', 'img', 'messages-1.jpg')
 7 SYSTEMPATH\CodeIgniter.php(497): CodeIgniter\CodeIgniter->runController(Object(App\Controllers\Sys))
 8 SYSTEMPATH\CodeIgniter.php(366): CodeIgniter\CodeIgniter->handleRequest(null, Object(Config\Cache), false)
 9 FCPATH\index.php(67): CodeIgniter\CodeIgniter->run()
CRITICAL - 2024-02-24 11:47:26 --> Trying to access array offset on value of type null
in APPPATH\Views\sys\ViewOneSet.php on line 6.
 1 APPPATH\Views\sys\ViewOneSet.php(6): CodeIgniter\Debug\Exceptions->errorHandler(2, 'Trying to access array offset on value of type null', 'C:\\xampp\\htdocs\\ewms\\app\\Views\\sys\\ViewOneSet.php', 6)
 2 SYSTEMPATH\View\View.php(224): include('C:\\xampp\\htdocs\\ewms\\app\\Views\\sys\\ViewOneSet.php')
 3 SYSTEMPATH\View\View.php(227): CodeIgniter\View\View->CodeIgniter\View\{closure}()
 4 SYSTEMPATH\Common.php(1176): CodeIgniter\View\View->render('sys/ViewOneSet', [], true)
 5 APPPATH\Controllers\Sys.php(796): view('sys/ViewOneSet', [...])
 6 SYSTEMPATH\CodeIgniter.php(932): App\Controllers\Sys->viewListingSetItems('assets', 'img', 'messages-3.jpg')
 7 SYSTEMPATH\CodeIgniter.php(497): CodeIgniter\CodeIgniter->runController(Object(App\Controllers\Sys))
 8 SYSTEMPATH\CodeIgniter.php(366): CodeIgniter\CodeIgniter->handleRequest(null, Object(Config\Cache), false)
 9 FCPATH\index.php(67): CodeIgniter\CodeIgniter->run()
CRITICAL - 2024-02-24 11:47:26 --> Trying to access array offset on value of type null
in APPPATH\Views\sys\ViewOneSet.php on line 6.
 1 APPPATH\Views\sys\ViewOneSet.php(6): CodeIgniter\Debug\Exceptions->errorHandler(2, 'Trying to access array offset on value of type null', 'C:\\xampp\\htdocs\\ewms\\app\\Views\\sys\\ViewOneSet.php', 6)
 2 SYSTEMPATH\View\View.php(224): include('C:\\xampp\\htdocs\\ewms\\app\\Views\\sys\\ViewOneSet.php')
 3 SYSTEMPATH\View\View.php(227): CodeIgniter\View\View->CodeIgniter\View\{closure}()
 4 SYSTEMPATH\Common.php(1176): CodeIgniter\View\View->render('sys/ViewOneSet', [], true)
 5 APPPATH\Controllers\Sys.php(796): view('sys/ViewOneSet', [...])
 6 SYSTEMPATH\CodeIgniter.php(932): App\Controllers\Sys->viewListingSetItems('assets', 'img', 'messages-2.jpg')
 7 SYSTEMPATH\CodeIgniter.php(497): CodeIgniter\CodeIgniter->runController(Object(App\Controllers\Sys))
 8 SYSTEMPATH\CodeIgniter.php(366): CodeIgniter\CodeIgniter->handleRequest(null, Object(Config\Cache), false)
 9 FCPATH\index.php(67): CodeIgniter\CodeIgniter->run()
CRITICAL - 2024-02-24 11:53:32 --> Undefined variable $groupedListings
in APPPATH\Views\sys\content_e-Waste Recycler.php on line 7.
 1 APPPATH\Views\sys\content_e-Waste Recycler.php(7): CodeIgniter\Debug\Exceptions->errorHandler(2, 'Undefined variable $groupedListings', 'C:\\xampp\\htdocs\\ewms\\app\\Views\\sys\\content_e-Waste Recycler.php', 7)
 2 SYSTEMPATH\View\View.php(224): include('C:\\xampp\\htdocs\\ewms\\app\\Views\\sys\\content_e-Waste Recycler.php')
 3 SYSTEMPATH\View\View.php(227): CodeIgniter\View\View->CodeIgniter\View\{closure}()
 4 SYSTEMPATH\Common.php(1176): CodeIgniter\View\View->render('sys/content_e-waste recycler', [], true)
 5 APPPATH\Controllers\Sys.php(89): view('sys/content_e-waste recycler', [...])
 6 SYSTEMPATH\CodeIgniter.php(932): App\Controllers\Sys->dashboard()
 7 SYSTEMPATH\CodeIgniter.php(497): CodeIgniter\CodeIgniter->runController(Object(App\Controllers\Sys))
 8 SYSTEMPATH\CodeIgniter.php(366): CodeIgniter\CodeIgniter->handleRequest(null, Object(Config\Cache), false)
 9 FCPATH\index.php(67): CodeIgniter\CodeIgniter->run()
CRITICAL - 2024-02-24 12:09:19 --> syntax error, unexpected end of file, expecting "elseif" or "else" or "endif"
in APPPATH\Views\sys\content_e-Waste Recycler.php on line 76.
 1 SYSTEMPATH\View\View.php(227): CodeIgniter\View\View->CodeIgniter\View\{closure}()
 2 SYSTEMPATH\Common.php(1176): CodeIgniter\View\View->render('sys/content_e-waste recycler', [], true)
 3 APPPATH\Controllers\Sys.php(89): view('sys/content_e-waste recycler', [...])
 4 SYSTEMPATH\CodeIgniter.php(932): App\Controllers\Sys->dashboard()
 5 SYSTEMPATH\CodeIgniter.php(497): CodeIgniter\CodeIgniter->runController(Object(App\Controllers\Sys))
 6 SYSTEMPATH\CodeIgniter.php(366): CodeIgniter\CodeIgniter->handleRequest(null, Object(Config\Cache), false)
 7 FCPATH\index.php(67): CodeIgniter\CodeIgniter->run()
CRITICAL - 2024-02-24 12:09:29 --> syntax error, unexpected end of file, expecting "elseif" or "else" or "endif"
in APPPATH\Views\sys\content_e-Waste Recycler.php on line 76.
 1 SYSTEMPATH\View\View.php(227): CodeIgniter\View\View->CodeIgniter\View\{closure}()
 2 SYSTEMPATH\Common.php(1176): CodeIgniter\View\View->render('sys/content_e-waste recycler', [], true)
 3 APPPATH\Controllers\Sys.php(89): view('sys/content_e-waste recycler', [...])
 4 SYSTEMPATH\CodeIgniter.php(932): App\Controllers\Sys->dashboard()
 5 SYSTEMPATH\CodeIgniter.php(497): CodeIgniter\CodeIgniter->runController(Object(App\Controllers\Sys))
 6 SYSTEMPATH\CodeIgniter.php(366): CodeIgniter\CodeIgniter->handleRequest(null, Object(Config\Cache), false)
 7 FCPATH\index.php(67): CodeIgniter\CodeIgniter->run()
CRITICAL - 2024-02-24 12:36:59 --> Undefined variable $groupedListings
in APPPATH\Views\sys\content_e-Waste Recycler.php on line 7.
 1 APPPATH\Views\sys\content_e-Waste Recycler.php(7): CodeIgniter\Debug\Exceptions->errorHandler(2, 'Undefined variable $groupedListings', 'C:\\xampp\\htdocs\\ewms\\app\\Views\\sys\\content_e-Waste Recycler.php', 7)
 2 SYSTEMPATH\View\View.php(224): include('C:\\xampp\\htdocs\\ewms\\app\\Views\\sys\\content_e-Waste Recycler.php')
 3 SYSTEMPATH\View\View.php(227): CodeIgniter\View\View->CodeIgniter\View\{closure}()
 4 SYSTEMPATH\Common.php(1176): CodeIgniter\View\View->render('sys/content_e-waste recycler', [], true)
 5 APPPATH\Controllers\Sys.php(89): view('sys/content_e-waste recycler', [...])
 6 SYSTEMPATH\CodeIgniter.php(932): App\Controllers\Sys->dashboard()
 7 SYSTEMPATH\CodeIgniter.php(497): CodeIgniter\CodeIgniter->runController(Object(App\Controllers\Sys))
 8 SYSTEMPATH\CodeIgniter.php(366): CodeIgniter\CodeIgniter->handleRequest(null, Object(Config\Cache), false)
 9 FCPATH\index.php(67): CodeIgniter\CodeIgniter->run()
CRITICAL - 2024-02-24 12:37:11 --> Undefined variable $groupedListings
in APPPATH\Views\sys\content_e-Waste Recycler.php on line 7.
 1 APPPATH\Views\sys\content_e-Waste Recycler.php(7): CodeIgniter\Debug\Exceptions->errorHandler(2, 'Undefined variable $groupedListings', 'C:\\xampp\\htdocs\\ewms\\app\\Views\\sys\\content_e-Waste Recycler.php', 7)
 2 SYSTEMPATH\View\View.php(224): include('C:\\xampp\\htdocs\\ewms\\app\\Views\\sys\\content_e-Waste Recycler.php')
 3 SYSTEMPATH\View\View.php(227): CodeIgniter\View\View->CodeIgniter\View\{closure}()
 4 SYSTEMPATH\Common.php(1176): CodeIgniter\View\View->render('sys/content_e-waste recycler', [], true)
 5 APPPATH\Controllers\Sys.php(89): view('sys/content_e-waste recycler', [...])
 6 SYSTEMPATH\CodeIgniter.php(932): App\Controllers\Sys->dashboard()
 7 SYSTEMPATH\CodeIgniter.php(497): CodeIgniter\CodeIgniter->runController(Object(App\Controllers\Sys))
 8 SYSTEMPATH\CodeIgniter.php(366): CodeIgniter\CodeIgniter->handleRequest(null, Object(Config\Cache), false)
 9 FCPATH\index.php(67): CodeIgniter\CodeIgniter->run()
CRITICAL - 2024-02-24 12:53:16 --> Undefined array key "details"
in APPPATH\Views\sys\content_e-Waste Recycler.php on line 48.
 1 APPPATH\Views\sys\content_e-Waste Recycler.php(48): CodeIgniter\Debug\Exceptions->errorHandler(2, 'Undefined array key "details"', 'C:\\xampp\\htdocs\\ewms\\app\\Views\\sys\\content_e-Waste Recycler.php', 48)
 2 SYSTEMPATH\View\View.php(224): include('C:\\xampp\\htdocs\\ewms\\app\\Views\\sys\\content_e-Waste Recycler.php')
 3 SYSTEMPATH\View\View.php(227): CodeIgniter\View\View->CodeIgniter\View\{closure}()
 4 SYSTEMPATH\Common.php(1176): CodeIgniter\View\View->render('sys/content_e-waste recycler', [], true)
 5 APPPATH\Controllers\Sys.php(89): view('sys/content_e-waste recycler', [...])
 6 SYSTEMPATH\CodeIgniter.php(932): App\Controllers\Sys->dashboard()
 7 SYSTEMPATH\CodeIgniter.php(497): CodeIgniter\CodeIgniter->runController(Object(App\Controllers\Sys))
 8 SYSTEMPATH\CodeIgniter.php(366): CodeIgniter\CodeIgniter->handleRequest(null, Object(Config\Cache), false)
 9 FCPATH\index.php(67): CodeIgniter\CodeIgniter->run()
CRITICAL - 2024-02-24 12:54:11 --> Undefined array key "details"
in APPPATH\Views\sys\content_e-Waste Recycler.php on line 40.
 1 APPPATH\Views\sys\content_e-Waste Recycler.php(40): CodeIgniter\Debug\Exceptions->errorHandler(2, 'Undefined array key "details"', 'C:\\xampp\\htdocs\\ewms\\app\\Views\\sys\\content_e-Waste Recycler.php', 40)
 2 SYSTEMPATH\View\View.php(224): include('C:\\xampp\\htdocs\\ewms\\app\\Views\\sys\\content_e-Waste Recycler.php')
 3 SYSTEMPATH\View\View.php(227): CodeIgniter\View\View->CodeIgniter\View\{closure}()
 4 SYSTEMPATH\Common.php(1176): CodeIgniter\View\View->render('sys/content_e-waste recycler', [], true)
 5 APPPATH\Controllers\Sys.php(89): view('sys/content_e-waste recycler', [...])
 6 SYSTEMPATH\CodeIgniter.php(932): App\Controllers\Sys->dashboard()
 7 SYSTEMPATH\CodeIgniter.php(497): CodeIgniter\CodeIgniter->runController(Object(App\Controllers\Sys))
 8 SYSTEMPATH\CodeIgniter.php(366): CodeIgniter\CodeIgniter->handleRequest(null, Object(Config\Cache), false)
 9 FCPATH\index.php(67): CodeIgniter\CodeIgniter->run()
CRITICAL - 2024-02-24 12:58:04 --> Undefined array key "details"
in APPPATH\Views\sys\content_e-Waste Recycler.php on line 56.
 1 APPPATH\Views\sys\content_e-Waste Recycler.php(56): CodeIgniter\Debug\Exceptions->errorHandler(2, 'Undefined array key "details"', 'C:\\xampp\\htdocs\\ewms\\app\\Views\\sys\\content_e-Waste Recycler.php', 56)
 2 SYSTEMPATH\View\View.php(224): include('C:\\xampp\\htdocs\\ewms\\app\\Views\\sys\\content_e-Waste Recycler.php')
 3 SYSTEMPATH\View\View.php(227): CodeIgniter\View\View->CodeIgniter\View\{closure}()
 4 SYSTEMPATH\Common.php(1176): CodeIgniter\View\View->render('sys/content_e-waste recycler', [], true)
 5 APPPATH\Controllers\Sys.php(89): view('sys/content_e-waste recycler', [...])
 6 SYSTEMPATH\CodeIgniter.php(932): App\Controllers\Sys->dashboard()
 7 SYSTEMPATH\CodeIgniter.php(497): CodeIgniter\CodeIgniter->runController(Object(App\Controllers\Sys))
 8 SYSTEMPATH\CodeIgniter.php(366): CodeIgniter\CodeIgniter->handleRequest(null, Object(Config\Cache), false)
 9 FCPATH\index.php(67): CodeIgniter\CodeIgniter->run()
CRITICAL - 2024-02-24 12:59:07 --> Undefined array key "list_status_r"
in APPPATH\Views\sys\content_e-Waste Recycler.php on line 66.
 1 APPPATH\Views\sys\content_e-Waste Recycler.php(66): CodeIgniter\Debug\Exceptions->errorHandler(2, 'Undefined array key "list_status_r"', 'C:\\xampp\\htdocs\\ewms\\app\\Views\\sys\\content_e-Waste Recycler.php', 66)
 2 SYSTEMPATH\View\View.php(224): include('C:\\xampp\\htdocs\\ewms\\app\\Views\\sys\\content_e-Waste Recycler.php')
 3 SYSTEMPATH\View\View.php(227): CodeIgniter\View\View->CodeIgniter\View\{closure}()
 4 SYSTEMPATH\Common.php(1176): CodeIgniter\View\View->render('sys/content_e-waste recycler', [], true)
 5 APPPATH\Controllers\Sys.php(89): view('sys/content_e-waste recycler', [...])
 6 SYSTEMPATH\CodeIgniter.php(932): App\Controllers\Sys->dashboard()
 7 SYSTEMPATH\CodeIgniter.php(497): CodeIgniter\CodeIgniter->runController(Object(App\Controllers\Sys))
 8 SYSTEMPATH\CodeIgniter.php(366): CodeIgniter\CodeIgniter->handleRequest(null, Object(Config\Cache), false)
 9 FCPATH\index.php(67): CodeIgniter\CodeIgniter->run()
CRITICAL - 2024-02-24 13:01:21 --> Undefined array key "details"
in APPPATH\Views\sys\content_e-Waste Recycler.php on line 55.
 1 APPPATH\Views\sys\content_e-Waste Recycler.php(55): CodeIgniter\Debug\Exceptions->errorHandler(2, 'Undefined array key "details"', 'C:\\xampp\\htdocs\\ewms\\app\\Views\\sys\\content_e-Waste Recycler.php', 55)
 2 SYSTEMPATH\View\View.php(224): include('C:\\xampp\\htdocs\\ewms\\app\\Views\\sys\\content_e-Waste Recycler.php')
 3 SYSTEMPATH\View\View.php(227): CodeIgniter\View\View->CodeIgniter\View\{closure}()
 4 SYSTEMPATH\Common.php(1176): CodeIgniter\View\View->render('sys/content_e-waste recycler', [], true)
 5 APPPATH\Controllers\Sys.php(89): view('sys/content_e-waste recycler', [...])
 6 SYSTEMPATH\CodeIgniter.php(932): App\Controllers\Sys->dashboard()
 7 SYSTEMPATH\CodeIgniter.php(497): CodeIgniter\CodeIgniter->runController(Object(App\Controllers\Sys))
 8 SYSTEMPATH\CodeIgniter.php(366): CodeIgniter\CodeIgniter->handleRequest(null, Object(Config\Cache), false)
 9 FCPATH\index.php(67): CodeIgniter\CodeIgniter->run()
CRITICAL - 2024-02-24 13:01:52 --> Undefined array key "details"
in APPPATH\Views\sys\content_e-Waste Recycler.php on line 55.
 1 APPPATH\Views\sys\content_e-Waste Recycler.php(55): CodeIgniter\Debug\Exceptions->errorHandler(2, 'Undefined array key "details"', 'C:\\xampp\\htdocs\\ewms\\app\\Views\\sys\\content_e-Waste Recycler.php', 55)
 2 SYSTEMPATH\View\View.php(224): include('C:\\xampp\\htdocs\\ewms\\app\\Views\\sys\\content_e-Waste Recycler.php')
 3 SYSTEMPATH\View\View.php(227): CodeIgniter\View\View->CodeIgniter\View\{closure}()
 4 SYSTEMPATH\Common.php(1176): CodeIgniter\View\View->render('sys/content_e-waste recycler', [], true)
 5 APPPATH\Controllers\Sys.php(89): view('sys/content_e-waste recycler', [...])
 6 SYSTEMPATH\CodeIgniter.php(932): App\Controllers\Sys->dashboard()
 7 SYSTEMPATH\CodeIgniter.php(497): CodeIgniter\CodeIgniter->runController(Object(App\Controllers\Sys))
 8 SYSTEMPATH\CodeIgniter.php(366): CodeIgniter\CodeIgniter->handleRequest(null, Object(Config\Cache), false)
 9 FCPATH\index.php(67): CodeIgniter\CodeIgniter->run()
